0.962402 -0.092285 -0.092285 -0.625000 -2.500000 -2.500000 8.000000 1.000000 0.000000 -1.000000 -2.000000 -1.000000 -1.000000 0.000000 -2.000000 -1.000000 0.000000
0.958008 -0.102051 -0.102051 0.062500 -2.625000 -2.625000 8.000000 1.000000 0.000000 -1.000000 -2.000000 -1.000000 -1.000000 0.000000 -2.000000 -1.000000 0.000000
0.965820 -0.095703 -0.095703 1.812500 -2.687500 -2.687500 8.000000 1.000000 0.000000 -2.000000 -1.000000 -1.000000 -1.000000 0.000000 -2.000000 -2.000000 0.000000
0.953613 -0.087891 -0.087891 2.562500 -2.437500 -2.437500 8.000000 1.000000 0.000000 0.000000 -2.000000 -1.000000 0.000000 0.000000 -1.000000 -2.000000 -1.000000
0.948730 -0.089844 -0.089844 2.000000 -2.250000 -2.250000 8.000000 1.000000 0.000000 -1.000000 -1.000000 -1.000000 0.000000 0.000000 -1.000000 0.000000 -1.000000
0.949707 -0.092285 -0.092285 0.937500 -2.125000 -2.125000 8.000000 1.000000 0.000000 -1.000000 -3.000000 -1.000000 0.000000 0.000000 0.000000 -1.000000 -1.000000
0.960938 -0.101074 -0.101074 1.062500 -1.625000 -1.625000 8.000000 1.000000 0.000000 -1.000000 -1.000000 -1.000000 0.000000 1.000000 -2.000000 -1.000000 0.000000
0.961426 -0.092285 -0.092285 1.750000 -0.875000 -0.875000 8.000000 1.000000 0.000000 -1.000000 -1.000000 -1.000000 0.000000 1.000000 -2.000000 -1.000000 0.000000
0.958008 -0.091797 -0.091797 1.625000 -0.625000 -0.625000 8.000000 1.000000 0.000000 -2.000000 -1.000000 -1.000000 -1.000000 1.000000 0.000000 -1.000000 -1.000000
0.956055 -0.085938 -0.085938 1.250000 -0.500000 -0.500000 8.000000 1.000000 0.000000 -2.000000 -1.000000 -1.000000 -1.000000 1.000000 0.000000 -1.000000 -1.000000
0.956543 -0.095215 -0.095215 1.187500 -0.562500 -0.562500 8.000000 1.000000 0.000000 -2.000000 1.000000 -2.000000 -1.000000 1.000000 -2.000000 -2.000000 -2.000000
0.959473 -0.090820 -0.090820 1.875000 -0.500000 -0.500000 8.000000 1.000000 0.000000 -2.000000 1.000000 -2.000000 -1.000000 1.000000 -2.000000 -2.000000 -2.000000
0.960449 -0.090332 -0.090332 2.375000 -0.687500 -0.687500 8.000000 1.000000 0.000000 -2.000000 -2.000000 0.000000 0.000000 1.000000 -2.000000 -1.000000 -2.000000
0.984375 -0.072266 -0.072266 0.312500 -1.000000 -1.000000 8.000000 1.000000 0.000000 -2.000000 -1.000000 -1.000000 -1.000000 1.000000 -1.000000 -1.000000 -3.000000
0.989258 0.006836 0.006836 3.500000 -2.625000 -2.625000 8.000000 1.000000 0.000000 -1.000000 -2.000000 -2.000000 -1.000000 -1.000000 -1.000000 -2.000000 -2.000000
1.054199 0.057129 0.057129 -16.687500 4.000000 4.000000 8.000000 1.000000 0.000000 -3.000000 -4.000000 -1.000000 -2.000000 0.000000 -1.000000 -1.000000 -1.000000
1.108398 0.009766 0.009766 -56.875000 19.437500 19.437500 8.000000 1.000000 0.000000 -2.000000 -2.000000 -2.000000 0.000000 1.000000 -2.000000 -1.000000 -1.000000
1.115234 -0.070312 -0.070312 -70.187500 35.687500 35.687500 7.000000 1.000000 0.000000 -2.000000 -2.000000 -2.000000 0.000000 1.000000 -2.000000 -1.000000 -1.000000
1.169434 -0.028809 -0.028809 -79.625000 56.875000 56.875000 7.000000 1.000000 0.000000 -2.000000 -2.000000 -3.000000 -1.000000 0.000000 -1.000000 -1.000000 -2.000000
1.248535 -0.151855 -0.151855 -120.062500 83.812500 83.812500 7.000000 2.000000 0.000000 0.000000 -2.000000 -2.000000 -1.000000 -1.000000 -1.000000 -2.000000 -2.000000
1.304199 -0.556152 -0.556152 -125.750000 105.687500 105.687500 7.000000 2.000000 0.000000 -1.000000 -3.000000 -2.000000 -3.000000 1.000000 -3.000000 -1.000000 -2.000000
1.312012 -0.766602 -0.766602 -73.562500 125.875000 125.875000 6.000000 2.000000 0.000000 -1.000000 -3.000000 -1.000000 -4.000000 -7.000000 -2.000000 -1.000000 0.000000
1.307617 -0.726562 -0.726562 -19.812500 156.250000 156.250000 6.000000 3.000000 0.000000 -3.000000 -3.000000 -1.000000 7.000000 6.000000 -1.000000 1.000000 -1.000000
1.187012 -0.650879 -0.650879 -15.937500 185.500000 185.500000 6.000000 4.000000 1.000000 -3.000000 -3.000000 -1.000000 7.000000 6.000000 -1.000000 1.000000 -1.000000
0.993164 -0.723145 -0.723145 -51.375000 199.500000 199.500000 6.000000 4.000000 1.000000 0.000000 -1.000000 4.000000 24.000000 18.000000 1.000000 -1.000000 -1.000000
0.716797 -1.009277 -1.009277 -48.750000 196.250000 196.250000 6.000000 5.000000 1.000000 0.000000 -1.000000 4.000000 24.000000 18.000000 1.000000 -1.000000 -1.000000
0.502441 -1.166992 -1.166992 22.875000 191.937500 191.937500 6.000000 6.000000 1.000000 -4.000000 -1.000000 -5.000000 -28.000000 -12.000000 0.000000 0.000000 -2.000000
0.472656 -1.138184 -1.138184 125.062500 190.625000 190.625000 6.000000 6.000000 1.000000 -4.000000 -1.000000 -5.000000 -28.000000 -12.000000 0.000000 0.000000 -2.000000
0.469727 -0.872559 -0.872559 230.187500 198.250000 198.250000 6.000000 7.000000 1.000000 -3.000000 -5.000000 3.000000 29.000000 29.000000 5.000000 0.000000 -1.000000
0.268066 -0.574219 -0.574219 271.875000 206.875000 206.875000 7.000000 8.000000 1.000000 -3.000000 -4.000000 -4.000000 -12.000000 -10.000000 -4.000000 -1.000000 -2.000000
0.028320 -0.419434 -0.419434 263.500000 200.375000 200.375000 7.000000 8.000000 1.000000 1.000000 17.000000 7.000000 -24.000000 -22.000000 -8.000000 -3.000000 -2.000000
-0.064941 -0.451172 -0.451172 238.000000 176.187500 176.187500 7.000000 9.000000 1.000000 1.000000 17.000000 7.000000 -24.000000 -22.000000 -8.000000 -3.000000 -2.000000
-0.050781 -0.414551 -0.414551 236.562500 158.687500 158.687500 7.000000 10.000000 2.000000 -8.000000 -15.000000 -14.000000 1.000000 -8.000000 -1.000000 -6.000000 -5.000000
-0.104492 -0.489258 -0.489258 242.125000 144.500000 144.500000 8.000000 10.000000 2.000000 -8.000000 -15.000000 -14.000000 1.000000 -8.000000 -1.000000 -6.000000 -5.000000
-0.151367 -0.442383 -0.442383 264.687500 140.937500 140.937500 8.000000 10.000000 2.000000 -1.000000 5.000000 4.000000 -17.000000 -7.000000 -4.000000 -3.000000 -1.000000
-0.242676 -0.225586 -0.225586 298.937500 146.062500 146.062500 8.000000 11.000000 2.000000 4.000000 1.000000 1.000000 10.000000 8.000000 -6.000000 2.000000 2.000000
-0.379395 0.004395 0.004395 305.125000 134.125000 134.125000 9.000000 11.000000 2.000000 0.000000 2.000000 1.000000 87.000000 52.000000 17.000000 -2.000000 -2.000000
-0.393066 0.097656 0.097656 259.187500 112.687500 112.687500 9.000000 11.000000 2.000000 0.000000 2.000000 1.000000 87.000000 52.000000 17.000000 -2.000000 -2.000000
-0.325684 0.140137 0.140137 177.000000 84.250000 84.250000 10.000000 11.000000 3.000000 2.000000 3.000000 2.000000 79.000000 96.000000 19.000000 5.000000 0.000000
-0.363281 0.250000 0.250000 140.312500 61.437500 61.437500 10.000000 12.000000 3.000000 2.000000 3.000000 2.000000 79.000000 96.000000 19.000000 5.000000 0.000000
-0.341797 0.315430 0.315430 87.562500 39.875000 39.875000 10.000000 12.000000 3.000000 0.000000 2.000000 10.000000 19.000000 -37.000000 -34.000000 -3.000000 0.000000
-0.316406 0.270020 0.270020 51.937500 20.875000 20.875000 10.000000 12.000000 3.000000 -9.000000 -15.000000 -8.000000 -48.000000 -43.000000 -35.000000 -3.000000 -5.000000
-0.279297 0.291992 0.291992 47.062500 13.250000 13.250000 10.000000 11.000000 3.000000 -3.000000 -3.000000 0.000000 8.000000 67.000000 55.000000 -5.000000 -3.000000
-0.348145 0.343750 0.343750 47.562500 6.812500 6.812500 10.000000 11.000000 3.000000 0.000000 -4.000000 0.000000 30.000000 -29.000000 10.000000 4.000000 -1.000000
-0.381836 0.437988 0.437988 31.687500 -2.562500 -2.562500 10.000000 11.000000 3.000000 -11.000000 -5.000000 15.000000 21.000000 -42.000000 -7.000000 -4.000000 -5.000000
-0.435547 0.426270 0.426270 4.750000 -12.625000 -12.625000 10.000000 11.000000 3.000000 7.000000 8.000000 -1.000000 -43.000000 -33.000000 -11.000000 3.000000 4.000000
-0.430176 0.405273 0.405273 -24.375000 -20.875000 -20.875000 10.000000 11.000000 3.000000 0.000000 2.000000 2.000000 49.000000 35.000000 47.000000 4.000000 -1.000000
-0.475586 0.418457 0.418457 -88.250000 -32.875000 -32.875000 10.000000 11.000000 3.000000 -6.000000 -8.000000 -3.000000 -10.000000 11.000000 -15.000000 -6.000000 -5.000000
-0.422363 0.523926 0.523926 -172.562500 -39.062500 -39.062500 10.000000 11.000000 3.000000 -3.000000 1.000000 -4.000000 -7.000000 -22.000000 16.000000 -1.000000 -3.000000
-0.166992 0.593750 0.593750 -226.250000 2.562500 2.562500 10.000000 11.000000 3.000000 4.000000 1.000000 0.000000 9.000000 50.000000 2.000000 5.000000 3.000000
-0.301758 0.745605 0.745605 -190.812500 37.625000 37.625000 10.000000 11.000000 3.000000 -3.000000 -2.000000 -1.000000 3.000000 -7.000000 -17.000000 -2.000000 -4.000000
-0.754395 0.591797 0.591797 -206.312500 -21.812500 -21.812500 9.000000 11.000000 3.000000 1.000000 -1.000000 -3.000000 -1.000000 42.000000 62.000000 -4.000000 -3.000000
-0.567383 -0.411133 -0.411133 -264.687500 -52.250000 -52.250000 9.000000 11.000000 3.000000 -3.000000 -4.000000 2.000000 23.000000 -32.000000 -49.000000 -1.000000 -2.000000
-0.104980 -1.119141 -1.119141 -25.937500 -15.750000 -15.750000 9.000000 11.000000 3.000000 -6.000000 0.000000 2.000000 -29.000000 -77.000000 -94.000000 -7.000000 -3.000000
-0.350586 -0.017578 -0.017578 258.125000 21.000000 21.000000 9.000000 11.000000 3.000000 12.000000 7.000000 -2.000000 -10.000000 14.000000 46.000000 7.000000 6.000000
-0.694824 0.841309 0.841309 175.812500 2.875000 2.875000 9.000000 11.000000 3.000000 -11.000000 -1.000000 9.000000 45.000000 45.000000 52.000000 6.000000 -2.000000
-0.494141 0.631348 0.631348 -38.812500 -20.812500 -20.812500 9.000000 11.000000 3.000000 -1.000000 -4.000000 2.000000 -12.000000 -16.000000 -74.000000 -2.000000 -2.000000
-0.377930 -0.014648 -0.014648 -78.000000 -19.750000 -19.750000 9.000000 11.000000 3.000000 -6.000000 1.000000 8.000000 14.000000 -2.000000 24.000000 -8.000000 -5.000000
-0.404785 -0.140625 -0.140625 44.125000 -5.750000 -5.750000 9.000000 11.000000 3.000000 -2.000000 -8.000000 -4.000000 11.000000 -2.000000 -20.000000 -2.000000 -3.000000
-0.433105 0.202637 0.202637 224.625000 16.062500 16.062500 10.000000 11.000000 3.000000 -2.000000 -8.000000 -4.000000 11.000000 -2.000000 -20.000000 -2.000000 -3.000000
-0.470703 0.670410 0.670410 309.437500 35.000000 35.000000 10.000000 11.000000 3.000000 -4.000000 -5.000000 3.000000 -2.000000 20.000000 -25.000000 0.000000 -2.000000
-0.510254 0.893555 0.893555 247.875000 44.125000 44.125000 10.000000 11.000000 3.000000 3.000000 3.000000 6.000000 -1.000000 -22.000000 6.000000 -1.000000 1.000000
-0.607910 0.844238 0.844238 90.687500 20.437500 20.437500 10.000000 11.000000 3.000000 -2.000000 -1.000000 -2.000000 17.000000 -35.000000 -96.000000 -8.000000 -4.000000
-0.486328 0.672363 0.672363 -30.562500 -6.937500 -6.937500 10.000000 11.000000 3.000000 -2.000000 -1.000000 -2.000000 17.000000 -35.000000 -96.000000 -8.000000 -4.000000
-0.515137 0.553711 0.553711 -93.000000 -23.875000 -23.875000 10.000000 11.000000 3.000000 0.000000 2.000000 -36.000000 38.000000 95.000000 99.000000 1.000000 -2.000000
-0.541992 0.462891 0.462891 -153.000000 -37.375000 -37.375000 10.000000 11.000000 3.000000 0.000000 2.000000 -36.000000 38.000000 95.000000 99.000000 1.000000 -2.000000
-0.345215 0.419434 0.419434 -169.562500 -28.312500 -28.312500 10.000000 11.000000 3.000000 4.000000 -4.000000 54.000000 -16.000000 -9.000000 0.000000 -1.000000 1.000000
-0.322266 0.472168 0.472168 -158.125000 -1.312500 -1.312500 10.000000 11.000000 3.000000 2.000000 4.000000 -4.000000 -28.000000 -15.000000 -9.000000 33.000000 5.000000
-0.441406 0.603027 0.603027 -147.375000 30.875000 30.875000 10.000000 11.000000 3.000000 2.000000 -6.000000 14.000000 -12.000000 5.000000 25.000000 16.000000 6.000000
-0.565918 0.704590 0.704590 -129.687500 19.625000 19.625000 9.000000 11.000000 3.000000 2.000000 -6.000000 14.000000 -12.000000 5.000000 25.000000 16.000000 6.000000
-0.685059 0.313477 0.313477 -213.000000 -47.750000 -47.750000 9.000000 11.000000 3.000000 9.000000 15.000000 20.000000 106.000000 57.000000 34.000000 6.000000 7.000000
-0.284180 -0.727051 -0.727051 -216.750000 -51.062500 -51.062500 9.000000 11.000000 3.000000 9.000000 15.000000 20.000000 106.000000 57.000000 34.000000 6.000000 7.000000
-0.087891 -0.677734 -0.677734 61.312500 -0.187500 -0.187500 9.000000 11.000000 3.000000 -3.000000 -28.000000 -32.000000 0.000000 7.000000 -16.000000 -1.000000 -1.000000
-0.511230 0.312012 0.312012 209.937500 15.250000 15.250000 9.000000 11.000000 3.000000 -4.000000 -7.000000 -11.000000 -23.000000 -19.000000 -28.000000 -25.000000 -4.000000
-0.629395 0.793945 0.793945 93.250000 -10.312500 -10.312500 9.000000 11.000000 3.000000 -1.000000 6.000000 -4.000000 36.000000 28.000000 15.000000 7.000000 -1.000000
-0.419922 0.475586 0.475586 -55.687500 -29.250000 -29.250000 9.000000 11.000000 3.000000 -7.000000 -17.000000 9.000000 -46.000000 -35.000000 -35.000000 -8.000000 -6.000000
-0.335938 -0.013672 -0.013672 2.375000 0.000000 0.000000 9.000000 11.000000 3.000000 1.000000 13.000000 7.000000 -1.000000 -24.000000 -22.000000 6.000000 -1.000000
-0.396973 0.238770 0.238770 89.000000 15.000000 15.000000 9.000000 11.000000 3.000000 5.000000 12.000000 -3.000000 -16.000000 10.000000 30.000000 -6.000000 1.000000
-0.432129 0.490234 0.490234 75.250000 9.562500 9.562500 9.000000 11.000000 3.000000 0.000000 -2.000000 2.000000 -30.000000 -3.000000 -14.000000 -7.000000 -1.000000
-0.370117 0.464355 0.464355 -17.750000 -11.937500 -11.937500 9.000000 11.000000 3.000000 -4.000000 -9.000000 -9.000000 70.000000 1.000000 17.000000 4.000000 -1.000000
-0.247070 0.163574 0.163574 -94.312500 -28.062500 -28.062500 9.000000 11.000000 3.000000 -4.000000 -11.000000 1.000000 32.000000 25.000000 -9.000000 5.000000 3.000000
-0.065430 -0.118652 -0.118652 -101.875000 -29.125000 -29.125000 9.000000 11.000000 3.000000 2.000000 4.000000 6.000000 -108.000000 -58.000000 -41.000000 -16.000000 -3.000000
-0.028809 -0.207031 -0.207031 -51.312500 -24.312500 -24.312500 9.000000 11.000000 3.000000 -8.000000 -3.000000 29.000000 82.000000 -14.000000 -1.000000 -4.000000 -5.000000
-0.138184 -0.051758 -0.051758 -30.375000 -41.125000 -41.125000 9.000000 11.000000 3.000000 -8.000000 -3.000000 29.000000 82.000000 -14.000000 -1.000000 -4.000000 -5.000000
-0.158691 0.156738 0.156738 -70.250000 -74.250000 -74.250000 9.000000 11.000000 3.000000 -7.000000 -32.000000 -55.000000 -55.000000 -6.000000 -15.000000 0.000000 -4.000000
-0.180176 0.101562 0.101562 -128.437500 -115.562500 -115.562500 9.000000 10.000000 3.000000 -8.000000 -17.000000 26.000000 -55.000000 -23.000000 -13.000000 -8.000000 -8.000000
-0.206055 -0.056641 -0.056641 -171.437500 -151.875000 -151.875000 8.000000 10.000000 3.000000 8.000000 27.000000 15.000000 70.000000 14.000000 5.000000 3.000000 7.000000
-0.249023 -0.297852 -0.297852 -202.500000 -188.812500 -188.812500 8.000000 9.000000 2.000000 -5.000000 -13.000000 -61.000000 -59.000000 -10.000000 3.000000 -4.000000 -4.000000
-0.177246 -0.308105 -0.308105 -205.062500 -191.625000 -191.625000 8.000000 9.000000 2.000000 5.000000 6.000000 37.000000 20.000000 32.000000 1.000000 1.000000 1.000000
-0.110840 -0.401855 -0.401855 -189.875000 -199.937500 -199.937500 8.000000 8.000000 2.000000 5.000000 6.000000 37.000000 20.000000 32.000000 1.000000 1.000000 1.000000
-0.084961 -0.482910 -0.482910 -187.812500 -219.750000 -219.750000 7.000000 8.000000 2.000000 -2.000000 -11.000000 -28.000000 51.000000 35.000000 15.000000 11.000000 1.000000
0.225098 -0.433594 -0.433594 -190.500000 -215.437500 -215.437500 7.000000 7.000000 2.000000 3.000000 6.000000 29.000000 -72.000000 -61.000000 -19.000000 -10.000000 -1.000000
0.419434 -0.633789 -0.633789 -198.562500 -184.875000 -184.875000 7.000000 7.000000 2.000000 -4.000000 1.000000 24.000000 -63.000000 6.000000 4.000000 -2.000000 -2.000000
0.357910 -0.569824 -0.569824 -214.875000 -171.437500 -171.437500 7.000000 6.000000 1.000000 -4.000000 1.000000 24.000000 -63.000000 6.000000 4.000000 -2.000000 -2.000000
0.366211 -0.487305 -0.487305 -232.812500 -195.437500 -195.437500 7.000000 6.000000 1.000000 7.000000 15.000000 43.000000 -26.000000 41.000000 2.000000 3.000000 5.000000
0.786621 -1.055176 -1.055176 -224.312500 -184.812500 -184.812500 6.000000 5.000000 1.000000 -9.000000 -17.000000 -47.000000 84.000000 -11.000000 -1.000000 -1.000000 -2.000000
0.959961 -1.328613 -1.328613 -139.062500 -115.375000 -115.375000 6.000000 5.000000 1.000000 0.000000 -2.000000 -3.000000 -62.000000 -7.000000 -3.000000 -2.000000 -1.000000
0.878418 -1.093262 -1.093262 -19.125000 -65.937500 -65.937500 6.000000 4.000000 1.000000 -2.000000 2.000000 19.000000 -128.000000 -29.000000 -9.000000 -7.000000 -3.000000
1.605957 -0.271484 -0.271484 45.250000 -54.812500 -54.812500 7.000000 4.000000 1.000000 -1.000000 15.000000 -13.000000 -44.000000 -18.000000 -5.000000 -2.000000 -2.000000
1.477539 0.071289 0.071289 -23.375000 -64.750000 -64.750000 7.000000 4.000000 1.000000 -13.000000 -33.000000 -12.000000 -37.000000 4.000000 -11.000000 -7.000000 -8.000000
0.500488 -0.437988 -0.437988 -115.500000 -74.125000 -74.125000 6.000000 4.000000 1.000000 1.000000 -3.000000 -41.000000 15.000000 22.000000 -3.000000 -1.000000 1.000000
1.339355 -0.325195 -0.325195 -123.187500 -71.625000 -71.625000 6.000000 3.000000 1.000000 1.000000 -3.000000 -41.000000 15.000000 22.000000 -3.000000 -1.000000 1.000000
0.343262 -0.793457 -0.793457 -53.812500 -66.187500 -66.187500 6.000000 3.000000 1.000000 -5.000000 -10.000000 31.000000 -48.000000 -17.000000 -3.000000 -1.000000 -1.000000
1.230957 -0.366699 -0.366699 -2.625000 -63.250000 -63.250000 6.000000 3.000000 1.000000 1.000000 -4.000000 -44.000000 35.000000 15.000000 -2.000000 -4.000000 -1.000000
0.739258 -0.553711 -0.553711 42.250000 -65.500000 -65.500000 7.000000 3.000000 1.000000 -6.000000 3.000000 10.000000 77.000000 -3.000000 3.000000 0.000000 -4.000000
1.240234 -0.324219 -0.324219 58.500000 -74.125000 -74.125000 7.000000 2.000000 1.000000 1.000000 8.000000 14.000000 -53.000000 -17.000000 -5.000000 -3.000000 -2.000000
1.036133 -0.292480 -0.292480 61.625000 -68.812500 -68.812500 7.000000 2.000000 0.000000 -2.000000 -1.000000 -8.000000 -7.000000 -32.000000 -9.000000 -3.000000 -5.000000
1.008301 -0.210938 -0.210938 47.187500 -65.687500 -65.687500 7.000000 2.000000 0.000000 3.000000 10.000000 53.000000 127.000000 92.000000 24.000000 10.000000 6.000000
1.043457 -0.154785 -0.154785 30.750000 -57.625000 -57.625000 7.000000 2.000000 0.000000 -14.000000 6.000000 -38.000000 0.000000 -9.000000 2.000000 1.000000 -3.000000
1.071777 -0.097656 -0.097656 14.125000 -47.937500 -47.937500 7.000000 2.000000 0.000000 -14.000000 6.000000 -38.000000 0.000000 -9.000000 2.000000 1.000000 -3.000000
1.061523 -0.080566 -0.080566 -5.812500 -40.000000 -40.000000 7.000000 1.000000 0.000000 -7.000000 -7.000000 -17.000000 -15.000000 5.000000 10.000000 6.000000 0.000000
0.967285 -0.122559 -0.122559 -17.312500 -35.000000 -35.000000 8.000000 1.000000 0.000000 -7.000000 -7.000000 -17.000000 -15.000000 5.000000 10.000000 6.000000 0.000000
0.894531 -0.199707 -0.199707 -22.062500 -32.125000 -32.125000 8.000000 1.000000 0.000000 -5.000000 -17.000000 -15.000000 5.000000 14.000000 5.000000 3.000000 -2.000000
1.274902 -0.127441 -0.127441 -8.562500 -24.500000 -24.500000 8.000000 1.000000 17.000000 -4.000000 9.000000 -17.000000 27.000000 -23.000000 -9.000000 -8.000000 -5.000000
1.668945 0.041504 0.041504 2.500000 -20.812500 -20.812500 8.000000 1.000000 17.000000 1.000000 9.000000 -19.000000 112.000000 4.000000 -4.000000 -2.000000 0.000000
0.784668 -0.199219 -0.199219 0.437500 -17.062500 -17.062500 8.000000 1.000000 17.000000 1.000000 9.000000 -19.000000 112.000000 4.000000 -4.000000 -2.000000 0.000000
0.385254 -0.294922 -0.294922 3.500000 -11.125000 -11.125000 8.000000 1.000000 17.000000 -5.000000 9.000000 -25.000000 -69.000000 -84.000000 -19.000000 -9.000000 -5.000000
0.393555 -0.309570 -0.309570 6.875000 -6.875000 -6.875000 8.000000 1.000000 17.000000 6.000000 6.000000 13.000000 13.000000 40.000000 13.000000 6.000000 2.000000
0.415039 -0.298828 -0.298828 7.250000 -3.187500 -3.187500 8.000000 1.000000 17.000000 -10.000000 -42.000000 -47.000000 -58.000000 9.000000 -3.000000 -1.000000 -3.000000
0.438965 -0.299805 -0.299805 2.750000 -1.312500 -1.312500 8.000000 1.000000 17.000000 3.000000 0.000000 35.000000 -2.000000 -16.000000 -2.000000 -1.000000 0.000000
0.490723 -0.290527 -0.290527 -2.250000 -0.312500 -0.312500 8.000000 1.000000 17.000000 1.000000 20.000000 3.000000 -51.000000 17.000000 5.000000 2.000000 1.000000
0.560547 -0.286133 -0.286133 -5.000000 0.000000 0.000000 8.000000 2.000000 17.000000 1.000000 20.000000 3.000000 -51.000000 17.000000 5.000000 2.000000 1.000000
0.661621 -0.250977 -0.250977 -4.750000 -0.375000 -0.375000 8.000000 2.000000 17.000000 4.000000 -5.000000 -17.000000 -22.000000 14.000000 1.000000 -1.000000 -1.000000
0.786621 -0.198730 -0.198730 -3.875000 -0.250000 -0.250000 8.000000 2.000000 17.000000 -1.000000 6.000000 3.000000 -35.000000 -8.000000 -10.000000 -6.000000 -1.000000
1.075684 -0.088379 -0.088379 -3.875000 -2.312500 -2.312500 8.000000 2.000000 17.000000 13.000000 30.000000 -3.000000 44.000000 27.000000 6.000000 3.000000 4.000000
1.229492 -0.039551 -0.039551 -3.500000 -2.937500 -2.937500 8.000000 2.000000 17.000000 -18.000000 -25.000000 -11.000000 9.000000 78.000000 16.000000 6.000000 0.000000
1.348633 -0.009277 -0.009277 -1.375000 -2.875000 -2.875000 8.000000 2.000000 17.000000 -1.000000 6.000000 31.000000 -29.000000 20.000000 7.000000 4.000000 -1.000000
1.430664 0.013672 0.013672 3.562500 -2.625000 -2.625000 8.000000 2.000000 17.000000 1.000000 -18.000000 -12.000000 20.000000 -25.000000 -13.000000 -7.000000 -5.000000
0.991699 -0.077148 -0.077148 10.437500 4.125000 4.125000 8.000000 2.000000 17.000000 -15.000000 7.000000 15.000000 26.000000 34.000000 3.000000 -2.000000 -4.000000
0.968262 -0.097656 -0.097656 3.812500 3.187500 3.187500 8.000000 2.000000 17.000000 4.000000 0.000000 7.000000 16.000000 -39.000000 -2.000000 0.000000 -1.000000
0.955566 -0.094238 -0.094238 0.750000 1.312500 1.312500 8.000000 2.000000 0.000000 -5.000000 -6.000000 24.000000 74.000000 10.000000 3.000000 -1.000000 -1.000000
0.958984 -0.110840 -0.110840 -1.437500 0.437500 0.437500 8.000000 2.000000 0.000000 -5.000000 -6.000000 24.000000 74.000000 10.000000 3.000000 -1.000000 -1.000000
0.949219 -0.125000 -0.125000 -0.250000 0.125000 0.125000 8.000000 2.000000 0.000000 -10.000000 -1.000000 12.000000 24.000000 24.000000 7.000000 1.000000 -2.000000
0.959961 -0.126953 -0.126953 2.875000 0.000000 0.000000 8.000000 2.000000 0.000000 -1.000000 -20.000000 0.000000 -74.000000 -36.000000 -11.000000 -3.000000 -5.000000
0.960449 -0.118652 -0.118652 5.312500 -0.187500 -0.187500 8.000000 2.000000 0.000000 3.000000 14.000000 10.000000 112.000000 34.000000 12.000000 6.000000 0.000000
0.950684 -0.098145 -0.098145 5.375000 0.000000 0.000000 8.000000 2.000000 0.000000 -1.000000 8.000000 1.000000 -11.000000 -9.000000 -11.000000 -14.000000 -6.000000
0.938965 -0.106934 -0.106934 2.437500 -1.125000 -1.125000 8.000000 2.000000 0.000000 12.000000 10.000000 2.000000 -46.000000 -7.000000 2.000000 3.000000 8.000000
0.936523 -0.117676 -0.117676 -0.375000 -2.000000 -2.000000 8.000000 2.000000 0.000000 15.000000 0.000000 -33.000000 -32.000000 -6.000000 -15.000000 -10.000000 -5.000000
0.941895 -0.136230 -0.136230 0.187500 -2.687500 -2.687500 8.000000 2.000000 0.000000 38.000000 -7.000000 -16.000000 -49.000000 -3.000000 -4.000000 17.000000 17.000000
0.946289 -0.128418 -0.128418 4.000000 -2.937500 -2.937500 8.000000 2.000000 0.000000 38.000000 -7.000000 -16.000000 -49.000000 -3.000000 -4.000000 17.000000 17.000000
0.945801 -0.112305 -0.112305 8.437500 -3.187500 -3.187500 8.000000 2.000000 0.000000 -31.000000 -28.000000 -12.000000 -21.000000 -25.000000 -22.000000 -1.000000 -14.000000
0.950195 -0.104004 -0.104004 7.500000 -3.375000 -3.375000 8.000000 2.000000 0.000000 -31.000000 -28.000000 -12.000000 -21.000000 -25.000000 -22.000000 -1.000000 -14.000000
