0.947754 -0.131836 -0.131836 1.312500 -1.812500 -1.812500 7.000000 1.000000 0.000000 -2.000000 -3.000000 -2.000000 -2.000000 -1.000000 -1.000000 0.000000 -1.000000
0.948730 -0.130859 -0.130859 1.812500 -2.000000 -2.000000 7.000000 1.000000 0.000000 -1.000000 -3.000000 -2.000000 -1.000000 0.000000 -2.000000 -1.000000 -2.000000
0.943359 -0.123535 -0.123535 1.250000 -2.125000 -2.125000 7.000000 1.000000 0.000000 -2.000000 -3.000000 -1.000000 -1.000000 1.000000 -1.000000 -1.000000 -3.000000
0.938965 -0.130859 -0.130859 0.312500 -2.000000 -2.000000 7.000000 1.000000 0.000000 -4.000000 -3.000000 -2.000000 -1.000000 2.000000 -2.000000 -2.000000 -2.000000
0.937500 -0.128906 -0.128906 0.125000 -1.937500 -1.937500 7.000000 1.000000 0.000000 -1.000000 -1.000000 0.000000 -1.000000 1.000000 -1.000000 1.000000 1.000000
0.947266 -0.131836 -0.131836 0.875000 -1.687500 -1.687500 7.000000 1.000000 0.000000 -1.000000 -1.000000 0.000000 -1.000000 1.000000 -1.000000 1.000000 1.000000
0.939941 -0.127930 -0.127930 1.187500 -1.437500 -1.437500 7.000000 1.000000 0.000000 -1.000000 -2.000000 -1.000000 0.000000 0.000000 -2.000000 -1.000000 -1.000000
0.947754 -0.134277 -0.134277 0.937500 -1.687500 -1.687500 7.000000 1.000000 0.000000 -1.000000 -2.000000 -1.000000 0.000000 0.000000 -2.000000 -1.000000 -1.000000
0.945312 -0.132812 -0.132812 0.812500 -1.750000 -1.750000 7.000000 1.000000 0.000000 -2.000000 -2.000000 -1.000000 0.000000 0.000000 -2.000000 -2.000000 -1.000000
0.942383 -0.135742 -0.135742 0.312500 -1.750000 -1.750000 7.000000 1.000000 0.000000 -2.000000 -1.000000 0.000000 -1.000000 1.000000 -3.000000 -3.000000 -1.000000
0.946289 -0.135742 -0.135742 0.250000 -1.937500 -1.937500 7.000000 1.000000 0.000000 -2.000000 -2.000000 -2.000000 -1.000000 1.000000 -2.000000 -1.000000 0.000000
0.945801 -0.139160 -0.139160 0.687500 -2.062500 -2.062500 7.000000 1.000000 0.000000 -1.000000 -1.000000 -2.000000 0.000000 0.000000 -2.000000 -2.000000 -1.000000
0.946289 -0.137207 -0.137207 1.562500 -1.875000 -1.875000 7.000000 1.000000 0.000000 -1.000000 -2.000000 -3.000000 0.000000 2.000000 -2.000000 0.000000 -3.000000
0.946777 -0.133301 -0.133301 1.875000 -2.000000 -2.000000 7.000000 1.000000 0.000000 -2.000000 -1.000000 -2.000000 0.000000 0.000000 -2.000000 -1.000000 -2.000000
0.944824 -0.130859 -0.130859 1.562500 -2.125000 -2.125000 7.000000 1.000000 0.000000 -1.000000 -1.000000 -1.000000 -2.000000 -2.000000 -1.000000 -1.000000 -2.000000
0.952637 -0.127930 -0.127930 0.312500 -1.625000 -1.625000 7.000000 1.000000 0.000000 -1.000000 -1.000000 -1.000000 -2.000000 -2.000000 -1.000000 -1.000000 -2.000000
0.950195 -0.127930 -0.127930 0.625000 -1.437500 -1.437500 7.000000 1.000000 0.000000 -1.000000 -2.000000 1.000000 -1.000000 0.000000 -2.000000 -2.000000 -1.000000
0.951172 -0.130371 -0.130371 1.125000 -1.000000 -1.000000 7.000000 1.000000 0.000000 -2.000000 -2.000000 -1.000000 -2.000000 0.000000 -1.000000 -1.000000 -2.000000
0.955078 -0.126953 -0.126953 0.937500 -0.937500 -0.937500 7.000000 1.000000 0.000000 -3.000000 0.000000 -1.000000 -1.000000 1.000000 -2.000000 -1.000000 -1.000000
0.965332 -0.102051 -0.102051 -0.812500 -1.187500 -1.187500 7.000000 1.000000 0.000000 -1.000000 -2.000000 -2.000000 -2.000000 -1.000000 -1.000000 0.000000 -2.000000
1.005371 -0.082031 -0.082031 -6.500000 -0.562500 -0.562500 7.000000 1.000000 0.000000 -1.000000 -3.000000 -1.000000 -1.000000 0.000000 -1.000000 -1.000000 -1.000000
1.086914 -0.042480 -0.042480 -33.687500 16.000000 16.000000 7.000000 1.000000 0.000000 -1.000000 -4.000000 -1.000000 1.000000 1.000000 -1.000000 -1.000000 -1.000000
1.125000 -0.139160 -0.139160 -42.687500 26.312500 26.312500 7.000000 1.000000 0.000000 1.000000 -1.000000 -1.000000 0.000000 0.000000 -1.000000 0.000000 -2.000000
1.186523 -0.299805 -0.299805 -39.812500 41.937500 41.937500 7.000000 2.000000 1.000000 1.000000 -1.000000 -1.000000 0.000000 0.000000 -1.000000 0.000000 -2.000000
1.301270 -0.350098 -0.350098 -28.312500 66.250000 66.250000 7.000000 2.000000 1.000000 -2.000000 -2.000000 -2.000000 -1.000000 1.000000 -2.000000 -4.000000 -1.000000
1.383301 -0.414551 -0.414551 -48.437500 97.500000 97.500000 6.000000 2.000000 1.000000 -2.000000 -3.000000 -1.000000 0.000000 0.000000 -2.000000 -1.000000 -3.000000
1.321777 -0.470215 -0.470215 -76.500000 122.750000 122.750000 6.000000 3.000000 1.000000 -2.000000 -2.000000 -2.000000 1.000000 0.000000 -3.000000 0.000000 -2.000000
1.164062 -0.691895 -0.691895 -105.625000 132.500000 132.500000 6.000000 3.000000 1.000000 -2.000000 -1.000000 0.000000 1.000000 1.000000 -2.000000 0.000000 0.000000
1.078125 -1.013184 -1.013184 -108.500000 139.687500 139.687500 6.000000 4.000000 1.000000 -1.000000 -3.000000 -1.000000 -1.000000 -1.000000 -2.000000 -2.000000 -1.000000
0.952148 -1.254395 -1.254395 -29.312500 151.312500 151.312500 6.000000 5.000000 1.000000 -1.000000 -2.000000 -2.000000 -2.000000 0.000000 -2.000000 0.000000 -2.000000
0.718750 -1.164062 -1.164062 98.375000 168.500000 168.500000 6.000000 5.000000 1.000000 0.000000 -2.000000 -1.000000 0.000000 -1.000000 -4.000000 -3.000000 -3.000000
0.503418 -0.915039 -0.915039 193.500000 185.000000 185.000000 6.000000 6.000000 1.000000 -2.000000 -5.000000 -2.000000 -1.000000 2.000000 -1.000000 1.000000 0.000000
0.327637 -0.687012 -0.687012 235.437500 191.375000 191.375000 6.000000 7.000000 1.000000 -1.000000 -1.000000 -1.000000 0.000000 0.000000 -1.000000 0.000000 -2.000000
0.224609 -0.576660 -0.576660 275.125000 199.312500 199.312500 6.000000 7.000000 2.000000 -1.000000 -1.000000 0.000000 -1.000000 -1.000000 -1.000000 -1.000000 0.000000
0.071289 -0.441895 -0.441895 328.500000 204.000000 204.000000 7.000000 8.000000 2.000000 -1.000000 -3.000000 -1.000000 -1.000000 0.000000 -3.000000 -4.000000 -3.000000
-0.068848 -0.241211 -0.241211 344.750000 203.875000 203.875000 7.000000 9.000000 2.000000 -1.000000 -3.000000 -1.000000 -1.000000 0.000000 -3.000000 -4.000000 -3.000000
-0.172852 -0.120117 -0.120117 335.937500 202.125000 202.125000 7.000000 9.000000 2.000000 0.000000 -3.000000 -2.000000 -1.000000 0.000000 0.000000 0.000000 -1.000000
-0.242676 -0.172852 -0.172852 309.062500 198.187500 198.187500 8.000000 10.000000 2.000000 -2.000000 -3.000000 -2.000000 -1.000000 0.000000 -3.000000 -2.000000 -1.000000
-0.301270 -0.187500 -0.187500 286.875000 187.250000 187.250000 8.000000 10.000000 2.000000 -1.000000 -3.000000 0.000000 -1.000000 1.000000 -1.000000 0.000000 -1.000000
-0.210938 -0.167969 -0.167969 263.312500 174.437500 174.437500 8.000000 10.000000 2.000000 -1.000000 -3.000000 0.000000 -1.000000 1.000000 -1.000000 0.000000 -1.000000
-0.276855 -0.095703 -0.095703 225.312500 157.187500 157.187500 9.000000 11.000000 2.000000 -1.000000 -1.000000 0.000000 0.000000 1.000000 -1.000000 -1.000000 -2.000000
-0.384766 -0.040527 -0.040527 182.437500 130.562500 130.562500 9.000000 11.000000 2.000000 -1.000000 -3.000000 -2.000000 -1.000000 0.000000 -1.000000 -1.000000 -2.000000
-0.368164 -0.015625 -0.015625 138.812500 97.062500 97.062500 9.000000 11.000000 3.000000 -2.000000 -3.000000 0.000000 -1.000000 0.000000 -1.000000 -1.000000 -1.000000
-0.319824 -0.020020 -0.020020 115.937500 69.125000 69.125000 9.000000 11.000000 3.000000 -1.000000 -2.000000 -2.000000 -1.000000 -2.000000 0.000000 -1.000000 -1.000000
-0.264160 0.045898 0.045898 102.562500 53.187500 53.187500 9.000000 11.000000 3.000000 -2.000000 -1.000000 -1.000000 -1.000000 0.000000 -2.000000 -1.000000 -1.000000
-0.310547 0.111328 0.111328 92.937500 41.625000 41.625000 10.000000 11.000000 3.000000 -2.000000 -3.000000 -1.000000 0.000000 1.000000 0.000000 -1.000000 -2.000000
-0.352051 0.172363 0.172363 77.875000 31.000000 31.000000 10.000000 11.000000 3.000000 -1.000000 -2.000000 -2.000000 -1.000000 0.000000 -1.000000 -1.000000 -2.000000
-0.408203 0.288086 0.288086 -34.125000 -9.625000 -9.625000 10.000000 11.000000 3.000000 -3.000000 -1.000000 0.000000 0.000000 -1.000000 -3.000000 0.000000 -2.000000
-0.501953 0.292969 0.292969 -185.687500 -65.000000 -65.000000 9.000000 11.000000 3.000000 -1.000000 0.000000 -1.000000 1.000000 1.000000 -1.000000 -1.000000 -1.000000
0.159668 0.484863 0.484863 -260.312500 -3.937500 -3.937500 9.000000 11.000000 3.000000 0.000000 -1.000000 -1.000000 -2.000000 -3.000000 -2.000000 -2.000000 0.000000
-0.207031 0.544434 0.544434 -154.250000 45.062500 45.062500 9.000000 11.000000 3.000000 -1.000000 -3.000000 -1.000000 -2.000000 3.000000 -1.000000 -1.000000 -1.000000
-0.604492 0.237305 0.237305 -150.437500 29.000000 29.000000 9.000000 11.000000 3.000000 0.000000 -2.000000 -3.000000 -2.000000 -1.000000 -1.000000 -3.000000 -1.000000
-0.591797 -0.572266 -0.572266 -161.125000 1.937500 1.937500 9.000000 11.000000 3.000000 -3.000000 -1.000000 -1.000000 9.000000 4.000000 -1.000000 0.000000 -2.000000
-0.274414 -0.843750 -0.843750 69.937500 16.187500 16.187500 9.000000 11.000000 3.000000 -1.000000 -8.000000 -4.000000 -35.000000 -11.000000 -4.000000 -1.000000 -1.000000
-0.570312 0.014160 0.014160 234.687500 17.437500 17.437500 9.000000 11.000000 3.000000 0.000000 1.000000 5.000000 23.000000 15.000000 2.000000 0.000000 0.000000
-0.651367 0.749512 0.749512 149.312500 -2.062500 -2.062500 9.000000 11.000000 3.000000 0.000000 1.000000 5.000000 23.000000 15.000000 2.000000 0.000000 0.000000
-0.505371 0.573730 0.573730 24.875000 -20.875000 -20.875000 9.000000 11.000000 3.000000 -2.000000 5.000000 -4.000000 2.000000 -6.000000 -3.000000 -2.000000 -2.000000
-0.442383 0.189453 0.189453 33.687500 -20.437500 -20.437500 9.000000 11.000000 3.000000 -2.000000 5.000000 -4.000000 2.000000 -6.000000 -3.000000 -2.000000 -2.000000
-0.366211 0.288086 0.288086 141.562500 4.812500 4.812500 9.000000 11.000000 3.000000 0.000000 -3.000000 -4.000000 -14.000000 5.000000 -2.000000 -2.000000 -1.000000
-0.449219 0.454590 0.454590 205.812500 32.812500 32.812500 10.000000 11.000000 3.000000 -6.000000 -11.000000 -10.000000 -9.000000 -17.000000 -3.000000 -1.000000 -3.000000
-0.558594 0.694336 0.694336 134.500000 28.187500 28.187500 10.000000 11.000000 3.000000 -2.000000 -1.000000 0.000000 31.000000 -6.000000 -2.000000 -1.000000 0.000000
-0.529297 0.581055 0.581055 56.000000 10.375000 10.375000 10.000000 11.000000 3.000000 -2.000000 -1.000000 0.000000 31.000000 -6.000000 -2.000000 -1.000000 0.000000
-0.570801 0.504883 0.504883 1.750000 -10.000000 -10.000000 10.000000 11.000000 3.000000 -5.000000 -8.000000 -5.000000 -3.000000 6.000000 2.000000 0.000000 -1.000000
-0.472168 0.447754 0.447754 -41.375000 -18.812500 -18.812500 10.000000 11.000000 3.000000 -7.000000 -10.000000 -7.000000 -41.000000 -26.000000 -41.000000 -3.000000 -5.000000
-0.479004 0.401367 0.401367 -69.062500 -24.937500 -24.937500 10.000000 11.000000 3.000000 -2.000000 -5.000000 -11.000000 -40.000000 -7.000000 42.000000 -3.000000 -3.000000
-0.437988 0.437012 0.437012 -121.000000 -30.000000 -30.000000 10.000000 11.000000 3.000000 1.000000 2.000000 11.000000 18.000000 38.000000 -13.000000 1.000000 1.000000
-0.313965 0.526855 0.526855 -160.250000 -9.375000 -9.375000 10.000000 11.000000 3.000000 4.000000 12.000000 13.000000 87.000000 -14.000000 -2.000000 2.000000 4.000000
-0.438965 0.567383 0.567383 -169.000000 14.187500 14.187500 9.000000 11.000000 3.000000 4.000000 -1.000000 3.000000 0.000000 15.000000 2.000000 4.000000 3.000000
-0.470703 0.598145 0.598145 -158.875000 33.750000 33.750000 9.000000 11.000000 3.000000 -4.000000 13.000000 5.000000 46.000000 -13.000000 -8.000000 -5.000000 -5.000000
-0.497070 -0.677734 -0.677734 -153.812500 -17.250000 -17.250000 9.000000 11.000000 3.000000 -3.000000 -5.000000 -2.000000 -30.000000 10.000000 7.000000 0.000000 -1.000000
-0.535645 0.183594 0.183594 171.187500 4.875000 4.875000 9.000000 11.000000 3.000000 0.000000 -17.000000 -3.000000 -5.000000 -32.000000 -5.000000 -1.000000 0.000000
-0.604980 0.592773 0.592773 84.187500 -6.250000 -6.250000 9.000000 11.000000 3.000000 -5.000000 2.000000 -9.000000 -44.000000 -41.000000 -84.000000 -8.000000 -5.000000
-0.458984 0.451172 0.451172 47.187500 -8.625000 -8.625000 9.000000 11.000000 3.000000 -2.000000 -4.000000 -13.000000 -24.000000 -38.000000 -36.000000 -1.000000 -1.000000
-0.581543 0.415527 0.415527 18.250000 -15.687500 -15.687500 9.000000 11.000000 3.000000 -2.000000 -4.000000 -13.000000 -24.000000 -38.000000 -36.000000 -1.000000 -1.000000
-0.468262 0.370605 0.370605 -30.125000 -19.312500 -19.312500 9.000000 11.000000 3.000000 -1.000000 -3.000000 -1.000000 -65.000000 19.000000 94.000000 1.000000 -2.000000
-0.400391 0.158203 0.158203 -29.937500 -10.687500 -10.687500 9.000000 11.000000 3.000000 -1.000000 -3.000000 -1.000000 -65.000000 19.000000 94.000000 1.000000 -2.000000
-0.405762 0.258789 0.258789 45.000000 4.562500 4.562500 9.000000 11.000000 3.000000 -4.000000 -1.000000 -2.000000 6.000000 -10.000000 6.000000 -4.000000 -3.000000
-0.522461 0.530273 0.530273 37.500000 1.500000 1.500000 9.000000 11.000000 3.000000 -4.000000 -1.000000 -2.000000 6.000000 -10.000000 6.000000 -4.000000 -3.000000
-0.445801 0.370605 0.370605 -46.625000 -11.125000 -11.125000 9.000000 11.000000 3.000000 0.000000 3.000000 5.000000 43.000000 38.000000 46.000000 2.000000 1.000000
-0.377441 0.068848 0.068848 -45.562500 -5.625000 -5.625000 9.000000 11.000000 3.000000 0.000000 3.000000 5.000000 43.000000 38.000000 46.000000 2.000000 1.000000
-0.403809 0.112305 0.112305 23.500000 8.625000 8.625000 9.000000 11.000000 3.000000 -1.000000 -4.000000 -6.000000 -30.000000 28.000000 10.000000 1.000000 -1.000000
-0.486816 0.349121 0.349121 -5.750000 -3.187500 -3.187500 9.000000 11.000000 3.000000 0.000000 0.000000 -5.000000 -5.000000 26.000000 80.000000 -1.000000 0.000000
-0.383789 0.172852 0.172852 -28.875000 -11.562500 -11.562500 9.000000 11.000000 3.000000 0.000000 -2.000000 2.000000 23.000000 16.000000 -40.000000 2.000000 1.000000
-0.337891 0.137695 0.137695 -5.875000 -13.187500 -13.187500 9.000000 11.000000 3.000000 0.000000 -2.000000 7.000000 4.000000 -28.000000 -56.000000 -2.000000 -2.000000
-0.317383 0.200195 0.200195 9.937500 -19.125000 -19.125000 9.000000 11.000000 3.000000 -3.000000 -5.000000 -11.000000 -40.000000 -53.000000 29.000000 0.000000 -2.000000
-0.312500 0.158203 0.158203 -6.687500 -36.187500 -36.187500 9.000000 11.000000 3.000000 -1.000000 -1.000000 8.000000 48.000000 93.000000 18.000000 3.000000 1.000000
-0.229004 0.098633 0.098633 -37.875000 -64.250000 -64.250000 9.000000 11.000000 3.000000 -6.000000 0.000000 -10.000000 3.000000 48.000000 21.000000 -6.000000 -6.000000
-0.140625 0.047363 0.047363 -61.812500 -92.375000 -92.375000 9.000000 11.000000 3.000000 -6.000000 0.000000 -10.000000 3.000000 48.000000 21.000000 -6.000000 -6.000000
-0.126953 0.018066 0.018066 -82.187500 -119.437500 -119.437500 9.000000 11.000000 3.000000 -2.000000 1.000000 -3.000000 -31.000000 20.000000 21.000000 -3.000000 -3.000000
-0.127441 0.043945 0.043945 -107.875000 -146.750000 -146.750000 9.000000 10.000000 3.000000 -2.000000 1.000000 -3.000000 -31.000000 20.000000 21.000000 -3.000000 -3.000000
-0.178711 -0.023438 -0.023438 -144.000000 -179.375000 -179.375000 9.000000 10.000000 3.000000 -3.000000 -1.000000 -2.000000 -9.000000 33.000000 14.000000 -1.000000 -5.000000
-0.131836 -0.263184 -0.263184 -168.875000 -217.500000 -217.500000 8.000000 9.000000 2.000000 -4.000000 -7.000000 -4.000000 -7.000000 -128.000000 -47.000000 -6.000000 -3.000000
-0.127441 -0.249512 -0.249512 -160.187500 -235.437500 -235.437500 8.000000 9.000000 2.000000 2.000000 0.000000 2.000000 15.000000 -11.000000 37.000000 7.000000 3.000000
0.042969 -0.130859 -0.130859 -205.062500 -240.562500 -240.562500 8.000000 8.000000 2.000000 2.000000 0.000000 2.000000 15.000000 -11.000000 37.000000 7.000000 3.000000
0.190430 -0.317383 -0.317383 -200.937500 -223.937500 -223.937500 8.000000 7.000000 2.000000 4.000000 -1.000000 0.000000 -17.000000 17.000000 11.000000 -2.000000 2.000000
0.165527 -0.315430 -0.315430 -104.687500 -247.187500 -247.187500 7.000000 6.000000 2.000000 -5.000000 -4.000000 -8.000000 4.000000 -41.000000 -90.000000 -7.000000 -6.000000
0.409668 -0.328613 -0.328613 -120.187500 -254.812500 -254.812500 7.000000 5.000000 2.000000 -1.000000 -3.000000 -1.000000 1.000000 -4.000000 -18.000000 -4.000000 -2.000000
1.176270 -0.853027 -0.853027 -112.375000 -201.000000 -201.000000 7.000000 4.000000 1.000000 -1.000000 -3.000000 -1.000000 1.000000 -4.000000 -18.000000 -4.000000 -2.000000
0.948242 -0.381836 -0.381836 -27.375000 -140.625000 -140.625000 7.000000 3.000000 1.000000 1.000000 0.000000 3.000000 -32.000000 -51.000000 -36.000000 -1.000000 -1.000000
0.983398 -0.225586 -0.225586 -74.437500 -133.812500 -133.812500 7.000000 3.000000 1.000000 1.000000 0.000000 3.000000 -32.000000 -51.000000 -36.000000 -1.000000 -1.000000
1.103027 -0.228027 -0.228027 -113.687500 -130.500000 -130.500000 7.000000 3.000000 1.000000 5.000000 9.000000 -12.000000 -8.000000 51.000000 70.000000 -3.000000 2.000000
1.201172 -0.340820 -0.340820 -83.812500 -94.125000 -94.125000 7.000000 2.000000 1.000000 -6.000000 -3.000000 -3.000000 81.000000 17.000000 -15.000000 3.000000 -2.000000
1.186523 -0.054199 -0.054199 -48.375000 -70.312500 -70.312500 8.000000 2.000000 0.000000 -2.000000 -5.000000 0.000000 -8.000000 -4.000000 15.000000 -2.000000 -1.000000
1.193359 -0.030762 -0.030762 -52.187500 -61.687500 -61.687500 8.000000 1.000000 0.000000 -2.000000 -5.000000 0.000000 -8.000000 -4.000000 15.000000 -2.000000 -1.000000
1.166992 -0.043457 -0.043457 -44.750000 -52.250000 -52.250000 8.000000 1.000000 0.000000 -1.000000 5.000000 6.000000 66.000000 71.000000 16.000000 0.000000 -1.000000
1.054199 0.006836 0.006836 -5.312500 -25.125000 -25.125000 8.000000 1.000000 0.000000 -1.000000 5.000000 6.000000 66.000000 71.000000 16.000000 0.000000 -1.000000
1.028809 -0.052246 -0.052246 -9.500000 -12.812500 -12.812500 8.000000 1.000000 0.000000 -7.000000 -20.000000 -4.000000 31.000000 -5.000000 -6.000000 2.000000 -2.000000
1.007324 -0.125000 -0.125000 -7.750000 -7.125000 -7.125000 8.000000 1.000000 0.000000 3.000000 5.000000 3.000000 -59.000000 13.000000 -7.000000 3.000000 3.000000
0.988281 -0.140137 -0.140137 -2.687500 -6.000000 -6.000000 8.000000 1.000000 0.000000 1.000000 10.000000 -1.000000 54.000000 16.000000 0.000000 1.000000 -1.000000
0.959961 -0.077637 -0.077637 -15.625000 0.000000 0.000000 8.000000 1.000000 0.000000 -2.000000 6.000000 22.000000 -72.000000 -24.000000 4.000000 -3.000000 -2.000000
0.969727 -0.151855 -0.151855 -34.812500 2.562500 2.562500 8.000000 1.000000 0.000000 -5.000000 7.000000 19.000000 12.000000 46.000000 6.000000 12.000000 2.000000
0.980957 -0.172363 -0.172363 -26.312500 4.062500 4.062500 8.000000 1.000000 0.000000 -5.000000 7.000000 19.000000 12.000000 46.000000 6.000000 12.000000 2.000000
0.962891 -0.118652 -0.118652 4.062500 6.437500 6.437500 8.000000 1.000000 0.000000 -10.000000 -14.000000 23.000000 103.000000 1.000000 -7.000000 5.000000 -6.000000
0.974121 -0.110840 -0.110840 10.750000 4.937500 4.937500 8.000000 1.000000 0.000000 5.000000 14.000000 9.000000 -128.000000 -64.000000 -28.000000 -6.000000 1.000000
0.960449 -0.098145 -0.098145 10.687500 6.062500 6.062500 8.000000 1.000000 0.000000 -4.000000 3.000000 -5.000000 112.000000 11.000000 13.000000 -3.000000 -3.000000
0.957520 -0.112793 -0.112793 1.312500 6.250000 6.250000 8.000000 1.000000 0.000000 1.000000 -14.000000 11.000000 -2.000000 66.000000 11.000000 9.000000 4.000000
0.950684 -0.133301 -0.133301 -0.437500 5.500000 5.500000 8.000000 1.000000 0.000000 -2.000000 2.000000 -35.000000 -105.000000 -52.000000 -25.000000 -4.000000 -4.000000
0.932617 -0.136230 -0.136230 0.312500 5.125000 5.125000 8.000000 1.000000 0.000000 -2.000000 8.000000 11.000000 110.000000 26.000000 3.000000 -6.000000 -3.000000
0.939453 -0.140625 -0.140625 -0.187500 1.625000 1.625000 8.000000 1.000000 0.000000 -4.000000 -3.000000 33.000000 76.000000 -5.000000 -3.000000 1.000000 -2.000000
0.924805 -0.137207 -0.137207 0.875000 0.625000 0.625000 8.000000 1.000000 0.000000 -4.000000 -3.000000 33.000000 76.000000 -5.000000 -3.000000 1.000000 -2.000000
0.937500 -0.138184 -0.138184 0.187500 -0.625000 -0.625000 8.000000 1.000000 0.000000 5.000000 -6.000000 -16.000000 -50.000000 -9.000000 -10.000000 -6.000000 0.000000
0.937012 -0.135742 -0.135742 3.062500 -1.375000 -1.375000 8.000000 1.000000 0.000000 -6.000000 -17.000000 -43.000000 60.000000 -13.000000 1.000000 -5.000000 -6.000000
0.935547 -0.131836 -0.131836 3.000000 -2.312500 -2.312500 8.000000 1.000000 0.000000 -2.000000 2.000000 35.000000 26.000000 -28.000000 -3.000000 -1.000000 -2.000000
