0.959473 -0.125488 -0.125488 1.375000 -2.375000 -2.375000 7.000000 1.000000 0.000000 -2.000000 -1.000000 -3.000000 -1.000000 0.000000 0.000000 0.000000 0.000000
0.962402 -0.119629 -0.119629 1.750000 -2.375000 -2.375000 7.000000 1.000000 0.000000 -2.000000 -1.000000 -3.000000 -1.000000 0.000000 0.000000 0.000000 0.000000
0.960938 -0.115723 -0.115723 1.187500 -2.250000 -2.250000 7.000000 1.000000 0.000000 -2.000000 -2.000000 -1.000000 -1.000000 0.000000 -2.000000 0.000000 -2.000000
0.961914 -0.114258 -0.114258 0.000000 -2.062500 -2.062500 7.000000 1.000000 0.000000 -2.000000 -1.000000 0.000000 0.000000 -1.000000 -3.000000 -2.000000 -1.000000
0.961914 -0.117188 -0.117188 -0.437500 -1.625000 -1.625000 7.000000 1.000000 0.000000 -2.000000 -2.000000 -1.000000 -1.000000 0.000000 1.000000 -1.000000 -1.000000
0.975586 -0.125488 -0.125488 -0.062500 -1.187500 -1.187500 7.000000 1.000000 0.000000 -1.000000 -2.000000 -1.000000 0.000000 -1.000000 0.000000 -1.000000 0.000000
0.979492 -0.127930 -0.127930 1.562500 -0.812500 -0.812500 7.000000 1.000000 0.000000 -2.000000 -1.000000 0.000000 -1.000000 -1.000000 -2.000000 -2.000000 -2.000000
0.973633 -0.108887 -0.108887 1.687500 -0.312500 -0.312500 7.000000 1.000000 0.000000 -2.000000 -1.000000 0.000000 -1.000000 -1.000000 -2.000000 -2.000000 -2.000000
0.960938 -0.111328 -0.111328 1.375000 -0.187500 -0.187500 7.000000 1.000000 0.000000 -1.000000 -3.000000 -1.000000 -1.000000 0.000000 -2.000000 -1.000000 -1.000000
0.961426 -0.111328 -0.111328 0.750000 -0.312500 -0.312500 7.000000 1.000000 0.000000 -1.000000 -3.000000 -1.000000 -1.000000 0.000000 -2.000000 -1.000000 -1.000000
0.956055 -0.113770 -0.113770 0.000000 -0.187500 -0.187500 7.000000 1.000000 0.000000 -1.000000 -2.000000 -1.000000 -1.000000 -1.000000 -1.000000 0.000000 -2.000000
0.957520 -0.116211 -0.116211 -1.062500 -0.187500 -0.187500 7.000000 1.000000 0.000000 -1.000000 -1.000000 -1.000000 -1.000000 1.000000 -2.000000 -1.000000 -2.000000
0.956543 -0.118164 -0.118164 -1.937500 -0.312500 -0.312500 7.000000 1.000000 0.000000 -2.000000 -1.000000 -1.000000 -1.000000 0.000000 -2.000000 -2.000000 -1.000000
0.962402 -0.119629 -0.119629 -1.187500 -0.562500 -0.562500 7.000000 1.000000 0.000000 -1.000000 -2.000000 -2.000000 0.000000 1.000000 -1.000000 -2.000000 -1.000000
0.963867 -0.114258 -0.114258 0.125000 -0.750000 -0.750000 7.000000 1.000000 0.000000 -1.000000 0.000000 -1.000000 0.000000 1.000000 -2.000000 -1.000000 -1.000000
0.965332 -0.111816 -0.111816 -0.250000 -0.937500 -0.937500 7.000000 1.000000 0.000000 -1.000000 0.000000 -1.000000 0.000000 1.000000 -2.000000 -1.000000 -1.000000
0.959473 -0.101074 -0.101074 -2.000000 -0.812500 -0.812500 7.000000 1.000000 0.000000 -3.000000 -3.000000 -1.000000 -1.000000 1.000000 -2.000000 -2.000000 -2.000000
0.966309 -0.107422 -0.107422 -3.125000 -0.500000 -0.500000 7.000000 1.000000 0.000000 -1.000000 -1.000000 -1.000000 -1.000000 1.000000 -1.000000 -1.000000 -2.000000
0.976562 -0.097656 -0.097656 -6.187500 0.000000 0.000000 7.000000 1.000000 0.000000 1.000000 -2.000000 -2.000000 -2.000000 0.000000 -3.000000 -1.000000 -2.000000
0.989746 -0.058594 -0.058594 -10.500000 2.250000 2.250000 7.000000 1.000000 0.000000 -2.000000 -3.000000 -1.000000 -2.000000 2.000000 -1.000000 0.000000 -1.000000
1.004395 0.001953 0.001953 -25.062500 4.500000 4.500000 7.000000 1.000000 0.000000 -2.000000 -2.000000 -2.000000 -1.000000 0.000000 -2.000000 -2.000000 -1.000000
1.049805 -0.047363 -0.047363 -53.062500 10.062500 10.062500 7.000000 1.000000 0.000000 -3.000000 -3.000000 -1.000000 0.000000 1.000000 0.000000 -1.000000 -1.000000
1.141113 -0.135254 -0.135254 -79.375000 32.687500 32.687500 7.000000 1.000000 0.000000 -1.000000 -1.000000 -2.000000 -1.000000 -1.000000 -1.000000 -2.000000 -1.000000
1.234863 -0.152832 -0.152832 -103.687500 60.937500 60.937500 7.000000 1.000000 0.000000 -1.000000 -1.000000 -2.000000 -1.000000 -1.000000 -1.000000 -2.000000 -1.000000
1.244629 -0.123535 -0.123535 -131.062500 91.375000 91.375000 7.000000 2.000000 0.000000 -1.000000 0.000000 -1.000000 -1.000000 0.000000 -1.000000 -1.000000 0.000000
1.437012 -0.948242 -0.948242 -141.687500 145.562500 145.562500 6.000000 2.000000 0.000000 -1.000000 -2.000000 -1.000000 -2.000000 0.000000 -2.000000 0.000000 1.000000
1.490723 -1.095215 -1.095215 -62.000000 183.062500 183.062500 6.000000 3.000000 0.000000 -1.000000 -2.000000 0.000000 1.000000 1.000000 -3.000000 -1.000000 -1.000000
1.332031 -0.930664 -0.930664 -8.875000 220.312500 220.312500 6.000000 4.000000 0.000000 -1.000000 -2.000000 -3.000000 -2.000000 -1.000000 -3.000000 -1.000000 -2.000000
1.094238 -0.999512 -0.999512 -18.687500 240.125000 240.125000 6.000000 5.000000 0.000000 -2.000000 -1.000000 -2.000000 0.000000 1.000000 -1.000000 -3.000000 0.000000
0.696777 -1.104980 -1.104980 -6.062500 249.312500 249.312500 6.000000 6.000000 0.000000 -2.000000 -4.000000 -1.000000 -1.000000 -1.000000 -2.000000 -2.000000 -3.000000
0.269043 -1.122559 -1.122559 56.312500 250.812500 250.812500 6.000000 6.000000 0.000000 -1.000000 -3.000000 -1.000000 -4.000000 -3.000000 -2.000000 0.000000 -2.000000
0.136230 -0.990723 -0.990723 132.375000 251.187500 251.187500 6.000000 7.000000 0.000000 -2.000000 -2.000000 -3.000000 2.000000 -4.000000 -2.000000 -1.000000 -1.000000
0.168457 -0.783691 -0.783691 189.187500 258.375000 258.375000 6.000000 8.000000 0.000000 -1.000000 -3.000000 4.000000 -6.000000 2.000000 0.000000 0.000000 -2.000000
-0.156250 -0.285645 -0.285645 199.750000 242.812500 242.812500 7.000000 10.000000 1.000000 -2.000000 -2.000000 -7.000000 11.000000 -4.000000 -3.000000 -1.000000 -2.000000
-0.175293 -0.293945 -0.293945 149.812500 216.562500 216.562500 7.000000 11.000000 1.000000 -3.000000 -5.000000 -29.000000 -6.000000 -4.000000 -3.000000 -1.000000 -2.000000
-0.266602 -0.309570 -0.309570 94.875000 146.687500 146.687500 7.000000 12.000000 1.000000 -3.000000 -5.000000 -29.000000 -6.000000 -4.000000 -3.000000 -1.000000 -2.000000
-0.319824 -0.238281 -0.238281 73.500000 105.312500 105.312500 8.000000 12.000000 2.000000 -2.000000 -1.000000 15.000000 5.000000 6.000000 1.000000 1.000000 0.000000
-0.278809 -0.278809 -0.278809 78.062500 46.687500 46.687500 8.000000 13.000000 2.000000 -2.000000 -1.000000 15.000000 5.000000 6.000000 1.000000 1.000000 0.000000
-0.338867 -0.135254 -0.135254 78.812500 28.625000 28.625000 8.000000 13.000000 2.000000 -1.000000 4.000000 5.000000 -3.000000 14.000000 0.000000 -1.000000 -1.000000
-0.389160 -0.011719 -0.011719 46.187500 3.562500 3.562500 8.000000 13.000000 2.000000 -2.000000 -10.000000 -1.000000 -3.000000 -4.000000 1.000000 1.000000 -1.000000
-0.401367 0.060547 0.060547 22.125000 -7.187500 -7.187500 8.000000 13.000000 3.000000 0.000000 6.000000 28.000000 73.000000 48.000000 8.000000 2.000000 3.000000
-0.472168 0.000488 0.000488 4.625000 -14.375000 -14.375000 9.000000 13.000000 3.000000 0.000000 6.000000 28.000000 73.000000 48.000000 8.000000 2.000000 3.000000
-0.489258 0.018555 0.018555 -3.125000 -13.937500 -13.937500 9.000000 13.000000 3.000000 -2.000000 2.000000 -3.000000 -2.000000 -4.000000 -1.000000 0.000000 -2.000000
-0.522949 0.025879 0.025879 3.687500 -8.375000 -8.375000 9.000000 13.000000 3.000000 -2.000000 2.000000 -3.000000 -2.000000 -4.000000 -1.000000 0.000000 -2.000000
-0.605469 0.046387 0.046387 1.375000 -5.812500 -5.812500 9.000000 13.000000 3.000000 2.000000 11.000000 23.000000 59.000000 61.000000 11.000000 3.000000 1.000000
-0.628418 0.073730 0.073730 -2.625000 -3.875000 -3.875000 9.000000 13.000000 3.000000 2.000000 -4.000000 13.000000 -12.000000 -4.000000 1.000000 1.000000 0.000000
-0.634277 0.060547 0.060547 -6.062500 -3.062500 -3.062500 9.000000 13.000000 3.000000 -4.000000 -5.000000 -31.000000 5.000000 -9.000000 -8.000000 -5.000000 -3.000000
-0.667480 0.034668 0.034668 -2.437500 -6.375000 -6.375000 9.000000 13.000000 3.000000 -4.000000 -5.000000 -31.000000 5.000000 -9.000000 -8.000000 -5.000000 -3.000000
-0.665039 0.073730 0.073730 -1.937500 -7.875000 -7.875000 9.000000 13.000000 3.000000 2.000000 4.000000 51.000000 -31.000000 12.000000 2.000000 0.000000 1.000000
-0.656250 0.096191 0.096191 -0.937500 -8.812500 -8.812500 9.000000 13.000000 3.000000 -3.000000 5.000000 4.000000 17.000000 5.000000 1.000000 -3.000000 -2.000000
-0.641113 0.113770 0.113770 -1.625000 -7.812500 -7.812500 9.000000 13.000000 3.000000 -5.000000 -4.000000 47.000000 43.000000 -57.000000 -94.000000 -7.000000 -4.000000
-0.627930 0.085938 0.085938 -5.562500 -8.750000 -8.750000 9.000000 13.000000 3.000000 -4.000000 -2.000000 34.000000 -97.000000 51.000000 92.000000 -3.000000 -5.000000
-0.645508 0.061035 0.061035 -2.125000 -9.000000 -9.000000 9.000000 13.000000 3.000000 1.000000 1.000000 32.000000 28.000000 -15.000000 -48.000000 0.000000 1.000000
-0.624512 0.037109 0.037109 5.875000 -4.937500 -4.937500 9.000000 13.000000 3.000000 0.000000 1.000000 -52.000000 11.000000 -29.000000 56.000000 -1.000000 -1.000000
-0.618164 0.093262 0.093262 17.187500 -0.437500 -0.437500 9.000000 13.000000 3.000000 -1.000000 -15.000000 -49.000000 -30.000000 37.000000 -31.000000 3.000000 2.000000
-0.579590 0.131348 0.131348 14.125000 3.062500 3.062500 9.000000 13.000000 3.000000 -4.000000 2.000000 16.000000 66.000000 21.000000 19.000000 -2.000000 -3.000000
-0.456543 0.116699 0.116699 14.125000 14.312500 14.312500 9.000000 13.000000 3.000000 1.000000 16.000000 -8.000000 23.000000 50.000000 -47.000000 2.000000 2.000000
-0.309570 0.072266 0.072266 45.875000 45.562500 45.562500 9.000000 13.000000 3.000000 1.000000 16.000000 -8.000000 23.000000 50.000000 -47.000000 2.000000 2.000000
-0.395996 0.060059 0.060059 100.125000 87.062500 87.062500 9.000000 13.000000 3.000000 -3.000000 -15.000000 -46.000000 -30.000000 -14.000000 -42.000000 -4.000000 -5.000000
-0.365234 0.237793 0.237793 124.937500 126.812500 126.812500 9.000000 13.000000 3.000000 -3.000000 -3.000000 -4.000000 14.000000 41.000000 74.000000 -9.000000 -4.000000
-0.485840 0.107910 0.107910 117.437500 157.125000 157.125000 9.000000 13.000000 2.000000 6.000000 12.000000 17.000000 -71.000000 -107.000000 -36.000000 10.000000 4.000000
-0.848145 -0.090820 -0.090820 117.500000 159.812500 159.812500 9.000000 14.000000 2.000000 6.000000 12.000000 17.000000 -71.000000 -107.000000 -36.000000 10.000000 4.000000
-1.117188 0.016602 0.016602 118.000000 132.062500 132.062500 9.000000 14.000000 2.000000 -8.000000 -23.000000 30.000000 39.000000 20.000000 -47.000000 -5.000000 -2.000000
-1.254883 -0.073730 -0.073730 75.375000 77.625000 77.625000 9.000000 14.000000 2.000000 3.000000 4.000000 -42.000000 13.000000 1.000000 -10.000000 5.000000 -3.000000
-1.242676 -0.235840 -0.235840 44.250000 15.187500 15.187500 8.000000 14.000000 2.000000 -23.000000 -28.000000 17.000000 33.000000 98.000000 3.000000 -7.000000 -11.000000
-1.164062 -0.163574 -0.163574 32.437500 -36.000000 -36.000000 8.000000 14.000000 1.000000 -23.000000 -28.000000 17.000000 33.000000 98.000000 3.000000 -7.000000 -11.000000
-0.946777 -0.115234 -0.115234 2.125000 -55.562500 -55.562500 8.000000 14.000000 2.000000 0.000000 7.000000 -9.000000 -6.000000 -41.000000 53.000000 6.000000 2.000000
-0.791992 -0.143555 -0.143555 -12.562500 -50.375000 -50.375000 8.000000 14.000000 2.000000 -6.000000 -21.000000 -5.000000 56.000000 -41.000000 -128.000000 -3.000000 -2.000000
-0.895996 -0.082031 -0.082031 -7.000000 -22.500000 -22.500000 9.000000 14.000000 2.000000 8.000000 44.000000 16.000000 -25.000000 116.000000 117.000000 3.000000 -1.000000
-0.713379 0.135254 0.135254 -2.750000 -6.500000 -6.500000 9.000000 14.000000 2.000000 2.000000 -15.000000 -44.000000 -89.000000 -22.000000 -66.000000 3.000000 2.000000
-1.001953 0.146484 0.146484 -9.250000 22.000000 22.000000 9.000000 14.000000 2.000000 -5.000000 -9.000000 23.000000 -13.000000 -2.000000 66.000000 -12.000000 -3.000000
-0.919922 0.010742 0.010742 5.625000 3.250000 3.250000 9.000000 14.000000 2.000000 -5.000000 -9.000000 23.000000 -13.000000 -2.000000 66.000000 -12.000000 -3.000000
-0.870605 0.094238 0.094238 9.812500 -11.625000 -11.625000 9.000000 14.000000 2.000000 0.000000 3.000000 -6.000000 -32.000000 -6.000000 -32.000000 -23.000000 -2.000000
-0.856445 0.039062 0.039062 -8.312500 -22.750000 -22.750000 9.000000 14.000000 2.000000 3.000000 6.000000 7.000000 58.000000 -19.000000 -54.000000 17.000000 1.000000
-0.800781 -0.014648 -0.014648 -6.750000 -23.125000 -23.125000 9.000000 14.000000 2.000000 -3.000000 3.000000 69.000000 -73.000000 -18.000000 44.000000 -1.000000 -3.000000
-0.773926 0.019043 0.019043 -0.875000 -14.562500 -14.562500 9.000000 14.000000 2.000000 14.000000 -19.000000 -73.000000 -19.000000 -53.000000 -31.000000 -20.000000 5.000000
-0.775879 -0.016602 -0.016602 -5.125000 -7.437500 -7.437500 9.000000 14.000000 2.000000 -14.000000 -9.000000 -20.000000 -9.000000 56.000000 38.000000 7.000000 1.000000
-0.770020 -0.023926 -0.023926 -7.375000 -6.750000 -6.750000 8.000000 14.000000 2.000000 -13.000000 3.000000 -37.000000 42.000000 -128.000000 -128.000000 -20.000000 7.000000
-0.715820 -0.079102 -0.079102 -13.375000 -10.312500 -10.312500 8.000000 14.000000 2.000000 8.000000 12.000000 62.000000 -91.000000 107.000000 102.000000 3.000000 -4.000000
-0.626953 -0.056152 -0.056152 -9.187500 -13.937500 -13.937500 8.000000 14.000000 1.000000 4.000000 -17.000000 4.000000 51.000000 16.000000 -108.000000 0.000000 3.000000
-0.626953 -0.055176 -0.055176 -14.000000 -31.812500 -31.812500 8.000000 14.000000 1.000000 0.000000 -1.000000 48.000000 -15.000000 117.000000 9.000000 8.000000 22.000000
-0.558105 -0.076172 -0.076172 -26.500000 -65.187500 -65.187500 8.000000 14.000000 1.000000 0.000000 -1.000000 48.000000 -15.000000 117.000000 9.000000 8.000000 22.000000
-0.505859 -0.146973 -0.146973 -67.687500 -157.812500 -157.812500 8.000000 13.000000 1.000000 1.000000 -13.000000 -102.000000 -15.000000 11.000000 14.000000 -11.000000 -6.000000
-0.385254 -0.260254 -0.260254 -92.437500 -226.062500 -226.062500 8.000000 12.000000 1.000000 -1.000000 21.000000 71.000000 -99.000000 4.000000 7.000000 -3.000000 -13.000000
-0.332031 -0.224121 -0.224121 -64.625000 -233.750000 -233.750000 8.000000 12.000000 1.000000 -5.000000 4.000000 55.000000 -37.000000 15.000000 15.000000 1.000000 -2.000000
-0.568848 -0.235352 -0.235352 -106.562500 -264.812500 -264.812500 7.000000 11.000000 1.000000 4.000000 -11.000000 -71.000000 49.000000 19.000000 27.000000 2.000000 -5.000000
-0.411133 -0.461426 -0.461426 -136.250000 -272.625000 -272.625000 7.000000 10.000000 1.000000 5.000000 12.000000 5.000000 -17.000000 -40.000000 -21.000000 -8.000000 2.000000
-0.280762 -0.264648 -0.264648 -10.375000 -247.687500 -247.687500 7.000000 9.000000 1.000000 5.000000 12.000000 5.000000 -17.000000 -40.000000 -21.000000 -8.000000 2.000000
-0.295898 -0.083496 -0.083496 -34.750000 -266.937500 -266.937500 7.000000 8.000000 1.000000 -11.000000 1.000000 30.000000 51.000000 55.000000 26.000000 4.000000 -15.000000
0.043457 -0.378906 -0.378906 -121.562500 -267.500000 -267.500000 7.000000 8.000000 1.000000 4.000000 9.000000 23.000000 -44.000000 -3.000000 4.000000 0.000000 -3.000000
0.428223 -0.752930 -0.752930 -118.875000 -230.375000 -230.375000 7.000000 7.000000 1.000000 32.000000 80.000000 97.000000 -48.000000 14.000000 16.000000 8.000000 17.000000
0.325684 -0.673828 -0.673828 -21.687500 -204.062500 -204.062500 7.000000 6.000000 1.000000 32.000000 80.000000 97.000000 -48.000000 14.000000 16.000000 8.000000 17.000000
0.460449 -0.503418 -0.503418 -39.875000 -225.625000 -225.625000 7.000000 5.000000 0.000000 -4.000000 9.000000 84.000000 54.000000 -11.000000 5.000000 -8.000000 -3.000000
0.931152 -0.818359 -0.818359 -66.812500 -189.687500 -189.687500 7.000000 5.000000 0.000000 -4.000000 9.000000 84.000000 54.000000 -11.000000 5.000000 -8.000000 -3.000000
0.751953 -0.373535 -0.373535 1.375000 -137.437500 -137.437500 7.000000 4.000000 0.000000 -13.000000 -10.000000 -55.000000 -33.000000 -6.000000 -10.000000 -11.000000 -11.000000
0.839355 -0.155273 -0.155273 -51.375000 -145.750000 -145.750000 7.000000 4.000000 0.000000 4.000000 -6.000000 53.000000 55.000000 18.000000 3.000000 6.000000 2.000000
1.234375 -0.492188 -0.492188 -64.062500 -112.125000 -112.125000 7.000000 3.000000 0.000000 -12.000000 2.000000 -63.000000 24.000000 9.000000 -5.000000 -7.000000 -9.000000
1.004883 -0.458008 -0.458008 -2.000000 -101.250000 -101.250000 7.000000 3.000000 0.000000 -1.000000 -7.000000 -39.000000 -2.000000 -18.000000 -6.000000 -4.000000 -5.000000
1.065430 -0.125488 -0.125488 -18.875000 -101.062500 -101.062500 7.000000 2.000000 0.000000 12.000000 15.000000 45.000000 -11.000000 6.000000 7.000000 1.000000 12.000000
1.060059 -0.253418 -0.253418 -50.625000 -87.875000 -87.875000 7.000000 2.000000 0.000000 -5.000000 -11.000000 -2.000000 -27.000000 16.000000 5.000000 1.000000 -4.000000
1.034668 -0.260254 -0.260254 -15.625000 -58.062500 -58.062500 7.000000 1.000000 17.000000 4.000000 0.000000 12.000000 -39.000000 -15.000000 -10.000000 -5.000000 4.000000
1.040527 -0.171875 -0.171875 0.625000 -48.687500 -48.687500 7.000000 1.000000 17.000000 -12.000000 -25.000000 -78.000000 0.000000 -16.000000 0.000000 -6.000000 -9.000000
1.057129 -0.026367 -0.026367 -4.375000 -20.875000 -20.875000 8.000000 1.000000 17.000000 9.000000 16.000000 124.000000 -28.000000 13.000000 4.000000 12.000000 9.000000
1.016602 -0.085938 -0.085938 -16.187500 -15.437500 -15.437500 8.000000 1.000000 17.000000 -11.000000 -23.000000 -104.000000 -106.000000 -27.000000 -15.000000 -16.000000 -7.000000
0.995117 -0.116699 -0.116699 -9.375000 -10.375000 -10.375000 8.000000 1.000000 17.000000 -6.000000 -7.000000 -14.000000 -75.000000 -8.000000 2.000000 0.000000 -6.000000
0.939941 -0.124023 -0.124023 1.687500 -3.125000 -3.125000 8.000000 1.000000 17.000000 -6.000000 -7.000000 -14.000000 -75.000000 -8.000000 2.000000 0.000000 -6.000000
0.911621 -0.128906 -0.128906 1.187500 -0.937500 -0.937500 8.000000 1.000000 17.000000 7.000000 4.000000 31.000000 32.000000 44.000000 12.000000 7.000000 5.000000
0.937500 -0.146484 -0.146484 -3.250000 -1.312500 -1.312500 8.000000 1.000000 17.000000 7.000000 4.000000 31.000000 32.000000 44.000000 12.000000 7.000000 5.000000
0.952148 -0.155273 -0.155273 0.562500 -1.937500 -1.937500 8.000000 1.000000 17.000000 0.000000 -13.000000 119.000000 105.000000 -2.000000 0.000000 -5.000000 1.000000
0.948730 -0.133301 -0.133301 14.062500 -0.687500 -0.687500 7.000000 1.000000 17.000000 -10.000000 7.000000 -55.000000 -96.000000 -48.000000 -21.000000 -16.000000 -10.000000
0.957520 -0.123535 -0.123535 15.875000 -0.062500 -0.062500 7.000000 1.000000 17.000000 1.000000 -6.000000 58.000000 27.000000 -8.000000 -7.000000 -2.000000 1.000000
0.974121 -0.105957 -0.105957 8.500000 -0.312500 -0.312500 7.000000 1.000000 17.000000 1.000000 -6.000000 58.000000 27.000000 -8.000000 -7.000000 -2.000000 1.000000
0.957031 -0.119629 -0.119629 1.312500 -0.750000 -0.750000 7.000000 1.000000 17.000000 13.000000 35.000000 83.000000 59.000000 2.000000 2.000000 5.000000 6.000000
0.960938 -0.123047 -0.123047 2.500000 -0.250000 -0.250000 7.000000 1.000000 17.000000 13.000000 35.000000 83.000000 59.000000 2.000000 2.000000 5.000000 6.000000
0.963379 -0.111816 -0.111816 6.562500 -1.375000 -1.375000 7.000000 1.000000 17.000000 0.000000 -7.000000 79.000000 109.000000 39.000000 3.000000 -1.000000 -2.000000
0.960938 -0.110352 -0.110352 6.000000 -1.500000 -1.500000 7.000000 1.000000 17.000000 0.000000 -7.000000 79.000000 109.000000 39.000000 3.000000 -1.000000 -2.000000
0.951172 -0.118164 -0.118164 4.875000 -1.312500 -1.312500 7.000000 1.000000 17.000000 -7.000000 -15.000000 -81.000000 -96.000000 -44.000000 -19.000000 -10.000000 -4.000000
0.946777 -0.118164 -0.118164 4.937500 -1.437500 -1.437500 7.000000 1.000000 17.000000 7.000000 1.000000 -28.000000 -46.000000 -2.000000 -1.000000 0.000000 3.000000
0.950684 -0.121094 -0.121094 4.062500 -2.062500 -2.062500 7.000000 1.000000 17.000000 -5.000000 4.000000 -21.000000 81.000000 51.000000 20.000000 5.000000 -2.000000
0.954102 -0.128418 -0.128418 1.937500 -2.250000 -2.250000 7.000000 1.000000 17.000000 -12.000000 -28.000000 -87.000000 -46.000000 -42.000000 -14.000000 -8.000000 -10.000000
0.959473 -0.133789 -0.133789 0.562500 -2.875000 -2.875000 7.000000 1.000000 17.000000 0.000000 8.000000 30.000000 2.000000 13.000000 3.000000 10.000000 2.000000
