0.947754 -0.135254 -0.135254 1.625000 -2.375000 -2.375000 7.000000 1.000000 0.000000 -1.000000 -3.000000 -1.000000 1.000000 0.000000 -2.000000 0.000000 -1.000000
0.945312 -0.129883 -0.129883 1.312500 -2.625000 -2.625000 7.000000 1.000000 0.000000 -2.000000 0.000000 -1.000000 0.000000 0.000000 0.000000 -1.000000 -1.000000
0.950195 -0.134277 -0.134277 0.937500 -2.562500 -2.562500 7.000000 1.000000 0.000000 -2.000000 -1.000000 -1.000000 -1.000000 0.000000 -1.000000 -1.000000 -1.000000
0.953125 -0.130859 -0.130859 0.562500 -2.437500 -2.437500 7.000000 1.000000 0.000000 -2.000000 -3.000000 -1.000000 -1.000000 -1.000000 -2.000000 -1.000000 -1.000000
0.947754 -0.133301 -0.133301 0.500000 -2.187500 -2.187500 7.000000 1.000000 0.000000 -1.000000 -3.000000 -4.000000 -2.000000 0.000000 -1.000000 -2.000000 -2.000000
0.953613 -0.134277 -0.134277 0.062500 -2.187500 -2.187500 7.000000 1.000000 0.000000 -1.000000 -3.000000 -4.000000 -2.000000 0.000000 -1.000000 -2.000000 -2.000000
0.955078 -0.139160 -0.139160 0.937500 -2.375000 -2.375000 7.000000 1.000000 0.000000 -1.000000 -1.000000 -7.000000 0.000000 0.000000 -2.000000 -1.000000 0.000000
0.954102 -0.129395 -0.129395 1.250000 -2.437500 -2.437500 7.000000 1.000000 0.000000 -3.000000 -2.000000 21.000000 5.000000 0.000000 -3.000000 -3.000000 -3.000000
0.944824 -0.138672 -0.138672 1.125000 -2.625000 -2.625000 7.000000 1.000000 0.000000 -2.000000 -1.000000 -2.000000 -3.000000 0.000000 -3.000000 -2.000000 -1.000000
0.952637 -0.136230 -0.136230 1.125000 -2.875000 -2.875000 7.000000 1.000000 0.000000 -3.000000 -1.000000 -4.000000 -2.000000 0.000000 -2.000000 -1.000000 -1.000000
0.953125 -0.139648 -0.139648 1.062500 -2.750000 -2.750000 7.000000 1.000000 0.000000 0.000000 -2.000000 -4.000000 -4.000000 -1.000000 -3.000000 -2.000000 -2.000000
0.959961 -0.134277 -0.134277 0.937500 -2.187500 -2.187500 7.000000 1.000000 0.000000 -2.000000 -3.000000 -11.000000 -3.000000 0.000000 -2.000000 -2.000000 0.000000
0.954102 -0.127930 -0.127930 1.312500 -1.937500 -1.937500 7.000000 1.000000 0.000000 0.000000 -2.000000 5.000000 1.000000 1.000000 -1.000000 -1.000000 0.000000
0.960938 -0.130859 -0.130859 1.000000 -1.875000 -1.875000 7.000000 1.000000 0.000000 0.000000 -2.000000 5.000000 1.000000 1.000000 -1.000000 -1.000000 0.000000
0.960449 -0.134766 -0.134766 0.687500 -2.062500 -2.062500 7.000000 1.000000 0.000000 -2.000000 -3.000000 1.000000 -1.000000 1.000000 -1.000000 0.000000 -2.000000
0.955078 -0.133789 -0.133789 0.750000 -1.750000 -1.750000 7.000000 1.000000 0.000000 -2.000000 0.000000 -2.000000 -1.000000 1.000000 -2.000000 0.000000 -1.000000
0.960449 -0.116211 -0.116211 -1.250000 -1.187500 -1.187500 7.000000 1.000000 0.000000 -1.000000 -3.000000 -1.000000 0.000000 2.000000 -1.000000 -2.000000 -3.000000
0.971680 -0.105469 -0.105469 -6.687500 -0.437500 -0.437500 7.000000 1.000000 0.000000 -1.000000 -3.000000 -1.000000 0.000000 2.000000 -1.000000 -2.000000 -3.000000
0.997559 -0.054688 -0.054688 -10.375000 -0.375000 -0.375000 7.000000 1.000000 0.000000 -2.000000 -1.000000 14.000000 3.000000 1.000000 -1.000000 -1.000000 -1.000000
1.032715 -0.008789 -0.008789 -30.750000 5.750000 5.750000 7.000000 1.000000 0.000000 -1.000000 -1.000000 -3.000000 -2.000000 0.000000 -2.000000 -2.000000 -1.000000
1.034180 -0.035156 -0.035156 -54.312500 13.562500 13.562500 7.000000 1.000000 0.000000 0.000000 -2.000000 2.000000 -1.000000 -1.000000 -2.000000 -1.000000 -1.000000
1.050293 -0.119141 -0.119141 -67.437500 24.375000 24.375000 7.000000 1.000000 0.000000 0.000000 -2.000000 2.000000 -1.000000 -1.000000 -2.000000 -1.000000 -1.000000
1.110840 -0.135742 -0.135742 -96.250000 49.187500 49.187500 7.000000 1.000000 0.000000 -3.000000 -3.000000 -4.000000 -3.000000 -1.000000 -2.000000 -1.000000 -1.000000
1.159180 -0.232422 -0.232422 -134.000000 75.312500 75.312500 7.000000 2.000000 0.000000 -1.000000 0.000000 -12.000000 -2.000000 -1.000000 -1.000000 -1.000000 -1.000000
1.141113 -0.358887 -0.358887 -156.750000 95.875000 95.875000 7.000000 2.000000 0.000000 -2.000000 0.000000 3.000000 0.000000 0.000000 -3.000000 -1.000000 -1.000000
1.187988 -0.683105 -0.683105 -156.875000 114.312500 114.312500 6.000000 2.000000 0.000000 -2.000000 0.000000 3.000000 0.000000 0.000000 -3.000000 -1.000000 -1.000000
1.227539 -0.955078 -0.955078 -122.000000 135.875000 135.875000 6.000000 3.000000 0.000000 -1.000000 -4.000000 -3.000000 -1.000000 -1.000000 -3.000000 0.000000 -1.000000
1.147461 -0.921387 -0.921387 -55.500000 166.625000 166.625000 6.000000 3.000000 0.000000 -1.000000 -4.000000 -3.000000 -1.000000 -1.000000 -3.000000 0.000000 -1.000000
1.007812 -0.813477 -0.813477 -47.187500 193.062500 193.062500 6.000000 4.000000 0.000000 -1.000000 -2.000000 -3.000000 -2.000000 -1.000000 -1.000000 -2.000000 0.000000
0.917969 -0.951172 -0.951172 -71.312500 204.000000 204.000000 6.000000 4.000000 0.000000 -1.000000 -2.000000 -3.000000 -2.000000 -1.000000 -1.000000 -2.000000 0.000000
0.798340 -1.198730 -1.198730 -46.437500 207.937500 207.937500 6.000000 5.000000 0.000000 -2.000000 -2.000000 -2.000000 -2.000000 0.000000 -1.000000 -1.000000 0.000000
0.563477 -1.131836 -1.131836 37.812500 215.000000 215.000000 6.000000 6.000000 0.000000 -1.000000 -1.000000 8.000000 -4.000000 0.000000 -2.000000 -2.000000 -1.000000
0.277832 -0.915527 -0.915527 99.625000 213.250000 213.250000 6.000000 7.000000 0.000000 -1.000000 -4.000000 6.000000 12.000000 0.000000 -1.000000 -1.000000 -1.000000
0.177734 -0.876953 -0.876953 104.000000 207.625000 207.625000 6.000000 8.000000 0.000000 -1.000000 0.000000 -16.000000 -8.000000 6.000000 1.000000 0.000000 -1.000000
0.187988 -0.825684 -0.825684 130.687500 208.812500 208.812500 6.000000 8.000000 0.000000 -1.000000 -2.000000 5.000000 -12.000000 -12.000000 -5.000000 -3.000000 -2.000000
0.006836 -0.583496 -0.583496 180.562500 207.187500 207.187500 6.000000 9.000000 0.000000 -1.000000 -2.000000 5.000000 -12.000000 -12.000000 -5.000000 -3.000000 -2.000000
-0.171875 -0.375000 -0.375000 172.937500 194.250000 194.250000 7.000000 10.000000 1.000000 -3.000000 0.000000 3.000000 -9.000000 -2.000000 -3.000000 -2.000000 -2.000000
-0.218750 -0.364746 -0.364746 131.500000 172.312500 172.312500 7.000000 11.000000 1.000000 -3.000000 0.000000 3.000000 -9.000000 -2.000000 -3.000000 -2.000000 -2.000000
-0.248535 -0.375488 -0.375488 98.187500 151.562500 151.562500 7.000000 11.000000 1.000000 -1.000000 10.000000 3.000000 60.000000 12.000000 0.000000 -1.000000 -2.000000
-0.328613 -0.287109 -0.287109 91.812500 128.187500 128.187500 7.000000 12.000000 1.000000 -1.000000 5.000000 0.000000 22.000000 8.000000 1.000000 0.000000 -1.000000
-0.393555 -0.229492 -0.229492 70.375000 101.937500 101.937500 7.000000 12.000000 1.000000 -3.000000 -2.000000 -1.000000 -49.000000 -22.000000 -7.000000 -3.000000 -3.000000
-0.301758 -0.327637 -0.327637 51.750000 75.000000 75.000000 8.000000 12.000000 2.000000 -3.000000 -2.000000 -1.000000 -49.000000 -22.000000 -7.000000 -3.000000 -3.000000
-0.282715 -0.308105 -0.308105 73.687500 66.750000 66.750000 8.000000 13.000000 2.000000 -5.000000 -5.000000 -10.000000 -30.000000 -31.000000 -11.000000 -6.000000 -3.000000
-0.410156 -0.211426 -0.211426 88.187500 56.437500 56.437500 8.000000 13.000000 2.000000 2.000000 4.000000 31.000000 90.000000 49.000000 13.000000 4.000000 2.000000
-0.452148 -0.099609 -0.099609 59.500000 39.437500 39.437500 8.000000 13.000000 2.000000 0.000000 -4.000000 -14.000000 37.000000 23.000000 2.000000 1.000000 -1.000000
-0.403320 -0.046875 -0.046875 38.375000 28.625000 28.625000 8.000000 13.000000 2.000000 2.000000 23.000000 35.000000 13.000000 -1.000000 -1.000000 -1.000000 0.000000
-0.423828 -0.076172 -0.076172 23.562500 23.312500 23.312500 8.000000 13.000000 2.000000 -2.000000 -27.000000 -59.000000 -116.000000 -76.000000 -14.000000 -5.000000 -3.000000
-0.485840 -0.024902 -0.024902 15.875000 20.187500 20.187500 8.000000 13.000000 2.000000 -3.000000 9.000000 18.000000 75.000000 49.000000 8.000000 0.000000 0.000000
-0.635254 -0.006836 -0.006836 6.500000 8.250000 8.250000 8.000000 13.000000 3.000000 -4.000000 -28.000000 -14.000000 -10.000000 7.000000 -2.000000 0.000000 -1.000000
-0.693359 -0.014160 -0.014160 -10.375000 3.625000 3.625000 9.000000 13.000000 3.000000 -2.000000 38.000000 -16.000000 -84.000000 -37.000000 -11.000000 -3.000000 -3.000000
-0.645020 0.066895 0.066895 0.937500 6.875000 6.875000 9.000000 13.000000 3.000000 -1.000000 -13.000000 30.000000 22.000000 24.000000 2.000000 1.000000 0.000000
-0.744141 0.065430 0.065430 -5.812500 3.687500 3.687500 9.000000 13.000000 3.000000 -2.000000 5.000000 -2.000000 -32.000000 -14.000000 -3.000000 -2.000000 -3.000000
-0.699707 0.109863 0.109863 -12.812500 -1.312500 -1.312500 9.000000 13.000000 3.000000 -2.000000 10.000000 -2.000000 9.000000 -8.000000 -4.000000 -3.000000 -3.000000
-0.659180 0.126953 0.126953 -9.250000 -1.625000 -1.625000 9.000000 13.000000 3.000000 0.000000 -18.000000 50.000000 -15.000000 -2.000000 -3.000000 1.000000 1.000000
-0.719238 0.124023 0.124023 -14.000000 -2.500000 -2.500000 9.000000 13.000000 3.000000 -3.000000 -3.000000 -6.000000 -27.000000 -19.000000 -10.000000 -4.000000 -2.000000
-0.727539 0.080566 0.080566 -17.250000 -5.312500 -5.312500 9.000000 13.000000 3.000000 1.000000 18.000000 -6.000000 32.000000 18.000000 -2.000000 -4.000000 0.000000
-0.685547 0.056152 0.056152 -7.687500 -6.062500 -6.062500 9.000000 13.000000 3.000000 -6.000000 -23.000000 0.000000 -102.000000 -10.000000 2.000000 1.000000 -3.000000
-0.692871 0.070801 0.070801 8.812500 -4.437500 -4.437500 9.000000 13.000000 3.000000 -1.000000 0.000000 -29.000000 116.000000 54.000000 13.000000 2.000000 1.000000
-0.650391 0.144043 0.144043 9.750000 -0.250000 -0.250000 9.000000 13.000000 3.000000 -2.000000 6.000000 -56.000000 -15.000000 -19.000000 -18.000000 -1.000000 0.000000
-0.687988 0.132812 0.132812 3.000000 2.250000 2.250000 9.000000 13.000000 3.000000 -3.000000 -5.000000 35.000000 12.000000 24.000000 60.000000 -4.000000 -3.000000
-0.656738 0.068848 0.068848 -9.500000 -2.500000 -2.500000 9.000000 13.000000 3.000000 -2.000000 -3.000000 -12.000000 -41.000000 14.000000 -6.000000 -1.000000 -2.000000
-0.605957 -0.021973 -0.021973 3.687500 2.500000 2.500000 9.000000 13.000000 3.000000 -3.000000 -13.000000 30.000000 11.000000 -43.000000 -101.000000 -4.000000 -2.000000
-0.672852 0.056641 0.056641 28.000000 8.375000 8.375000 9.000000 13.000000 3.000000 1.000000 12.000000 -13.000000 12.000000 32.000000 84.000000 2.000000 1.000000
-0.579590 0.187012 0.187012 35.937500 16.437500 16.437500 9.000000 13.000000 3.000000 0.000000 -7.000000 -61.000000 -15.000000 -30.000000 -85.000000 0.000000 1.000000
-0.463379 0.106445 0.106445 40.750000 41.187500 41.187500 9.000000 13.000000 3.000000 -6.000000 14.000000 77.000000 -8.000000 -24.000000 -26.000000 -4.000000 -5.000000
-0.443848 0.069824 0.069824 78.375000 80.375000 80.375000 9.000000 13.000000 3.000000 -6.000000 14.000000 77.000000 -8.000000 -24.000000 -26.000000 -4.000000 -5.000000
-0.489258 0.091797 0.091797 118.562500 116.687500 116.687500 9.000000 14.000000 3.000000 -2.000000 -20.000000 -1.000000 3.000000 17.000000 -1.000000 -8.000000 -4.000000
-0.653320 0.088867 0.088867 137.250000 143.750000 143.750000 9.000000 14.000000 2.000000 -2.000000 -10.000000 -19.000000 7.000000 -11.000000 -8.000000 3.000000 -2.000000
-0.956055 0.101562 0.101562 128.000000 146.750000 146.750000 9.000000 14.000000 2.000000 -5.000000 -7.000000 -26.000000 1.000000 -44.000000 -97.000000 -9.000000 -6.000000
-1.179199 0.062012 0.062012 85.375000 121.937500 121.937500 9.000000 14.000000 2.000000 1.000000 6.000000 -19.000000 19.000000 6.000000 53.000000 -1.000000 -2.000000
-1.205078 -0.135742 -0.135742 41.625000 72.187500 72.187500 8.000000 15.000000 2.000000 -1.000000 -11.000000 -24.000000 38.000000 1.000000 -30.000000 -16.000000 1.000000
-1.295410 -0.263672 -0.263672 58.812500 13.187500 13.187500 8.000000 15.000000 2.000000 -1.000000 -11.000000 -24.000000 38.000000 1.000000 -30.000000 -16.000000 1.000000
-1.308105 -0.082031 -0.082031 53.125000 -32.187500 -32.187500 8.000000 15.000000 2.000000 -7.000000 7.000000 32.000000 58.000000 13.000000 36.000000 11.000000 0.000000
-1.012207 -0.226562 -0.226562 -17.187500 -40.125000 -40.125000 8.000000 15.000000 2.000000 -3.000000 -10.000000 -20.000000 -66.000000 -91.000000 -35.000000 5.000000 0.000000
-0.683594 -0.011230 -0.011230 -3.250000 -22.375000 -22.375000 8.000000 15.000000 2.000000 -1.000000 10.000000 16.000000 -5.000000 54.000000 20.000000 -14.000000 -3.000000
-0.876953 0.099609 0.099609 2.812500 21.125000 21.125000 9.000000 15.000000 2.000000 -3.000000 -12.000000 -6.000000 -57.000000 21.000000 -2.000000 5.000000 -2.000000
-0.923340 0.077148 0.077148 -5.125000 21.062500 21.062500 9.000000 15.000000 2.000000 10.000000 3.000000 46.000000 48.000000 49.000000 13.000000 21.000000 11.000000
-0.950195 -0.002930 -0.002930 0.562500 -2.500000 -2.500000 9.000000 15.000000 2.000000 -25.000000 -10.000000 -64.000000 -40.000000 -30.000000 -26.000000 0.000000 -11.000000
-0.887207 0.056152 0.056152 9.625000 -13.375000 -13.375000 9.000000 15.000000 2.000000 -5.000000 -8.000000 -17.000000 -2.000000 -17.000000 6.000000 -6.000000 -3.000000
-0.858887 -0.029297 -0.029297 -10.250000 -21.562500 -21.562500 9.000000 15.000000 2.000000 -5.000000 -8.000000 -17.000000 -2.000000 -17.000000 6.000000 -6.000000 -3.000000
-0.815918 -0.041504 -0.041504 -4.312500 -16.625000 -16.625000 8.000000 15.000000 2.000000 -3.000000 -12.000000 -43.000000 -43.000000 40.000000 17.000000 -1.000000 -9.000000
-0.798828 -0.009766 -0.009766 -5.875000 -5.062500 -5.062500 8.000000 15.000000 2.000000 -3.000000 -12.000000 -43.000000 -43.000000 40.000000 17.000000 -1.000000 -9.000000
-0.760254 -0.057129 -0.057129 -10.937500 -2.437500 -2.437500 8.000000 15.000000 2.000000 22.000000 2.000000 25.000000 -68.000000 -17.000000 -33.000000 -14.000000 5.000000
-0.705566 -0.008301 -0.008301 -4.187500 -16.250000 -16.250000 8.000000 14.000000 1.000000 22.000000 2.000000 25.000000 -68.000000 -17.000000 -33.000000 -14.000000 5.000000
-0.674805 -0.018066 -0.018066 -12.000000 -36.062500 -36.062500 8.000000 14.000000 1.000000 8.000000 6.000000 -11.000000 43.000000 -24.000000 -61.000000 1.000000 7.000000
-0.631836 -0.098633 -0.098633 -25.437500 -79.437500 -79.437500 8.000000 14.000000 1.000000 8.000000 6.000000 -11.000000 43.000000 -24.000000 -61.000000 1.000000 7.000000
-0.642578 -0.139648 -0.139648 -50.437500 -115.937500 -115.937500 8.000000 14.000000 1.000000 -6.000000 -4.000000 71.000000 -19.000000 9.000000 3.000000 -3.000000 -3.000000
-0.507324 -0.284180 -0.284180 -79.625000 -173.687500 -173.687500 8.000000 13.000000 1.000000 -9.000000 8.000000 16.000000 27.000000 -8.000000 -32.000000 8.000000 -2.000000
-0.570312 -0.324219 -0.324219 -44.187500 -200.250000 -200.250000 7.000000 12.000000 1.000000 -23.000000 3.000000 19.000000 7.000000 39.000000 22.000000 -15.000000 -13.000000
-0.628418 -0.279785 -0.279785 -59.000000 -223.687500 -223.687500 7.000000 12.000000 1.000000 -23.000000 3.000000 19.000000 7.000000 39.000000 22.000000 -15.000000 -13.000000
-0.481445 -0.296875 -0.296875 -95.000000 -240.062500 -240.062500 7.000000 11.000000 1.000000 -25.000000 -17.000000 -8.000000 94.000000 17.000000 18.000000 11.000000 -13.000000
-0.389648 -0.391602 -0.391602 -106.750000 -244.687500 -244.687500 7.000000 11.000000 1.000000 -25.000000 -17.000000 -8.000000 94.000000 17.000000 18.000000 11.000000 -13.000000
-0.383789 -0.429199 -0.429199 -91.875000 -242.375000 -242.375000 7.000000 10.000000 1.000000 8.000000 5.000000 14.000000 -7.000000 -3.000000 -16.000000 -6.000000 6.000000
-0.365234 -0.438965 -0.438965 -77.062500 -244.562500 -244.562500 7.000000 9.000000 1.000000 1.000000 14.000000 -12.000000 27.000000 26.000000 32.000000 -4.000000 -4.000000
-0.231934 -0.478516 -0.478516 -70.562500 -236.562500 -236.562500 7.000000 9.000000 1.000000 -2.000000 -8.000000 105.000000 56.000000 0.000000 -5.000000 -1.000000 -3.000000
-0.093750 -0.586426 -0.586426 -51.687500 -219.062500 -219.062500 7.000000 8.000000 0.000000 -5.000000 -11.000000 -85.000000 -52.000000 3.000000 16.000000 -6.000000 -4.000000
-0.039062 -0.553223 -0.553223 -19.437500 -203.125000 -203.125000 7.000000 8.000000 0.000000 5.000000 -24.000000 -113.000000 -81.000000 3.000000 20.000000 -4.000000 5.000000
0.022461 -0.376465 -0.376465 5.687500 -218.625000 -218.625000 7.000000 7.000000 0.000000 5.000000 -24.000000 -113.000000 -81.000000 3.000000 20.000000 -4.000000 5.000000
0.245605 -0.459961 -0.459961 -30.187500 -232.250000 -232.250000 7.000000 6.000000 0.000000 -9.000000 11.000000 95.000000 73.000000 -12.000000 -7.000000 0.000000 -3.000000
0.421875 -0.616211 -0.616211 -41.187500 -228.875000 -228.875000 7.000000 6.000000 0.000000 4.000000 -22.000000 39.000000 8.000000 6.000000 -20.000000 -3.000000 5.000000
0.561035 -0.832520 -0.832520 -8.562500 -213.812500 -213.812500 7.000000 5.000000 0.000000 0.000000 17.000000 50.000000 9.000000 7.000000 2.000000 -3.000000 -1.000000
0.685547 -0.781738 -0.781738 33.875000 -188.750000 -188.750000 7.000000 5.000000 0.000000 4.000000 2.000000 41.000000 -74.000000 -26.000000 13.000000 1.000000 3.000000
0.684570 -0.541504 -0.541504 60.812500 -174.187500 -174.187500 7.000000 4.000000 0.000000 5.000000 -13.000000 -32.000000 -4.000000 6.000000 4.000000 2.000000 11.000000
0.744141 -0.399902 -0.399902 47.812500 -171.812500 -171.812500 7.000000 4.000000 0.000000 -21.000000 -8.000000 -55.000000 -58.000000 -20.000000 5.000000 -7.000000 -15.000000
0.969238 -0.397461 -0.397461 1.125000 -158.062500 -158.062500 7.000000 4.000000 0.000000 1.000000 11.000000 -33.000000 -46.000000 -18.000000 -16.000000 -2.000000 1.000000
1.065918 -0.474609 -0.474609 -19.500000 -136.187500 -136.187500 7.000000 3.000000 0.000000 -2.000000 -5.000000 44.000000 4.000000 15.000000 15.000000 1.000000 0.000000
1.048340 -0.416016 -0.416016 -10.875000 -118.937500 -118.937500 7.000000 3.000000 0.000000 -1.000000 -5.000000 -43.000000 54.000000 7.000000 3.000000 -1.000000 2.000000
1.031250 -0.210938 -0.210938 -5.312500 -110.250000 -110.250000 7.000000 2.000000 0.000000 12.000000 21.000000 62.000000 41.000000 -2.000000 -7.000000 -2.000000 7.000000
1.101074 -0.118652 -0.118652 -28.937500 -101.312500 -101.312500 7.000000 2.000000 0.000000 -1.000000 -7.000000 -66.000000 -42.000000 4.000000 4.000000 -2.000000 1.000000
1.131836 -0.147461 -0.147461 -64.875000 -89.687500 -89.687500 7.000000 2.000000 0.000000 -1.000000 -5.000000 42.000000 32.000000 4.000000 3.000000 10.000000 1.000000
1.205078 -0.183594 -0.183594 -70.812500 -76.062500 -76.062500 7.000000 2.000000 0.000000 -12.000000 -17.000000 -61.000000 -100.000000 -28.000000 -12.000000 -4.000000 -4.000000
1.193848 -0.139648 -0.139648 -50.125000 -58.625000 -58.625000 7.000000 1.000000 17.000000 -3.000000 -8.000000 -5.000000 -91.000000 -6.000000 -1.000000 -5.000000 -9.000000
1.149902 -0.090820 -0.090820 -35.187500 -44.437500 -44.437500 8.000000 1.000000 17.000000 -2.000000 -2.000000 -86.000000 -90.000000 -25.000000 -6.000000 -3.000000 -5.000000
1.113281 -0.080078 -0.080078 -26.125000 -33.500000 -33.500000 8.000000 1.000000 17.000000 2.000000 -10.000000 -32.000000 72.000000 16.000000 10.000000 5.000000 5.000000
1.072754 -0.082031 -0.082031 -8.875000 -22.750000 -22.750000 8.000000 1.000000 17.000000 0.000000 6.000000 36.000000 22.000000 37.000000 -2.000000 1.000000 -2.000000
1.021484 -0.092285 -0.092285 11.125000 -14.875000 -14.875000 8.000000 1.000000 17.000000 -4.000000 3.000000 34.000000 -2.000000 -26.000000 -11.000000 -4.000000 -4.000000
0.983887 -0.086426 -0.086426 20.500000 -7.187500 -7.187500 8.000000 1.000000 17.000000 0.000000 4.000000 112.000000 -128.000000 -83.000000 -19.000000 -13.000000 -3.000000
0.967773 -0.087402 -0.087402 19.187500 -2.375000 -2.375000 8.000000 1.000000 17.000000 0.000000 4.000000 112.000000 -128.000000 -83.000000 -19.000000 -13.000000 -3.000000
0.943359 -0.105957 -0.105957 12.312500 1.000000 1.000000 8.000000 1.000000 17.000000 -11.000000 -30.000000 -123.000000 -42.000000 -14.000000 -3.000000 -6.000000 -7.000000
0.931641 -0.115234 -0.115234 3.125000 3.000000 3.000000 8.000000 1.000000 17.000000 -11.000000 -30.000000 -123.000000 -42.000000 -14.000000 -3.000000 -6.000000 -7.000000
0.950684 -0.131836 -0.131836 -4.062500 2.562500 2.562500 8.000000 1.000000 17.000000 8.000000 14.000000 27.000000 -35.000000 15.000000 11.000000 7.000000 6.000000
0.954102 -0.148438 -0.148438 -5.875000 0.812500 0.812500 8.000000 1.000000 17.000000 8.000000 14.000000 27.000000 -35.000000 15.000000 11.000000 7.000000 6.000000
0.924805 -0.162598 -0.162598 -0.500000 0.062500 0.062500 8.000000 1.000000 17.000000 2.000000 -6.000000 -10.000000 -14.000000 22.000000 5.000000 4.000000 3.000000
0.919922 -0.148438 -0.148438 6.687500 0.000000 0.000000 8.000000 1.000000 17.000000 1.000000 -3.000000 -27.000000 71.000000 21.000000 0.000000 6.000000 3.000000
0.924316 -0.131348 -0.131348 9.562500 -0.375000 -0.375000 8.000000 1.000000 17.000000 -10.000000 -15.000000 -38.000000 -62.000000 -40.000000 -18.000000 -53.000000 -24.000000
0.925781 -0.119629 -0.119629 8.437500 -1.375000 -1.375000 8.000000 1.000000 17.000000 -5.000000 -6.000000 30.000000 -5.000000 7.000000 4.000000 4.000000 -2.000000
0.919922 -0.113281 -0.113281 5.062500 -2.687500 -2.687500 8.000000 1.000000 17.000000 -2.000000 -15.000000 -50.000000 -38.000000 -25.000000 -4.000000 0.000000 7.000000
0.935547 -0.125000 -0.125000 0.000000 -4.625000 -4.625000 8.000000 1.000000 17.000000 -6.000000 -6.000000 -13.000000 -48.000000 -37.000000 -12.000000 -3.000000 -5.000000
0.955566 -0.152832 -0.152832 -3.000000 -6.125000 -6.125000 8.000000 1.000000 17.000000 5.000000 16.000000 71.000000 -27.000000 52.000000 8.000000 -1.000000 1.000000
0.953125 -0.157715 -0.157715 -1.250000 -6.250000 -6.250000 8.000000 1.000000 17.000000 -8.000000 -39.000000 -98.000000 -101.000000 -36.000000 -17.000000 -12.000000 -7.000000
0.945801 -0.138672 -0.138672 0.687500 -6.437500 -6.437500 8.000000 1.000000 17.000000 -1.000000 28.000000 -9.000000 1.000000 -5.000000 -4.000000 -7.000000 -6.000000
0.954102 -0.136230 -0.136230 0.312500 -7.437500 -7.437500 8.000000 1.000000 17.000000 0.000000 4.000000 19.000000 18.000000 6.000000 7.000000 0.000000 -1.000000
0.948242 -0.132324 -0.132324 1.687500 -8.312500 -8.312500 8.000000 1.000000 17.000000 2.000000 10.000000 31.000000 -8.000000 10.000000 4.000000 20.000000 3.000000
0.953613 -0.126465 -0.126465 5.187500 -8.187500 -8.187500 8.000000 1.000000 17.000000 -1.000000 -16.000000 -31.000000 0.000000 13.000000 -6.000000 -46.000000 -7.000000
0.955078 -0.112793 -0.112793 8.500000 -7.625000 -7.625000 8.000000 1.000000 17.000000 5.000000 14.000000 14.000000 18.000000 -20.000000 -1.000000 32.000000 10.000000
0.955078 -0.093262 -0.093262 10.062500 -6.437500 -6.437500 8.000000 1.000000 17.000000 -4.000000 4.000000 110.000000 17.000000 31.000000 20.000000 18.000000 0.000000
0.955078 -0.089355 -0.089355 8.625000 -5.750000 -5.750000 8.000000 1.000000 17.000000 -16.000000 -11.000000 -122.000000 -120.000000 -56.000000 -24.000000 -17.000000 -17.000000
0.961426 -0.091309 -0.091309 6.500000 -4.875000 -4.875000 8.000000 1.000000 17.000000 8.000000 3.000000 111.000000 127.000000 105.000000 19.000000 16.000000 9.000000
0.956055 -0.094727 -0.094727 6.437500 -3.625000 -3.625000 8.000000 1.000000 17.000000 2.000000 6.000000 121.000000 63.000000 20.000000 9.000000 -10.000000 -10.000000
