0.944336 -0.184082 -0.184082 2.562500 -1.250000 -1.250000 7.000000 1.000000 17.000000 -2.000000 -3.000000 -2.000000 -1.000000 0.000000 -2.000000 -1.000000 0.000000
0.937988 -0.173828 -0.173828 2.125000 -1.750000 -1.750000 7.000000 1.000000 17.000000 -2.000000 -3.000000 -2.000000 -1.000000 0.000000 -2.000000 -1.000000 0.000000
0.949219 -0.183105 -0.183105 0.187500 -2.125000 -2.125000 7.000000 1.000000 17.000000 -1.000000 -1.000000 -3.000000 -1.000000 1.000000 -1.000000 -1.000000 0.000000
0.943848 -0.182617 -0.182617 0.125000 -1.937500 -1.937500 7.000000 1.000000 17.000000 -1.000000 -1.000000 -3.000000 -1.000000 1.000000 -1.000000 -1.000000 0.000000
0.945312 -0.188477 -0.188477 0.500000 -2.000000 -2.000000 7.000000 1.000000 17.000000 -2.000000 0.000000 0.000000 -1.000000 0.000000 0.000000 -1.000000 -2.000000
0.942871 -0.187988 -0.187988 1.875000 -2.000000 -2.000000 7.000000 1.000000 17.000000 -1.000000 -2.000000 3.000000 1.000000 0.000000 -1.000000 -1.000000 0.000000
0.941895 -0.182617 -0.182617 3.125000 -2.125000 -2.125000 7.000000 1.000000 17.000000 -2.000000 -3.000000 0.000000 -2.000000 0.000000 -2.000000 -2.000000 -2.000000
0.941895 -0.175781 -0.175781 1.937500 -2.250000 -2.250000 7.000000 1.000000 17.000000 -2.000000 -3.000000 0.000000 -2.000000 0.000000 -2.000000 -2.000000 -2.000000
0.944336 -0.185547 -0.185547 -0.562500 -2.687500 -2.687500 7.000000 1.000000 17.000000 -1.000000 0.000000 1.000000 0.000000 1.000000 -3.000000 -1.000000 0.000000
0.944336 -0.191406 -0.191406 -0.187500 -2.375000 -2.375000 7.000000 1.000000 17.000000 1.000000 0.000000 -5.000000 -2.000000 -1.000000 -1.000000 0.000000 0.000000
0.948730 -0.166016 -0.166016 2.937500 -2.062500 -2.062500 7.000000 1.000000 17.000000 0.000000 -3.000000 3.000000 0.000000 0.000000 -2.000000 -1.000000 -2.000000
0.948242 -0.182617 -0.182617 -0.687500 -2.625000 -2.625000 7.000000 1.000000 17.000000 -2.000000 -2.000000 -3.000000 -2.000000 -1.000000 -3.000000 -1.000000 -2.000000
0.946289 -0.187012 -0.187012 0.500000 -2.500000 -2.500000 7.000000 1.000000 17.000000 -2.000000 -3.000000 0.000000 1.000000 3.000000 -1.000000 -1.000000 -2.000000
0.947754 -0.182129 -0.182129 1.562500 -1.812500 -1.812500 7.000000 1.000000 17.000000 -1.000000 -1.000000 -2.000000 -1.000000 1.000000 -1.000000 -1.000000 -2.000000
0.956055 -0.170410 -0.170410 0.250000 -1.000000 -1.000000 7.000000 1.000000 17.000000 -1.000000 -1.000000 6.000000 0.000000 -1.000000 -1.000000 -1.000000 0.000000
1.001465 -0.090820 -0.090820 -11.750000 1.312500 1.312500 7.000000 1.000000 17.000000 -2.000000 0.000000 4.000000 0.000000 0.000000 -1.000000 -1.000000 -2.000000
1.013184 -0.088867 -0.088867 -28.062500 8.000000 8.000000 7.000000 1.000000 17.000000 -1.000000 -1.000000 -10.000000 -5.000000 -2.000000 -1.000000 -2.000000 0.000000
0.993164 -0.074219 -0.074219 -46.125000 18.562500 18.562500 7.000000 1.000000 17.000000 -3.000000 -1.000000 -2.000000 1.000000 0.000000 -1.000000 -2.000000 -3.000000
0.999512 -0.115234 -0.115234 -61.937500 25.875000 25.875000 7.000000 1.000000 17.000000 -2.000000 0.000000 5.000000 1.000000 -1.000000 -1.000000 0.000000 -3.000000
0.966309 -0.164551 -0.164551 -65.750000 29.750000 29.750000 7.000000 1.000000 17.000000 -2.000000 0.000000 5.000000 1.000000 -1.000000 -1.000000 0.000000 -3.000000
0.933105 -0.194824 -0.194824 -37.625000 29.062500 29.062500 7.000000 1.000000 16.000000 0.000000 -1.000000 1.000000 -1.000000 1.000000 -1.000000 -1.000000 0.000000
0.919922 -0.227539 -0.227539 -29.937500 26.750000 26.750000 7.000000 1.000000 16.000000 -2.000000 -3.000000 -4.000000 -1.000000 0.000000 -1.000000 -1.000000 -1.000000
0.892090 -0.275391 -0.275391 -25.625000 13.062500 13.062500 7.000000 2.000000 16.000000 -1.000000 -2.000000 10.000000 1.000000 1.000000 -1.000000 -1.000000 -1.000000
0.878906 -0.285156 -0.285156 -19.437500 5.250000 5.250000 7.000000 2.000000 16.000000 -2.000000 -2.000000 -17.000000 -3.000000 0.000000 -1.000000 -2.000000 -1.000000
0.942871 -0.398438 -0.398438 5.812500 -6.062500 -6.062500 7.000000 2.000000 16.000000 -2.000000 0.000000 -2.000000 -1.000000 0.000000 -3.000000 0.000000 -1.000000
0.902344 -0.386230 -0.386230 33.687500 -20.500000 -20.500000 7.000000 2.000000 17.000000 -1.000000 -3.000000 -2.000000 -3.000000 -1.000000 -3.000000 -3.000000 -1.000000
0.897461 -0.411133 -0.411133 23.750000 -51.812500 -51.812500 6.000000 1.000000 17.000000 -2.000000 -1.000000 -7.000000 0.000000 1.000000 -2.000000 -1.000000 -1.000000
0.898926 -0.481445 -0.481445 27.000000 -62.437500 -62.437500 6.000000 1.000000 17.000000 1.000000 -1.000000 -2.000000 -2.000000 1.000000 -3.000000 0.000000 0.000000
0.829590 -0.533691 -0.533691 70.562500 -99.562500 -99.562500 5.000000 2.000000 0.000000 -2.000000 -3.000000 16.000000 6.000000 0.000000 -1.000000 -2.000000 -1.000000
0.910645 -0.547363 -0.547363 79.812500 -105.125000 -105.125000 5.000000 2.000000 0.000000 -2.000000 -2.000000 0.000000 -3.000000 1.000000 -2.000000 -1.000000 -2.000000
1.020996 0.562500 0.562500 55.687500 62.312500 62.312500 6.000000 2.000000 0.000000 -3.000000 -3.000000 -3.000000 2.000000 2.000000 -2.000000 -1.000000 0.000000
0.104004 0.308105 0.308105 -241.312500 -22.375000 -22.375000 6.000000 1.000000 0.000000 -3.000000 -3.000000 -3.000000 2.000000 2.000000 -2.000000 -1.000000 0.000000
1.291992 -0.644531 -0.644531 -191.812500 -28.562500 -28.562500 5.000000 2.000000 0.000000 -1.000000 -1.000000 5.000000 2.000000 1.000000 -1.000000 -1.000000 -1.000000
1.090820 -0.597168 -0.597168 44.000000 37.437500 37.437500 5.000000 2.000000 0.000000 -1.000000 -1.000000 5.000000 2.000000 1.000000 -1.000000 -1.000000 -1.000000
0.838379 -0.210449 -0.210449 19.937500 47.937500 47.937500 6.000000 2.000000 0.000000 -3.000000 -2.000000 -21.000000 -4.000000 -1.000000 -1.000000 -1.000000 -2.000000
0.830078 -0.229492 -0.229492 -24.625000 44.000000 44.000000 6.000000 2.000000 0.000000 -2.000000 -2.000000 -7.000000 -1.000000 0.000000 -1.000000 -1.000000 -1.000000
0.897949 -0.320312 -0.320312 -29.750000 33.812500 33.812500 6.000000 2.000000 17.000000 -1.000000 -3.000000 -5.000000 0.000000 0.000000 -2.000000 0.000000 -2.000000
0.927734 -0.302734 -0.302734 -0.375000 37.562500 37.562500 6.000000 2.000000 17.000000 -1.000000 -2.000000 1.000000 -1.000000 0.000000 -1.000000 -3.000000 0.000000
0.983887 -0.205566 -0.205566 -25.500000 40.500000 40.500000 6.000000 2.000000 17.000000 -1.000000 0.000000 4.000000 -5.000000 1.000000 -2.000000 -1.000000 -2.000000
0.851074 -0.316406 -0.316406 -45.750000 43.500000 43.500000 6.000000 2.000000 17.000000 -2.000000 -1.000000 5.000000 11.000000 2.000000 0.000000 -1.000000 0.000000
0.928711 -0.189941 -0.189941 -17.312500 43.625000 43.625000 7.000000 2.000000 17.000000 -3.000000 -1.000000 3.000000 -8.000000 -3.000000 -3.000000 -1.000000 -2.000000
0.913574 -0.426758 -0.426758 -37.375000 33.187500 33.187500 7.000000 2.000000 16.000000 -2.000000 1.000000 -16.000000 -18.000000 -6.000000 -5.000000 -2.000000 -2.000000
0.884766 -0.294922 -0.294922 -2.687500 41.625000 41.625000 7.000000 2.000000 16.000000 -1.000000 -3.000000 9.000000 11.000000 -4.000000 -2.000000 0.000000 -1.000000
0.761230 -0.151855 -0.151855 -30.187500 30.875000 30.875000 7.000000 2.000000 16.000000 0.000000 2.000000 -1.000000 6.000000 12.000000 0.000000 0.000000 -1.000000
0.871094 -0.400879 -0.400879 -63.000000 18.750000 18.750000 7.000000 2.000000 16.000000 -2.000000 -2.000000 1.000000 10.000000 17.000000 1.000000 0.000000 -2.000000
0.844238 -0.484375 -0.484375 -16.625000 6.375000 6.375000 7.000000 2.000000 16.000000 -2.000000 -2.000000 1.000000 10.000000 17.000000 1.000000 0.000000 -2.000000
0.811523 -0.094727 -0.094727 -22.312500 -24.500000 -24.500000 7.000000 2.000000 16.000000 -4.000000 -4.000000 -3.000000 -8.000000 -6.000000 -5.000000 -3.000000 -3.000000
1.545898 0.441895 0.441895 184.812500 74.812500 74.812500 7.000000 2.000000 16.000000 -4.000000 -4.000000 -3.000000 -8.000000 -6.000000 -5.000000 -3.000000 -3.000000
0.587891 0.046387 0.046387 -236.687500 18.375000 18.375000 7.000000 2.000000 16.000000 -2.000000 -1.000000 -3.000000 -3.000000 0.000000 0.000000 -1.000000 0.000000
0.920898 -0.955566 -0.955566 -156.500000 37.437500 37.437500 7.000000 2.000000 16.000000 -2.000000 -1.000000 -3.000000 -3.000000 0.000000 0.000000 -1.000000 0.000000
0.829590 -0.402832 -0.402832 50.937500 32.375000 32.375000 7.000000 2.000000 16.000000 -5.000000 -8.000000 -47.000000 -26.000000 -3.000000 -3.000000 -4.000000 -2.000000
1.058105 0.053711 0.053711 48.437500 33.000000 33.000000 7.000000 2.000000 16.000000 -5.000000 -8.000000 -47.000000 -26.000000 -3.000000 -3.000000 -4.000000 -2.000000
0.664551 -0.041992 -0.041992 -93.750000 -4.437500 -4.437500 7.000000 2.000000 16.000000 1.000000 10.000000 49.000000 14.000000 5.000000 0.000000 -1.000000 -4.000000
0.598145 -0.579102 -0.579102 -143.437500 -24.375000 -24.375000 7.000000 2.000000 16.000000 -2.000000 -9.000000 -2.000000 -3.000000 1.000000 -1.000000 2.000000 4.000000
0.964355 -0.982910 -0.982910 -33.312500 0.687500 0.687500 7.000000 2.000000 16.000000 -3.000000 -8.000000 -22.000000 -1.000000 -2.000000 -2.000000 -1.000000 -1.000000
0.883301 -0.360352 -0.360352 166.312500 20.000000 20.000000 7.000000 2.000000 16.000000 -3.000000 -8.000000 -22.000000 -1.000000 -2.000000 -2.000000 -1.000000 -1.000000
0.778320 0.315918 0.315918 82.437500 14.750000 14.750000 7.000000 2.000000 16.000000 0.000000 1.000000 26.000000 -6.000000 1.000000 0.000000 -1.000000 -2.000000
0.828125 0.221680 0.221680 -82.687500 10.812500 10.812500 7.000000 2.000000 15.000000 0.000000 1.000000 26.000000 -6.000000 1.000000 0.000000 -1.000000 -2.000000
0.756836 -0.523926 -0.523926 -162.375000 -20.000000 -20.000000 7.000000 2.000000 15.000000 -6.000000 -17.000000 -9.000000 -1.000000 -1.000000 -2.000000 -2.000000 -3.000000
0.791504 -1.014160 -1.014160 -62.125000 -27.187500 -27.187500 7.000000 2.000000 16.000000 0.000000 -1.000000 10.000000 21.000000 3.000000 -1.000000 -1.000000 -1.000000
0.651367 -1.003418 -1.003418 118.187500 -61.937500 -61.937500 7.000000 2.000000 16.000000 0.000000 8.000000 1.000000 9.000000 1.000000 -3.000000 -2.000000 -2.000000
1.002930 0.975586 0.975586 55.062500 39.000000 39.000000 7.000000 2.000000 15.000000 0.000000 8.000000 1.000000 9.000000 1.000000 -3.000000 -2.000000 -2.000000
0.364746 -0.741699 -0.741699 -245.000000 -44.812500 -44.812500 7.000000 2.000000 15.000000 1.000000 5.000000 10.000000 -3.000000 1.000000 -1.000000 0.000000 -1.000000
1.008301 -0.732422 -0.732422 83.187500 -25.375000 -25.375000 7.000000 2.000000 16.000000 0.000000 3.000000 35.000000 2.000000 2.000000 1.000000 -2.000000 -1.000000
1.094238 0.118652 0.118652 35.500000 -34.500000 -34.500000 7.000000 2.000000 16.000000 -3.000000 -7.000000 -27.000000 -12.000000 -2.000000 -1.000000 1.000000 1.000000
0.992188 -0.317871 -0.317871 -46.875000 -19.437500 -19.437500 7.000000 2.000000 16.000000 -6.000000 -6.000000 -2.000000 7.000000 -2.000000 -5.000000 -4.000000 -4.000000
0.849121 -0.426758 -0.426758 -36.500000 -9.625000 -9.625000 7.000000 2.000000 16.000000 1.000000 1.000000 -13.000000 -12.000000 1.000000 -1.000000 -1.000000 -1.000000
0.890137 -0.217773 -0.217773 -3.187500 -5.875000 -5.875000 7.000000 2.000000 16.000000 -4.000000 -4.000000 12.000000 1.000000 -3.000000 -4.000000 -4.000000 -3.000000
0.887695 -0.170898 -0.170898 -10.937500 -9.625000 -9.625000 7.000000 2.000000 16.000000 1.000000 -3.000000 25.000000 0.000000 0.000000 0.000000 -2.000000 -12.000000
0.936035 -0.209961 -0.209961 -11.187500 -10.687500 -10.687500 7.000000 2.000000 16.000000 -2.000000 3.000000 12.000000 24.000000 0.000000 -2.000000 -6.000000 -18.000000
0.822754 -0.148926 -0.148926 18.687500 -19.625000 -19.625000 7.000000 2.000000 16.000000 -3.000000 -9.000000 -6.000000 -19.000000 -2.000000 -2.000000 6.000000 13.000000
0.861816 -0.250488 -0.250488 14.625000 -28.937500 -28.937500 7.000000 2.000000 16.000000 2.000000 3.000000 -5.000000 -13.000000 2.000000 0.000000 -1.000000 -3.000000
0.994141 -0.390137 -0.390137 22.562500 -21.500000 -21.500000 7.000000 2.000000 16.000000 0.000000 -2.000000 -21.000000 -8.000000 1.000000 -3.000000 -4.000000 -4.000000
0.928711 -0.373047 -0.373047 63.625000 -12.062500 -12.062500 7.000000 2.000000 16.000000 -4.000000 -4.000000 5.000000 1.000000 -2.000000 -1.000000 0.000000 -3.000000
0.910645 -0.197266 -0.197266 77.687500 -9.000000 -9.000000 7.000000 2.000000 16.000000 1.000000 3.000000 4.000000 16.000000 4.000000 0.000000 0.000000 -3.000000
0.874512 -0.117188 -0.117188 49.875000 -12.875000 -12.875000 7.000000 2.000000 16.000000 -3.000000 -2.000000 58.000000 6.000000 -1.000000 -2.000000 -3.000000 -2.000000
0.865234 -0.141602 -0.141602 13.687500 -18.500000 -18.500000 7.000000 2.000000 16.000000 -7.000000 -10.000000 -42.000000 -21.000000 -8.000000 -4.000000 -1.000000 0.000000
0.866699 -0.223145 -0.223145 -2.312500 -25.250000 -25.250000 7.000000 2.000000 16.000000 2.000000 4.000000 -42.000000 -9.000000 0.000000 -1.000000 0.000000 6.000000
0.896484 -0.278320 -0.278320 4.875000 -31.750000 -31.750000 7.000000 2.000000 16.000000 -2.000000 1.000000 57.000000 32.000000 1.000000 -1.000000 -2.000000 -3.000000
0.919922 -0.293945 -0.293945 24.312500 -33.562500 -33.562500 7.000000 1.000000 16.000000 -3.000000 -10.000000 -5.000000 8.000000 0.000000 -3.000000 -2.000000 1.000000
0.918945 -0.263672 -0.263672 44.125000 -34.312500 -34.312500 7.000000 1.000000 16.000000 -1.000000 0.000000 7.000000 -15.000000 0.000000 -2.000000 0.000000 -1.000000
0.911621 -0.219727 -0.219727 55.875000 -36.437500 -36.437500 7.000000 1.000000 16.000000 -2.000000 -7.000000 33.000000 1.000000 1.000000 -2.000000 -4.000000 6.000000
0.933105 -0.184570 -0.184570 55.937500 -36.000000 -36.000000 7.000000 1.000000 16.000000 -1.000000 -2.000000 -73.000000 -3.000000 -7.000000 -3.000000 -4.000000 -8.000000
0.933105 -0.174805 -0.174805 51.375000 -36.562500 -36.562500 7.000000 1.000000 16.000000 4.000000 4.000000 17.000000 -10.000000 0.000000 -2.000000 2.000000 7.000000
0.958496 -0.146973 -0.146973 44.562500 -36.750000 -36.750000 7.000000 1.000000 16.000000 -5.000000 1.000000 41.000000 21.000000 0.000000 -4.000000 -4.000000 -3.000000
0.963379 -0.128906 -0.128906 35.375000 -35.250000 -35.250000 7.000000 1.000000 16.000000 15.000000 -3.000000 -11.000000 -24.000000 2.000000 -2.000000 0.000000 3.000000
0.956543 -0.139648 -0.139648 29.875000 -30.250000 -30.250000 7.000000 1.000000 17.000000 -2.000000 13.000000 -16.000000 -11.000000 3.000000 -15.000000 -19.000000 -34.000000
0.964355 -0.151367 -0.151367 24.250000 -24.562500 -24.562500 7.000000 1.000000 17.000000 -4.000000 -10.000000 33.000000 49.000000 8.000000 37.000000 23.000000 20.000000
0.966797 -0.161621 -0.161621 22.500000 -21.375000 -21.375000 7.000000 1.000000 17.000000 1.000000 -8.000000 24.000000 -35.000000 -1.000000 -13.000000 1.000000 14.000000
0.967285 -0.159180 -0.159180 20.375000 -19.937500 -19.937500 7.000000 1.000000 17.000000 4.000000 4.000000 -5.000000 8.000000 1.000000 2.000000 12.000000 19.000000
0.971191 -0.168457 -0.168457 19.437500 -18.687500 -18.687500 7.000000 1.000000 17.000000 -4.000000 -13.000000 17.000000 -24.000000 -1.000000 4.000000 -17.000000 -23.000000
0.974609 -0.186035 -0.186035 22.562500 -16.562500 -16.562500 7.000000 1.000000 17.000000 -4.000000 0.000000 -56.000000 -6.000000 -5.000000 -18.000000 -11.000000 -21.000000
0.974121 -0.187988 -0.187988 32.437500 -12.437500 -12.437500 7.000000 1.000000 17.000000 9.000000 12.000000 53.000000 32.000000 13.000000 7.000000 3.000000 8.000000
0.961426 -0.157715 -0.157715 40.187500 -9.875000 -9.875000 7.000000 1.000000 17.000000 -6.000000 -5.000000 -41.000000 -1.000000 -1.000000 -2.000000 4.000000 11.000000
0.956543 -0.117188 -0.117188 36.187500 -7.312500 -7.312500 7.000000 1.000000 17.000000 1.000000 9.000000 -15.000000 9.000000 3.000000 -5.000000 -4.000000 -9.000000
0.964355 -0.111328 -0.111328 23.187500 -4.937500 -4.937500 7.000000 1.000000 17.000000 1.000000 9.000000 -15.000000 9.000000 3.000000 -5.000000 -4.000000 -9.000000
0.974121 -0.120605 -0.120605 9.812500 -3.187500 -3.187500 7.000000 1.000000 17.000000 18.000000 5.000000 -12.000000 9.000000 1.000000 -7.000000 -1.000000 32.000000
0.967773 -0.160156 -0.160156 -1.937500 -0.562500 -0.562500 7.000000 1.000000 17.000000 18.000000 5.000000 -12.000000 9.000000 1.000000 -7.000000 -1.000000 32.000000
0.957031 -0.165527 -0.165527 -0.625000 0.625000 0.625000 7.000000 1.000000 17.000000 -41.000000 1.000000 38.000000 18.000000 0.000000 -9.000000 -13.000000 -56.000000
0.901855 -0.142090 -0.142090 0.812500 -1.062500 -1.062500 7.000000 1.000000 17.000000 -41.000000 1.000000 38.000000 18.000000 0.000000 -9.000000 -13.000000 -56.000000
0.259766 -0.322266 -0.322266 -3.125000 1.937500 1.937500 7.000000 1.000000 17.000000 29.000000 2.000000 -33.000000 -20.000000 -1.000000 -1.000000 0.000000 30.000000
0.367676 -0.342773 -0.342773 0.562500 -0.875000 -0.875000 7.000000 1.000000 17.000000 27.000000 5.000000 19.000000 10.000000 6.000000 7.000000 4.000000 10.000000
1.609375 0.060059 0.060059 -2.500000 0.437500 0.437500 7.000000 1.000000 17.000000 32.000000 12.000000 49.000000 4.000000 10.000000 1.000000 41.000000 106.000000
0.329102 -0.401855 -0.401855 7.750000 -1.250000 -1.250000 7.000000 1.000000 17.000000 32.000000 12.000000 49.000000 4.000000 10.000000 1.000000 41.000000 106.000000
1.582520 0.055664 0.055664 -2.250000 -0.812500 -0.812500 7.000000 1.000000 17.000000 -19.000000 14.000000 -13.000000 9.000000 6.000000 20.000000 11.000000 -70.000000
0.341309 -0.431152 -0.431152 8.250000 -2.187500 -2.187500 7.000000 1.000000 17.000000 -27.000000 1.000000 -7.000000 -17.000000 -8.000000 -26.000000 -23.000000 -38.000000
1.282227 -0.018066 -0.018066 5.187500 -1.750000 -1.750000 7.000000 1.000000 17.000000 12.000000 -8.000000 -47.000000 28.000000 17.000000 20.000000 4.000000 -20.000000
0.901367 -0.174316 -0.174316 1.062500 -0.625000 -0.625000 7.000000 1.000000 17.000000 -17.000000 -14.000000 25.000000 -16.000000 -6.000000 -8.000000 -4.000000 -41.000000
0.952148 -0.174316 -0.174316 -6.812500 -1.250000 -1.250000 7.000000 1.000000 17.000000 30.000000 15.000000 -1.000000 16.000000 -1.000000 -4.000000 3.000000 42.000000
0.947266 -0.196289 -0.196289 -4.437500 -1.187500 -1.187500 7.000000 1.000000 17.000000 12.000000 -14.000000 -57.000000 -25.000000 1.000000 12.000000 3.000000 0.000000
0.946289 -0.186523 -0.186523 1.062500 -0.875000 -0.875000 7.000000 1.000000 17.000000 4.000000 3.000000 -30.000000 2.000000 -3.000000 4.000000 -18.000000 -19.000000
0.945801 -0.174805 -0.174805 4.062500 -0.687500 -0.687500 7.000000 1.000000 17.000000 4.000000 3.000000 -30.000000 2.000000 -3.000000 4.000000 -18.000000 -19.000000
0.850098 -0.215820 -0.215820 2.812500 3.312500 3.312500 7.000000 1.000000 17.000000 -8.000000 -3.000000 40.000000 9.000000 1.000000 -7.000000 19.000000 59.000000
0.155273 -0.291992 -0.291992 -1.375000 -0.312500 -0.312500 7.000000 1.000000 17.000000 -25.000000 -14.000000 -74.000000 -25.000000 2.000000 1.000000 -6.000000 -13.000000
0.345215 -0.291016 -0.291016 -3.062500 -1.687500 -1.687500 7.000000 1.000000 17.000000 8.000000 -9.000000 -89.000000 -22.000000 -1.000000 2.000000 -14.000000 -43.000000
1.028809 -0.243164 -0.243164 -8.687500 2.187500 2.187500 7.000000 1.000000 17.000000 8.000000 -9.000000 -89.000000 -22.000000 -1.000000 2.000000 -14.000000 -43.000000
0.950195 -0.192871 -0.192871 1.125000 -2.312500 -2.312500 7.000000 1.000000 17.000000 -7.000000 -17.000000 7.000000 -2.000000 -6.000000 -6.000000 -2.000000 -1.000000
0.960938 -0.173828 -0.173828 4.062500 -1.250000 -1.250000 7.000000 1.000000 17.000000 -1.000000 4.000000 14.000000 -6.000000 -6.000000 -14.000000 -1.000000 14.000000
0.950195 -0.160645 -0.160645 4.250000 -1.437500 -1.437500 7.000000 1.000000 17.000000 24.000000 22.000000 80.000000 30.000000 13.000000 9.000000 12.000000 23.000000
0.949219 -0.155273 -0.155273 1.250000 -2.375000 -2.375000 7.000000 1.000000 17.000000 -3.000000 -18.000000 -102.000000 -25.000000 -4.000000 0.000000 -2.000000 4.000000
0.956055 -0.166992 -0.166992 -0.625000 -2.625000 -2.625000 7.000000 1.000000 17.000000 -11.000000 1.000000 37.000000 23.000000 4.000000 -7.000000 -11.000000 -15.000000
0.951660 -0.171875 -0.171875 1.062500 -2.562500 -2.562500 7.000000 1.000000 17.000000 -11.000000 3.000000 12.000000 -36.000000 -9.000000 -8.000000 -3.000000 -11.000000
0.962891 -0.166016 -0.166016 3.125000 -2.250000 -2.250000 7.000000 1.000000 17.000000 1.000000 4.000000 50.000000 -2.000000 3.000000 6.000000 -2.000000 14.000000
0.955566 -0.158203 -0.158203 3.812500 -1.750000 -1.750000 7.000000 1.000000 17.000000 1.000000 4.000000 50.000000 -2.000000 3.000000 6.000000 -2.000000 14.000000
0.957031 -0.150391 -0.150391 2.625000 -2.062500 -2.062500 7.000000 1.000000 17.000000 -3.000000 -21.000000 -3.000000 39.000000 10.000000 -1.000000 -1.000000 -9.000000
0.949707 -0.154297 -0.154297 -1.312500 -1.750000 -1.750000 7.000000 1.000000 17.000000 -3.000000 -21.000000 -3.000000 39.000000 10.000000 -1.000000 -1.000000 -9.000000
