1.020508 -0.147949 -0.147949 -6.187500 -4.687500 -4.687500 7.000000 1.000000 17.000000 -2.000000 -2.000000 -3.000000 -1.000000 0.000000 1.000000 -2.000000 -2.000000
1.163574 -0.121582 -0.121582 -4.687500 -5.625000 -5.625000 7.000000 1.000000 17.000000 -2.000000 -2.000000 -3.000000 -1.000000 0.000000 1.000000 -2.000000 -2.000000
1.289551 -0.081543 -0.081543 0.625000 -5.750000 -5.750000 7.000000 1.000000 17.000000 -2.000000 -1.000000 -6.000000 -12.000000 -3.000000 -2.000000 -1.000000 -1.000000
1.390625 -0.040039 -0.040039 5.437500 -5.250000 -5.250000 7.000000 1.000000 17.000000 -2.000000 -2.000000 3.000000 0.000000 0.000000 -1.000000 0.000000 -1.000000
1.453125 -0.010254 -0.010254 4.937500 -5.375000 -5.375000 7.000000 1.000000 17.000000 -1.000000 -3.000000 -5.000000 18.000000 6.000000 -1.000000 -1.000000 -2.000000
1.455566 -0.005371 -0.005371 2.375000 -5.500000 -5.500000 7.000000 1.000000 17.000000 0.000000 -2.000000 7.000000 -3.000000 0.000000 -2.000000 -1.000000 0.000000
1.377441 -0.043457 -0.043457 2.312500 -4.250000 -4.250000 7.000000 1.000000 17.000000 -2.000000 -2.000000 -6.000000 5.000000 0.000000 -1.000000 -2.000000 -2.000000
1.084473 -0.234863 -0.234863 -3.437500 3.937500 3.937500 7.000000 1.000000 17.000000 0.000000 -1.000000 -9.000000 -10.000000 -2.000000 -2.000000 -2.000000 -1.000000
0.951172 -0.197266 -0.197266 2.500000 -1.875000 -1.875000 7.000000 1.000000 17.000000 -1.000000 1.000000 -9.000000 0.000000 0.000000 -2.000000 -1.000000 -1.000000
0.957520 -0.184570 -0.184570 3.312500 -0.937500 -0.937500 7.000000 1.000000 17.000000 -1.000000 1.000000 -9.000000 0.000000 0.000000 -2.000000 -1.000000 -1.000000
0.953613 -0.179199 -0.179199 1.562500 -1.625000 -1.625000 7.000000 1.000000 17.000000 -1.000000 -1.000000 0.000000 -1.000000 0.000000 -2.000000 -2.000000 -2.000000
0.946777 -0.174316 -0.174316 0.562500 -2.062500 -2.062500 7.000000 1.000000 17.000000 -1.000000 -1.000000 0.000000 -1.000000 0.000000 -2.000000 -2.000000 -2.000000
0.948242 -0.180664 -0.180664 0.875000 -2.187500 -2.187500 7.000000 1.000000 17.000000 -1.000000 0.000000 22.000000 9.000000 2.000000 0.000000 -1.000000 -3.000000
0.950195 -0.173340 -0.173340 1.312500 -1.875000 -1.875000 7.000000 1.000000 17.000000 -1.000000 0.000000 22.000000 9.000000 2.000000 0.000000 -1.000000 -3.000000
0.956055 -0.171387 -0.171387 0.562500 -1.937500 -1.937500 7.000000 1.000000 17.000000 -1.000000 -2.000000 13.000000 5.000000 0.000000 -3.000000 -1.000000 -2.000000
0.962402 -0.178223 -0.178223 -0.375000 -1.750000 -1.750000 7.000000 1.000000 17.000000 -1.000000 -2.000000 13.000000 5.000000 0.000000 -3.000000 -1.000000 -2.000000
0.955566 -0.183105 -0.183105 1.875000 -1.125000 -1.125000 7.000000 1.000000 17.000000 -3.000000 -6.000000 -6.000000 1.000000 2.000000 -1.000000 -1.000000 -2.000000
0.949219 -0.176270 -0.176270 3.937500 -1.062500 -1.062500 7.000000 1.000000 17.000000 -3.000000 -6.000000 -6.000000 1.000000 2.000000 -1.000000 -1.000000 -2.000000
0.957031 -0.157227 -0.157227 2.750000 -1.125000 -1.125000 7.000000 1.000000 17.000000 -1.000000 -1.000000 -1.000000 2.000000 0.000000 -2.000000 -1.000000 -1.000000
0.963867 -0.163574 -0.163574 0.500000 -0.875000 -0.875000 7.000000 1.000000 17.000000 -1.000000 -1.000000 -1.000000 2.000000 0.000000 -2.000000 -1.000000 -1.000000
0.984863 -0.128418 -0.128418 0.625000 1.187500 1.187500 7.000000 1.000000 17.000000 -1.000000 -1.000000 -2.000000 -2.000000 0.000000 -2.000000 -1.000000 -1.000000
1.000488 -0.088379 -0.088379 -3.250000 5.125000 5.125000 7.000000 1.000000 17.000000 -1.000000 -1.000000 -2.000000 -2.000000 0.000000 -2.000000 -1.000000 -1.000000
0.992188 -0.080078 -0.080078 -16.125000 10.062500 10.062500 7.000000 1.000000 17.000000 -1.000000 0.000000 -20.000000 -8.000000 -1.000000 -2.000000 -1.000000 -2.000000
1.003906 -0.113770 -0.113770 -28.187500 15.125000 15.125000 7.000000 1.000000 17.000000 -1.000000 0.000000 -20.000000 -8.000000 -1.000000 -2.000000 -1.000000 -2.000000
1.016602 -0.124512 -0.124512 -25.687500 19.937500 19.937500 7.000000 1.000000 17.000000 -3.000000 0.000000 3.000000 4.000000 2.000000 -1.000000 -1.000000 -1.000000
0.997070 -0.103027 -0.103027 -21.125000 24.125000 24.125000 7.000000 1.000000 17.000000 -3.000000 0.000000 3.000000 4.000000 2.000000 -1.000000 -1.000000 -1.000000
0.977051 -0.115723 -0.115723 -21.812500 25.437500 25.437500 7.000000 1.000000 17.000000 -2.000000 -1.000000 20.000000 0.000000 -4.000000 -2.000000 0.000000 -2.000000
0.953125 -0.156250 -0.156250 -22.437500 26.812500 26.812500 7.000000 1.000000 17.000000 -2.000000 -1.000000 20.000000 0.000000 -4.000000 -2.000000 0.000000 -2.000000
0.902832 -0.211426 -0.211426 -22.437500 24.687500 24.687500 7.000000 2.000000 16.000000 -3.000000 -4.000000 3.000000 14.000000 2.000000 -2.000000 0.000000 -1.000000
0.883789 -0.255859 -0.255859 -26.125000 19.437500 19.437500 7.000000 2.000000 16.000000 -3.000000 -4.000000 3.000000 14.000000 2.000000 -2.000000 0.000000 -1.000000
0.897949 -0.281250 -0.281250 -28.187500 11.375000 11.375000 7.000000 2.000000 16.000000 0.000000 0.000000 -4.000000 -7.000000 2.000000 0.000000 0.000000 -2.000000
0.898438 -0.353516 -0.353516 -26.875000 1.187500 1.187500 7.000000 2.000000 17.000000 -3.000000 -3.000000 -8.000000 -1.000000 -1.000000 -1.000000 -1.000000 -2.000000
0.935059 -0.412598 -0.412598 -15.625000 -5.125000 -5.125000 7.000000 2.000000 17.000000 0.000000 0.000000 -5.000000 -2.000000 3.000000 -1.000000 -2.000000 -2.000000
0.920898 -0.444824 -0.444824 12.437500 -7.125000 -7.125000 7.000000 2.000000 17.000000 0.000000 0.000000 -5.000000 -2.000000 3.000000 -1.000000 -2.000000 -2.000000
0.882324 -0.363281 -0.363281 24.250000 -14.687500 -14.687500 7.000000 2.000000 17.000000 -1.000000 -1.000000 35.000000 10.000000 2.000000 0.000000 -2.000000 0.000000
0.851074 -0.369629 -0.369629 10.437500 -37.437500 -37.437500 6.000000 2.000000 17.000000 -1.000000 -1.000000 35.000000 10.000000 2.000000 0.000000 -2.000000 0.000000
0.821777 -0.620117 -0.620117 17.375000 -73.125000 -73.125000 6.000000 2.000000 17.000000 -3.000000 -2.000000 16.000000 -2.000000 -3.000000 -2.000000 -1.000000 -2.000000
0.843750 -0.588379 -0.588379 70.562500 -90.062500 -90.062500 6.000000 2.000000 0.000000 -1.000000 -1.000000 -1.000000 8.000000 6.000000 1.000000 -2.000000 -2.000000
0.838867 -0.481445 -0.481445 78.625000 -104.000000 -104.000000 5.000000 2.000000 0.000000 0.000000 -4.000000 -13.000000 0.000000 3.000000 1.000000 1.000000 -1.000000
2.187988 1.988770 1.988770 250.250000 79.562500 79.562500 6.000000 2.000000 0.000000 0.000000 -4.000000 -13.000000 0.000000 3.000000 1.000000 1.000000 -1.000000
0.369141 0.435547 0.435547 -190.125000 -45.062500 -45.062500 6.000000 2.000000 0.000000 0.000000 -4.000000 -2.000000 -9.000000 2.000000 -2.000000 0.000000 0.000000
1.547363 -0.777832 -0.777832 -147.750000 -31.000000 -31.000000 5.000000 2.000000 0.000000 0.000000 -4.000000 -2.000000 -9.000000 2.000000 -2.000000 0.000000 0.000000
0.987305 -0.643066 -0.643066 75.750000 43.750000 43.750000 5.000000 2.000000 0.000000 -2.000000 -2.000000 28.000000 15.000000 1.000000 -3.000000 -3.000000 -1.000000
0.850098 -0.229004 -0.229004 93.500000 50.625000 50.625000 6.000000 2.000000 0.000000 1.000000 -2.000000 -30.000000 -8.000000 -1.000000 -1.000000 1.000000 1.000000
0.873047 -0.145508 -0.145508 -36.937500 42.375000 42.375000 6.000000 2.000000 0.000000 -5.000000 -8.000000 26.000000 5.000000 1.000000 -2.000000 -2.000000 -1.000000
0.961426 -0.236816 -0.236816 -20.250000 45.687500 45.687500 6.000000 2.000000 17.000000 -3.000000 -3.000000 -18.000000 -7.000000 -4.000000 -3.000000 -3.000000 -1.000000
0.925293 -0.187988 -0.187988 -0.125000 44.062500 44.062500 6.000000 2.000000 17.000000 -2.000000 -2.000000 8.000000 -4.000000 -1.000000 -1.000000 -1.000000 -2.000000
0.959473 -0.151367 -0.151367 -13.062500 41.250000 41.250000 7.000000 2.000000 17.000000 -3.000000 1.000000 0.000000 -3.000000 -1.000000 -2.000000 -1.000000 -2.000000
1.002441 -0.047363 -0.047363 -25.937500 47.812500 47.812500 7.000000 2.000000 17.000000 1.000000 3.000000 -1.000000 11.000000 5.000000 3.000000 1.000000 0.000000
0.906738 -0.278809 -0.278809 -65.812500 38.500000 38.500000 7.000000 2.000000 16.000000 1.000000 3.000000 -1.000000 11.000000 5.000000 3.000000 1.000000 0.000000
0.915527 -0.264160 -0.264160 -42.812500 36.437500 36.437500 7.000000 2.000000 16.000000 -2.000000 -2.000000 1.000000 8.000000 2.000000 -2.000000 -2.000000 -2.000000
0.893066 -0.276855 -0.276855 -36.312500 36.250000 36.250000 7.000000 2.000000 16.000000 -2.000000 -2.000000 1.000000 8.000000 2.000000 -2.000000 -2.000000 -2.000000
0.853027 -0.310547 -0.310547 -41.000000 32.187500 32.187500 7.000000 2.000000 16.000000 -4.000000 -9.000000 55.000000 27.000000 3.000000 -4.000000 -2.000000 -3.000000
0.850098 -0.292969 -0.292969 -7.000000 12.562500 12.562500 7.000000 2.000000 16.000000 -4.000000 -9.000000 55.000000 27.000000 3.000000 -4.000000 -2.000000 -3.000000
0.599121 -1.417480 -1.417480 -43.875000 -51.687500 -51.687500 7.000000 2.000000 16.000000 1.000000 -6.000000 -24.000000 -18.000000 -8.000000 -4.000000 -3.000000 -1.000000
1.007324 1.182617 1.182617 83.437500 64.000000 64.000000 8.000000 2.000000 15.000000 1.000000 -6.000000 -24.000000 -18.000000 -8.000000 -4.000000 -3.000000 -1.000000
0.684082 -0.539551 -0.539551 -301.125000 2.062500 2.062500 8.000000 2.000000 15.000000 -1.000000 6.000000 68.000000 64.000000 12.000000 2.000000 -2.000000 -1.000000
0.883789 -0.261230 -0.261230 73.687500 15.750000 15.750000 8.000000 2.000000 15.000000 3.000000 11.000000 -42.000000 -49.000000 0.000000 -1.000000 -1.000000 0.000000
1.102539 0.226074 0.226074 75.312500 21.812500 21.812500 8.000000 2.000000 15.000000 -3.000000 -14.000000 65.000000 6.000000 0.000000 -2.000000 -1.000000 -1.000000
0.824707 0.153809 0.153809 -30.875000 19.062500 19.062500 8.000000 2.000000 15.000000 -4.000000 -9.000000 -58.000000 -13.000000 -3.000000 -3.000000 -2.000000 -1.000000
0.714844 -0.033203 -0.033203 -116.562500 -14.437500 -14.437500 8.000000 2.000000 15.000000 -3.000000 -2.000000 -42.000000 4.000000 0.000000 -3.000000 -1.000000 -1.000000
0.710449 -0.543457 -0.543457 -120.125000 -26.250000 -26.250000 7.000000 2.000000 15.000000 -3.000000 -2.000000 -42.000000 4.000000 0.000000 -3.000000 -1.000000 -1.000000
0.906250 -0.729004 -0.729004 -23.875000 -13.437500 -13.437500 7.000000 2.000000 15.000000 2.000000 10.000000 3.000000 15.000000 3.000000 1.000000 0.000000 2.000000
0.928223 -0.114746 -0.114746 132.562500 8.562500 8.562500 7.000000 2.000000 15.000000 -2.000000 7.000000 10.000000 -4.000000 3.000000 -1.000000 0.000000 -1.000000
0.875977 0.321777 0.321777 49.875000 5.000000 5.000000 8.000000 2.000000 15.000000 -8.000000 -10.000000 24.000000 -3.000000 -4.000000 -5.000000 -4.000000 -5.000000
0.755859 -0.566895 -0.566895 -135.250000 -22.562500 -22.562500 7.000000 2.000000 15.000000 -8.000000 -10.000000 24.000000 -3.000000 -4.000000 -5.000000 -4.000000 -5.000000
0.721191 -0.814941 -0.814941 -10.437500 -37.375000 -37.375000 7.000000 2.000000 15.000000 -2.000000 -17.000000 -66.000000 -22.000000 0.000000 0.000000 -1.000000 -1.000000
0.652832 -1.678711 -1.678711 24.937500 -91.250000 -91.250000 7.000000 2.000000 15.000000 -2.000000 -17.000000 -66.000000 -22.000000 0.000000 0.000000 -1.000000 -1.000000
2.159668 1.138672 1.138672 280.125000 36.750000 36.750000 7.000000 2.000000 15.000000 4.000000 13.000000 56.000000 6.000000 3.000000 2.000000 1.000000 1.000000
0.400879 0.479004 0.479004 -184.500000 -44.625000 -44.625000 7.000000 2.000000 15.000000 4.000000 13.000000 56.000000 6.000000 3.000000 2.000000 1.000000 1.000000
0.821777 -1.090820 -1.090820 -111.875000 -30.000000 -30.000000 7.000000 2.000000 16.000000 2.000000 4.000000 -29.000000 -3.000000 -3.000000 -1.000000 1.000000 1.000000
0.999512 -0.416504 -0.416504 145.312500 -28.875000 -28.875000 7.000000 2.000000 16.000000 2.000000 4.000000 -29.000000 -3.000000 -3.000000 -1.000000 1.000000 1.000000
0.995605 0.126953 0.126953 150.937500 -16.500000 -16.500000 7.000000 2.000000 16.000000 1.000000 8.000000 21.000000 22.000000 5.000000 -1.000000 0.000000 0.000000
0.864746 0.145020 0.145020 46.750000 -33.000000 -33.000000 7.000000 1.000000 16.000000 -4.000000 -12.000000 18.000000 -11.000000 -3.000000 -4.000000 0.000000 2.000000
1.002441 -0.185547 -0.185547 -62.375000 -26.625000 -26.625000 7.000000 1.000000 16.000000 -1.000000 7.000000 42.000000 40.000000 5.000000 -1.000000 -2.000000 -3.000000
0.941895 -0.496094 -0.496094 -22.812500 -7.000000 -7.000000 7.000000 1.000000 16.000000 -1.000000 7.000000 42.000000 40.000000 5.000000 -1.000000 -2.000000 -3.000000
0.863281 -0.239746 -0.239746 44.562500 -3.000000 -3.000000 7.000000 1.000000 16.000000 -6.000000 -11.000000 24.000000 9.000000 -1.000000 -4.000000 -3.000000 -4.000000
0.937988 -0.028320 -0.028320 44.250000 -6.000000 -6.000000 7.000000 1.000000 16.000000 -6.000000 -11.000000 24.000000 9.000000 -1.000000 -4.000000 -3.000000 -4.000000
0.923828 -0.106934 -0.106934 1.875000 -10.875000 -10.875000 7.000000 1.000000 16.000000 -2.000000 -2.000000 -21.000000 -35.000000 -3.000000 0.000000 -2.000000 -2.000000
0.895996 -0.229004 -0.229004 -1.937500 -12.250000 -12.250000 7.000000 1.000000 16.000000 -2.000000 -2.000000 -21.000000 -35.000000 -3.000000 0.000000 -2.000000 -2.000000
0.899902 -0.258301 -0.258301 22.625000 -12.687500 -12.687500 7.000000 2.000000 16.000000 -1.000000 3.000000 39.000000 14.000000 4.000000 2.000000 -4.000000 -2.000000
0.883789 -0.187500 -0.187500 39.687500 -16.687500 -16.687500 7.000000 1.000000 16.000000 -1.000000 3.000000 39.000000 14.000000 4.000000 2.000000 -4.000000 -2.000000
0.882324 -0.190918 -0.190918 32.625000 -24.937500 -24.937500 7.000000 1.000000 16.000000 -8.000000 -2.000000 18.000000 -5.000000 0.000000 -10.000000 0.000000 4.000000
0.916504 -0.232910 -0.232910 31.875000 -25.937500 -25.937500 7.000000 1.000000 16.000000 -8.000000 -2.000000 18.000000 -5.000000 0.000000 -10.000000 0.000000 4.000000
0.910156 -0.213867 -0.213867 40.062500 -27.187500 -27.187500 7.000000 1.000000 16.000000 0.000000 -13.000000 -66.000000 -19.000000 3.000000 5.000000 5.000000 6.000000
0.928711 -0.156738 -0.156738 42.000000 -30.750000 -30.750000 7.000000 1.000000 16.000000 0.000000 -13.000000 -66.000000 -19.000000 3.000000 5.000000 5.000000 6.000000
0.934570 -0.110840 -0.110840 34.937500 -33.562500 -33.562500 7.000000 1.000000 16.000000 3.000000 -4.000000 -13.000000 -7.000000 -3.000000 -15.000000 17.000000 63.000000
0.921387 -0.135254 -0.135254 21.062500 -37.812500 -37.812500 7.000000 1.000000 17.000000 -6.000000 7.000000 -38.000000 -11.000000 1.000000 7.000000 -8.000000 -17.000000
0.944336 -0.174316 -0.174316 13.062500 -37.437500 -37.437500 7.000000 1.000000 17.000000 -8.000000 -11.000000 12.000000 1.000000 4.000000 30.000000 6.000000 -20.000000
0.965820 -0.202148 -0.202148 22.437500 -34.937500 -34.937500 7.000000 1.000000 17.000000 -8.000000 -11.000000 12.000000 1.000000 4.000000 30.000000 6.000000 -20.000000
0.971680 -0.164062 -0.164062 33.562500 -31.250000 -31.250000 7.000000 1.000000 17.000000 -2.000000 1.000000 -3.000000 -10.000000 -7.000000 -28.000000 -17.000000 -24.000000
0.835449 -0.135254 -0.135254 38.062500 -31.937500 -31.937500 6.000000 1.000000 17.000000 11.000000 4.000000 30.000000 2.000000 3.000000 17.000000 13.000000 -12.000000
1.073730 -0.074707 -0.074707 31.250000 -26.875000 -26.875000 6.000000 1.000000 17.000000 -31.000000 -3.000000 53.000000 31.000000 -13.000000 -36.000000 -9.000000 16.000000
1.026367 -0.045410 -0.045410 25.312500 -27.750000 -27.750000 6.000000 1.000000 17.000000 -31.000000 -3.000000 53.000000 31.000000 -13.000000 -36.000000 -9.000000 16.000000
1.616699 0.036621 0.036621 24.937500 -26.812500 -26.812500 6.000000 1.000000 17.000000 13.000000 3.000000 12.000000 -18.000000 22.000000 64.000000 16.000000 -9.000000
0.684570 -0.334473 -0.334473 34.000000 -24.937500 -24.937500 6.000000 1.000000 17.000000 -4.000000 -3.000000 -34.000000 -12.000000 -5.000000 -20.000000 -7.000000 19.000000
0.550293 -0.254395 -0.254395 36.875000 -22.562500 -22.562500 6.000000 1.000000 17.000000 -24.000000 -11.000000 3.000000 4.000000 11.000000 7.000000 3.000000 2.000000
1.585449 0.119629 0.119629 34.812500 -20.937500 -20.937500 6.000000 1.000000 17.000000 -24.000000 -11.000000 3.000000 4.000000 11.000000 7.000000 3.000000 2.000000
0.901855 -0.218262 -0.218262 27.750000 -20.000000 -20.000000 6.000000 1.000000 17.000000 -19.000000 -21.000000 74.000000 30.000000 7.000000 10.000000 -6.000000 -9.000000
0.898438 -0.262695 -0.262695 14.500000 -12.812500 -12.812500 6.000000 1.000000 17.000000 -19.000000 -21.000000 74.000000 30.000000 7.000000 10.000000 -6.000000 -9.000000
0.981934 -0.195312 -0.195312 24.625000 -14.750000 -14.750000 6.000000 1.000000 17.000000 -25.000000 -12.000000 32.000000 -4.000000 5.000000 -10.000000 -13.000000 -61.000000
0.980957 -0.153320 -0.153320 26.125000 -9.937500 -9.937500 6.000000 1.000000 17.000000 -25.000000 -12.000000 32.000000 -4.000000 5.000000 -10.000000 -13.000000 -61.000000
0.967773 -0.112793 -0.112793 16.000000 -7.250000 -7.250000 6.000000 1.000000 17.000000 35.000000 9.000000 -22.000000 -7.000000 -7.000000 -3.000000 -11.000000 27.000000
0.959473 -0.137695 -0.137695 2.625000 -5.437500 -5.437500 6.000000 1.000000 17.000000 35.000000 9.000000 -22.000000 -7.000000 -7.000000 -3.000000 -11.000000 27.000000
0.958496 -0.184570 -0.184570 -1.250000 -2.937500 -2.937500 6.000000 1.000000 17.000000 -29.000000 -4.000000 -33.000000 -10.000000 -3.000000 -5.000000 -10.000000 -49.000000
0.766602 -0.264160 -0.264160 5.187500 3.250000 3.250000 6.000000 1.000000 17.000000 -4.000000 -2.000000 10.000000 -6.000000 -5.000000 -17.000000 -4.000000 -10.000000
0.688965 -0.167480 -0.167480 7.812500 0.937500 0.937500 6.000000 1.000000 0.000000 19.000000 -7.000000 -14.000000 13.000000 8.000000 12.000000 6.000000 1.000000
0.483887 -0.180664 -0.180664 2.500000 0.562500 0.562500 6.000000 1.000000 0.000000 19.000000 -7.000000 -14.000000 13.000000 8.000000 12.000000 6.000000 1.000000
1.006348 -0.187988 -0.187988 -10.812500 -2.312500 -2.312500 6.000000 1.000000 0.000000 4.000000 8.000000 9.000000 -6.000000 -7.000000 -16.000000 -1.000000 12.000000
0.982422 -0.202637 -0.202637 -8.750000 -0.812500 -0.812500 6.000000 1.000000 0.000000 4.000000 8.000000 9.000000 -6.000000 -7.000000 -16.000000 -1.000000 12.000000
0.953125 -0.221680 -0.221680 0.562500 -0.312500 -0.312500 6.000000 1.000000 0.000000 0.000000 -8.000000 -33.000000 -6.000000 1.000000 3.000000 5.000000 18.000000
0.958984 -0.190430 -0.190430 8.125000 0.000000 0.000000 6.000000 1.000000 0.000000 0.000000 -8.000000 -33.000000 -6.000000 1.000000 3.000000 5.000000 18.000000
0.952148 -0.170898 -0.170898 7.062500 0.000000 0.000000 6.000000 1.000000 0.000000 -3.000000 6.000000 -56.000000 42.000000 34.000000 6.000000 2.000000 -13.000000
0.956055 -0.170410 -0.170410 1.250000 -1.000000 -1.000000 6.000000 1.000000 0.000000 -3.000000 6.000000 -56.000000 42.000000 34.000000 6.000000 2.000000 -13.000000
0.953125 -0.189941 -0.189941 -1.875000 -1.250000 -1.250000 6.000000 1.000000 17.000000 -3.000000 13.000000 11.000000 -5.000000 -1.000000 -3.000000 -5.000000 2.000000
0.952148 -0.199707 -0.199707 -2.625000 -1.875000 -1.875000 6.000000 1.000000 17.000000 2.000000 2.000000 11.000000 -58.000000 -20.000000 -6.000000 1.000000 -6.000000
0.961426 -0.204102 -0.204102 -0.125000 -1.625000 -1.625000 6.000000 1.000000 17.000000 -7.000000 20.000000 44.000000 -28.000000 -33.000000 -10.000000 -6.000000 -4.000000
0.962402 -0.202637 -0.202637 2.937500 -1.437500 -1.437500 6.000000 1.000000 17.000000 -2.000000 -38.000000 -49.000000 85.000000 66.000000 8.000000 3.000000 11.000000
0.965820 -0.189941 -0.189941 4.625000 -1.187500 -1.187500 6.000000 1.000000 17.000000 -10.000000 -19.000000 -6.000000 -32.000000 2.000000 0.000000 2.000000 2.000000
0.953613 -0.188477 -0.188477 5.437500 -1.687500 -1.687500 6.000000 1.000000 17.000000 -10.000000 -19.000000 -6.000000 -32.000000 2.000000 0.000000 2.000000 2.000000
0.959961 -0.175781 -0.175781 3.375000 -2.250000 -2.250000 6.000000 1.000000 17.000000 0.000000 -14.000000 -6.000000 88.000000 38.000000 5.000000 0.000000 -10.000000
0.963379 -0.184082 -0.184082 -0.062500 -2.375000 -2.375000 6.000000 1.000000 17.000000 5.000000 4.000000 25.000000 -22.000000 3.000000 1.000000 1.000000 -2.000000
0.961914 -0.203613 -0.203613 -1.937500 -2.437500 -2.437500 6.000000 1.000000 17.000000 -3.000000 -13.000000 -19.000000 -1.000000 -18.000000 -3.000000 -3.000000 -6.000000
0.969238 -0.216797 -0.216797 2.000000 -2.000000 -2.000000 6.000000 1.000000 0.000000 -3.000000 -13.000000 -19.000000 -1.000000 -18.000000 -3.000000 -3.000000 -6.000000
0.951660 -0.204590 -0.204590 9.812500 -1.187500 -1.187500 6.000000 1.000000 0.000000 -2.000000 -8.000000 36.000000 36.000000 28.000000 4.000000 1.000000 4.000000
0.948730 -0.172363 -0.172363 13.000000 -1.312500 -1.312500 6.000000 1.000000 0.000000 2.000000 12.000000 21.000000 -17.000000 -21.000000 -6.000000 0.000000 3.000000
0.949219 -0.162109 -0.162109 7.625000 -2.000000 -2.000000 6.000000 1.000000 0.000000 0.000000 7.000000 -11.000000 -22.000000 -5.000000 -3.000000 0.000000 3.000000
0.961914 -0.171387 -0.171387 2.125000 -3.312500 -3.312500 6.000000 1.000000 0.000000 0.000000 7.000000 -11.000000 -22.000000 -5.000000 -3.000000 0.000000 3.000000
0.966797 -0.184570 -0.184570 -0.437500 -4.125000 -4.125000 6.000000 1.000000 0.000000 0.000000 5.000000 10.000000 24.000000 8.000000 1.000000 1.000000 -2.000000
0.960449 -0.191895 -0.191895 1.562500 -3.250000 -3.250000 6.000000 1.000000 0.000000 0.000000 5.000000 10.000000 24.000000 8.000000 1.000000 1.000000 -2.000000
0.953125 -0.188477 -0.188477 5.000000 -2.500000 -2.500000 6.000000 1.000000 0.000000 -2.000000 -1.000000 6.000000 -59.000000 -34.000000 -9.000000 -5.000000 -3.000000
0.945312 -0.177734 -0.177734 5.875000 -2.375000 -2.375000 6.000000 1.000000 0.000000 -2.000000 -1.000000 6.000000 -59.000000 -34.000000 -9.000000 -5.000000 -3.000000
0.950684 -0.173828 -0.173828 3.375000 -2.625000 -2.625000 6.000000 1.000000 0.000000 1.000000 3.000000 36.000000 39.000000 1.000000 0.000000 -1.000000 -1.000000
0.958984 -0.180176 -0.180176 -0.125000 -2.437500 -2.437500 6.000000 1.000000 0.000000 1.000000 3.000000 36.000000 39.000000 1.000000 0.000000 -1.000000 -1.000000
0.958984 -0.181152 -0.181152 -1.937500 -1.937500 -1.937500 6.000000 1.000000 0.000000 -5.000000 -12.000000 -1.000000 -35.000000 5.000000 1.000000 -1.000000 -3.000000
