0.958008 -0.165039 -0.165039 0.625000 -1.375000 -1.375000 7.000000 1.000000 3.000000 -1.000000 -1.000000 0.000000 1.000000 0.000000 -1.000000 -1.000000 -1.000000
0.954590 -0.161621 -0.161621 1.437500 -1.062500 -1.062500 7.000000 1.000000 3.000000 -2.000000 -1.000000 0.000000 0.000000 0.000000 -2.000000 -2.000000 0.000000
0.950684 -0.153809 -0.153809 2.437500 -1.000000 -1.000000 7.000000 1.000000 3.000000 -3.000000 -2.000000 -2.000000 -6.000000 0.000000 -1.000000 -2.000000 -1.000000
0.954102 -0.150391 -0.150391 2.500000 -1.187500 -1.187500 7.000000 1.000000 3.000000 0.000000 -2.000000 -2.000000 7.000000 2.000000 -1.000000 -1.000000 -1.000000
0.951660 -0.147949 -0.147949 1.687500 -1.187500 -1.187500 7.000000 1.000000 3.000000 -1.000000 -1.000000 -1.000000 -1.000000 1.000000 -1.000000 -1.000000 0.000000
0.952637 -0.158691 -0.158691 0.625000 -1.625000 -1.625000 7.000000 1.000000 3.000000 -1.000000 -2.000000 -4.000000 -1.000000 0.000000 -1.000000 -1.000000 -2.000000
0.958008 -0.159180 -0.159180 0.687500 -2.000000 -2.000000 7.000000 1.000000 3.000000 -2.000000 -3.000000 1.000000 -2.000000 0.000000 -2.000000 -2.000000 -2.000000
0.958496 -0.157715 -0.157715 2.187500 -2.250000 -2.250000 7.000000 1.000000 3.000000 -2.000000 -3.000000 1.000000 -2.000000 0.000000 -2.000000 -2.000000 -2.000000
0.957031 -0.146973 -0.146973 2.562500 -2.187500 -2.187500 7.000000 1.000000 3.000000 -1.000000 -2.000000 -3.000000 -2.000000 -2.000000 -1.000000 -1.000000 -1.000000
0.954590 -0.144531 -0.144531 1.187500 -2.562500 -2.562500 7.000000 1.000000 3.000000 -1.000000 -2.000000 0.000000 -1.000000 -1.000000 -2.000000 -2.000000 -2.000000
0.952637 -0.148438 -0.148438 -0.750000 -2.500000 -2.500000 7.000000 1.000000 3.000000 0.000000 -2.000000 -3.000000 -1.000000 -1.000000 -3.000000 0.000000 -1.000000
0.953125 -0.159180 -0.159180 -1.000000 -2.437500 -2.437500 7.000000 1.000000 3.000000 -2.000000 -1.000000 -1.000000 -1.000000 1.000000 -2.000000 -1.000000 -1.000000
0.953613 -0.164551 -0.164551 1.312500 -1.937500 -1.937500 7.000000 1.000000 3.000000 -1.000000 -2.000000 -7.000000 -4.000000 1.000000 -2.000000 -2.000000 0.000000
0.957031 -0.153320 -0.153320 2.687500 -1.562500 -1.562500 7.000000 1.000000 3.000000 -1.000000 -2.000000 -7.000000 -4.000000 1.000000 -2.000000 -2.000000 0.000000
0.963867 -0.104004 -0.104004 1.750000 -2.437500 -2.437500 7.000000 1.000000 3.000000 -1.000000 -2.000000 -7.000000 -4.000000 0.000000 -2.000000 0.000000 -1.000000
0.985352 -0.053711 -0.053711 -13.312500 -5.187500 -5.187500 7.000000 1.000000 3.000000 -1.000000 -2.000000 -7.000000 -4.000000 0.000000 -2.000000 0.000000 -1.000000
1.007812 -0.117676 -0.117676 -23.437500 1.375000 1.375000 7.000000 1.000000 3.000000 -2.000000 -4.000000 3.000000 5.000000 0.000000 -2.000000 -1.000000 -2.000000
1.097656 -0.164551 -0.164551 -35.250000 9.812500 9.812500 7.000000 1.000000 3.000000 -1.000000 -2.000000 -1.000000 -7.000000 -1.000000 -2.000000 -1.000000 -2.000000
1.171387 -0.054199 -0.054199 -103.437500 31.312500 31.312500 7.000000 1.000000 3.000000 -2.000000 -1.000000 -5.000000 -3.000000 -1.000000 -1.000000 -2.000000 -3.000000
1.071289 -0.165039 -0.165039 -181.187500 48.250000 48.250000 6.000000 1.000000 3.000000 -1.000000 -2.000000 2.000000 2.000000 -1.000000 0.000000 -1.000000 -1.000000
1.050293 -0.331543 -0.331543 -216.812500 65.250000 65.250000 6.000000 1.000000 3.000000 -1.000000 1.000000 1.000000 -1.000000 -1.000000 -2.000000 -1.000000 -1.000000
1.194824 -0.653809 -0.653809 -210.875000 84.000000 84.000000 6.000000 2.000000 3.000000 -1.000000 1.000000 1.000000 -1.000000 -1.000000 -2.000000 -1.000000 -1.000000
1.265625 -0.965332 -0.965332 -153.187500 111.062500 111.062500 6.000000 2.000000 3.000000 -3.000000 -3.000000 -15.000000 -1.000000 1.000000 -1.000000 -2.000000 -3.000000
1.263184 -1.046387 -1.046387 -74.062500 127.062500 127.062500 6.000000 3.000000 3.000000 -2.000000 -2.000000 -2.000000 -26.000000 -9.000000 -2.000000 0.000000 -3.000000
0.995605 -1.046387 -1.046387 -49.625000 137.750000 137.750000 6.000000 3.000000 3.000000 -2.000000 -1.000000 2.000000 11.000000 -1.000000 -2.000000 -3.000000 -1.000000
0.842773 -1.200195 -1.200195 -44.687500 143.187500 143.187500 5.000000 4.000000 3.000000 -1.000000 -1.000000 6.000000 -19.000000 4.000000 0.000000 -1.000000 -1.000000
0.685059 -1.244141 -1.244141 3.187500 157.187500 157.187500 5.000000 5.000000 3.000000 1.000000 2.000000 -18.000000 31.000000 43.000000 4.000000 2.000000 0.000000
0.431152 -1.049316 -1.049316 51.250000 165.250000 165.250000 5.000000 6.000000 3.000000 1.000000 2.000000 -18.000000 31.000000 43.000000 4.000000 2.000000 0.000000
0.369629 -1.069824 -1.069824 38.500000 161.875000 161.875000 6.000000 6.000000 3.000000 6.000000 40.000000 -10.000000 85.000000 30.000000 5.000000 1.000000 1.000000
0.426270 -0.998535 -0.998535 46.812500 157.187500 157.187500 6.000000 7.000000 3.000000 -4.000000 4.000000 -4.000000 -87.000000 -22.000000 -8.000000 -4.000000 -1.000000
0.312988 -0.819336 -0.819336 70.437500 148.375000 148.375000 6.000000 8.000000 4.000000 -3.000000 4.000000 -3.000000 76.000000 -12.000000 -5.000000 -4.000000 -4.000000
0.120117 -0.586914 -0.586914 67.937500 133.000000 133.000000 6.000000 9.000000 4.000000 -4.000000 -57.000000 2.000000 -50.000000 -31.000000 -8.000000 -2.000000 0.000000
-0.002441 -0.527832 -0.527832 42.750000 111.187500 111.187500 6.000000 10.000000 4.000000 10.000000 70.000000 80.000000 66.000000 67.000000 14.000000 2.000000 2.000000
-0.108398 -0.659180 -0.659180 47.312500 94.812500 94.812500 6.000000 10.000000 4.000000 -20.000000 -44.000000 -48.000000 -21.000000 -51.000000 -10.000000 -5.000000 -10.000000
-0.125000 -0.582520 -0.582520 96.437500 87.687500 87.687500 6.000000 11.000000 4.000000 -1.000000 72.000000 -10.000000 19.000000 55.000000 11.000000 3.000000 -2.000000
-0.168457 -0.428223 -0.428223 114.875000 81.625000 81.625000 6.000000 12.000000 4.000000 -5.000000 -16.000000 -19.000000 -70.000000 -20.000000 -6.000000 -3.000000 -3.000000
-0.228027 -0.327148 -0.327148 102.875000 73.812500 73.812500 6.000000 12.000000 4.000000 -1.000000 28.000000 -7.000000 18.000000 -33.000000 -11.000000 -5.000000 -4.000000
-0.348145 -0.270508 -0.270508 74.312500 64.812500 64.812500 7.000000 12.000000 5.000000 -1.000000 28.000000 -7.000000 18.000000 -33.000000 -11.000000 -5.000000 -4.000000
-0.468750 -0.319336 -0.319336 39.437500 51.000000 51.000000 7.000000 13.000000 5.000000 8.000000 20.000000 69.000000 52.000000 38.000000 0.000000 2.000000 2.000000
-0.473145 -0.400879 -0.400879 35.812500 37.437500 37.437500 7.000000 13.000000 5.000000 8.000000 20.000000 69.000000 52.000000 38.000000 0.000000 2.000000 2.000000
-0.398926 -0.318359 -0.318359 47.625000 30.687500 30.687500 7.000000 13.000000 5.000000 -3.000000 33.000000 11.000000 127.000000 62.000000 19.000000 4.000000 -2.000000
-0.475098 -0.232910 -0.232910 47.312500 27.687500 27.687500 7.000000 13.000000 5.000000 -3.000000 33.000000 11.000000 127.000000 62.000000 19.000000 4.000000 -2.000000
-0.601562 -0.207031 -0.207031 9.062500 19.000000 19.000000 7.000000 13.000000 5.000000 -1.000000 -5.000000 -29.000000 7.000000 -9.000000 -30.000000 -2.000000 0.000000
-0.555176 -0.261230 -0.261230 -9.875000 12.500000 12.500000 7.000000 13.000000 5.000000 -1.000000 -21.000000 -7.000000 3.000000 26.000000 45.000000 2.000000 -2.000000
-0.565918 -0.276855 -0.276855 1.437500 5.687500 5.687500 7.000000 14.000000 5.000000 1.000000 -4.000000 48.000000 -18.000000 -12.000000 -41.000000 -1.000000 1.000000
-0.606934 -0.249023 -0.249023 10.187500 3.562500 3.562500 7.000000 14.000000 5.000000 -7.000000 4.000000 -38.000000 -69.000000 -32.000000 61.000000 -10.000000 -8.000000
-0.567383 -0.128906 -0.128906 14.437500 7.437500 7.437500 7.000000 14.000000 5.000000 1.000000 4.000000 -2.000000 107.000000 46.000000 19.000000 13.000000 4.000000
-0.626953 -0.375000 -0.375000 25.812500 18.875000 18.875000 7.000000 13.000000 5.000000 1.000000 4.000000 -2.000000 107.000000 46.000000 19.000000 13.000000 4.000000
-0.752930 -0.350098 -0.350098 80.687500 33.125000 33.125000 7.000000 14.000000 5.000000 -8.000000 -25.000000 -9.000000 -19.000000 -27.000000 15.000000 1.000000 -2.000000
-0.951172 -0.169922 -0.169922 89.500000 39.312500 39.312500 7.000000 14.000000 5.000000 0.000000 7.000000 -19.000000 -9.000000 -9.000000 -17.000000 -11.000000 -3.000000
-0.981445 -0.109375 -0.109375 57.375000 41.312500 41.312500 7.000000 14.000000 5.000000 -5.000000 -9.000000 10.000000 11.000000 40.000000 -53.000000 0.000000 -2.000000
-0.928223 -0.337402 -0.337402 52.937500 45.937500 45.937500 7.000000 14.000000 5.000000 -5.000000 -9.000000 10.000000 11.000000 40.000000 -53.000000 0.000000 -2.000000
-1.008789 -0.274902 -0.274902 83.562500 42.875000 42.875000 7.000000 14.000000 5.000000 -9.000000 -5.000000 -13.000000 -22.000000 -14.000000 10.000000 -8.000000 -6.000000
-1.031738 -0.187988 -0.187988 79.375000 33.750000 33.750000 8.000000 14.000000 5.000000 -2.000000 -5.000000 -2.000000 43.000000 -89.000000 -36.000000 -9.000000 -3.000000
-1.012695 -0.104492 -0.104492 63.750000 25.250000 25.250000 8.000000 14.000000 5.000000 2.000000 2.000000 7.000000 -66.000000 -25.000000 -44.000000 2.000000 4.000000
-0.975098 -0.069824 -0.069824 37.187500 18.625000 18.625000 8.000000 14.000000 5.000000 1.000000 5.000000 -11.000000 -55.000000 34.000000 51.000000 -4.000000 -2.000000
-0.891602 -0.142090 -0.142090 23.187500 12.687500 12.687500 8.000000 14.000000 5.000000 4.000000 -2.000000 14.000000 -20.000000 -72.000000 -87.000000 -14.000000 -5.000000
-0.865234 -0.068848 -0.068848 27.000000 1.250000 1.250000 8.000000 14.000000 5.000000 4.000000 -2.000000 14.000000 -20.000000 -72.000000 -87.000000 -14.000000 -5.000000
-0.838867 -0.023926 -0.023926 12.125000 -12.562500 -12.562500 8.000000 14.000000 6.000000 -6.000000 -7.000000 26.000000 20.000000 18.000000 -61.000000 0.000000 -6.000000
-0.731934 -0.001953 -0.001953 5.125000 -18.437500 -18.437500 8.000000 14.000000 6.000000 -6.000000 -7.000000 26.000000 20.000000 18.000000 -61.000000 0.000000 -6.000000
-0.724121 0.004883 0.004883 -3.062500 -18.375000 -18.375000 8.000000 14.000000 6.000000 -4.000000 -6.000000 22.000000 77.000000 53.000000 -7.000000 3.000000 -1.000000
-0.610352 0.055664 0.055664 -3.312500 -14.875000 -14.875000 8.000000 14.000000 6.000000 -4.000000 -6.000000 22.000000 77.000000 53.000000 -7.000000 3.000000 -1.000000
-0.677734 0.046875 0.046875 12.625000 -9.062500 -9.062500 8.000000 14.000000 6.000000 -5.000000 -6.000000 -38.000000 -27.000000 -23.000000 -6.000000 8.000000 3.000000
-0.777832 -0.055664 -0.055664 5.562500 -8.000000 -8.000000 8.000000 14.000000 6.000000 -5.000000 -6.000000 -38.000000 -27.000000 -23.000000 -6.000000 8.000000 3.000000
-0.866699 -0.035645 -0.035645 2.500000 -10.750000 -10.750000 8.000000 14.000000 6.000000 -10.000000 -16.000000 12.000000 -46.000000 -75.000000 -51.000000 -5.000000 0.000000
-0.895020 -0.056641 -0.056641 -17.875000 -13.687500 -13.687500 8.000000 14.000000 6.000000 10.000000 18.000000 -36.000000 -81.000000 21.000000 21.000000 0.000000 -2.000000
-0.787598 -0.074219 -0.074219 -14.187500 -7.812500 -7.812500 8.000000 14.000000 6.000000 1.000000 2.000000 20.000000 29.000000 55.000000 -28.000000 15.000000 3.000000
-0.791016 -0.013672 -0.013672 6.875000 3.375000 3.375000 8.000000 14.000000 6.000000 6.000000 11.000000 9.000000 55.000000 17.000000 24.000000 -2.000000 2.000000
-0.799316 0.032715 0.032715 7.875000 8.437500 8.437500 8.000000 14.000000 6.000000 0.000000 -2.000000 31.000000 -5.000000 67.000000 32.000000 -2.000000 -1.000000
-0.818359 0.017578 0.017578 0.625000 3.750000 3.750000 8.000000 14.000000 6.000000 0.000000 -1.000000 10.000000 -49.000000 -69.000000 -23.000000 -8.000000 -3.000000
-0.764648 -0.019043 -0.019043 -1.375000 -5.437500 -5.437500 8.000000 14.000000 6.000000 -5.000000 5.000000 -14.000000 55.000000 -1.000000 -23.000000 2.000000 0.000000
-0.713867 -0.041504 -0.041504 1.250000 -12.500000 -12.500000 8.000000 14.000000 6.000000 -6.000000 -1.000000 15.000000 -113.000000 10.000000 20.000000 -4.000000 -5.000000
-0.628418 -0.039551 -0.039551 5.875000 -13.312500 -13.312500 8.000000 14.000000 6.000000 -2.000000 -1.000000 12.000000 -13.000000 -15.000000 -17.000000 -3.000000 -4.000000
-0.559082 -0.067871 -0.067871 0.000000 -19.437500 -19.437500 8.000000 14.000000 6.000000 0.000000 -5.000000 -6.000000 39.000000 43.000000 23.000000 5.000000 2.000000
-0.453125 -0.114258 -0.114258 -6.750000 -32.875000 -32.875000 8.000000 14.000000 6.000000 -8.000000 -23.000000 1.000000 27.000000 -78.000000 -41.000000 -12.000000 -7.000000
-0.403320 -0.120605 -0.120605 -11.937500 -51.875000 -51.875000 8.000000 14.000000 5.000000 -3.000000 -10.000000 17.000000 27.000000 23.000000 17.000000 -6.000000 -1.000000
-0.405273 -0.143066 -0.143066 -22.812500 -69.250000 -69.250000 8.000000 14.000000 5.000000 1.000000 1.000000 16.000000 -18.000000 12.000000 -3.000000 5.000000 0.000000
-0.453613 -0.179688 -0.179688 -32.812500 -78.125000 -78.125000 8.000000 13.000000 5.000000 1.000000 1.000000 16.000000 -18.000000 12.000000 -3.000000 5.000000 0.000000
-0.502930 -0.259277 -0.259277 -41.062500 -91.500000 -91.500000 8.000000 13.000000 5.000000 2.000000 -7.000000 19.000000 -25.000000 -35.000000 -26.000000 -1.000000 2.000000
-0.579590 -0.313477 -0.313477 -52.625000 -147.312500 -147.312500 7.000000 12.000000 4.000000 -2.000000 -11.000000 -59.000000 -108.000000 -36.000000 -13.000000 -10.000000 -3.000000
-0.625000 -0.306152 -0.306152 -81.062500 -170.375000 -170.375000 7.000000 12.000000 4.000000 -4.000000 2.000000 3.000000 42.000000 22.000000 -15.000000 -8.000000 -3.000000
-0.608398 -0.375000 -0.375000 -99.312500 -181.375000 -181.375000 7.000000 11.000000 4.000000 -3.000000 -3.000000 2.000000 23.000000 28.000000 21.000000 1.000000 -2.000000
-0.492676 -0.565430 -0.565430 -95.125000 -179.250000 -179.250000 7.000000 11.000000 4.000000 -2.000000 3.000000 10.000000 -57.000000 -28.000000 -10.000000 0.000000 0.000000
-0.354492 -0.703613 -0.703613 -66.000000 -171.500000 -171.500000 7.000000 10.000000 4.000000 10.000000 13.000000 -37.000000 100.000000 30.000000 -1.000000 4.000000 9.000000
-0.353027 -0.614258 -0.614258 -3.937500 -166.562500 -166.562500 7.000000 9.000000 4.000000 -6.000000 4.000000 -39.000000 -88.000000 -25.000000 -2.000000 -7.000000 -11.000000
-0.486328 -0.432617 -0.432617 11.437500 -178.750000 -178.750000 7.000000 9.000000 4.000000 -6.000000 4.000000 -39.000000 -88.000000 -25.000000 -2.000000 -7.000000 -11.000000
-0.416504 -0.458496 -0.458496 -35.437500 -198.125000 -198.125000 6.000000 8.000000 4.000000 -1.000000 8.000000 -42.000000 95.000000 13.000000 -11.000000 3.000000 3.000000
-0.021484 -0.760254 -0.760254 -78.812500 -206.625000 -206.625000 6.000000 8.000000 4.000000 -9.000000 -10.000000 106.000000 32.000000 -27.000000 -11.000000 -9.000000 -6.000000
0.165527 -0.838867 -0.838867 -22.875000 -193.187500 -193.187500 6.000000 7.000000 4.000000 1.000000 4.000000 9.000000 104.000000 25.000000 7.000000 1.000000 0.000000
0.033203 -0.556152 -0.556152 46.625000 -202.500000 -202.500000 6.000000 7.000000 4.000000 3.000000 -3.000000 33.000000 127.000000 19.000000 11.000000 5.000000 2.000000
0.018555 -0.317871 -0.317871 21.937500 -225.250000 -225.250000 6.000000 6.000000 4.000000 2.000000 1.000000 16.000000 -23.000000 22.000000 -1.000000 0.000000 2.000000
0.410645 -0.588867 -0.588867 -65.437500 -231.000000 -231.000000 6.000000 5.000000 4.000000 -3.000000 -4.000000 79.000000 64.000000 43.000000 6.000000 2.000000 2.000000
0.975586 -0.996582 -0.996582 -54.562500 -198.437500 -198.437500 6.000000 5.000000 4.000000 3.000000 -7.000000 -37.000000 -95.000000 -24.000000 -3.000000 4.000000 2.000000
1.054688 -0.856445 -0.856445 67.937500 -165.750000 -165.750000 6.000000 4.000000 4.000000 3.000000 8.000000 11.000000 33.000000 1.000000 1.000000 -1.000000 -1.000000
0.775879 -0.430176 -0.430176 104.750000 -160.937500 -160.937500 7.000000 4.000000 3.000000 -7.000000 -16.000000 -24.000000 33.000000 -35.000000 -8.000000 -2.000000 -3.000000
0.754883 -0.277832 -0.277832 14.125000 -171.062500 -171.062500 7.000000 3.000000 3.000000 -1.000000 3.000000 8.000000 -48.000000 5.000000 -1.000000 -4.000000 -2.000000
1.062988 -0.455078 -0.455078 -67.812500 -164.875000 -164.875000 7.000000 3.000000 3.000000 -3.000000 0.000000 3.000000 44.000000 4.000000 -8.000000 -5.000000 -1.000000
1.263672 -0.552734 -0.552734 -54.437500 -139.812500 -139.812500 7.000000 2.000000 3.000000 -4.000000 -3.000000 -22.000000 -62.000000 -6.000000 0.000000 -3.000000 -4.000000
1.200684 -0.440430 -0.440430 -19.000000 -114.875000 -114.875000 7.000000 2.000000 3.000000 -2.000000 5.000000 -36.000000 -83.000000 -6.000000 -8.000000 -7.000000 -2.000000
1.173828 -0.272461 -0.272461 -25.500000 -99.250000 -99.250000 7.000000 2.000000 3.000000 -2.000000 5.000000 -36.000000 -83.000000 -6.000000 -8.000000 -7.000000 -2.000000
1.196289 -0.204590 -0.204590 -36.062500 -83.375000 -83.375000 7.000000 1.000000 3.000000 -3.000000 1.000000 35.000000 -25.000000 -18.000000 -8.000000 -6.000000 -5.000000
1.143555 -0.208984 -0.208984 -28.500000 -66.937500 -66.937500 7.000000 1.000000 3.000000 1.000000 -2.000000 -21.000000 -65.000000 -48.000000 -7.000000 -2.000000 1.000000
1.101074 -0.106934 -0.106934 -10.000000 -54.937500 -54.937500 7.000000 1.000000 2.000000 -3.000000 -2.000000 -25.000000 -61.000000 -26.000000 9.000000 9.000000 -1.000000
1.139648 -0.026367 -0.026367 -7.812500 -48.687500 -48.687500 8.000000 1.000000 2.000000 -3.000000 -2.000000 -25.000000 -61.000000 -26.000000 9.000000 9.000000 -1.000000
1.083496 -0.030273 -0.030273 -21.000000 -22.312500 -22.312500 8.000000 1.000000 2.000000 -1.000000 -5.000000 -26.000000 -28.000000 -16.000000 -18.000000 -9.000000 -2.000000
1.068359 -0.067871 -0.067871 -21.375000 -12.750000 -12.750000 8.000000 1.000000 2.000000 -1.000000 -5.000000 -26.000000 -28.000000 -16.000000 -18.000000 -9.000000 -2.000000
1.041016 -0.125000 -0.125000 -18.875000 -7.625000 -7.625000 8.000000 1.000000 2.000000 -7.000000 1.000000 -20.000000 29.000000 10.000000 19.000000 6.000000 -6.000000
0.995605 -0.174805 -0.174805 -10.500000 -1.312500 -1.312500 8.000000 1.000000 2.000000 -3.000000 -2.000000 -13.000000 -38.000000 9.000000 3.000000 2.000000 -2.000000
0.952148 -0.170410 -0.170410 0.375000 2.937500 2.937500 8.000000 1.000000 2.000000 2.000000 8.000000 28.000000 -19.000000 18.000000 1.000000 1.000000 3.000000
0.937500 -0.150391 -0.150391 1.687500 5.437500 5.437500 8.000000 1.000000 2.000000 2.000000 8.000000 28.000000 -19.000000 18.000000 1.000000 1.000000 3.000000
0.923340 -0.152344 -0.152344 -1.375000 6.375000 6.375000 8.000000 1.000000 2.000000 -3.000000 -2.000000 33.000000 36.000000 -6.000000 -8.000000 -3.000000 0.000000
0.923340 -0.178223 -0.178223 -0.875000 5.125000 5.125000 8.000000 1.000000 2.000000 5.000000 3.000000 -7.000000 -6.000000 14.000000 1.000000 1.000000 1.000000
0.941406 -0.181641 -0.181641 9.500000 3.187500 3.187500 8.000000 1.000000 2.000000 1.000000 -4.000000 -19.000000 -71.000000 -10.000000 -6.000000 -7.000000 -2.000000
0.957031 -0.148926 -0.148926 18.187500 2.750000 2.750000 8.000000 1.000000 2.000000 1.000000 -4.000000 -19.000000 -71.000000 -10.000000 -6.000000 -7.000000 -2.000000
0.965332 -0.118652 -0.118652 21.375000 2.125000 2.125000 8.000000 1.000000 2.000000 -3.000000 -2.000000 9.000000 -13.000000 -4.000000 -5.000000 -4.000000 -2.000000
0.966309 -0.089844 -0.089844 18.687500 1.312500 1.312500 8.000000 1.000000 2.000000 -4.000000 -9.000000 -34.000000 32.000000 12.000000 2.000000 2.000000 -3.000000
0.962402 -0.073730 -0.073730 12.000000 0.187500 0.187500 8.000000 1.000000 2.000000 0.000000 3.000000 19.000000 -11.000000 -7.000000 -10.000000 -9.000000 -3.000000
0.953125 -0.079102 -0.079102 3.687500 -1.312500 -1.312500 8.000000 1.000000 2.000000 0.000000 3.000000 19.000000 -11.000000 -7.000000 -10.000000 -9.000000 -3.000000
0.950195 -0.093262 -0.093262 -0.125000 -4.000000 -4.000000 8.000000 1.000000 2.000000 -3.000000 -4.000000 -20.000000 -83.000000 -13.000000 -2.000000 0.000000 -1.000000
0.957520 -0.105469 -0.105469 -2.187500 -4.250000 -4.250000 8.000000 1.000000 2.000000 3.000000 3.000000 -15.000000 48.000000 26.000000 5.000000 -1.000000 -1.000000
0.958496 -0.114258 -0.114258 1.062500 -3.500000 -3.500000 8.000000 1.000000 2.000000 1.000000 8.000000 -4.000000 -42.000000 -17.000000 -8.000000 -7.000000 -2.000000
0.972168 -0.105469 -0.105469 6.062500 -3.375000 -3.375000 8.000000 1.000000 2.000000 1.000000 8.000000 -4.000000 -42.000000 -17.000000 -8.000000 -7.000000 -2.000000
0.979980 -0.081055 -0.081055 9.000000 -3.250000 -3.250000 8.000000 1.000000 2.000000 3.000000 11.000000 5.000000 -19.000000 -6.000000 -2.000000 -3.000000 -3.000000
0.981934 -0.073730 -0.073730 7.187500 -2.812500 -2.812500 8.000000 1.000000 2.000000 3.000000 11.000000 5.000000 -19.000000 -6.000000 -2.000000 -3.000000 -3.000000
0.976562 -0.088867 -0.088867 3.937500 -2.437500 -2.437500 8.000000 1.000000 2.000000 -7.000000 -2.000000 16.000000 32.000000 28.000000 11.000000 8.000000 -1.000000
0.962891 -0.109375 -0.109375 2.375000 -1.812500 -1.812500 8.000000 1.000000 2.000000 -7.000000 -2.000000 16.000000 32.000000 28.000000 11.000000 8.000000 -1.000000
0.969727 -0.097656 -0.097656 1.687500 -1.562500 -1.562500 8.000000 1.000000 2.000000 0.000000 1.000000 10.000000 34.000000 26.000000 5.000000 0.000000 0.000000
0.965332 -0.087402 -0.087402 -1.062500 -1.750000 -1.750000 8.000000 1.000000 2.000000 0.000000 1.000000 10.000000 34.000000 26.000000 5.000000 0.000000 0.000000
0.954590 -0.111328 -0.111328 -4.875000 -1.500000 -1.500000 7.000000 1.000000 2.000000 6.000000 7.000000 5.000000 30.000000 21.000000 3.000000 0.000000 3.000000
0.953125 -0.134766 -0.134766 -1.625000 -1.625000 -1.625000 7.000000 1.000000 2.000000 -3.000000 -4.000000 9.000000 -1.000000 -11.000000 -4.000000 -3.000000 -2.000000
0.954102 -0.128418 -0.128418 5.187500 -1.687500 -1.687500 7.000000 1.000000 2.000000 -8.000000 -8.000000 -10.000000 -45.000000 1.000000 -2.000000 -2.000000 -3.000000
0.948730 -0.110840 -0.110840 7.812500 -1.375000 -1.375000 7.000000 1.000000 2.000000 2.000000 -2.000000 -18.000000 -60.000000 -9.000000 -4.000000 -1.000000 1.000000
0.948242 -0.102051 -0.102051 6.437500 -1.937500 -1.937500 7.000000 1.000000 2.000000 0.000000 9.000000 67.000000 62.000000 5.000000 -4.000000 -5.000000 0.000000
0.949707 -0.095215 -0.095215 3.812500 -2.000000 -2.000000 7.000000 1.000000 2.000000 0.000000 9.000000 67.000000 62.000000 5.000000 -4.000000 -5.000000 0.000000
0.961426 -0.097656 -0.097656 2.125000 -2.187500 -2.187500 7.000000 1.000000 2.000000 -4.000000 -2.000000 3.000000 26.000000 12.000000 1.000000 1.000000 -3.000000
0.968262 -0.103516 -0.103516 0.937500 -2.000000 -2.000000 8.000000 1.000000 2.000000 -2.000000 -17.000000 -53.000000 -97.000000 -29.000000 -15.000000 -9.000000 -1.000000
0.967773 -0.104004 -0.104004 0.375000 -2.312500 -2.312500 8.000000 1.000000 2.000000 1.000000 -11.000000 -49.000000 -73.000000 -6.000000 -5.000000 -1.000000 0.000000
0.960449 -0.102539 -0.102539 -0.625000 -2.250000 -2.250000 8.000000 1.000000 2.000000 1.000000 -11.000000 -49.000000 -73.000000 -6.000000 -5.000000 -1.000000 0.000000
0.964355 -0.108398 -0.108398 -1.812500 -3.000000 -3.000000 8.000000 1.000000 2.000000 6.000000 -1.000000 -14.000000 74.000000 39.000000 7.000000 4.000000 4.000000
0.960449 -0.118164 -0.118164 -2.500000 -2.437500 -2.437500 8.000000 1.000000 2.000000 -10.000000 -6.000000 32.000000 37.000000 3.000000 -11.000000 -3.000000 -5.000000
0.964844 -0.115234 -0.115234 -0.437500 -1.812500 -1.812500 8.000000 1.000000 2.000000 -3.000000 -6.000000 18.000000 -61.000000 5.000000 5.000000 3.000000 1.000000
0.976562 -0.108887 -0.108887 1.125000 -1.375000 -1.375000 8.000000 1.000000 2.000000 -3.000000 -6.000000 18.000000 -61.000000 5.000000 5.000000 3.000000 1.000000
0.971191 -0.100586 -0.100586 1.812500 -1.062500 -1.062500 8.000000 1.000000 2.000000 -4.000000 0.000000 30.000000 -10.000000 12.000000 4.000000 -3.000000 -1.000000
0.972656 -0.108398 -0.108398 0.625000 -0.750000 -0.750000 8.000000 1.000000 2.000000 -3.000000 -7.000000 -50.000000 -61.000000 -26.000000 -10.000000 -8.000000 -3.000000
