0.967773 -0.130859 -0.130859 -0.937500 -1.625000 -1.625000 7.000000 1.000000 3.000000 -1.000000 -2.000000 -2.000000 -9.000000 -3.000000 -2.000000 -1.000000 -2.000000
0.973145 -0.140137 -0.140137 -1.625000 -1.812500 -1.812500 7.000000 1.000000 3.000000 -1.000000 -2.000000 -2.000000 -9.000000 -3.000000 -2.000000 -1.000000 -2.000000
0.969727 -0.137695 -0.137695 -0.812500 -1.750000 -1.750000 7.000000 1.000000 3.000000 -3.000000 -2.000000 -2.000000 6.000000 -1.000000 -1.000000 -2.000000 -2.000000
0.965332 -0.140137 -0.140137 1.187500 -1.562500 -1.562500 7.000000 1.000000 3.000000 -3.000000 -2.000000 -2.000000 6.000000 -1.000000 -1.000000 -2.000000 -2.000000
0.962402 -0.128906 -0.128906 1.187500 -1.562500 -1.562500 7.000000 1.000000 3.000000 -2.000000 -1.000000 1.000000 12.000000 6.000000 -1.000000 -1.000000 -2.000000
0.960449 -0.128906 -0.128906 0.500000 -1.687500 -1.687500 7.000000 1.000000 3.000000 -2.000000 -1.000000 1.000000 12.000000 6.000000 -1.000000 -1.000000 -2.000000
0.965820 -0.136719 -0.136719 -0.250000 -1.812500 -1.812500 7.000000 1.000000 3.000000 -2.000000 -3.000000 0.000000 2.000000 1.000000 -1.000000 -3.000000 -2.000000
0.961914 -0.136230 -0.136230 0.375000 -1.437500 -1.437500 7.000000 1.000000 3.000000 -1.000000 -2.000000 -1.000000 -6.000000 -2.000000 -2.000000 -2.000000 -2.000000
0.962402 -0.135254 -0.135254 1.250000 -1.312500 -1.312500 7.000000 1.000000 3.000000 -2.000000 -2.000000 -1.000000 -4.000000 0.000000 -2.000000 -2.000000 0.000000
0.964355 -0.130859 -0.130859 0.937500 -1.312500 -1.312500 7.000000 1.000000 3.000000 0.000000 0.000000 -2.000000 -12.000000 -5.000000 -3.000000 -1.000000 0.000000
0.968750 -0.136719 -0.136719 0.250000 -1.187500 -1.187500 7.000000 1.000000 3.000000 -2.000000 -3.000000 -2.000000 4.000000 1.000000 -1.000000 -1.000000 -1.000000
0.969238 -0.137695 -0.137695 0.000000 -0.937500 -0.937500 7.000000 1.000000 3.000000 0.000000 -1.000000 -3.000000 -14.000000 -2.000000 -2.000000 -2.000000 0.000000
0.964355 -0.138184 -0.138184 0.875000 -0.937500 -0.937500 7.000000 1.000000 3.000000 -1.000000 -1.000000 -2.000000 -13.000000 -3.000000 -3.000000 -2.000000 -1.000000
0.959961 -0.130859 -0.130859 1.562500 -0.562500 -0.562500 7.000000 1.000000 3.000000 -1.000000 -1.000000 -2.000000 -13.000000 -3.000000 -3.000000 -2.000000 -1.000000
0.973145 -0.136230 -0.136230 0.812500 -1.375000 -1.375000 7.000000 1.000000 3.000000 -1.000000 -1.000000 -1.000000 12.000000 1.000000 -2.000000 -2.000000 -1.000000
0.987793 -0.079590 -0.079590 4.500000 -0.687500 -0.687500 7.000000 1.000000 3.000000 -1.000000 -1.000000 -1.000000 12.000000 1.000000 -2.000000 -2.000000 -1.000000
1.042480 -0.058105 -0.058105 -13.750000 6.562500 6.562500 7.000000 1.000000 3.000000 -2.000000 -4.000000 -1.000000 7.000000 2.000000 1.000000 -1.000000 -1.000000
1.068848 -0.076660 -0.076660 -36.750000 12.500000 12.500000 7.000000 1.000000 3.000000 -2.000000 -4.000000 -1.000000 7.000000 2.000000 1.000000 -1.000000 -1.000000
1.031738 -0.136719 -0.136719 -28.312500 16.687500 16.687500 7.000000 1.000000 3.000000 0.000000 -3.000000 -2.000000 -15.000000 -3.000000 -1.000000 -2.000000 0.000000
1.118652 -0.275391 -0.275391 -44.562500 33.687500 33.687500 7.000000 1.000000 3.000000 -1.000000 0.000000 -2.000000 -3.000000 -3.000000 -3.000000 -2.000000 -2.000000
1.224121 -0.326660 -0.326660 -54.500000 61.375000 61.375000 7.000000 1.000000 3.000000 -2.000000 -2.000000 1.000000 2.000000 3.000000 -1.000000 -1.000000 -2.000000
1.209961 -0.441895 -0.441895 -41.250000 94.062500 94.062500 6.000000 2.000000 3.000000 -2.000000 -2.000000 1.000000 2.000000 3.000000 -1.000000 -1.000000 -2.000000
1.289551 -0.378418 -0.378418 -64.062500 127.250000 127.250000 6.000000 2.000000 3.000000 0.000000 -1.000000 -3.000000 5.000000 -1.000000 -3.000000 -2.000000 -3.000000
1.246094 -0.470703 -0.470703 -107.812500 156.312500 156.312500 6.000000 2.000000 3.000000 0.000000 -1.000000 -3.000000 5.000000 -1.000000 -3.000000 -2.000000 -3.000000
1.076660 -0.623535 -0.623535 -136.312500 173.625000 173.625000 6.000000 3.000000 3.000000 -2.000000 -3.000000 -1.000000 6.000000 1.000000 -2.000000 -2.000000 -1.000000
0.877930 -1.264648 -1.264648 -101.625000 182.062500 182.062500 6.000000 4.000000 3.000000 -2.000000 -3.000000 -1.000000 6.000000 1.000000 -2.000000 -2.000000 -1.000000
0.876953 -1.195801 -1.195801 1.687500 191.687500 191.687500 6.000000 5.000000 3.000000 -1.000000 -3.000000 4.000000 19.000000 16.000000 3.000000 1.000000 0.000000
0.268066 -0.760254 -0.760254 26.875000 181.812500 181.812500 6.000000 6.000000 3.000000 -1.000000 -3.000000 4.000000 19.000000 16.000000 3.000000 1.000000 0.000000
0.246094 -0.943359 -0.943359 -12.812500 162.750000 162.750000 6.000000 7.000000 3.000000 -1.000000 0.000000 -2.000000 -27.000000 -4.000000 -2.000000 -1.000000 -1.000000
-0.000977 -0.550781 -0.550781 63.687500 132.625000 132.625000 6.000000 9.000000 4.000000 -1.000000 0.000000 -2.000000 -27.000000 -4.000000 -2.000000 -1.000000 -1.000000
-0.166992 -0.529297 -0.529297 20.625000 105.000000 105.000000 6.000000 9.000000 4.000000 -1.000000 0.000000 -13.000000 -4.000000 0.000000 -5.000000 -3.000000 -3.000000
-0.212402 -0.433594 -0.433594 108.187500 84.875000 84.875000 6.000000 11.000000 4.000000 -1.000000 0.000000 -13.000000 -4.000000 0.000000 -5.000000 -3.000000 -3.000000
-0.337891 -0.350586 -0.350586 10.625000 50.875000 50.875000 6.000000 12.000000 4.000000 0.000000 30.000000 26.000000 30.000000 5.000000 -3.000000 -4.000000 -2.000000
-0.331055 -0.537109 -0.537109 -4.625000 40.312500 40.312500 6.000000 12.000000 5.000000 0.000000 30.000000 26.000000 30.000000 5.000000 -3.000000 -4.000000 -2.000000
-0.393066 -0.339844 -0.339844 48.125000 36.687500 36.687500 7.000000 13.000000 5.000000 -2.000000 -2.000000 -11.000000 13.000000 10.000000 1.000000 -1.000000 0.000000
-0.472656 -0.292969 -0.292969 7.937500 23.375000 23.375000 7.000000 13.000000 5.000000 -1.000000 -2.000000 7.000000 -25.000000 -16.000000 -1.000000 -2.000000 -1.000000
-0.529785 -0.458008 -0.458008 6.875000 7.875000 7.875000 7.000000 13.000000 5.000000 4.000000 13.000000 4.000000 6.000000 12.000000 1.000000 0.000000 1.000000
-0.554688 -0.304688 -0.304688 21.000000 6.875000 6.875000 7.000000 13.000000 5.000000 -3.000000 -22.000000 3.000000 1.000000 -12.000000 -1.000000 -1.000000 -2.000000
-0.623047 -0.275391 -0.275391 -19.875000 -11.312500 -11.312500 7.000000 13.000000 5.000000 1.000000 12.000000 14.000000 71.000000 24.000000 7.000000 3.000000 2.000000
-0.544922 -0.363281 -0.363281 -7.375000 -14.625000 -14.625000 7.000000 13.000000 5.000000 1.000000 12.000000 14.000000 71.000000 24.000000 7.000000 3.000000 2.000000
-0.556641 -0.110352 -0.110352 59.187500 20.500000 20.500000 7.000000 13.000000 5.000000 4.000000 -9.000000 40.000000 -93.000000 -38.000000 -9.000000 -2.000000 0.000000
-0.680664 -0.303223 -0.303223 24.125000 26.000000 26.000000 7.000000 13.000000 5.000000 4.000000 -9.000000 40.000000 -93.000000 -38.000000 -9.000000 -2.000000 0.000000
-0.636719 -0.435059 -0.435059 54.937500 46.250000 46.250000 7.000000 13.000000 5.000000 7.000000 79.000000 -27.000000 -42.000000 13.000000 -1.000000 -3.000000 0.000000
-0.780273 -0.421875 -0.421875 78.312500 53.625000 53.625000 7.000000 13.000000 5.000000 7.000000 79.000000 -27.000000 -42.000000 13.000000 -1.000000 -3.000000 0.000000
-0.853027 -0.307129 -0.307129 86.000000 54.187500 54.187500 7.000000 13.000000 5.000000 3.000000 79.000000 68.000000 -39.000000 -43.000000 -11.000000 -5.000000 -2.000000
-0.877441 -0.318359 -0.318359 59.062500 52.312500 52.312500 7.000000 13.000000 5.000000 3.000000 79.000000 68.000000 -39.000000 -43.000000 -11.000000 -5.000000 -2.000000
-0.986328 -0.319824 -0.319824 54.000000 47.250000 47.250000 7.000000 14.000000 5.000000 -7.000000 -63.000000 -76.000000 -89.000000 -4.000000 -6.000000 -1.000000 -1.000000
-1.030762 -0.239258 -0.239258 61.875000 42.375000 42.375000 7.000000 14.000000 5.000000 -10.000000 47.000000 22.000000 80.000000 55.000000 12.000000 1.000000 -5.000000
-0.954102 -0.083496 -0.083496 13.062500 18.812500 18.812500 8.000000 14.000000 5.000000 -1.000000 -14.000000 3.000000 86.000000 -5.000000 -6.000000 -2.000000 -4.000000
-0.938965 -0.117188 -0.117188 -2.562500 4.187500 4.187500 8.000000 14.000000 5.000000 3.000000 -3.000000 51.000000 -55.000000 -6.000000 3.000000 3.000000 3.000000
-0.859375 -0.046387 -0.046387 -2.875000 -17.750000 -17.750000 8.000000 14.000000 5.000000 -5.000000 -19.000000 -41.000000 -79.000000 -41.000000 -16.000000 -5.000000 -3.000000
-0.814453 -0.037598 -0.037598 -11.125000 -21.187500 -21.187500 8.000000 14.000000 5.000000 -4.000000 -14.000000 -48.000000 37.000000 23.000000 -8.000000 -4.000000 -4.000000
-0.672363 -0.049805 -0.049805 -24.875000 -35.750000 -35.750000 8.000000 14.000000 5.000000 1.000000 -7.000000 -9.000000 28.000000 18.000000 32.000000 2.000000 0.000000
-0.565918 0.017090 0.017090 5.312500 -15.562500 -15.562500 8.000000 14.000000 6.000000 3.000000 -2.000000 4.000000 -49.000000 -4.000000 -3.000000 4.000000 3.000000
-0.735352 -0.082520 -0.082520 14.000000 7.250000 7.250000 8.000000 14.000000 6.000000 -3.000000 -5.000000 3.000000 -54.000000 -55.000000 -15.000000 -1.000000 -3.000000
-0.857910 -0.178223 -0.178223 -16.500000 -8.375000 -8.375000 8.000000 14.000000 5.000000 -3.000000 -5.000000 3.000000 -54.000000 -55.000000 -15.000000 -1.000000 -3.000000
-0.784180 -0.152344 -0.152344 1.812500 -9.937500 -9.937500 8.000000 14.000000 6.000000 -8.000000 -1.000000 12.000000 41.000000 24.000000 -1.000000 -1.000000 -4.000000
-0.792480 -0.034180 -0.034180 15.187500 -1.062500 -1.062500 8.000000 14.000000 6.000000 4.000000 1.000000 13.000000 -6.000000 -16.000000 -1.000000 -4.000000 0.000000
-0.791504 -0.025879 -0.025879 4.562500 7.062500 7.062500 8.000000 14.000000 6.000000 2.000000 4.000000 3.000000 31.000000 -57.000000 -43.000000 -12.000000 -5.000000
-0.783203 -0.084961 -0.084961 1.000000 9.437500 9.437500 8.000000 14.000000 5.000000 2.000000 2.000000 4.000000 15.000000 70.000000 61.000000 5.000000 1.000000
-0.752930 -0.119141 -0.119141 7.250000 5.687500 5.687500 8.000000 14.000000 5.000000 -3.000000 -4.000000 -3.000000 -27.000000 37.000000 56.000000 8.000000 0.000000
-0.704590 -0.101562 -0.101562 17.562500 5.500000 5.500000 8.000000 14.000000 5.000000 -3.000000 -4.000000 -3.000000 -27.000000 37.000000 56.000000 8.000000 0.000000
-0.663574 -0.114258 -0.114258 17.625000 4.250000 4.250000 8.000000 14.000000 5.000000 -3.000000 -4.000000 4.000000 -42.000000 -11.000000 -31.000000 -1.000000 -3.000000
-0.506836 -0.129883 -0.129883 15.375000 -13.000000 -13.000000 8.000000 14.000000 5.000000 -3.000000 -5.000000 -5.000000 106.000000 -23.000000 -10.000000 -1.000000 -2.000000
-0.463867 -0.161133 -0.161133 9.687500 -34.500000 -34.500000 8.000000 14.000000 5.000000 0.000000 1.000000 -2.000000 -45.000000 -20.000000 -27.000000 -2.000000 1.000000
-0.461914 -0.204590 -0.204590 2.500000 -60.562500 -60.562500 8.000000 14.000000 5.000000 -3.000000 -2.000000 0.000000 49.000000 -9.000000 1.000000 -1.000000 -4.000000
-0.487793 -0.241699 -0.241699 -1.625000 -87.312500 -87.312500 8.000000 13.000000 5.000000 1.000000 2.000000 30.000000 79.000000 90.000000 -17.000000 6.000000 4.000000
-0.507812 -0.277832 -0.277832 -13.812500 -112.000000 -112.000000 7.000000 13.000000 5.000000 1.000000 2.000000 30.000000 79.000000 90.000000 -17.000000 6.000000 4.000000
-0.462891 -0.329102 -0.329102 -21.750000 -129.500000 -129.500000 7.000000 13.000000 5.000000 3.000000 2.000000 8.000000 6.000000 11.000000 -5.000000 0.000000 1.000000
-0.530273 -0.365234 -0.365234 -27.500000 -146.687500 -146.687500 7.000000 12.000000 4.000000 3.000000 2.000000 8.000000 6.000000 11.000000 -5.000000 0.000000 1.000000
-0.588867 -0.357910 -0.357910 -43.187500 -168.687500 -168.687500 7.000000 12.000000 4.000000 -3.000000 -5.000000 -9.000000 -53.000000 -16.000000 -24.000000 -2.000000 -2.000000
-0.588379 -0.522949 -0.522949 -57.187500 -197.125000 -197.125000 7.000000 11.000000 4.000000 -3.000000 -5.000000 -9.000000 -53.000000 -16.000000 -24.000000 -2.000000 -2.000000
-0.468262 -0.663086 -0.663086 -54.125000 -194.187500 -194.187500 7.000000 11.000000 4.000000 5.000000 7.000000 4.000000 -56.000000 -27.000000 -9.000000 -2.000000 0.000000
-0.433105 -0.728516 -0.728516 -16.687500 -173.312500 -173.312500 7.000000 10.000000 4.000000 5.000000 7.000000 4.000000 -56.000000 -27.000000 -9.000000 -2.000000 0.000000
-0.518555 -0.629883 -0.629883 1.187500 -157.562500 -157.562500 7.000000 10.000000 4.000000 -8.000000 -12.000000 -17.000000 -10.000000 -79.000000 -45.000000 -7.000000 -5.000000
-0.445801 -0.527344 -0.527344 -26.375000 -151.687500 -151.687500 7.000000 9.000000 4.000000 -8.000000 -12.000000 -17.000000 -10.000000 -79.000000 -45.000000 -7.000000 -5.000000
-0.351074 -0.553223 -0.553223 -58.812500 -144.250000 -144.250000 7.000000 9.000000 4.000000 -7.000000 3.000000 28.000000 87.000000 66.000000 69.000000 -2.000000 -5.000000
-0.294434 -0.578125 -0.578125 -66.812500 -139.625000 -139.625000 7.000000 8.000000 4.000000 -5.000000 -21.000000 -59.000000 -69.000000 -31.000000 -42.000000 -2.000000 -3.000000
-0.143066 -0.623535 -0.623535 -20.875000 -124.562500 -124.562500 7.000000 7.000000 4.000000 4.000000 6.000000 30.000000 64.000000 37.000000 6.000000 0.000000 2.000000
-0.162598 -0.445801 -0.445801 11.625000 -129.687500 -129.687500 7.000000 7.000000 3.000000 4.000000 6.000000 30.000000 64.000000 37.000000 6.000000 0.000000 2.000000
0.192383 -0.638184 -0.638184 -29.187500 -148.750000 -148.750000 7.000000 6.000000 3.000000 -1.000000 4.000000 -5.000000 74.000000 67.000000 27.000000 -3.000000 1.000000
0.270020 -0.646973 -0.646973 -2.250000 -147.875000 -147.875000 7.000000 6.000000 3.000000 -1.000000 4.000000 -5.000000 74.000000 67.000000 27.000000 -3.000000 1.000000
0.253906 -0.542480 -0.542480 11.312500 -155.812500 -155.812500 7.000000 5.000000 3.000000 -2.000000 -2.000000 16.000000 -9.000000 15.000000 16.000000 -1.000000 -5.000000
0.338867 -0.586426 -0.586426 -13.000000 -169.062500 -169.062500 7.000000 5.000000 3.000000 -2.000000 -2.000000 16.000000 -9.000000 15.000000 16.000000 -1.000000 -5.000000
0.649902 -0.709961 -0.709961 -25.187500 -167.187500 -167.187500 7.000000 4.000000 3.000000 -13.000000 -18.000000 10.000000 71.000000 -15.000000 6.000000 2.000000 -7.000000
0.725586 -0.681152 -0.681152 15.625000 -163.250000 -163.250000 7.000000 4.000000 3.000000 -13.000000 -18.000000 10.000000 71.000000 -15.000000 6.000000 2.000000 -7.000000
0.674805 -0.481445 -0.481445 44.625000 -168.062500 -168.062500 7.000000 4.000000 3.000000 -1.000000 0.000000 -19.000000 58.000000 2.000000 1.000000 2.000000 -1.000000
0.736816 -0.420410 -0.420410 17.500000 -175.250000 -175.250000 7.000000 3.000000 3.000000 -4.000000 -2.000000 23.000000 57.000000 -11.000000 -13.000000 -3.000000 -4.000000
1.359375 -0.516113 -0.516113 -6.312500 -133.125000 -133.125000 7.000000 2.000000 3.000000 -4.000000 -3.000000 -13.000000 -7.000000 6.000000 4.000000 1.000000 -2.000000
1.375488 -0.317383 -0.317383 15.625000 -105.875000 -105.875000 7.000000 2.000000 3.000000 -4.000000 -3.000000 -13.000000 -7.000000 6.000000 4.000000 1.000000 -2.000000
1.279785 -0.068848 -0.068848 -7.625000 -92.187500 -92.187500 7.000000 2.000000 3.000000 -5.000000 -15.000000 -61.000000 -117.000000 -39.000000 -2.000000 -3.000000 -3.000000
1.295410 -0.027344 -0.027344 -57.687500 -79.187500 -79.187500 7.000000 1.000000 3.000000 2.000000 9.000000 13.000000 -6.000000 64.000000 12.000000 4.000000 3.000000
1.242676 -0.150879 -0.150879 -65.750000 -60.625000 -60.625000 7.000000 1.000000 2.000000 -1.000000 -2.000000 5.000000 34.000000 -11.000000 1.000000 -1.000000 -1.000000
1.137695 -0.151367 -0.151367 -31.312500 -45.250000 -45.250000 7.000000 1.000000 2.000000 -1.000000 -2.000000 5.000000 34.000000 -11.000000 1.000000 -1.000000 -1.000000
1.085449 -0.009766 -0.009766 3.125000 -36.375000 -36.375000 7.000000 1.000000 2.000000 1.000000 -2.000000 14.000000 5.000000 52.000000 1.000000 0.000000 0.000000
1.075684 0.049805 0.049805 4.875000 -30.312500 -30.312500 8.000000 1.000000 2.000000 -1.000000 3.000000 26.000000 -105.000000 -27.000000 -14.000000 -10.000000 -4.000000
1.050293 -0.049805 -0.049805 -5.812500 -23.187500 -23.187500 8.000000 1.000000 2.000000 1.000000 0.000000 -18.000000 27.000000 18.000000 -1.000000 -1.000000 1.000000
0.998535 -0.155762 -0.155762 -2.937500 -16.750000 -16.750000 8.000000 1.000000 2.000000 5.000000 8.000000 4.000000 -100.000000 -16.000000 -5.000000 -6.000000 0.000000
0.954102 -0.189453 -0.189453 2.250000 -12.062500 -12.062500 8.000000 1.000000 2.000000 -2.000000 -11.000000 -47.000000 -70.000000 -43.000000 -21.000000 -8.000000 -4.000000
0.937500 -0.204102 -0.204102 3.375000 -9.500000 -9.500000 8.000000 1.000000 2.000000 -2.000000 -11.000000 -47.000000 -70.000000 -43.000000 -21.000000 -8.000000 -4.000000
0.956055 -0.188477 -0.188477 -0.375000 -9.687500 -9.687500 8.000000 1.000000 2.000000 -4.000000 1.000000 14.000000 105.000000 50.000000 19.000000 5.000000 -2.000000
0.958008 -0.161621 -0.161621 -6.125000 -2.875000 -2.875000 8.000000 1.000000 2.000000 -8.000000 -11.000000 -68.000000 -85.000000 -11.000000 1.000000 -1.000000 -3.000000
0.939941 -0.141113 -0.141113 -9.062500 -1.187500 -1.187500 8.000000 1.000000 2.000000 -5.000000 5.000000 41.000000 72.000000 13.000000 -3.000000 -4.000000 -4.000000
0.984375 -0.127441 -0.127441 -2.750000 -1.250000 -1.250000 8.000000 1.000000 2.000000 8.000000 2.000000 -5.000000 82.000000 52.000000 7.000000 4.000000 6.000000
0.999512 -0.107422 -0.107422 7.625000 1.187500 1.187500 8.000000 1.000000 2.000000 -6.000000 -6.000000 -6.000000 61.000000 -17.000000 -1.000000 -6.000000 -5.000000
1.002441 -0.066406 -0.066406 12.187500 3.437500 3.437500 8.000000 1.000000 2.000000 -6.000000 -6.000000 -6.000000 61.000000 -17.000000 -1.000000 -6.000000 -5.000000
0.995117 -0.044434 -0.044434 6.187500 3.562500 3.562500 8.000000 1.000000 2.000000 1.000000 28.000000 34.000000 -126.000000 -27.000000 -5.000000 0.000000 -2.000000
1.003906 -0.048828 -0.048828 -4.312500 2.562500 2.562500 8.000000 1.000000 2.000000 1.000000 28.000000 34.000000 -126.000000 -27.000000 -5.000000 0.000000 -2.000000
0.979492 -0.086914 -0.086914 -9.687500 2.875000 2.875000 8.000000 1.000000 2.000000 -7.000000 -5.000000 2.000000 -96.000000 -60.000000 -13.000000 -7.000000 -4.000000
0.975098 -0.117188 -0.117188 -6.562500 3.500000 3.500000 8.000000 1.000000 2.000000 -7.000000 -5.000000 2.000000 -96.000000 -60.000000 -13.000000 -7.000000 -4.000000
0.947266 -0.131836 -0.131836 0.937500 3.687500 3.687500 7.000000 1.000000 2.000000 1.000000 7.000000 16.000000 22.000000 12.000000 1.000000 1.000000 -2.000000
0.946777 -0.125488 -0.125488 4.875000 2.812500 2.812500 7.000000 1.000000 2.000000 1.000000 7.000000 16.000000 22.000000 12.000000 1.000000 1.000000 -2.000000
0.952148 -0.138184 -0.138184 2.875000 0.687500 0.687500 7.000000 1.000000 2.000000 1.000000 3.000000 38.000000 10.000000 -20.000000 -9.000000 -7.000000 -1.000000
0.968750 -0.141113 -0.141113 0.375000 -0.250000 -0.250000 7.000000 1.000000 2.000000 1.000000 3.000000 38.000000 10.000000 -20.000000 -9.000000 -7.000000 -1.000000
0.971191 -0.132324 -0.132324 0.437500 -0.750000 -0.750000 7.000000 1.000000 2.000000 1.000000 -2.000000 -37.000000 56.000000 -36.000000 -8.000000 -6.000000 1.000000
0.981445 -0.139160 -0.139160 1.250000 -0.937500 -0.937500 7.000000 1.000000 2.000000 -7.000000 -15.000000 -6.000000 67.000000 46.000000 6.000000 0.000000 -2.000000
0.958008 -0.143555 -0.143555 4.000000 0.812500 0.812500 7.000000 1.000000 2.000000 -1.000000 -7.000000 14.000000 116.000000 50.000000 30.000000 19.000000 5.000000
0.945312 -0.135254 -0.135254 4.562500 0.625000 0.625000 7.000000 1.000000 2.000000 -1.000000 -7.000000 14.000000 116.000000 50.000000 30.000000 19.000000 5.000000
0.939453 -0.144043 -0.144043 -0.187500 -0.437500 -0.437500 7.000000 1.000000 2.000000 -1.000000 2.000000 38.000000 -78.000000 -20.000000 -11.000000 -6.000000 -3.000000
0.946777 -0.172363 -0.172363 -5.437500 -2.375000 -2.375000 7.000000 1.000000 2.000000 -6.000000 -11.000000 -44.000000 -33.000000 -40.000000 -10.000000 -6.000000 -5.000000
0.949707 -0.191895 -0.191895 -3.750000 -1.875000 -1.875000 7.000000 1.000000 2.000000 4.000000 12.000000 43.000000 -66.000000 -5.000000 -8.000000 -8.000000 0.000000
0.946289 -0.187500 -0.187500 2.125000 -1.062500 -1.062500 7.000000 1.000000 2.000000 4.000000 12.000000 43.000000 -66.000000 -5.000000 -8.000000 -8.000000 0.000000
0.950684 -0.157227 -0.157227 5.250000 -0.812500 -0.812500 7.000000 1.000000 2.000000 5.000000 6.000000 49.000000 76.000000 40.000000 14.000000 8.000000 3.000000
0.950195 -0.133789 -0.133789 2.125000 -1.437500 -1.437500 7.000000 1.000000 2.000000 -12.000000 -21.000000 -66.000000 -94.000000 -33.000000 -7.000000 -5.000000 -7.000000
0.957031 -0.142578 -0.142578 -3.312500 -2.625000 -2.625000 7.000000 1.000000 2.000000 -3.000000 7.000000 54.000000 8.000000 -9.000000 0.000000 -2.000000 0.000000
0.965820 -0.157715 -0.157715 -6.312500 -2.312500 -2.312500 7.000000 1.000000 2.000000 1.000000 -5.000000 -59.000000 -71.000000 16.000000 -6.000000 -1.000000 -1.000000
