0.941406 -0.094727 -0.094727 0.250000 -1.437500 -1.437500 8.000000 1.000000 4.000000 -1.000000 -3.000000 -1.000000 0.000000 -1.000000 -1.000000 0.000000 0.000000
0.940918 -0.096680 -0.096680 1.062500 -1.500000 -1.500000 8.000000 1.000000 4.000000 -1.000000 0.000000 -2.000000 -2.000000 0.000000 -1.000000 -2.000000 -2.000000
0.931641 -0.095215 -0.095215 1.750000 -1.375000 -1.375000 8.000000 1.000000 4.000000 -1.000000 -2.000000 0.000000 1.000000 0.000000 -2.000000 0.000000 -1.000000
0.937500 -0.095215 -0.095215 1.750000 -1.500000 -1.500000 8.000000 1.000000 4.000000 -1.000000 -2.000000 -2.000000 0.000000 0.000000 -3.000000 -1.000000 -1.000000
0.943359 -0.091797 -0.091797 1.062500 -1.875000 -1.875000 8.000000 1.000000 4.000000 -7.000000 -2.000000 2.000000 2.000000 3.000000 -1.000000 0.000000 -2.000000
0.943848 -0.092773 -0.092773 0.687500 -2.125000 -2.125000 8.000000 1.000000 4.000000 -1.000000 2.000000 1.000000 1.000000 0.000000 -4.000000 -1.000000 -1.000000
0.945312 -0.086426 -0.086426 0.437500 -2.500000 -2.500000 8.000000 1.000000 4.000000 -2.000000 -2.000000 -2.000000 -1.000000 0.000000 -2.000000 -1.000000 -1.000000
0.944824 -0.091309 -0.091309 -0.125000 -2.750000 -2.750000 8.000000 1.000000 4.000000 -2.000000 0.000000 -2.000000 -2.000000 1.000000 -2.000000 -1.000000 -1.000000
0.935547 -0.096191 -0.096191 -0.312500 -2.750000 -2.750000 8.000000 1.000000 4.000000 1.000000 -1.000000 1.000000 1.000000 -1.000000 -1.000000 -1.000000 -1.000000
0.941895 -0.099609 -0.099609 0.625000 -2.437500 -2.437500 8.000000 1.000000 4.000000 -2.000000 -1.000000 -2.000000 0.000000 1.000000 -1.000000 -1.000000 -2.000000
0.943848 -0.094238 -0.094238 1.312500 -2.187500 -2.187500 8.000000 1.000000 4.000000 -1.000000 -1.000000 0.000000 0.000000 1.000000 0.000000 -1.000000 -1.000000
0.941406 -0.092773 -0.092773 0.812500 -2.000000 -2.000000 8.000000 1.000000 4.000000 -1.000000 -3.000000 -2.000000 -2.000000 0.000000 -1.000000 -1.000000 -2.000000
0.944336 -0.095703 -0.095703 0.000000 -1.875000 -1.875000 8.000000 1.000000 4.000000 -1.000000 -3.000000 -2.000000 -2.000000 0.000000 -2.000000 -2.000000 -2.000000
0.939941 -0.093750 -0.093750 -0.250000 -1.875000 -1.875000 8.000000 1.000000 4.000000 -2.000000 -1.000000 -2.000000 0.000000 2.000000 -2.000000 -2.000000 -1.000000
0.944336 -0.099121 -0.099121 -0.562500 -1.750000 -1.750000 8.000000 1.000000 4.000000 -1.000000 0.000000 -2.000000 0.000000 -1.000000 -4.000000 -2.000000 -2.000000
0.945801 -0.098633 -0.098633 0.187500 -1.812500 -1.812500 8.000000 1.000000 4.000000 -2.000000 -2.000000 -2.000000 0.000000 0.000000 -2.000000 -1.000000 -2.000000
0.968262 -0.078613 -0.078613 0.312500 -0.687500 -0.687500 8.000000 1.000000 4.000000 1.000000 -2.000000 -4.000000 0.000000 0.000000 -4.000000 -2.000000 -2.000000
0.994141 -0.003906 -0.003906 -6.000000 0.750000 0.750000 8.000000 1.000000 4.000000 1.000000 0.000000 -1.000000 0.000000 -1.000000 -2.000000 0.000000 0.000000
1.064941 0.028320 0.028320 -40.062500 7.562500 7.562500 8.000000 1.000000 4.000000 0.000000 -4.000000 -2.000000 -3.000000 -2.000000 -2.000000 -2.000000 -1.000000
1.104004 -0.045410 -0.045410 -71.812500 20.500000 20.500000 8.000000 1.000000 4.000000 0.000000 -4.000000 -2.000000 -3.000000 -2.000000 -2.000000 -2.000000 -1.000000
1.124512 -0.193848 -0.193848 -92.187500 39.500000 39.500000 7.000000 1.000000 4.000000 -3.000000 -4.000000 -1.000000 -3.000000 0.000000 -1.000000 0.000000 -1.000000
1.179688 -0.243652 -0.243652 -107.750000 66.812500 66.812500 7.000000 2.000000 4.000000 -3.000000 -4.000000 -1.000000 -3.000000 0.000000 -1.000000 0.000000 -1.000000
1.220703 -0.418945 -0.418945 -117.375000 90.750000 90.750000 7.000000 2.000000 5.000000 -2.000000 -1.000000 -1.000000 -1.000000 0.000000 0.000000 -2.000000 -2.000000
1.217773 -0.596191 -0.596191 -110.750000 113.875000 113.875000 7.000000 2.000000 5.000000 -2.000000 -5.000000 -2.000000 -1.000000 0.000000 0.000000 -1.000000 -1.000000
1.122070 -0.825684 -0.825684 -80.750000 135.750000 135.750000 6.000000 3.000000 5.000000 -2.000000 -2.000000 0.000000 0.000000 1.000000 -2.000000 -2.000000 -1.000000
0.976074 -0.910156 -0.910156 -48.312500 153.875000 153.875000 6.000000 3.000000 5.000000 -2.000000 -3.000000 -1.000000 0.000000 1.000000 -3.000000 -1.000000 0.000000
0.938965 -0.964355 -0.964355 -30.500000 175.812500 175.812500 6.000000 4.000000 5.000000 -1.000000 2.000000 6.000000 6.000000 5.000000 0.000000 0.000000 -2.000000
0.925293 -1.003418 -1.003418 -17.687500 200.375000 200.375000 6.000000 4.000000 5.000000 -1.000000 2.000000 6.000000 6.000000 5.000000 0.000000 0.000000 -2.000000
0.657227 -0.875977 -0.875977 -3.125000 211.062500 211.062500 6.000000 5.000000 5.000000 -2.000000 -5.000000 -2.000000 -4.000000 -2.000000 -2.000000 -2.000000 -1.000000
0.286133 -0.726562 -0.726562 3.437500 204.250000 204.250000 6.000000 6.000000 5.000000 0.000000 -4.000000 -5.000000 -5.000000 -7.000000 -2.000000 -2.000000 -1.000000
0.025879 -0.629883 -0.629883 5.437500 187.437500 187.437500 6.000000 7.000000 5.000000 1.000000 25.000000 6.000000 -8.000000 6.000000 0.000000 0.000000 -1.000000
-0.034180 -0.703613 -0.703613 -0.312500 162.000000 162.000000 6.000000 8.000000 6.000000 -5.000000 -43.000000 -8.000000 -1.000000 -1.000000 -2.000000 -2.000000 -2.000000
-0.041992 -0.740234 -0.740234 21.187500 139.187500 139.187500 6.000000 8.000000 6.000000 -2.000000 11.000000 -16.000000 4.000000 -5.000000 -2.000000 -2.000000 -3.000000
-0.178223 -0.617188 -0.617188 47.687500 117.437500 117.437500 6.000000 9.000000 6.000000 -2.000000 11.000000 -16.000000 4.000000 -5.000000 -2.000000 -2.000000 -3.000000
-0.401855 -0.615723 -0.615723 30.500000 96.437500 96.437500 6.000000 10.000000 6.000000 -2.000000 -4.000000 42.000000 -16.000000 -18.000000 -6.000000 -4.000000 -2.000000
-0.512695 -0.633301 -0.633301 -37.125000 63.750000 63.750000 6.000000 10.000000 6.000000 -3.000000 -4.000000 3.000000 -7.000000 14.000000 2.000000 0.000000 -3.000000
-0.168457 -1.134277 -1.134277 -41.750000 34.312500 34.312500 6.000000 11.000000 6.000000 -1.000000 -3.000000 -16.000000 -30.000000 -9.000000 -5.000000 -3.000000 -2.000000
0.010254 -0.938965 -0.938965 60.500000 18.437500 18.437500 6.000000 11.000000 7.000000 -2.000000 4.000000 8.000000 26.000000 7.000000 0.000000 -1.000000 -1.000000
-0.212402 -0.364746 -0.364746 114.625000 8.312500 8.312500 7.000000 11.000000 7.000000 -3.000000 -13.000000 11.000000 8.000000 2.000000 0.000000 -2.000000 -2.000000
-0.346680 -0.183105 -0.183105 89.437500 -3.250000 -3.250000 7.000000 12.000000 7.000000 -2.000000 -12.000000 -7.000000 12.000000 4.000000 3.000000 0.000000 -1.000000
-0.248047 -0.392090 -0.392090 44.812500 -20.312500 -20.312500 7.000000 12.000000 7.000000 -3.000000 0.000000 -22.000000 -11.000000 -2.000000 -6.000000 -3.000000 -2.000000
-0.118652 -0.416016 -0.416016 57.437500 -29.875000 -29.875000 7.000000 12.000000 7.000000 -3.000000 0.000000 -22.000000 -11.000000 -2.000000 -6.000000 -3.000000 -2.000000
-0.067871 -0.183105 -0.183105 56.375000 -21.062500 -21.062500 7.000000 12.000000 8.000000 5.000000 18.000000 14.000000 26.000000 24.000000 0.000000 2.000000 0.000000
-0.210449 -0.061523 -0.061523 42.250000 -10.125000 -10.125000 7.000000 12.000000 8.000000 -4.000000 -10.000000 12.000000 -35.000000 -51.000000 -103.000000 -3.000000 -2.000000
-0.284180 -0.166992 -0.166992 15.625000 -17.875000 -17.875000 7.000000 12.000000 8.000000 -3.000000 8.000000 -2.000000 53.000000 45.000000 89.000000 2.000000 -2.000000
-0.229980 -0.304688 -0.304688 4.250000 -16.875000 -16.875000 7.000000 12.000000 8.000000 0.000000 -3.000000 12.000000 -55.000000 -80.000000 -79.000000 -8.000000 -4.000000
-0.330566 -0.291992 -0.291992 10.125000 -6.312500 -6.312500 7.000000 12.000000 8.000000 0.000000 -5.000000 -5.000000 -3.000000 -44.000000 -64.000000 -5.000000 -1.000000
-0.499512 -0.245605 -0.245605 19.750000 -0.312500 -0.312500 7.000000 12.000000 8.000000 0.000000 -5.000000 -5.000000 -3.000000 -44.000000 -64.000000 -5.000000 -1.000000
-0.608398 -0.169434 -0.169434 22.687500 -2.625000 -2.625000 7.000000 12.000000 8.000000 -2.000000 -17.000000 2.000000 14.000000 11.000000 -22.000000 -4.000000 0.000000
-0.641113 -0.148438 -0.148438 1.000000 -7.750000 -7.750000 8.000000 12.000000 8.000000 0.000000 11.000000 9.000000 21.000000 20.000000 -20.000000 4.000000 2.000000
-0.581543 -0.258789 -0.258789 -14.312500 -3.875000 -3.875000 8.000000 12.000000 8.000000 -3.000000 -1.000000 -4.000000 -9.000000 -11.000000 33.000000 2.000000 -3.000000
-0.594238 -0.257812 -0.257812 9.625000 3.125000 3.125000 8.000000 12.000000 8.000000 -3.000000 -2.000000 -4.000000 -1.000000 16.000000 -3.000000 -4.000000 -4.000000
-0.656738 -0.116699 -0.116699 21.062500 6.875000 6.875000 8.000000 12.000000 8.000000 -3.000000 -10.000000 -9.000000 -5.000000 -2.000000 4.000000 -3.000000 -3.000000
-0.665527 -0.062012 -0.062012 11.625000 -0.250000 -0.250000 8.000000 12.000000 8.000000 -4.000000 2.000000 3.000000 1.000000 -22.000000 -38.000000 -6.000000 -5.000000
-0.534180 -0.148926 -0.148926 -6.875000 -8.375000 -8.375000 8.000000 12.000000 8.000000 1.000000 -5.000000 -4.000000 4.000000 39.000000 0.000000 -2.000000 -1.000000
-0.317871 -0.160645 -0.160645 0.000000 -5.250000 -5.250000 8.000000 12.000000 8.000000 1.000000 -5.000000 -4.000000 4.000000 39.000000 0.000000 -2.000000 -1.000000
-0.167480 -0.064941 -0.064941 5.875000 3.750000 3.750000 8.000000 12.000000 8.000000 -6.000000 9.000000 0.000000 -1.000000 -18.000000 -45.000000 -15.000000 -3.000000
-0.237305 -0.217285 -0.217285 16.437500 23.812500 23.812500 7.000000 12.000000 7.000000 3.000000 5.000000 4.000000 3.000000 -20.000000 -25.000000 12.000000 0.000000
-0.217773 -0.599121 -0.599121 28.375000 50.250000 50.250000 7.000000 12.000000 7.000000 2.000000 4.000000 5.000000 5.000000 60.000000 -49.000000 0.000000 4.000000
-0.666016 -0.705566 -0.705566 81.625000 61.187500 61.187500 7.000000 12.000000 7.000000 2.000000 4.000000 5.000000 5.000000 60.000000 -49.000000 0.000000 4.000000
-1.374512 -0.392090 -0.392090 159.562500 13.250000 13.250000 7.000000 12.000000 7.000000 -3.000000 -2.000000 -5.000000 -7.000000 -37.000000 -50.000000 -3.000000 -2.000000
-1.603027 -0.051270 -0.051270 235.375000 -94.750000 -94.750000 7.000000 11.000000 7.000000 -3.000000 -2.000000 -5.000000 -7.000000 -37.000000 -50.000000 -3.000000 -2.000000
-1.194824 0.369141 0.369141 248.312500 -196.250000 -196.250000 8.000000 11.000000 6.000000 -12.000000 -14.000000 -7.000000 -5.000000 -44.000000 -72.000000 -11.000000 -9.000000
-0.125000 0.841309 0.841309 184.437500 -158.750000 -158.750000 8.000000 10.000000 6.000000 -1.000000 -2.000000 -3.000000 -3.000000 32.000000 73.000000 -4.000000 -2.000000
0.778809 0.175781 0.175781 -30.312500 -73.687500 -73.687500 8.000000 10.000000 6.000000 1.000000 4.000000 5.000000 8.000000 -2.000000 19.000000 2.000000 -1.000000
0.271484 -0.912598 -0.912598 -156.875000 -29.437500 -29.437500 7.000000 10.000000 6.000000 1.000000 4.000000 5.000000 8.000000 -2.000000 19.000000 2.000000 -1.000000
-0.109375 -0.724609 -0.724609 -168.312500 -22.125000 -22.125000 7.000000 10.000000 6.000000 -14.000000 -10.000000 12.000000 15.000000 5.000000 62.000000 1.000000 -6.000000
-0.358887 -1.418457 -1.418457 -160.812500 -11.062500 -11.062500 7.000000 10.000000 6.000000 -14.000000 -10.000000 12.000000 15.000000 5.000000 62.000000 1.000000 -6.000000
-0.535156 -0.942383 -0.942383 19.812500 0.937500 0.937500 7.000000 10.000000 6.000000 4.000000 -4.000000 -7.000000 -1.000000 -5.000000 15.000000 -1.000000 1.000000
-0.753906 -0.322754 -0.322754 61.625000 4.812500 4.812500 7.000000 10.000000 6.000000 4.000000 -4.000000 -7.000000 -1.000000 -5.000000 15.000000 -1.000000 1.000000
-0.633789 -0.243652 -0.243652 34.312500 -3.062500 -3.062500 7.000000 10.000000 6.000000 3.000000 -3.000000 4.000000 1.000000 -12.000000 7.000000 1.000000 0.000000
-0.384766 -0.196289 -0.196289 4.812500 -3.562500 -3.562500 7.000000 10.000000 6.000000 3.000000 -3.000000 4.000000 1.000000 -12.000000 7.000000 1.000000 0.000000
-0.280273 -0.370605 -0.370605 -33.062500 -6.125000 -6.125000 7.000000 10.000000 6.000000 27.000000 6.000000 -9.000000 -9.000000 -4.000000 -19.000000 -10.000000 -1.000000
-0.194824 -0.562988 -0.562988 -16.937500 -3.187500 -3.187500 7.000000 10.000000 6.000000 27.000000 6.000000 -9.000000 -9.000000 -4.000000 -19.000000 -10.000000 -1.000000
-0.248047 -0.331543 -0.331543 24.375000 7.250000 7.250000 7.000000 10.000000 6.000000 -2.000000 -5.000000 7.000000 8.000000 -44.000000 -60.000000 -6.000000 -7.000000
-0.233887 -0.382324 -0.382324 -2.437500 4.250000 4.250000 7.000000 10.000000 6.000000 10.000000 25.000000 4.000000 9.000000 -41.000000 35.000000 -7.000000 18.000000
-0.226562 -0.500000 -0.500000 2.062500 -5.750000 -5.750000 7.000000 10.000000 6.000000 -17.000000 -11.000000 3.000000 7.000000 106.000000 49.000000 18.000000 -25.000000
-0.237793 -0.449219 -0.449219 18.375000 -1.750000 -1.750000 7.000000 10.000000 6.000000 6.000000 5.000000 -4.000000 -21.000000 -21.000000 -7.000000 -7.000000 11.000000
-0.244141 -0.399902 -0.399902 -5.687500 0.625000 0.625000 7.000000 10.000000 6.000000 1.000000 -11.000000 6.000000 16.000000 -25.000000 -39.000000 -7.000000 5.000000
-0.253906 -0.453125 -0.453125 -4.125000 1.000000 1.000000 7.000000 10.000000 6.000000 -3.000000 -4.000000 0.000000 2.000000 54.000000 68.000000 24.000000 0.000000
-0.217285 -0.355469 -0.355469 13.625000 -2.562500 -2.562500 7.000000 10.000000 6.000000 -18.000000 -8.000000 -14.000000 11.000000 -29.000000 -5.000000 -3.000000 4.000000
-0.110352 -0.334961 -0.334961 3.625000 -13.625000 -13.625000 7.000000 10.000000 6.000000 -2.000000 5.000000 14.000000 -5.000000 9.000000 -17.000000 -10.000000 -13.000000
-0.086426 -0.319824 -0.319824 -0.562500 -20.437500 -20.437500 7.000000 10.000000 6.000000 -13.000000 -11.000000 39.000000 30.000000 41.000000 52.000000 -1.000000 -11.000000
-0.049805 -0.354004 -0.354004 -1.875000 -29.687500 -29.687500 7.000000 10.000000 6.000000 -25.000000 -50.000000 -39.000000 2.000000 -13.000000 -3.000000 3.000000 -4.000000
0.015137 -0.307129 -0.307129 26.000000 -49.312500 -49.312500 7.000000 9.000000 6.000000 4.000000 -25.000000 -24.000000 -35.000000 -17.000000 -8.000000 2.000000 2.000000
-0.037598 -0.255371 -0.255371 21.687500 -61.812500 -61.812500 7.000000 9.000000 6.000000 -13.000000 -24.000000 -8.000000 -35.000000 -10.000000 -11.000000 -10.000000 -2.000000
-0.107910 -0.286133 -0.286133 -35.375000 -113.625000 -113.625000 7.000000 9.000000 6.000000 7.000000 1.000000 -6.000000 -40.000000 -12.000000 6.000000 -7.000000 -4.000000
-0.092773 -0.339844 -0.339844 -46.250000 -139.687500 -139.687500 7.000000 8.000000 6.000000 7.000000 1.000000 -6.000000 -40.000000 -12.000000 6.000000 -7.000000 -4.000000
-0.032227 -0.348145 -0.348145 -40.500000 -177.062500 -177.062500 7.000000 8.000000 6.000000 -5.000000 -38.000000 19.000000 -76.000000 -59.000000 -19.000000 -6.000000 -5.000000
0.136230 -0.401367 -0.401367 -63.062500 -185.625000 -185.625000 7.000000 7.000000 6.000000 -5.000000 -38.000000 19.000000 -76.000000 -59.000000 -19.000000 -6.000000 -5.000000
0.309082 -0.677246 -0.677246 -73.500000 -193.375000 -193.375000 7.000000 6.000000 6.000000 -17.000000 95.000000 -49.000000 -86.000000 -27.000000 -4.000000 -6.000000 -9.000000
0.449219 -0.466797 -0.466797 -26.062500 -193.500000 -193.500000 7.000000 5.000000 5.000000 -17.000000 95.000000 -49.000000 -86.000000 -27.000000 -4.000000 -6.000000 -9.000000
0.545898 -0.460938 -0.460938 -47.750000 -199.312500 -199.312500 7.000000 4.000000 5.000000 -6.000000 11.000000 9.000000 -13.000000 -29.000000 14.000000 0.000000 -8.000000
0.884277 -0.615234 -0.615234 -39.625000 -196.812500 -196.812500 7.000000 3.000000 5.000000 -5.000000 75.000000 -63.000000 -12.000000 -10.000000 3.000000 7.000000 1.000000
1.079102 -0.542969 -0.542969 -21.250000 -180.375000 -180.375000 7.000000 3.000000 5.000000 -1.000000 -76.000000 81.000000 24.000000 66.000000 1.000000 2.000000 -2.000000
1.336426 -0.387207 -0.387207 23.750000 -130.812500 -130.812500 7.000000 2.000000 5.000000 14.000000 -31.000000 -1.000000 42.000000 41.000000 3.000000 -10.000000 10.000000
1.255371 -0.296387 -0.296387 46.875000 -99.812500 -99.812500 8.000000 2.000000 4.000000 -19.000000 -13.000000 -107.000000 -120.000000 -51.000000 -15.000000 4.000000 25.000000
1.101074 0.010254 0.010254 57.000000 -61.125000 -61.125000 8.000000 1.000000 4.000000 -19.000000 -13.000000 -107.000000 -120.000000 -51.000000 -15.000000 4.000000 25.000000
1.058594 0.099121 0.099121 29.812500 -47.812500 -47.812500 8.000000 1.000000 4.000000 3.000000 -23.000000 80.000000 -80.000000 -6.000000 2.000000 4.000000 1.000000
1.015625 -0.083008 -0.083008 -26.750000 -6.562500 -6.562500 9.000000 1.000000 4.000000 3.000000 -23.000000 80.000000 -80.000000 -6.000000 2.000000 4.000000 1.000000
0.981445 -0.142578 -0.142578 -11.937500 7.625000 7.625000 8.000000 1.000000 4.000000 -13.000000 -79.000000 -98.000000 68.000000 8.000000 -6.000000 -5.000000 15.000000
0.951172 -0.145020 -0.145020 -2.937500 12.062500 12.062500 8.000000 1.000000 4.000000 4.000000 78.000000 14.000000 19.000000 15.000000 2.000000 12.000000 12.000000
0.924316 -0.137695 -0.137695 5.187500 15.437500 15.437500 8.000000 1.000000 4.000000 -30.000000 33.000000 -62.000000 -121.000000 -77.000000 -11.000000 -18.000000 -20.000000
0.923828 -0.129395 -0.129395 10.375000 17.000000 17.000000 8.000000 1.000000 4.000000 32.000000 -38.000000 40.000000 105.000000 84.000000 35.000000 31.000000 17.000000
0.926758 -0.130859 -0.130859 15.062500 15.062500 15.062500 8.000000 1.000000 4.000000 16.000000 -57.000000 -25.000000 -128.000000 -77.000000 -16.000000 1.000000 8.000000
0.933105 -0.127441 -0.127441 17.875000 14.937500 14.937500 8.000000 1.000000 4.000000 -1.000000 -27.000000 -50.000000 -55.000000 -37.000000 -15.000000 -6.000000 -11.000000
0.928711 -0.122559 -0.122559 19.687500 14.375000 14.375000 8.000000 1.000000 4.000000 24.000000 29.000000 1.000000 44.000000 59.000000 2.000000 -2.000000 19.000000
0.911621 -0.110840 -0.110840 19.750000 14.125000 14.125000 8.000000 1.000000 4.000000 -24.000000 -19.000000 -3.000000 -2.000000 -74.000000 -11.000000 -15.000000 -6.000000
0.905762 -0.095215 -0.095215 15.000000 11.500000 11.500000 8.000000 1.000000 4.000000 -5.000000 16.000000 -15.000000 92.000000 72.000000 2.000000 5.000000 -9.000000
0.897949 -0.088867 -0.088867 6.937500 8.125000 8.125000 8.000000 2.000000 4.000000 5.000000 -27.000000 43.000000 30.000000 34.000000 5.000000 -2.000000 2.000000
0.905762 -0.096191 -0.096191 -3.125000 4.250000 4.250000 8.000000 2.000000 4.000000 14.000000 -1.000000 -56.000000 55.000000 1.000000 -1.000000 -9.000000 -14.000000
0.923340 -0.110840 -0.110840 -11.312500 0.750000 0.750000 8.000000 2.000000 4.000000 14.000000 -1.000000 -56.000000 55.000000 1.000000 -1.000000 -9.000000 -14.000000
0.930664 -0.125488 -0.125488 -15.562500 -1.000000 -1.000000 8.000000 2.000000 4.000000 -1.000000 -6.000000 -16.000000 27.000000 22.000000 17.000000 17.000000 19.000000
0.950684 -0.151367 -0.151367 -14.812500 -3.062500 -3.062500 8.000000 2.000000 4.000000 -1.000000 8.000000 48.000000 53.000000 1.000000 -4.000000 -3.000000 8.000000
0.957520 -0.156738 -0.156738 -7.875000 -3.250000 -3.250000 8.000000 2.000000 4.000000 1.000000 3.000000 -54.000000 -124.000000 -30.000000 -9.000000 -8.000000 -5.000000
0.936035 -0.115723 -0.115723 -0.562500 -1.625000 -1.625000 8.000000 2.000000 4.000000 -19.000000 38.000000 15.000000 98.000000 21.000000 -4.000000 -11.000000 -15.000000
0.916016 -0.083984 -0.083984 0.125000 -1.062500 -1.062500 8.000000 2.000000 4.000000 26.000000 -106.000000 -12.000000 4.000000 20.000000 25.000000 42.000000 51.000000
0.911133 -0.074707 -0.074707 -4.750000 -2.312500 -2.312500 8.000000 2.000000 4.000000 0.000000 -26.000000 -23.000000 -95.000000 -10.000000 -8.000000 -13.000000 -2.000000
0.922363 -0.100586 -0.100586 -8.375000 -4.250000 -4.250000 8.000000 2.000000 4.000000 4.000000 52.000000 56.000000 69.000000 12.000000 -12.000000 -7.000000 0.000000
0.928711 -0.121094 -0.121094 -8.625000 -5.625000 -5.625000 8.000000 1.000000 4.000000 -21.000000 -36.000000 -59.000000 37.000000 3.000000 3.000000 -3.000000 -9.000000
0.939453 -0.127441 -0.127441 -7.062500 -6.562500 -6.562500 8.000000 1.000000 4.000000 15.000000 4.000000 12.000000 25.000000 28.000000 15.000000 21.000000 19.000000
0.951660 -0.123047 -0.123047 -5.312500 -7.125000 -7.125000 8.000000 1.000000 4.000000 -8.000000 0.000000 5.000000 -80.000000 -17.000000 -6.000000 -3.000000 0.000000
0.951172 -0.109375 -0.109375 -5.375000 -7.500000 -7.500000 8.000000 1.000000 4.000000 -16.000000 -14.000000 61.000000 4.000000 5.000000 -2.000000 -20.000000 -13.000000
0.942871 -0.103516 -0.103516 -6.562500 -6.750000 -6.750000 8.000000 1.000000 4.000000 6.000000 -5.000000 -52.000000 -13.000000 4.000000 4.000000 5.000000 -9.000000
0.939453 -0.111816 -0.111816 -6.187500 -6.437500 -6.437500 8.000000 1.000000 4.000000 12.000000 21.000000 -38.000000 -101.000000 -38.000000 -10.000000 -7.000000 -4.000000
0.940918 -0.123535 -0.123535 -3.812500 -6.187500 -6.187500 8.000000 1.000000 4.000000 -11.000000 -16.000000 69.000000 55.000000 16.000000 6.000000 17.000000 14.000000
0.942383 -0.122559 -0.122559 -0.312500 -5.812500 -5.812500 8.000000 1.000000 4.000000 1.000000 3.000000 -35.000000 -102.000000 -3.000000 -5.000000 -3.000000 2.000000
0.943359 -0.119141 -0.119141 2.875000 -5.062500 -5.062500 8.000000 1.000000 4.000000 0.000000 -5.000000 65.000000 51.000000 17.000000 -1.000000 -6.000000 -8.000000
0.937012 -0.140137 -0.140137 7.125000 -3.875000 -3.875000 8.000000 1.000000 4.000000 -3.000000 5.000000 -70.000000 -48.000000 -16.000000 -6.000000 -9.000000 -3.000000
0.944336 -0.128906 -0.128906 11.437500 -3.562500 -3.562500 8.000000 1.000000 4.000000 -11.000000 -1.000000 30.000000 -43.000000 -19.000000 6.000000 1.000000 -4.000000
0.938477 -0.111328 -0.111328 13.750000 -2.812500 -2.812500 8.000000 1.000000 4.000000 17.000000 27.000000 -16.000000 -24.000000 18.000000 6.000000 6.000000 8.000000
