0.947266 -0.109375 -0.109375 3.375000 -1.625000 -1.625000 8.000000 1.000000 4.000000 -2.000000 -2.000000 -1.000000 -1.000000 0.000000 -2.000000 -1.000000 0.000000
0.945801 -0.104004 -0.104004 3.625000 -1.562500 -1.562500 8.000000 1.000000 4.000000 -2.000000 -2.000000 -1.000000 -1.000000 0.000000 -2.000000 -1.000000 0.000000
0.948242 -0.101562 -0.101562 1.875000 -1.500000 -1.500000 8.000000 1.000000 4.000000 -1.000000 -2.000000 -2.000000 -1.000000 1.000000 -2.000000 -2.000000 -2.000000
0.950195 -0.110352 -0.110352 1.000000 -1.437500 -1.437500 8.000000 1.000000 4.000000 -1.000000 -2.000000 -2.000000 -1.000000 1.000000 -2.000000 -2.000000 -2.000000
0.946777 -0.110352 -0.110352 2.250000 -1.062500 -1.062500 8.000000 1.000000 4.000000 -2.000000 -1.000000 -4.000000 0.000000 -1.000000 -1.000000 -1.000000 -1.000000
0.944336 -0.104004 -0.104004 3.375000 -1.250000 -1.250000 8.000000 1.000000 4.000000 -2.000000 -1.000000 -4.000000 0.000000 -1.000000 -1.000000 -1.000000 -1.000000
0.946289 -0.097656 -0.097656 2.750000 -1.312500 -1.312500 8.000000 1.000000 4.000000 -1.000000 -3.000000 2.000000 1.000000 1.000000 0.000000 0.000000 -2.000000
0.945801 -0.098145 -0.098145 0.875000 -1.437500 -1.437500 8.000000 1.000000 4.000000 0.000000 -3.000000 -2.000000 0.000000 -1.000000 0.000000 -1.000000 -1.000000
0.954102 -0.107422 -0.107422 -0.812500 -1.500000 -1.500000 8.000000 1.000000 4.000000 -2.000000 -1.000000 -2.000000 -2.000000 0.000000 2.000000 -1.000000 -2.000000
0.948730 -0.111816 -0.111816 0.625000 -1.500000 -1.500000 8.000000 1.000000 4.000000 -2.000000 -1.000000 -2.000000 -2.000000 0.000000 2.000000 -1.000000 -2.000000
0.948730 -0.095215 -0.095215 1.250000 -1.812500 -1.812500 8.000000 1.000000 4.000000 -3.000000 -3.000000 -2.000000 1.000000 2.000000 -1.000000 -1.000000 -3.000000
0.948242 -0.107422 -0.107422 -0.500000 -2.312500 -2.312500 8.000000 1.000000 4.000000 -3.000000 -3.000000 -2.000000 1.000000 2.000000 -1.000000 -1.000000 -3.000000
0.956055 -0.109375 -0.109375 0.125000 -3.125000 -3.125000 7.000000 1.000000 4.000000 -3.000000 -3.000000 -1.000000 1.000000 2.000000 -3.000000 -2.000000 -1.000000
0.958984 -0.111816 -0.111816 1.812500 -3.000000 -3.000000 7.000000 1.000000 4.000000 -1.000000 -3.000000 1.000000 1.000000 0.000000 -5.000000 -2.000000 0.000000
0.970215 -0.076660 -0.076660 1.625000 -2.125000 -2.125000 8.000000 1.000000 4.000000 -2.000000 -1.000000 -3.000000 0.000000 1.000000 -2.000000 -1.000000 0.000000
0.987793 -0.015625 -0.015625 -7.375000 1.312500 1.312500 8.000000 1.000000 4.000000 0.000000 -2.000000 -1.000000 -3.000000 -1.000000 -1.000000 -1.000000 0.000000
1.054688 -0.005859 -0.005859 -38.312500 8.250000 8.250000 7.000000 1.000000 4.000000 -2.000000 -2.000000 -4.000000 -1.000000 -1.000000 1.000000 -1.000000 -1.000000
1.064453 -0.079102 -0.079102 -72.937500 19.562500 19.562500 7.000000 1.000000 4.000000 -3.000000 -2.000000 1.000000 0.000000 0.000000 -2.000000 -2.000000 -2.000000
1.110840 -0.150391 -0.150391 -83.812500 38.750000 38.750000 7.000000 1.000000 4.000000 -1.000000 -2.000000 -3.000000 -1.000000 0.000000 -2.000000 -1.000000 -1.000000
1.137207 -0.081055 -0.081055 -111.562500 68.625000 68.625000 7.000000 1.000000 4.000000 -2.000000 0.000000 -1.000000 -1.000000 0.000000 -4.000000 -2.000000 -1.000000
1.136719 -0.184570 -0.184570 -162.062500 90.250000 90.250000 7.000000 2.000000 4.000000 -1.000000 -4.000000 -5.000000 -2.000000 0.000000 -4.000000 -1.000000 -1.000000
1.105469 -0.490234 -0.490234 -190.437500 104.250000 104.250000 7.000000 2.000000 4.000000 -1.000000 -4.000000 -5.000000 -2.000000 0.000000 -4.000000 -1.000000 -1.000000
1.116699 -0.811035 -0.811035 -160.750000 116.437500 116.437500 6.000000 2.000000 4.000000 -1.000000 -3.000000 5.000000 2.000000 0.000000 -3.000000 -2.000000 -2.000000
1.093750 -0.971191 -0.971191 -92.187500 133.875000 133.875000 6.000000 3.000000 5.000000 -1.000000 -1.000000 1.000000 1.000000 0.000000 -4.000000 -2.000000 -1.000000
1.014648 -0.905762 -0.905762 -30.062500 153.437500 153.437500 6.000000 3.000000 5.000000 0.000000 0.000000 -1.000000 -1.000000 0.000000 -1.000000 0.000000 -2.000000
0.882324 -0.834473 -0.834473 -25.000000 161.875000 161.875000 6.000000 4.000000 5.000000 0.000000 0.000000 -1.000000 -1.000000 0.000000 -1.000000 0.000000 -2.000000
0.831055 -0.997559 -0.997559 -43.875000 164.250000 164.250000 6.000000 4.000000 5.000000 -2.000000 -2.000000 -2.000000 3.000000 1.000000 -4.000000 -2.000000 -1.000000
0.794434 -1.051758 -1.051758 -18.562500 164.000000 164.000000 6.000000 5.000000 5.000000 -2.000000 -2.000000 -2.000000 3.000000 1.000000 -4.000000 -2.000000 -1.000000
0.635254 -0.857910 -0.857910 11.875000 156.062500 156.062500 6.000000 6.000000 5.000000 -2.000000 -2.000000 12.000000 3.000000 1.000000 -2.000000 -1.000000 -1.000000
0.226074 -0.649414 -0.649414 19.250000 141.687500 141.687500 6.000000 7.000000 5.000000 -1.000000 -4.000000 -10.000000 -2.000000 0.000000 -3.000000 -2.000000 -1.000000
-0.260254 -0.500000 -0.500000 -9.500000 102.875000 102.875000 6.000000 7.000000 5.000000 -1.000000 -1.000000 8.000000 -1.000000 0.000000 2.000000 0.000000 -2.000000
-0.536133 -0.579102 -0.579102 -85.125000 35.687500 35.687500 6.000000 8.000000 5.000000 -1.000000 -1.000000 8.000000 -1.000000 0.000000 2.000000 0.000000 -2.000000
-0.438965 -1.286133 -1.286133 -148.562500 -41.937500 -41.937500 6.000000 9.000000 6.000000 -1.000000 -2.000000 -11.000000 -3.000000 1.000000 0.000000 -1.000000 -1.000000
-0.173340 -1.831055 -1.831055 -75.375000 -52.312500 -52.312500 5.000000 9.000000 6.000000 -2.000000 -2.000000 -9.000000 -4.000000 -1.000000 1.000000 -1.000000 -1.000000
0.363281 -1.574219 -1.574219 154.062500 -1.312500 -1.312500 6.000000 10.000000 6.000000 -2.000000 -3.000000 8.000000 -4.000000 1.000000 -1.000000 -2.000000 0.000000
0.153320 -0.271973 -0.271973 288.000000 30.812500 30.812500 6.000000 11.000000 6.000000 -2.000000 -3.000000 8.000000 -4.000000 1.000000 -1.000000 -2.000000 0.000000
-0.244141 0.248047 0.248047 216.125000 6.812500 6.812500 6.000000 11.000000 7.000000 -3.000000 -14.000000 -8.000000 27.000000 21.000000 5.000000 0.000000 -2.000000
-0.241211 0.134766 0.134766 67.875000 -30.187500 -30.187500 6.000000 11.000000 7.000000 -2.000000 3.000000 53.000000 14.000000 4.000000 1.000000 0.000000 -2.000000
0.147461 -0.537109 -0.537109 -40.750000 -32.500000 -32.500000 7.000000 11.000000 7.000000 -1.000000 1.000000 -9.000000 -25.000000 -21.000000 -1.000000 -1.000000 -1.000000
0.229980 -0.633301 -0.633301 39.625000 -3.625000 -3.625000 7.000000 12.000000 7.000000 -1.000000 -7.000000 -41.000000 -11.000000 -17.000000 -2.000000 -4.000000 -1.000000
-0.125488 -0.155762 -0.155762 113.500000 9.562500 9.562500 7.000000 12.000000 7.000000 0.000000 -8.000000 3.000000 -14.000000 -7.000000 -2.000000 1.000000 -2.000000
-0.304688 -0.005859 -0.005859 46.937500 -1.375000 -1.375000 7.000000 12.000000 7.000000 0.000000 -8.000000 3.000000 -14.000000 -7.000000 -2.000000 1.000000 -2.000000
-0.318359 -0.467285 -0.467285 -63.625000 -15.125000 -15.125000 7.000000 12.000000 7.000000 -2.000000 4.000000 19.000000 8.000000 4.000000 -5.000000 -3.000000 -2.000000
-0.244629 -0.734375 -0.734375 -12.937500 -13.187500 -13.187500 7.000000 12.000000 7.000000 -4.000000 -23.000000 -31.000000 -10.000000 -5.000000 -4.000000 -2.000000 -4.000000
-0.457031 -0.397949 -0.397949 53.562500 -4.625000 -4.625000 7.000000 12.000000 7.000000 -5.000000 2.000000 -8.000000 -15.000000 -10.000000 -10.000000 -11.000000 2.000000
-0.572266 -0.148926 -0.148926 33.500000 -7.687500 -7.687500 7.000000 12.000000 7.000000 -5.000000 2.000000 -8.000000 -15.000000 -10.000000 -10.000000 -11.000000 2.000000
-0.525879 -0.250000 -0.250000 -11.812500 -10.187500 -10.187500 7.000000 12.000000 7.000000 -4.000000 0.000000 22.000000 -52.000000 -50.000000 -16.000000 -12.000000 -18.000000
-0.485840 -0.468262 -0.468262 -15.500000 -5.750000 -5.750000 7.000000 12.000000 7.000000 -4.000000 0.000000 22.000000 -52.000000 -50.000000 -16.000000 -12.000000 -18.000000
-0.495605 -0.345215 -0.345215 27.375000 4.062500 4.062500 7.000000 12.000000 7.000000 -5.000000 3.000000 40.000000 85.000000 -30.000000 -41.000000 -2.000000 -8.000000
-0.600098 -0.130859 -0.130859 25.750000 6.125000 6.125000 7.000000 12.000000 7.000000 -1.000000 -13.000000 -59.000000 42.000000 34.000000 -29.000000 1.000000 3.000000
-0.479492 -0.213867 -0.213867 -13.187500 1.687500 1.687500 7.000000 12.000000 7.000000 -5.000000 3.000000 65.000000 25.000000 59.000000 104.000000 2.000000 3.000000
-0.246094 -0.315430 -0.315430 -10.437500 5.312500 5.312500 7.000000 12.000000 7.000000 1.000000 -6.000000 7.000000 -24.000000 3.000000 -27.000000 2.000000 2.000000
-0.201660 -0.249023 -0.249023 29.312500 14.875000 14.875000 7.000000 12.000000 7.000000 -2.000000 -9.000000 -11.000000 1.000000 11.000000 26.000000 -5.000000 -2.000000
-0.061035 -0.615723 -0.615723 40.250000 32.125000 32.125000 7.000000 12.000000 7.000000 -2.000000 -9.000000 -11.000000 1.000000 11.000000 26.000000 -5.000000 -2.000000
-0.079590 -0.947266 -0.947266 45.000000 66.125000 66.125000 7.000000 11.000000 7.000000 -3.000000 -11.000000 2.000000 2.000000 7.000000 -8.000000 -1.000000 0.000000
-0.809570 -0.725586 -0.725586 127.062500 50.375000 50.375000 7.000000 11.000000 7.000000 5.000000 21.000000 35.000000 0.000000 -11.000000 12.000000 2.000000 2.000000
-1.674316 0.899414 0.899414 336.562500 -148.437500 -148.437500 7.000000 11.000000 6.000000 1.000000 5.000000 -25.000000 11.000000 -45.000000 -57.000000 0.000000 1.000000
-0.818359 0.703613 0.703613 245.312500 -139.125000 -139.125000 8.000000 10.000000 6.000000 0.000000 5.000000 -8.000000 4.000000 57.000000 -2.000000 2.000000 2.000000
0.803223 0.438965 0.438965 28.312500 -71.687500 -71.687500 8.000000 10.000000 6.000000 0.000000 -5.000000 -11.000000 4.000000 57.000000 35.000000 1.000000 0.000000
0.645508 -0.672852 -0.672852 -220.937500 -21.250000 -21.250000 7.000000 10.000000 6.000000 0.000000 1.000000 10.000000 -8.000000 -37.000000 28.000000 -3.000000 -2.000000
0.207520 -1.526367 -1.526367 -294.187500 -14.625000 -14.625000 7.000000 9.000000 5.000000 -3.000000 -8.000000 -9.000000 11.000000 -6.000000 -7.000000 -1.000000 -2.000000
-0.234863 -2.077637 -2.077637 -191.687500 -4.125000 -4.125000 7.000000 9.000000 5.000000 -2.000000 -1.000000 -8.000000 10.000000 28.000000 -26.000000 2.000000 0.000000
-0.736328 -1.068359 -1.068359 70.437500 16.437500 16.437500 7.000000 9.000000 5.000000 -2.000000 -2.000000 -8.000000 -9.000000 -6.000000 38.000000 -7.000000 -4.000000
-0.462891 -0.292480 -0.292480 69.375000 3.125000 3.125000 7.000000 10.000000 5.000000 -7.000000 -15.000000 6.000000 -11.000000 6.000000 -56.000000 -8.000000 -7.000000
-0.429688 -0.350098 -0.350098 -0.062500 -7.562500 -7.562500 7.000000 10.000000 5.000000 0.000000 3.000000 -5.000000 3.000000 -12.000000 26.000000 2.000000 2.000000
-0.167480 -0.478516 -0.478516 -20.062500 -7.750000 -7.750000 7.000000 10.000000 5.000000 5.000000 5.000000 2.000000 9.000000 -42.000000 -18.000000 4.000000 5.000000
-0.180664 -0.503906 -0.503906 -0.812500 6.062500 6.062500 7.000000 10.000000 5.000000 -7.000000 -5.000000 -16.000000 -11.000000 9.000000 -3.000000 -4.000000 -4.000000
-0.222656 -0.518555 -0.518555 -20.500000 1.375000 1.375000 7.000000 10.000000 5.000000 0.000000 -1.000000 24.000000 10.000000 77.000000 98.000000 6.000000 1.000000
-0.203613 -0.588379 -0.588379 2.062500 -5.062500 -5.062500 7.000000 10.000000 5.000000 7.000000 16.000000 4.000000 -12.000000 2.000000 -2.000000 -1.000000 2.000000
-0.145996 -0.407227 -0.407227 11.500000 -12.375000 -12.375000 7.000000 9.000000 5.000000 -12.000000 -16.000000 16.000000 -1.000000 -77.000000 7.000000 0.000000 -8.000000
-0.149902 -0.482422 -0.482422 -5.312500 -13.062500 -13.062500 7.000000 9.000000 5.000000 0.000000 12.000000 10.000000 -7.000000 -36.000000 -88.000000 -6.000000 -1.000000
-0.120117 -0.485352 -0.485352 17.000000 -17.062500 -17.062500 7.000000 9.000000 5.000000 -3.000000 1.000000 -13.000000 15.000000 83.000000 89.000000 4.000000 -1.000000
-0.086914 -0.388672 -0.388672 34.250000 -23.562500 -23.562500 7.000000 9.000000 5.000000 1.000000 -7.000000 -2.000000 -3.000000 1.000000 -51.000000 1.000000 1.000000
-0.050293 -0.337402 -0.337402 31.375000 -34.875000 -34.875000 7.000000 9.000000 5.000000 -5.000000 1.000000 9.000000 1.000000 -38.000000 -74.000000 4.000000 3.000000
0.026855 -0.289062 -0.289062 16.437500 -52.187500 -52.187500 7.000000 9.000000 5.000000 -12.000000 -15.000000 5.000000 12.000000 57.000000 80.000000 -5.000000 -3.000000
0.192871 -0.312012 -0.312012 -19.250000 -93.875000 -93.875000 7.000000 8.000000 5.000000 -12.000000 -15.000000 5.000000 12.000000 57.000000 80.000000 -5.000000 -3.000000
0.187500 -0.389160 -0.389160 -22.562500 -113.875000 -113.875000 7.000000 8.000000 5.000000 -39.000000 -7.000000 -14.000000 -19.000000 -86.000000 -24.000000 8.000000 -2.000000
0.100586 -0.606934 -0.606934 -6.187500 -143.312500 -143.312500 7.000000 7.000000 5.000000 -39.000000 -7.000000 -14.000000 -19.000000 -86.000000 -24.000000 8.000000 -2.000000
0.113281 -0.676270 -0.676270 6.125000 -152.187500 -152.187500 7.000000 7.000000 5.000000 35.000000 -17.000000 12.000000 11.000000 25.000000 52.000000 23.000000 40.000000
0.244629 -0.523926 -0.523926 46.500000 -161.500000 -161.500000 7.000000 6.000000 5.000000 35.000000 -17.000000 12.000000 11.000000 25.000000 52.000000 23.000000 40.000000
0.253906 -0.403809 -0.403809 17.750000 -176.625000 -176.625000 7.000000 6.000000 5.000000 8.000000 20.000000 7.000000 0.000000 -20.000000 -73.000000 -10.000000 36.000000
0.414551 -0.595703 -0.595703 0.875000 -171.312500 -171.312500 7.000000 5.000000 5.000000 8.000000 20.000000 7.000000 0.000000 -20.000000 -73.000000 -10.000000 36.000000
0.549316 -0.525391 -0.525391 17.375000 -169.250000 -169.250000 7.000000 4.000000 5.000000 13.000000 17.000000 -22.000000 -27.000000 -9.000000 12.000000 1.000000 -19.000000
0.699219 -0.453613 -0.453613 9.187500 -166.750000 -166.750000 7.000000 4.000000 5.000000 33.000000 56.000000 -45.000000 -34.000000 -24.000000 -39.000000 -25.000000 -16.000000
0.864258 -0.483887 -0.483887 -17.250000 -151.125000 -151.125000 7.000000 3.000000 5.000000 -14.000000 -25.000000 13.000000 -20.000000 -85.000000 -47.000000 0.000000 -15.000000
1.133789 -0.428711 -0.428711 27.312500 -126.937500 -126.937500 7.000000 3.000000 5.000000 -11.000000 -24.000000 -1.000000 0.000000 14.000000 -19.000000 -13.000000 -31.000000
1.123535 -0.339844 -0.339844 28.062500 -109.875000 -109.875000 7.000000 2.000000 5.000000 -2.000000 -80.000000 3.000000 -18.000000 26.000000 7.000000 -3.000000 -25.000000
1.039551 -0.272461 -0.272461 28.562500 -102.750000 -102.750000 7.000000 2.000000 5.000000 11.000000 -95.000000 -57.000000 -23.000000 -5.000000 -9.000000 -2.000000 34.000000
1.009277 -0.175293 -0.175293 24.875000 -75.750000 -75.750000 8.000000 2.000000 4.000000 26.000000 109.000000 110.000000 1.000000 45.000000 -19.000000 1.000000 19.000000
0.971191 -0.133789 -0.133789 13.500000 -62.125000 -62.125000 8.000000 2.000000 4.000000 26.000000 109.000000 110.000000 1.000000 45.000000 -19.000000 1.000000 19.000000
0.959961 -0.110840 -0.110840 -6.312500 -54.062500 -54.062500 8.000000 2.000000 4.000000 -1.000000 30.000000 31.000000 127.000000 117.000000 56.000000 23.000000 11.000000
0.985840 -0.134766 -0.134766 -19.812500 -45.687500 -45.687500 8.000000 1.000000 4.000000 -1.000000 30.000000 31.000000 127.000000 117.000000 56.000000 23.000000 11.000000
0.991211 -0.163086 -0.163086 -18.187500 -35.437500 -35.437500 8.000000 1.000000 4.000000 -24.000000 56.000000 -3.000000 3.000000 -54.000000 -23.000000 -20.000000 -6.000000
0.976074 -0.136719 -0.136719 -8.250000 -25.625000 -25.625000 8.000000 1.000000 4.000000 7.000000 89.000000 14.000000 -37.000000 -5.000000 -22.000000 1.000000 8.000000
0.984863 -0.084961 -0.084961 -2.875000 -19.250000 -19.250000 8.000000 1.000000 4.000000 4.000000 56.000000 -28.000000 -69.000000 -22.000000 -3.000000 -2.000000 9.000000
0.990723 -0.062500 -0.062500 -6.437500 -14.437500 -14.437500 8.000000 1.000000 4.000000 17.000000 52.000000 54.000000 15.000000 -36.000000 1.000000 -5.000000 4.000000
0.980469 -0.082031 -0.082031 -11.500000 -10.562500 -10.562500 8.000000 1.000000 4.000000 -16.000000 -70.000000 20.000000 10.000000 5.000000 9.000000 -9.000000 -16.000000
0.974609 -0.115234 -0.115234 -11.687500 -5.937500 -5.937500 8.000000 1.000000 4.000000 -16.000000 -70.000000 20.000000 10.000000 5.000000 9.000000 -9.000000 -16.000000
0.963379 -0.129395 -0.129395 -8.125000 -3.000000 -3.000000 8.000000 1.000000 4.000000 1.000000 -19.000000 38.000000 18.000000 24.000000 12.000000 2.000000 0.000000
0.939941 -0.112305 -0.112305 -3.687500 3.375000 3.375000 8.000000 1.000000 4.000000 -9.000000 6.000000 -38.000000 -73.000000 -77.000000 -37.000000 -14.000000 -3.000000
0.940430 -0.106445 -0.106445 -5.062500 4.875000 4.875000 8.000000 1.000000 4.000000 3.000000 -16.000000 -116.000000 -2.000000 10.000000 16.000000 4.000000 -3.000000
0.943848 -0.109863 -0.109863 -5.875000 5.437500 5.437500 8.000000 1.000000 4.000000 3.000000 -16.000000 -116.000000 -2.000000 10.000000 16.000000 4.000000 -3.000000
0.946777 -0.101562 -0.101562 -5.375000 6.125000 6.125000 8.000000 1.000000 4.000000 -5.000000 28.000000 -54.000000 2.000000 32.000000 8.000000 16.000000 18.000000
0.943359 -0.100586 -0.100586 -4.187500 6.187500 6.187500 8.000000 1.000000 4.000000 18.000000 1.000000 33.000000 -97.000000 -30.000000 -10.000000 2.000000 10.000000
0.941895 -0.095703 -0.095703 -4.000000 5.562500 5.562500 8.000000 1.000000 4.000000 -3.000000 62.000000 12.000000 -24.000000 13.000000 0.000000 -1.000000 5.000000
0.936523 -0.101562 -0.101562 -5.187500 4.562500 4.562500 8.000000 1.000000 4.000000 -3.000000 2.000000 -46.000000 -49.000000 24.000000 15.000000 6.000000 -7.000000
0.936035 -0.106445 -0.106445 -5.375000 3.625000 3.625000 8.000000 1.000000 4.000000 -2.000000 -68.000000 -47.000000 -9.000000 -12.000000 -4.000000 1.000000 17.000000
0.935059 -0.106934 -0.106934 -4.250000 2.687500 2.687500 8.000000 1.000000 4.000000 -2.000000 -2.000000 -29.000000 -65.000000 -36.000000 -17.000000 -9.000000 30.000000
0.928711 -0.110840 -0.110840 -2.750000 2.000000 2.000000 8.000000 1.000000 4.000000 8.000000 -25.000000 29.000000 127.000000 15.000000 5.000000 -3.000000 6.000000
0.930664 -0.116211 -0.116211 -1.437500 0.750000 0.750000 8.000000 1.000000 4.000000 -4.000000 36.000000 15.000000 -10.000000 2.000000 -11.000000 -9.000000 46.000000
0.924316 -0.121094 -0.121094 1.562500 -1.562500 -1.562500 8.000000 1.000000 4.000000 20.000000 65.000000 11.000000 -40.000000 -19.000000 -15.000000 -12.000000 -3.000000
0.918945 -0.105469 -0.105469 3.937500 -2.625000 -2.625000 8.000000 1.000000 4.000000 -16.000000 -45.000000 -17.000000 57.000000 5.000000 10.000000 13.000000 -18.000000
0.921875 -0.095703 -0.095703 3.375000 -3.625000 -3.625000 8.000000 1.000000 4.000000 13.000000 4.000000 13.000000 -45.000000 -14.000000 27.000000 11.000000 -9.000000
0.924316 -0.085938 -0.085938 1.187500 -4.562500 -4.562500 8.000000 1.000000 4.000000 13.000000 4.000000 13.000000 -45.000000 -14.000000 27.000000 11.000000 -9.000000
0.926270 -0.096191 -0.096191 -0.687500 -5.500000 -5.500000 8.000000 1.000000 4.000000 -22.000000 64.000000 106.000000 103.000000 23.000000 -3.000000 -5.000000 -23.000000
0.940918 -0.094727 -0.094727 -0.500000 -5.562500 -5.562500 8.000000 1.000000 4.000000 -22.000000 64.000000 106.000000 103.000000 23.000000 -3.000000 -5.000000 -23.000000
0.944336 -0.090820 -0.090820 0.437500 -4.937500 -4.937500 8.000000 1.000000 4.000000 8.000000 -27.000000 6.000000 9.000000 36.000000 4.000000 4.000000 -4.000000
0.947754 -0.087891 -0.087891 1.062500 -3.687500 -3.687500 8.000000 1.000000 4.000000 8.000000 -27.000000 6.000000 9.000000 36.000000 4.000000 4.000000 -4.000000
0.944336 -0.090332 -0.090332 0.750000 -2.812500 -2.812500 8.000000 1.000000 4.000000 -4.000000 -38.000000 -12.000000 109.000000 83.000000 17.000000 10.000000 -5.000000
0.943848 -0.092285 -0.092285 -0.125000 -2.312500 -2.312500 8.000000 1.000000 4.000000 -4.000000 -38.000000 -12.000000 109.000000 83.000000 17.000000 10.000000 -5.000000
0.936523 -0.092773 -0.092773 -1.125000 -1.562500 -1.562500 8.000000 1.000000 4.000000 3.000000 17.000000 -6.000000 -116.000000 -11.000000 1.000000 0.000000 1.000000
0.939453 -0.095215 -0.095215 -1.750000 -1.375000 -1.375000 8.000000 1.000000 4.000000 -2.000000 2.000000 0.000000 -56.000000 -33.000000 -11.000000 2.000000 9.000000
0.933594 -0.104004 -0.104004 -1.312500 -1.000000 -1.000000 8.000000 1.000000 4.000000 -12.000000 -37.000000 -29.000000 -47.000000 -12.000000 -7.000000 -11.000000 -18.000000
0.936035 -0.107422 -0.107422 0.000000 -1.062500 -1.062500 8.000000 1.000000 4.000000 -12.000000 -37.000000 -29.000000 -47.000000 -12.000000 -7.000000 -11.000000 -18.000000
0.934082 -0.102539 -0.102539 1.875000 -1.250000 -1.250000 8.000000 1.000000 4.000000 -14.000000 -9.000000 -31.000000 -95.000000 -35.000000 -19.000000 -16.000000 -28.000000
0.937500 -0.102539 -0.102539 3.000000 -1.500000 -1.500000 8.000000 1.000000 4.000000 -14.000000 -9.000000 -31.000000 -95.000000 -35.000000 -19.000000 -16.000000 -28.000000
0.941406 -0.096191 -0.096191 3.125000 -1.437500 -1.437500 8.000000 1.000000 4.000000 -9.000000 -12.000000 -46.000000 5.000000 -8.000000 3.000000 -1.000000 -41.000000
0.944824 -0.086914 -0.086914 2.500000 -1.500000 -1.500000 8.000000 1.000000 4.000000 -9.000000 -12.000000 -46.000000 5.000000 -8.000000 3.000000 -1.000000 -41.000000
0.945312 -0.087402 -0.087402 2.250000 -2.187500 -2.187500 8.000000 1.000000 4.000000 7.000000 8.000000 23.000000 -54.000000 -29.000000 -10.000000 5.000000 26.000000
0.952637 -0.082031 -0.082031 2.687500 -2.687500 -2.687500 8.000000 1.000000 4.000000 7.000000 8.000000 23.000000 -54.000000 -29.000000 -10.000000 5.000000 26.000000
0.947754 -0.086914 -0.086914 2.875000 -2.750000 -2.750000 8.000000 1.000000 4.000000 -11.000000 -4.000000 26.000000 52.000000 3.000000 -7.000000 -7.000000 -2.000000
0.944824 -0.080078 -0.080078 2.875000 -3.125000 -3.125000 8.000000 1.000000 4.000000 -14.000000 -12.000000 -66.000000 -65.000000 -14.000000 1.000000 -2.000000 -16.000000
