0.959961 -0.136230 -0.136230 -3.687500 0.750000 0.750000 7.000000 1.000000 8.000000 -1.000000 0.000000 -1.000000 -1.000000 -1.000000 -1.000000 -1.000000 0.000000
0.955566 -0.130371 -0.130371 3.812500 1.437500 1.437500 7.000000 1.000000 8.000000 -1.000000 0.000000 -1.000000 -1.000000 -1.000000 -1.000000 -1.000000 0.000000
0.951172 -0.114258 -0.114258 6.250000 0.375000 0.375000 7.000000 1.000000 8.000000 -1.000000 -3.000000 -1.000000 -1.000000 -1.000000 -2.000000 -1.000000 -3.000000
0.947754 -0.111816 -0.111816 2.375000 0.062500 0.062500 7.000000 1.000000 8.000000 -1.000000 -3.000000 -1.000000 -1.000000 -1.000000 -2.000000 -1.000000 -3.000000
0.936035 -0.132812 -0.132812 -3.437500 -0.875000 -0.875000 7.000000 1.000000 8.000000 0.000000 -1.000000 -1.000000 -1.000000 1.000000 0.000000 2.000000 4.000000
0.933594 -0.151367 -0.151367 -3.250000 -1.250000 -1.250000 7.000000 1.000000 8.000000 0.000000 -1.000000 -1.000000 -1.000000 1.000000 0.000000 2.000000 4.000000
0.926758 -0.149414 -0.149414 0.437500 -1.312500 -1.312500 7.000000 1.000000 8.000000 -1.000000 0.000000 -1.000000 -2.000000 0.000000 -1.000000 0.000000 -1.000000
0.937012 -0.131348 -0.131348 2.437500 -1.562500 -1.562500 7.000000 1.000000 8.000000 -2.000000 -3.000000 -2.000000 -1.000000 1.000000 -2.000000 -2.000000 -3.000000
0.938965 -0.118652 -0.118652 0.687500 -1.812500 -1.812500 7.000000 1.000000 8.000000 -3.000000 -3.000000 -1.000000 1.000000 0.000000 -1.000000 -1.000000 1.000000
0.949219 -0.127441 -0.127441 -2.125000 -2.187500 -2.187500 7.000000 1.000000 8.000000 -2.000000 -1.000000 -2.000000 -2.000000 0.000000 -3.000000 -3.000000 -3.000000
0.955078 -0.139648 -0.139648 -1.687500 -1.875000 -1.875000 7.000000 1.000000 8.000000 -2.000000 -1.000000 -1.000000 0.000000 2.000000 1.000000 -1.000000 -3.000000
0.951172 -0.121094 -0.121094 -1.750000 -1.250000 -1.250000 7.000000 1.000000 8.000000 -2.000000 -1.000000 -1.000000 0.000000 1.000000 0.000000 1.000000 3.000000
0.972656 -0.108887 -0.108887 -5.000000 1.062500 1.062500 7.000000 1.000000 8.000000 -2.000000 -2.000000 -1.000000 -1.000000 1.000000 -2.000000 -1.000000 1.000000
0.989746 -0.091309 -0.091309 -10.875000 4.312500 4.312500 7.000000 1.000000 8.000000 -2.000000 -1.000000 -2.000000 -2.000000 -1.000000 -2.000000 -2.000000 -1.000000
1.006836 -0.089844 -0.089844 -24.062500 8.125000 8.125000 7.000000 1.000000 8.000000 0.000000 -5.000000 -2.000000 -1.000000 -1.000000 -3.000000 -1.000000 1.000000
1.062012 -0.190430 -0.190430 -43.562500 28.812500 28.812500 7.000000 1.000000 8.000000 0.000000 -2.000000 -1.000000 -3.000000 0.000000 -3.000000 -1.000000 -1.000000
1.067383 -0.217773 -0.217773 -55.062500 43.625000 43.625000 7.000000 1.000000 8.000000 0.000000 -2.000000 -1.000000 0.000000 -1.000000 -2.000000 -2.000000 -3.000000
1.109863 -0.579590 -0.579590 -83.812500 73.500000 73.500000 7.000000 2.000000 8.000000 0.000000 -2.000000 -1.000000 0.000000 -1.000000 -2.000000 -2.000000 -3.000000
1.162109 -0.689453 -0.689453 -49.500000 92.062500 92.062500 7.000000 2.000000 8.000000 -2.000000 -1.000000 -3.000000 0.000000 0.000000 -2.000000 -3.000000 -1.000000
1.147949 -0.755371 -0.755371 -8.250000 107.937500 107.937500 6.000000 3.000000 8.000000 -2.000000 -1.000000 -1.000000 0.000000 0.000000 -1.000000 -1.000000 0.000000
1.052734 -0.788574 -0.788574 15.187500 118.437500 118.437500 6.000000 3.000000 8.000000 -2.000000 -4.000000 -2.000000 -1.000000 -1.000000 1.000000 0.000000 0.000000
0.920410 -0.866211 -0.866211 30.062500 122.500000 122.500000 6.000000 4.000000 8.000000 -2.000000 -4.000000 -2.000000 -1.000000 -1.000000 1.000000 0.000000 0.000000
0.795410 -0.923828 -0.923828 54.375000 126.437500 126.437500 6.000000 4.000000 9.000000 -1.000000 -1.000000 -2.000000 -1.000000 -1.000000 -3.000000 0.000000 -1.000000
0.691406 -0.901367 -0.901367 83.937500 133.562500 133.562500 6.000000 5.000000 9.000000 -1.000000 -2.000000 -1.000000 2.000000 1.000000 -1.000000 -1.000000 -1.000000
0.593750 -0.777832 -0.777832 98.187500 139.125000 139.125000 6.000000 5.000000 9.000000 -2.000000 -2.000000 0.000000 -2.000000 0.000000 -2.000000 0.000000 1.000000
0.351074 -0.625000 -0.625000 85.750000 127.250000 127.250000 6.000000 6.000000 9.000000 -2.000000 -7.000000 -2.000000 1.000000 1.000000 -2.000000 -3.000000 -2.000000
0.124512 -0.561523 -0.561523 73.250000 105.062500 105.062500 6.000000 7.000000 9.000000 -1.000000 -1.000000 0.000000 0.000000 -1.000000 -2.000000 0.000000 -1.000000
0.046875 -0.485840 -0.485840 63.437500 81.562500 81.562500 6.000000 7.000000 9.000000 -2.000000 1.000000 -4.000000 -3.000000 0.000000 -3.000000 -2.000000 -3.000000
0.055664 -0.461914 -0.461914 37.375000 54.062500 54.062500 6.000000 8.000000 10.000000 -1.000000 -2.000000 -4.000000 4.000000 1.000000 -1.000000 -1.000000 -1.000000
0.032715 -0.489258 -0.489258 8.875000 28.875000 28.875000 6.000000 8.000000 10.000000 -1.000000 0.000000 -6.000000 0.000000 1.000000 0.000000 0.000000 -2.000000
0.011719 -0.583496 -0.583496 -4.250000 10.000000 10.000000 6.000000 9.000000 10.000000 -1.000000 0.000000 4.000000 -14.000000 -1.000000 -1.000000 -1.000000 -1.000000
0.096680 -0.695312 -0.695312 -6.875000 -4.875000 -4.875000 6.000000 9.000000 10.000000 -1.000000 0.000000 4.000000 -14.000000 -1.000000 -1.000000 -1.000000 -1.000000
0.224609 -0.620605 -0.620605 37.125000 0.562500 0.562500 6.000000 9.000000 10.000000 -2.000000 1.000000 -6.000000 0.000000 0.000000 0.000000 -2.000000 -2.000000
0.194336 -0.450684 -0.450684 66.312500 1.937500 1.937500 6.000000 9.000000 10.000000 -3.000000 -7.000000 -6.000000 -3.000000 3.000000 0.000000 1.000000 -1.000000
0.039551 -0.282227 -0.282227 50.062500 -2.625000 -2.625000 6.000000 10.000000 10.000000 -1.000000 1.000000 -9.000000 4.000000 -3.000000 -3.000000 -2.000000 -1.000000
-0.052734 -0.348633 -0.348633 0.562500 -8.750000 -8.750000 6.000000 10.000000 11.000000 1.000000 4.000000 35.000000 6.000000 5.000000 -2.000000 0.000000 0.000000
0.029297 -0.581055 -0.581055 -26.562500 -13.250000 -13.250000 6.000000 10.000000 11.000000 -2.000000 -2.000000 -11.000000 0.000000 -4.000000 -3.000000 -3.000000 -2.000000
0.002930 -0.605957 -0.605957 -0.250000 -15.625000 -15.625000 6.000000 10.000000 11.000000 -2.000000 -2.000000 -11.000000 0.000000 -4.000000 -3.000000 -3.000000 -2.000000
-0.094727 -0.560059 -0.560059 0.000000 -18.187500 -18.187500 6.000000 10.000000 11.000000 -3.000000 -5.000000 -21.000000 9.000000 1.000000 -3.000000 -4.000000 -2.000000
-0.199707 -0.564453 -0.564453 -10.750000 -22.000000 -22.000000 6.000000 10.000000 11.000000 -3.000000 -5.000000 -21.000000 9.000000 1.000000 -3.000000 -4.000000 -2.000000
-0.228027 -0.605469 -0.605469 -3.937500 -19.562500 -19.562500 6.000000 10.000000 11.000000 -1.000000 4.000000 28.000000 -26.000000 -14.000000 -6.000000 -2.000000 -2.000000
-0.169922 -0.588379 -0.588379 10.750000 -10.437500 -10.437500 6.000000 10.000000 11.000000 -1.000000 -6.000000 -15.000000 10.000000 7.000000 -2.000000 0.000000 -1.000000
-0.194824 -0.532227 -0.532227 17.125000 -5.000000 -5.000000 7.000000 10.000000 11.000000 -2.000000 -1.000000 6.000000 7.000000 4.000000 -1.000000 -2.000000 -1.000000
-0.287598 -0.407227 -0.407227 14.375000 -6.625000 -6.625000 7.000000 10.000000 11.000000 0.000000 3.000000 -8.000000 -20.000000 -6.000000 2.000000 1.000000 0.000000
-0.309082 -0.409668 -0.409668 -4.062500 -10.187500 -10.187500 7.000000 10.000000 11.000000 -1.000000 -3.000000 11.000000 14.000000 -2.000000 -2.000000 -1.000000 1.000000
-0.240234 -0.515137 -0.515137 -8.437500 -8.500000 -8.500000 7.000000 10.000000 11.000000 -2.000000 0.000000 5.000000 -19.000000 -8.000000 -5.000000 -3.000000 -1.000000
-0.231934 -0.589844 -0.589844 -2.437500 -0.875000 -0.875000 7.000000 10.000000 11.000000 0.000000 4.000000 8.000000 -2.000000 -4.000000 0.000000 -1.000000 0.000000
-0.260254 -0.604492 -0.604492 11.187500 5.750000 5.750000 7.000000 10.000000 11.000000 -3.000000 -13.000000 -1.000000 6.000000 -13.000000 -3.000000 -2.000000 -2.000000
-0.337402 -0.544434 -0.544434 14.125000 6.562500 6.562500 7.000000 10.000000 11.000000 -1.000000 -3.000000 -22.000000 -8.000000 14.000000 0.000000 0.000000 -1.000000
-0.367676 -0.529297 -0.529297 2.812500 2.625000 2.625000 7.000000 10.000000 11.000000 0.000000 5.000000 29.000000 12.000000 12.000000 4.000000 -1.000000 -2.000000
-0.334961 -0.520020 -0.520020 -3.687500 -2.562500 -2.562500 7.000000 10.000000 11.000000 -3.000000 -8.000000 -4.000000 -24.000000 -31.000000 -8.000000 1.000000 -1.000000
-0.330566 -0.503906 -0.503906 -5.250000 -3.000000 -3.000000 7.000000 10.000000 11.000000 -2.000000 -4.000000 -37.000000 -2.000000 7.000000 3.000000 -1.000000 -1.000000
-0.286621 -0.536621 -0.536621 -3.375000 -2.250000 -2.250000 7.000000 10.000000 11.000000 -6.000000 -5.000000 -31.000000 6.000000 19.000000 64.000000 -9.000000 -6.000000
-0.249512 -0.563965 -0.563965 2.687500 0.875000 0.875000 7.000000 10.000000 11.000000 -6.000000 -5.000000 -31.000000 6.000000 19.000000 64.000000 -9.000000 -6.000000
-0.288086 -0.537109 -0.537109 17.437500 2.375000 2.375000 7.000000 10.000000 11.000000 -1.000000 2.000000 8.000000 12.000000 41.000000 15.000000 4.000000 1.000000
-0.264648 -0.532715 -0.532715 10.875000 0.625000 0.625000 7.000000 10.000000 11.000000 2.000000 1.000000 11.000000 -17.000000 -25.000000 -16.000000 1.000000 1.000000
-0.259766 -0.737793 -0.737793 7.625000 -2.937500 -2.937500 7.000000 10.000000 11.000000 -2.000000 -11.000000 -46.000000 -18.000000 -27.000000 -1.000000 3.000000 1.000000
-0.325684 -0.821289 -0.821289 26.187500 -5.250000 -5.250000 7.000000 10.000000 11.000000 2.000000 8.000000 11.000000 4.000000 15.000000 -42.000000 0.000000 1.000000
-0.412109 -0.572266 -0.572266 51.687500 -14.500000 -14.500000 7.000000 10.000000 11.000000 -1.000000 4.000000 -11.000000 1.000000 9.000000 44.000000 -11.000000 -6.000000
-0.335449 -0.125977 -0.125977 53.187500 -3.250000 -3.250000 7.000000 10.000000 11.000000 -7.000000 -17.000000 -13.000000 7.000000 39.000000 21.000000 1.000000 -3.000000
-0.291992 -0.357910 -0.357910 -15.062500 -8.875000 -8.875000 7.000000 10.000000 11.000000 2.000000 7.000000 4.000000 4.000000 4.000000 1.000000 2.000000 1.000000
-0.165039 -0.917969 -0.917969 -25.187500 -7.375000 -7.375000 7.000000 10.000000 11.000000 2.000000 7.000000 4.000000 4.000000 4.000000 1.000000 2.000000 1.000000
-0.176270 -0.692383 -0.692383 46.750000 -0.750000 -0.750000 7.000000 10.000000 11.000000 -1.000000 -4.000000 -5.000000 -4.000000 3.000000 -62.000000 -2.000000 0.000000
-0.452148 -0.383301 -0.383301 21.000000 -5.687500 -5.687500 7.000000 10.000000 11.000000 1.000000 9.000000 3.000000 7.000000 96.000000 113.000000 3.000000 3.000000
-0.360840 -0.472656 -0.472656 -27.125000 -8.250000 -8.250000 7.000000 10.000000 11.000000 0.000000 -10.000000 -8.000000 -11.000000 -40.000000 -14.000000 4.000000 0.000000
-0.222168 -0.560059 -0.560059 -12.312500 0.750000 0.750000 7.000000 10.000000 11.000000 0.000000 -10.000000 -8.000000 -11.000000 -40.000000 -14.000000 4.000000 0.000000
-0.307617 -0.553223 -0.553223 10.687500 5.375000 5.375000 7.000000 10.000000 11.000000 -1.000000 1.000000 0.000000 -3.000000 -13.000000 -25.000000 -3.000000 -3.000000
-0.339355 -0.473145 -0.473145 21.062500 1.875000 1.875000 7.000000 10.000000 11.000000 -5.000000 -6.000000 -7.000000 -11.000000 -65.000000 -54.000000 -10.000000 -5.000000
-0.361328 -0.392578 -0.392578 12.187500 -3.562500 -3.562500 7.000000 10.000000 11.000000 -2.000000 5.000000 16.000000 1.000000 8.000000 -44.000000 -4.000000 -3.000000
-0.289062 -0.420410 -0.420410 -9.875000 -2.312500 -2.312500 7.000000 10.000000 11.000000 -1.000000 11.000000 -19.000000 8.000000 55.000000 74.000000 -5.000000 0.000000
-0.273926 -0.551270 -0.551270 -11.687500 0.187500 0.187500 7.000000 10.000000 11.000000 -1.000000 -12.000000 -3.000000 -3.000000 -45.000000 -13.000000 9.000000 0.000000
-0.329102 -0.455078 -0.455078 -1.625000 -4.812500 -4.812500 7.000000 10.000000 11.000000 0.000000 3.000000 1.000000 -2.000000 46.000000 62.000000 1.000000 2.000000
-0.265137 -0.510254 -0.510254 -12.500000 -1.187500 -1.187500 7.000000 10.000000 11.000000 7.000000 -6.000000 -2.000000 3.000000 16.000000 37.000000 -2.000000 7.000000
-0.270508 -0.551758 -0.551758 2.687500 3.250000 3.250000 7.000000 10.000000 11.000000 1.000000 -11.000000 -2.000000 -5.000000 -8.000000 -43.000000 3.000000 4.000000
-0.313477 -0.437012 -0.437012 5.625000 -2.250000 -2.250000 7.000000 10.000000 11.000000 -34.000000 -18.000000 -9.000000 -9.000000 -9.000000 8.000000 -10.000000 -19.000000
-0.286621 -0.505371 -0.505371 -12.250000 -2.250000 -2.250000 7.000000 10.000000 11.000000 20.000000 7.000000 -1.000000 7.000000 -10.000000 -74.000000 -5.000000 15.000000
-0.289062 -0.538574 -0.538574 -5.687500 3.187500 3.187500 7.000000 10.000000 11.000000 9.000000 -2.000000 18.000000 -1.000000 -119.000000 -123.000000 -16.000000 4.000000
-0.308594 -0.543945 -0.543945 9.312500 4.500000 4.500000 7.000000 10.000000 11.000000 9.000000 -2.000000 18.000000 -1.000000 -119.000000 -123.000000 -16.000000 4.000000
-0.307129 -0.492188 -0.492188 12.937500 -1.250000 -1.250000 7.000000 10.000000 11.000000 -34.000000 -15.000000 -56.000000 -5.000000 127.000000 98.000000 7.000000 -21.000000
-0.289062 -0.480957 -0.480957 -2.187500 -7.562500 -7.562500 7.000000 10.000000 11.000000 13.000000 1.000000 -6.000000 -22.000000 -110.000000 -85.000000 -4.000000 9.000000
-0.252930 -0.553223 -0.553223 -16.687500 -8.812500 -8.812500 7.000000 10.000000 11.000000 25.000000 5.000000 16.000000 16.000000 21.000000 -21.000000 1.000000 11.000000
-0.194336 -0.514648 -0.514648 8.437500 4.500000 4.500000 7.000000 10.000000 11.000000 -41.000000 -22.000000 1.000000 14.000000 1.000000 23.000000 16.000000 -18.000000
-0.149414 -0.443848 -0.443848 15.250000 12.312500 12.312500 7.000000 10.000000 11.000000 -14.000000 -3.000000 39.000000 0.000000 -10.000000 -35.000000 -4.000000 -11.000000
-0.086426 -0.401855 -0.401855 -9.062500 -0.062500 -0.062500 7.000000 10.000000 11.000000 -14.000000 -3.000000 39.000000 0.000000 -10.000000 -35.000000 -4.000000 -11.000000
-0.073730 -0.491211 -0.491211 -26.062500 -11.750000 -11.750000 7.000000 10.000000 11.000000 14.000000 12.000000 -3.000000 -6.000000 3.000000 -13.000000 -1.000000 2.000000
-0.019043 -0.475586 -0.475586 -8.375000 -17.500000 -17.500000 7.000000 10.000000 11.000000 14.000000 12.000000 -3.000000 -6.000000 3.000000 -13.000000 -1.000000 2.000000
-0.010254 -0.413574 -0.413574 3.437500 -21.187500 -21.187500 7.000000 9.000000 10.000000 6.000000 -10.000000 -3.000000 10.000000 14.000000 8.000000 -3.000000 1.000000
0.010254 -0.462891 -0.462891 3.062500 -24.437500 -24.437500 7.000000 9.000000 10.000000 6.000000 -10.000000 -3.000000 10.000000 14.000000 8.000000 -3.000000 1.000000
-0.004883 -0.444336 -0.444336 14.000000 -29.687500 -29.687500 7.000000 9.000000 10.000000 5.000000 8.000000 6.000000 -6.000000 -15.000000 -9.000000 0.000000 29.000000
-0.037598 -0.422363 -0.422363 15.625000 -42.875000 -42.875000 7.000000 9.000000 10.000000 5.000000 8.000000 6.000000 -6.000000 -15.000000 -9.000000 0.000000 29.000000
-0.043945 -0.390137 -0.390137 -0.187500 -62.312500 -62.312500 7.000000 8.000000 10.000000 16.000000 9.000000 22.000000 2.000000 -12.000000 -17.000000 14.000000 8.000000
0.002441 -0.433105 -0.433105 -25.375000 -84.187500 -84.187500 7.000000 8.000000 10.000000 5.000000 22.000000 36.000000 1.000000 23.000000 30.000000 3.000000 -17.000000
0.073730 -0.549805 -0.549805 -39.312500 -98.687500 -98.687500 7.000000 8.000000 10.000000 -18.000000 -6.000000 29.000000 -32.000000 -25.000000 -87.000000 11.000000 -20.000000
0.154785 -0.613281 -0.613281 -25.250000 -102.187500 -102.187500 7.000000 7.000000 10.000000 -18.000000 -6.000000 29.000000 -32.000000 -25.000000 -87.000000 11.000000 -20.000000
0.258301 -0.534668 -0.534668 -13.312500 -110.562500 -110.562500 7.000000 6.000000 10.000000 -51.000000 6.000000 4.000000 -16.000000 32.000000 72.000000 39.000000 -63.000000
0.302246 -0.605957 -0.605957 -27.125000 -116.875000 -116.875000 7.000000 6.000000 9.000000 -51.000000 6.000000 4.000000 -16.000000 32.000000 72.000000 39.000000 -63.000000
0.372559 -0.598633 -0.598633 -24.000000 -119.437500 -119.437500 7.000000 6.000000 9.000000 -5.000000 1.000000 -39.000000 -11.000000 31.000000 32.000000 10.000000 -11.000000
0.460449 -0.466309 -0.466309 -22.937500 -128.375000 -128.375000 7.000000 5.000000 9.000000 -5.000000 1.000000 -39.000000 -11.000000 31.000000 32.000000 10.000000 -11.000000
0.543457 -0.400879 -0.400879 -44.500000 -136.125000 -136.125000 7.000000 5.000000 9.000000 2.000000 19.000000 66.000000 36.000000 -8.000000 -39.000000 0.000000 -18.000000
0.698730 -0.503418 -0.503418 -64.312500 -136.937500 -136.937500 7.000000 4.000000 9.000000 -4.000000 -55.000000 -55.000000 1.000000 -7.000000 -55.000000 -68.000000 -10.000000
0.871094 -0.600098 -0.600098 -46.375000 -124.250000 -124.250000 7.000000 4.000000 9.000000 -7.000000 -7.000000 120.000000 -27.000000 -41.000000 -32.000000 -21.000000 16.000000
0.980469 -0.542480 -0.542480 -15.687500 -112.125000 -112.125000 7.000000 3.000000 9.000000 -30.000000 -33.000000 -115.000000 -54.000000 -9.000000 -21.000000 -7.000000 -22.000000
0.951660 -0.434082 -0.434082 -9.375000 -102.875000 -102.875000 7.000000 3.000000 9.000000 3.000000 21.000000 31.000000 98.000000 90.000000 31.000000 11.000000 0.000000
0.959961 -0.354492 -0.354492 -31.125000 -95.812500 -95.812500 7.000000 3.000000 8.000000 3.000000 21.000000 31.000000 98.000000 90.000000 31.000000 11.000000 0.000000
0.983398 -0.342773 -0.342773 -59.937500 -86.562500 -86.562500 7.000000 2.000000 8.000000 2.000000 20.000000 79.000000 -18.000000 4.000000 14.000000 -1.000000 4.000000
0.990723 -0.289551 -0.289551 -67.562500 -66.062500 -66.062500 8.000000 2.000000 8.000000 18.000000 -9.000000 -65.000000 -57.000000 -11.000000 38.000000 20.000000 16.000000
1.024414 -0.230469 -0.230469 -65.125000 -62.875000 -62.875000 8.000000 2.000000 7.000000 -6.000000 -16.000000 29.000000 55.000000 -23.000000 -42.000000 -19.000000 -5.000000
1.097168 -0.156738 -0.156738 -42.125000 -50.000000 -50.000000 8.000000 2.000000 7.000000 -10.000000 -6.000000 22.000000 -65.000000 -8.000000 -21.000000 -33.000000 -28.000000
1.094727 -0.132812 -0.132812 -22.375000 -42.437500 -42.437500 8.000000 1.000000 7.000000 -63.000000 -4.000000 -57.000000 -24.000000 17.000000 39.000000 56.000000 45.000000
1.053223 -0.005371 -0.005371 6.625000 -26.562500 -26.562500 9.000000 1.000000 6.000000 16.000000 1.000000 -20.000000 15.000000 -2.000000 -4.000000 -12.000000 -40.000000
1.043945 0.034668 0.034668 5.562500 -19.375000 -19.375000 9.000000 1.000000 6.000000 8.000000 -5.000000 41.000000 30.000000 4.000000 -13.000000 -30.000000 11.000000
1.018066 -0.000977 -0.000977 -13.000000 -7.875000 -7.875000 9.000000 1.000000 6.000000 33.000000 7.000000 -24.000000 -9.000000 -11.000000 27.000000 26.000000 -21.000000
0.991699 -0.045410 -0.045410 -17.875000 -4.875000 -4.875000 9.000000 1.000000 6.000000 41.000000 -7.000000 -45.000000 -29.000000 -4.000000 15.000000 20.000000 76.000000
0.957520 -0.123535 -0.123535 -13.687500 1.812500 1.812500 8.000000 1.000000 6.000000 41.000000 -7.000000 -45.000000 -29.000000 -4.000000 15.000000 20.000000 76.000000
0.943848 -0.140625 -0.140625 -6.500000 3.875000 3.875000 8.000000 1.000000 7.000000 -27.000000 -15.000000 -47.000000 2.000000 2.000000 -9.000000 -3.000000 -73.000000
0.933594 -0.131348 -0.131348 6.937500 6.312500 6.312500 8.000000 1.000000 7.000000 7.000000 14.000000 -1.000000 2.000000 7.000000 16.000000 -2.000000 -3.000000
0.926270 -0.119629 -0.119629 9.312500 7.062500 7.062500 8.000000 1.000000 7.000000 1.000000 -3.000000 36.000000 27.000000 6.000000 -12.000000 8.000000 36.000000
0.918457 -0.107422 -0.107422 5.500000 5.250000 5.250000 8.000000 1.000000 7.000000 1.000000 -3.000000 36.000000 27.000000 6.000000 -12.000000 8.000000 36.000000
0.921875 -0.094238 -0.094238 3.500000 4.187500 4.187500 8.000000 1.000000 7.000000 18.000000 -23.000000 4.000000 24.000000 9.000000 -32.000000 -12.000000 7.000000
0.937500 -0.062012 -0.062012 -2.062500 2.562500 2.562500 8.000000 1.000000 7.000000 -20.000000 5.000000 15.000000 -8.000000 -9.000000 35.000000 6.000000 -7.000000
0.942871 -0.059570 -0.059570 -5.250000 1.687500 1.687500 8.000000 1.000000 7.000000 50.000000 16.000000 0.000000 -3.000000 13.000000 54.000000 4.000000 -41.000000
0.963867 -0.061523 -0.061523 -2.375000 0.437500 0.437500 8.000000 1.000000 7.000000 -7.000000 7.000000 14.000000 3.000000 -4.000000 -19.000000 -7.000000 -29.000000
0.956055 -0.057617 -0.057617 6.375000 -0.687500 -0.687500 8.000000 1.000000 7.000000 6.000000 -36.000000 85.000000 106.000000 39.000000 -11.000000 -7.000000 0.000000
0.950195 -0.067383 -0.067383 5.875000 -1.375000 -1.375000 8.000000 1.000000 7.000000 29.000000 -11.000000 3.000000 -20.000000 0.000000 10.000000 10.000000 57.000000
0.942871 -0.074219 -0.074219 3.937500 -1.437500 -1.437500 8.000000 1.000000 7.000000 16.000000 -3.000000 -4.000000 -2.000000 -8.000000 5.000000 1.000000 0.000000
