0.950195 -0.127441 -0.127441 -2.562500 -2.625000 -2.625000 7.000000 1.000000 7.000000 -2.000000 -1.000000 -2.000000 -1.000000 1.000000 -2.000000 -2.000000 -1.000000
0.949707 -0.131348 -0.131348 -0.812500 -2.500000 -2.500000 7.000000 1.000000 7.000000 -1.000000 -1.000000 0.000000 0.000000 0.000000 -2.000000 -1.000000 -1.000000
0.948730 -0.118652 -0.118652 -0.437500 -2.187500 -2.187500 7.000000 1.000000 7.000000 -1.000000 -1.000000 -2.000000 -1.000000 1.000000 -1.000000 -2.000000 -1.000000
0.938477 -0.116211 -0.116211 -1.562500 -1.937500 -1.937500 7.000000 1.000000 7.000000 -1.000000 -2.000000 -1.000000 -1.000000 1.000000 0.000000 -1.000000 -1.000000
0.944824 -0.120605 -0.120605 -2.562500 -1.937500 -1.937500 7.000000 1.000000 7.000000 -1.000000 -2.000000 -2.000000 0.000000 0.000000 1.000000 0.000000 0.000000
0.954102 -0.130859 -0.130859 -1.250000 -2.062500 -2.062500 7.000000 1.000000 7.000000 -1.000000 -3.000000 -2.000000 0.000000 -1.000000 -1.000000 -2.000000 0.000000
0.952637 -0.132324 -0.132324 2.125000 -1.937500 -1.937500 7.000000 1.000000 7.000000 -2.000000 -2.000000 -1.000000 1.000000 -2.000000 -2.000000 -2.000000 -1.000000
0.949219 -0.111816 -0.111816 3.437500 -1.375000 -1.375000 7.000000 1.000000 7.000000 -2.000000 -2.000000 -1.000000 1.000000 -2.000000 -2.000000 -2.000000 -1.000000
0.945801 -0.099609 -0.099609 0.000000 -1.687500 -1.687500 7.000000 1.000000 7.000000 -1.000000 -2.000000 -1.000000 0.000000 2.000000 0.000000 0.000000 -2.000000
0.949707 -0.109375 -0.109375 -3.500000 -2.625000 -2.625000 7.000000 1.000000 7.000000 0.000000 -1.000000 1.000000 0.000000 1.000000 -1.000000 0.000000 -2.000000
0.955078 -0.125488 -0.125488 -2.125000 -2.625000 -2.625000 7.000000 1.000000 7.000000 -1.000000 -4.000000 -1.000000 -1.000000 1.000000 -2.000000 -2.000000 -1.000000
0.958008 -0.127441 -0.127441 2.875000 -1.937500 -1.937500 7.000000 1.000000 7.000000 -1.000000 -1.000000 -2.000000 0.000000 0.000000 -2.000000 -1.000000 -2.000000
0.946289 -0.102539 -0.102539 6.375000 -1.437500 -1.437500 7.000000 1.000000 7.000000 -2.000000 -1.000000 -1.000000 -1.000000 -1.000000 -1.000000 -3.000000 -2.000000
0.944336 -0.095703 -0.095703 4.812500 -1.375000 -1.375000 7.000000 1.000000 7.000000 -2.000000 -2.000000 -4.000000 -1.000000 0.000000 0.000000 -2.000000 -1.000000
0.952148 -0.096680 -0.096680 -0.437500 -1.937500 -1.937500 7.000000 1.000000 7.000000 -2.000000 -3.000000 0.000000 1.000000 2.000000 -1.000000 -1.000000 -2.000000
0.966309 -0.107910 -0.107910 -5.250000 -2.000000 -2.000000 7.000000 1.000000 7.000000 -2.000000 -3.000000 0.000000 1.000000 2.000000 -1.000000 -1.000000 -2.000000
1.000977 -0.104004 -0.104004 -7.562500 0.000000 0.000000 7.000000 1.000000 7.000000 -3.000000 -3.000000 0.000000 1.000000 1.000000 -3.000000 -1.000000 -3.000000
1.029785 -0.083984 -0.083984 -12.750000 5.562500 5.562500 7.000000 1.000000 7.000000 -3.000000 -3.000000 0.000000 1.000000 1.000000 -3.000000 -1.000000 -3.000000
1.054688 -0.113770 -0.113770 -26.250000 12.375000 12.375000 7.000000 1.000000 7.000000 -1.000000 0.000000 -2.000000 -1.000000 -2.000000 -4.000000 -4.000000 -2.000000
1.086914 -0.258301 -0.258301 -77.875000 32.687500 32.687500 7.000000 1.000000 7.000000 -2.000000 -1.000000 -1.000000 -2.000000 -2.000000 -5.000000 -3.000000 -2.000000
1.171387 -0.434082 -0.434082 -103.812500 55.937500 55.937500 7.000000 2.000000 8.000000 -2.000000 -1.000000 -1.000000 -1.000000 -1.000000 -1.000000 -1.000000 0.000000
1.119629 -0.553223 -0.553223 -76.562500 76.187500 76.187500 7.000000 2.000000 8.000000 -2.000000 -1.000000 -1.000000 -1.000000 -1.000000 -1.000000 -1.000000 0.000000
1.058105 -0.626953 -0.626953 -41.125000 81.687500 81.687500 6.000000 2.000000 8.000000 -1.000000 -2.000000 -3.000000 1.000000 0.000000 -2.000000 -1.000000 -1.000000
0.980957 -0.752930 -0.752930 -13.687500 80.687500 80.687500 6.000000 3.000000 8.000000 -1.000000 -2.000000 -2.000000 -1.000000 0.000000 -1.000000 -2.000000 -1.000000
0.945312 -0.842773 -0.842773 30.937500 84.437500 84.437500 6.000000 3.000000 8.000000 -2.000000 -2.000000 -1.000000 -1.000000 0.000000 1.000000 -1.000000 -2.000000
0.879395 -0.784180 -0.784180 64.000000 92.875000 92.875000 6.000000 3.000000 8.000000 -2.000000 -2.000000 -1.000000 -1.000000 0.000000 1.000000 -1.000000 -2.000000
0.803711 -0.736328 -0.736328 58.187500 96.625000 96.625000 6.000000 4.000000 8.000000 -3.000000 -1.000000 0.000000 0.000000 -3.000000 -2.000000 -2.000000 -2.000000
0.693848 -0.808594 -0.808594 36.000000 95.437500 95.437500 6.000000 4.000000 9.000000 -3.000000 -2.000000 -1.000000 -2.000000 0.000000 -1.000000 0.000000 0.000000
0.520020 -0.881348 -0.881348 49.937500 92.125000 92.125000 6.000000 5.000000 9.000000 -1.000000 0.000000 -1.000000 -2.000000 1.000000 0.000000 -1.000000 0.000000
0.492188 -0.909668 -0.909668 79.687500 83.875000 83.875000 6.000000 6.000000 9.000000 -1.000000 -1.000000 6.000000 1.000000 -1.000000 -1.000000 -2.000000 -1.000000
0.471680 -0.749023 -0.749023 104.562500 83.062500 83.062500 6.000000 6.000000 9.000000 -1.000000 -2.000000 -6.000000 -5.000000 -6.000000 -4.000000 -1.000000 -1.000000
0.302734 -0.618164 -0.618164 116.062500 82.937500 82.937500 6.000000 7.000000 9.000000 -1.000000 -2.000000 -6.000000 -5.000000 -6.000000 -4.000000 -1.000000 -1.000000
0.187988 -0.596191 -0.596191 83.125000 67.687500 67.687500 6.000000 7.000000 9.000000 -2.000000 -3.000000 1.000000 -2.000000 -1.000000 -5.000000 -2.000000 -1.000000
0.185059 -0.649902 -0.649902 72.125000 49.062500 49.062500 6.000000 8.000000 10.000000 -2.000000 0.000000 -8.000000 -6.000000 -4.000000 -3.000000 -3.000000 -2.000000
0.145996 -0.544922 -0.544922 83.750000 39.187500 39.187500 6.000000 8.000000 10.000000 -1.000000 1.000000 11.000000 -2.000000 -6.000000 -1.000000 1.000000 0.000000
0.074707 -0.486328 -0.486328 67.437500 19.312500 19.312500 6.000000 9.000000 10.000000 3.000000 14.000000 18.000000 18.000000 15.000000 4.000000 0.000000 0.000000
0.105957 -0.519531 -0.519531 47.687500 -1.000000 -1.000000 6.000000 9.000000 10.000000 -2.000000 -10.000000 13.000000 1.000000 1.000000 -2.000000 0.000000 -1.000000
0.154785 -0.523926 -0.523926 44.375000 -9.125000 -9.125000 6.000000 9.000000 10.000000 -6.000000 -12.000000 -62.000000 -15.000000 -4.000000 -4.000000 -3.000000 -6.000000
0.066406 -0.470215 -0.470215 54.312500 -16.875000 -16.875000 6.000000 10.000000 10.000000 1.000000 12.000000 43.000000 -6.000000 -1.000000 0.000000 0.000000 1.000000
-0.003906 -0.394531 -0.394531 45.312500 -23.937500 -23.937500 7.000000 10.000000 11.000000 1.000000 12.000000 43.000000 -6.000000 -1.000000 0.000000 0.000000 1.000000
-0.052246 -0.367676 -0.367676 29.312500 -29.875000 -29.875000 7.000000 10.000000 11.000000 -7.000000 -3.000000 -12.000000 -6.000000 -1.000000 -6.000000 -6.000000 -5.000000
-0.062988 -0.368164 -0.368164 21.687500 -33.062500 -33.062500 7.000000 10.000000 11.000000 -7.000000 -3.000000 -12.000000 -6.000000 -1.000000 -6.000000 -6.000000 -5.000000
-0.068359 -0.392090 -0.392090 17.875000 -32.812500 -32.812500 7.000000 10.000000 11.000000 0.000000 -4.000000 -13.000000 -2.000000 -9.000000 -3.000000 -1.000000 1.000000
-0.026367 -0.427734 -0.427734 22.375000 -24.437500 -24.437500 7.000000 10.000000 11.000000 18.000000 21.000000 103.000000 23.000000 3.000000 1.000000 2.000000 7.000000
-0.112793 -0.347656 -0.347656 26.375000 -12.812500 -12.812500 7.000000 10.000000 11.000000 4.000000 59.000000 78.000000 3.000000 10.000000 -3.000000 -1.000000 5.000000
-0.275391 -0.325195 -0.325195 4.625000 -9.625000 -9.625000 7.000000 10.000000 11.000000 1.000000 -7.000000 22.000000 -10.000000 25.000000 11.000000 0.000000 0.000000
-0.277832 -0.492676 -0.492676 -22.625000 -11.750000 -11.750000 7.000000 10.000000 11.000000 1.000000 1.000000 26.000000 -2.000000 58.000000 109.000000 0.000000 -4.000000
-0.231934 -0.641113 -0.641113 -17.562500 -6.812500 -6.812500 7.000000 10.000000 11.000000 1.000000 1.000000 26.000000 -2.000000 58.000000 109.000000 0.000000 -4.000000
-0.291504 -0.603027 -0.603027 8.625000 -1.000000 -1.000000 7.000000 10.000000 11.000000 1.000000 -18.000000 -36.000000 10.000000 -14.000000 -55.000000 5.000000 2.000000
-0.391113 -0.420410 -0.420410 26.312500 -1.187500 -1.187500 7.000000 10.000000 11.000000 4.000000 19.000000 13.000000 8.000000 -12.000000 -11.000000 2.000000 2.000000
-0.396484 -0.330566 -0.330566 1.062500 -9.500000 -9.500000 7.000000 10.000000 11.000000 -7.000000 1.000000 -4.000000 -1.000000 -16.000000 -42.000000 -5.000000 -3.000000
-0.294922 -0.463379 -0.463379 -26.250000 -9.375000 -9.375000 7.000000 10.000000 11.000000 -7.000000 1.000000 -4.000000 -1.000000 -16.000000 -42.000000 -5.000000 -3.000000
-0.266602 -0.570312 -0.570312 -9.625000 -3.062500 -3.062500 7.000000 10.000000 11.000000 -1.000000 2.000000 -9.000000 -5.000000 36.000000 57.000000 -1.000000 -2.000000
-0.263184 -0.520020 -0.520020 15.500000 2.562500 2.562500 7.000000 10.000000 11.000000 2.000000 13.000000 44.000000 12.000000 -7.000000 -27.000000 2.000000 2.000000
-0.292969 -0.444824 -0.444824 16.625000 3.500000 3.500000 7.000000 10.000000 11.000000 -1.000000 4.000000 22.000000 3.000000 43.000000 94.000000 -1.000000 0.000000
-0.303223 -0.390137 -0.390137 -1.750000 -1.250000 -1.250000 7.000000 10.000000 11.000000 0.000000 -3.000000 -42.000000 -1.000000 1.000000 -25.000000 -1.000000 -1.000000
-0.249512 -0.491699 -0.491699 -11.375000 -5.250000 -5.250000 7.000000 10.000000 11.000000 9.000000 -3.000000 18.000000 10.000000 15.000000 -6.000000 6.000000 7.000000
-0.254883 -0.470215 -0.470215 1.812500 -3.062500 -3.062500 7.000000 10.000000 11.000000 9.000000 -3.000000 18.000000 10.000000 15.000000 -6.000000 6.000000 7.000000
-0.214355 -0.559082 -0.559082 -0.750000 -5.312500 -5.312500 7.000000 10.000000 11.000000 -12.000000 -8.000000 -37.000000 -14.000000 2.000000 -31.000000 -4.000000 -15.000000
-0.213867 -0.544922 -0.544922 1.312500 -3.625000 -3.625000 7.000000 10.000000 11.000000 -2.000000 -3.000000 -22.000000 -12.000000 20.000000 66.000000 -4.000000 -1.000000
-0.300293 -0.617676 -0.617676 -4.062500 -5.312500 -5.312500 7.000000 10.000000 11.000000 -20.000000 -3.000000 30.000000 3.000000 -75.000000 21.000000 2.000000 -7.000000
-0.325684 -0.814453 -0.814453 -3.750000 -9.000000 -9.000000 7.000000 10.000000 11.000000 -20.000000 -3.000000 30.000000 3.000000 -75.000000 21.000000 2.000000 -7.000000
-0.398926 -0.483398 -0.483398 70.062500 -11.562500 -11.562500 7.000000 10.000000 11.000000 -2.000000 -2.000000 24.000000 5.000000 16.000000 -52.000000 -1.000000 -3.000000
-0.334961 0.388184 0.388184 103.312500 3.687500 3.687500 7.000000 10.000000 11.000000 16.000000 -1.000000 -21.000000 -9.000000 -16.000000 -28.000000 -7.000000 11.000000
-0.062500 -0.342773 -0.342773 -66.250000 -3.625000 -3.625000 7.000000 10.000000 11.000000 -5.000000 -1.000000 9.000000 -5.000000 -38.000000 -39.000000 -3.000000 -3.000000
-0.034668 -1.109375 -1.109375 -65.187500 7.562500 7.562500 7.000000 10.000000 11.000000 -44.000000 4.000000 23.000000 7.000000 -8.000000 18.000000 0.000000 -24.000000
-0.314453 -0.830566 -0.830566 82.812500 15.625000 15.625000 7.000000 10.000000 11.000000 -14.000000 -6.000000 -15.000000 3.000000 0.000000 -42.000000 -7.000000 -8.000000
-0.347168 -0.289551 -0.289551 1.500000 -4.750000 -4.750000 7.000000 10.000000 11.000000 -14.000000 -6.000000 -15.000000 3.000000 0.000000 -42.000000 -7.000000 -8.000000
-0.260742 -0.432617 -0.432617 -24.187500 0.437500 0.437500 7.000000 10.000000 11.000000 1.000000 -8.000000 11.000000 4.000000 17.000000 51.000000 3.000000 5.000000
-0.285156 -0.438477 -0.438477 15.187500 6.625000 6.625000 7.000000 10.000000 11.000000 4.000000 4.000000 25.000000 -5.000000 -3.000000 -21.000000 2.000000 14.000000
-0.262207 -0.358398 -0.358398 28.812500 7.250000 7.250000 7.000000 10.000000 11.000000 3.000000 -14.000000 -28.000000 -26.000000 -7.000000 -55.000000 -2.000000 -5.000000
-0.275391 -0.551758 -0.551758 -16.375000 4.625000 4.625000 7.000000 10.000000 11.000000 3.000000 -14.000000 -28.000000 -26.000000 -7.000000 -55.000000 -2.000000 -5.000000
-0.292480 -0.528809 -0.528809 13.875000 1.062500 1.062500 7.000000 10.000000 11.000000 1.000000 5.000000 7.000000 -4.000000 -45.000000 -44.000000 -1.000000 2.000000
-0.307129 -0.386230 -0.386230 19.437500 -3.750000 -3.750000 7.000000 10.000000 11.000000 -2.000000 -1.000000 3.000000 -7.000000 4.000000 -25.000000 0.000000 -3.000000
-0.279785 -0.360840 -0.360840 -4.062500 -6.125000 -6.125000 7.000000 10.000000 11.000000 15.000000 -10.000000 -13.000000 -8.000000 31.000000 63.000000 2.000000 31.000000
-0.259277 -0.515137 -0.515137 8.250000 2.625000 2.625000 7.000000 10.000000 11.000000 -2.000000 14.000000 26.000000 8.000000 -33.000000 -43.000000 0.000000 -10.000000
-0.276855 -0.388672 -0.388672 15.562500 2.437500 2.437500 7.000000 10.000000 11.000000 -3.000000 10.000000 11.000000 10.000000 9.000000 -35.000000 -2.000000 7.000000
-0.260254 -0.432617 -0.432617 -8.500000 -0.812500 -0.812500 7.000000 10.000000 11.000000 -7.000000 -29.000000 -59.000000 -4.000000 39.000000 54.000000 -10.000000 -22.000000
-0.247070 -0.472656 -0.472656 -5.437500 0.187500 0.187500 7.000000 10.000000 11.000000 1.000000 -3.000000 63.000000 -8.000000 -36.000000 -23.000000 -3.000000 1.000000
-0.269531 -0.449707 -0.449707 6.125000 1.687500 1.687500 7.000000 10.000000 11.000000 1.000000 -3.000000 63.000000 -8.000000 -36.000000 -23.000000 -3.000000 1.000000
-0.267578 -0.410645 -0.410645 8.562500 -0.500000 -0.500000 7.000000 10.000000 11.000000 -3.000000 13.000000 16.000000 25.000000 16.000000 13.000000 -2.000000 2.000000
-0.206055 -0.454102 -0.454102 -6.687500 -4.500000 -4.500000 7.000000 10.000000 11.000000 -3.000000 13.000000 16.000000 25.000000 16.000000 13.000000 -2.000000 2.000000
-0.139160 -0.503418 -0.503418 -12.875000 -4.812500 -4.812500 7.000000 10.000000 11.000000 8.000000 13.000000 31.000000 8.000000 -12.000000 -8.000000 -4.000000 -2.000000
-0.102539 -0.478027 -0.478027 -1.187500 -0.562500 -0.562500 7.000000 10.000000 11.000000 1.000000 1.000000 -31.000000 8.000000 -6.000000 -21.000000 -4.000000 2.000000
-0.043457 -0.434570 -0.434570 5.062500 5.687500 5.687500 7.000000 10.000000 11.000000 -8.000000 -7.000000 -14.000000 -24.000000 15.000000 15.000000 -7.000000 -11.000000
-0.004395 -0.404297 -0.404297 7.437500 5.562500 5.562500 7.000000 10.000000 11.000000 0.000000 -3.000000 5.000000 -11.000000 -18.000000 -18.000000 5.000000 -2.000000
0.005859 -0.231445 -0.231445 9.875000 -0.250000 -0.250000 7.000000 10.000000 11.000000 -3.000000 -14.000000 -44.000000 -2.000000 -5.000000 -10.000000 -1.000000 3.000000
0.023926 -0.217773 -0.217773 -26.125000 -22.875000 -22.875000 7.000000 9.000000 10.000000 0.000000 9.000000 31.000000 25.000000 1.000000 8.000000 2.000000 0.000000
0.069336 -0.349609 -0.349609 -64.312500 -42.437500 -42.437500 7.000000 9.000000 10.000000 3.000000 2.000000 3.000000 -44.000000 -19.000000 -6.000000 -7.000000 2.000000
0.124512 -0.526855 -0.526855 -61.875000 -51.500000 -51.500000 7.000000 9.000000 10.000000 3.000000 2.000000 3.000000 -44.000000 -19.000000 -6.000000 -7.000000 2.000000
0.134277 -0.636230 -0.636230 -29.250000 -53.875000 -53.875000 7.000000 9.000000 10.000000 -6.000000 -5.000000 21.000000 -15.000000 -8.000000 1.000000 -1.000000 11.000000
0.058594 -0.602051 -0.602051 21.500000 -58.875000 -58.875000 7.000000 8.000000 10.000000 -6.000000 -5.000000 21.000000 -15.000000 -8.000000 1.000000 -1.000000 11.000000
-0.129395 -0.454102 -0.454102 45.187500 -73.000000 -73.000000 7.000000 8.000000 10.000000 5.000000 -15.000000 -52.000000 -7.000000 8.000000 7.000000 -3.000000 -25.000000
0.166016 -0.341797 -0.341797 5.937500 -99.812500 -99.812500 7.000000 8.000000 10.000000 4.000000 4.000000 3.000000 23.000000 -6.000000 -10.000000 0.000000 4.000000
-0.120605 -0.684082 -0.684082 -41.500000 -114.062500 -114.062500 7.000000 7.000000 10.000000 5.000000 18.000000 34.000000 -7.000000 1.000000 7.000000 4.000000 -3.000000
0.274414 -0.506348 -0.506348 -13.375000 -121.375000 -121.375000 7.000000 6.000000 9.000000 -7.000000 1.000000 -46.000000 -41.000000 -7.000000 -2.000000 1.000000 4.000000
0.203613 -0.275879 -0.275879 -33.562500 -138.687500 -138.687500 7.000000 6.000000 9.000000 -10.000000 -14.000000 -24.000000 -2.000000 -10.000000 -12.000000 -2.000000 4.000000
0.630371 -0.584473 -0.584473 -95.562500 -142.687500 -142.687500 7.000000 5.000000 9.000000 -3.000000 7.000000 12.000000 -5.000000 5.000000 1.000000 -1.000000 -3.000000
0.105469 -1.043945 -1.043945 -77.750000 -124.750000 -124.750000 7.000000 5.000000 9.000000 -8.000000 -1.000000 39.000000 -42.000000 -10.000000 -2.000000 -2.000000 -3.000000
0.958984 -0.604492 -0.604492 14.875000 -114.000000 -114.000000 7.000000 5.000000 9.000000 1.000000 0.000000 -53.000000 18.000000 -8.000000 -1.000000 -4.000000 -3.000000
0.513184 -0.302734 -0.302734 30.625000 -116.625000 -116.625000 7.000000 4.000000 9.000000 -8.000000 -9.000000 27.000000 71.000000 13.000000 -5.000000 -1.000000 -2.000000
0.941895 -0.590820 -0.590820 -88.750000 -111.000000 -111.000000 7.000000 3.000000 9.000000 -15.000000 -14.000000 -36.000000 -24.000000 -18.000000 -7.000000 -7.000000 -9.000000
0.928711 -0.672852 -0.672852 -44.250000 -94.000000 -94.000000 7.000000 3.000000 9.000000 2.000000 2.000000 49.000000 47.000000 18.000000 0.000000 -2.000000 -2.000000
0.793457 -0.480957 -0.480957 -4.437500 -82.437500 -82.437500 7.000000 3.000000 8.000000 12.000000 -5.000000 36.000000 -16.000000 -15.000000 -15.000000 -9.000000 14.000000
0.948730 -0.284668 -0.284668 -28.125000 -80.687500 -80.687500 7.000000 3.000000 8.000000 8.000000 -15.000000 91.000000 -17.000000 2.000000 2.000000 -1.000000 -6.000000
1.787598 -0.167969 -0.167969 -56.875000 -77.250000 -77.250000 7.000000 2.000000 8.000000 8.000000 -15.000000 91.000000 -17.000000 2.000000 2.000000 -1.000000 -6.000000
1.590820 -0.227051 -0.227051 -63.687500 -65.750000 -65.750000 7.000000 2.000000 8.000000 9.000000 3.000000 -10.000000 -10.000000 -16.000000 -9.000000 -3.000000 -5.000000
0.914062 -0.254883 -0.254883 -43.437500 -56.937500 -56.937500 7.000000 2.000000 8.000000 7.000000 -2.000000 -77.000000 5.000000 9.000000 4.000000 2.000000 0.000000
1.741699 -0.119629 -0.119629 -35.250000 -59.000000 -59.000000 7.000000 2.000000 8.000000 -11.000000 10.000000 43.000000 35.000000 9.000000 3.000000 3.000000 14.000000
1.307617 -0.161133 -0.161133 -37.937500 -56.062500 -56.062500 8.000000 2.000000 8.000000 17.000000 -3.000000 -33.000000 -39.000000 -3.000000 -1.000000 2.000000 -25.000000
1.150879 -0.149414 -0.149414 -38.250000 -49.812500 -49.812500 8.000000 2.000000 7.000000 -5.000000 10.000000 -4.000000 -3.000000 11.000000 0.000000 2.000000 -4.000000
1.206055 -0.097168 -0.097168 -34.187500 -42.562500 -42.562500 8.000000 2.000000 7.000000 -5.000000 10.000000 -4.000000 -3.000000 11.000000 0.000000 2.000000 -4.000000
1.343262 -0.007324 -0.007324 -31.937500 -35.625000 -35.625000 8.000000 2.000000 7.000000 0.000000 3.000000 23.000000 18.000000 0.000000 -1.000000 0.000000 7.000000
1.475098 0.046387 0.046387 -31.062500 -31.187500 -31.187500 8.000000 1.000000 7.000000 0.000000 3.000000 23.000000 18.000000 0.000000 -1.000000 0.000000 7.000000
1.562988 0.072754 0.072754 -22.812500 -26.250000 -26.250000 8.000000 1.000000 7.000000 9.000000 7.000000 30.000000 8.000000 0.000000 -3.000000 0.000000 5.000000
1.583496 0.104980 0.104980 -9.750000 -20.187500 -20.187500 8.000000 1.000000 7.000000 9.000000 7.000000 30.000000 8.000000 0.000000 -3.000000 0.000000 5.000000
1.529785 0.137695 0.137695 -2.937500 -14.437500 -14.437500 8.000000 1.000000 7.000000 4.000000 8.000000 34.000000 -30.000000 17.000000 9.000000 7.000000 11.000000
1.447266 0.116699 0.116699 -8.875000 -9.375000 -9.375000 8.000000 1.000000 7.000000 1.000000 22.000000 78.000000 -7.000000 -15.000000 -11.000000 -7.000000 0.000000
1.285645 0.033203 0.033203 -17.625000 -4.812500 -4.812500 8.000000 1.000000 7.000000 1.000000 -26.000000 -103.000000 90.000000 59.000000 18.000000 6.000000 -1.000000
1.074219 -0.054688 -0.054688 -21.187500 -0.250000 -0.250000 8.000000 1.000000 7.000000 3.000000 8.000000 69.000000 35.000000 13.000000 -1.000000 2.000000 3.000000
0.842773 -0.156250 -0.156250 -21.000000 2.562500 2.562500 8.000000 1.000000 7.000000 6.000000 0.000000 54.000000 9.000000 9.000000 -5.000000 0.000000 14.000000
0.629883 -0.237793 -0.237793 -19.187500 3.875000 3.875000 8.000000 1.000000 7.000000 -38.000000 -15.000000 -90.000000 -41.000000 1.000000 0.000000 -16.000000 -17.000000
0.853027 -0.134766 -0.134766 -10.562500 -6.000000 -6.000000 8.000000 1.000000 7.000000 -3.000000 4.000000 -27.000000 35.000000 -18.000000 -4.000000 0.000000 11.000000
0.916992 -0.122070 -0.122070 -3.187500 0.250000 0.250000 8.000000 1.000000 7.000000 -3.000000 4.000000 -27.000000 35.000000 -18.000000 -4.000000 0.000000 11.000000
0.917480 -0.102539 -0.102539 -4.937500 0.375000 0.375000 8.000000 1.000000 7.000000 10.000000 2.000000 52.000000 15.000000 3.000000 -4.000000 -4.000000 3.000000
0.937012 -0.103027 -0.103027 -8.562500 -1.062500 -1.062500 8.000000 1.000000 7.000000 10.000000 2.000000 52.000000 15.000000 3.000000 -4.000000 -4.000000 3.000000
0.949707 -0.112305 -0.112305 -8.437500 -1.750000 -1.750000 8.000000 1.000000 7.000000 -4.000000 10.000000 49.000000 9.000000 -11.000000 -12.000000 -12.000000 -40.000000
0.955566 -0.118164 -0.118164 -5.625000 -1.250000 -1.250000 8.000000 1.000000 7.000000 33.000000 5.000000 -92.000000 -29.000000 13.000000 15.000000 6.000000 50.000000
0.961914 -0.111328 -0.111328 -3.437500 -1.062500 -1.062500 8.000000 1.000000 7.000000 -2.000000 -8.000000 -26.000000 -9.000000 -1.000000 -1.000000 -3.000000 4.000000
0.958008 -0.100586 -0.100586 -3.750000 -1.687500 -1.687500 8.000000 1.000000 7.000000 -2.000000 -8.000000 -26.000000 -9.000000 -1.000000 -1.000000 -3.000000 4.000000
0.957520 -0.107422 -0.107422 -4.250000 -1.687500 -1.687500 8.000000 1.000000 7.000000 2.000000 -3.000000 10.000000 7.000000 0.000000 -10.000000 -2.000000 -6.000000
0.952148 -0.111816 -0.111816 -4.750000 -1.375000 -1.375000 8.000000 1.000000 7.000000 2.000000 -3.000000 10.000000 7.000000 0.000000 -10.000000 -2.000000 -6.000000
0.953125 -0.116211 -0.116211 -3.812500 -1.187500 -1.187500 8.000000 1.000000 7.000000 1.000000 4.000000 18.000000 -9.000000 12.000000 3.000000 -4.000000 4.000000
0.952637 -0.121094 -0.121094 -2.125000 -0.937500 -0.937500 8.000000 1.000000 7.000000 1.000000 4.000000 18.000000 -9.000000 12.000000 3.000000 -4.000000 4.000000
0.951660 -0.105957 -0.105957 -1.687500 -0.750000 -0.750000 8.000000 1.000000 7.000000 -6.000000 -17.000000 -24.000000 -20.000000 -19.000000 -2.000000 0.000000 3.000000
0.939941 -0.105469 -0.105469 -4.000000 -1.250000 -1.250000 8.000000 1.000000 7.000000 -6.000000 2.000000 4.000000 19.000000 3.000000 5.000000 3.000000 -14.000000
0.949219 -0.110352 -0.110352 -6.437500 -2.312500 -2.312500 8.000000 1.000000 7.000000 1.000000 -5.000000 30.000000 55.000000 6.000000 1.000000 5.000000 0.000000
0.947754 -0.129395 -0.129395 -5.562500 -2.437500 -2.437500 8.000000 1.000000 7.000000 1.000000 -5.000000 30.000000 55.000000 6.000000 1.000000 5.000000 0.000000
0.947754 -0.129395 -0.129395 -1.062500 -1.812500 -1.812500 8.000000 1.000000 7.000000 -2.000000 3.000000 15.000000 -52.000000 -19.000000 -3.000000 -1.000000 14.000000
0.944824 -0.119141 -0.119141 2.250000 -1.500000 -1.500000 8.000000 1.000000 7.000000 -4.000000 -24.000000 -71.000000 -45.000000 -20.000000 -6.000000 -1.000000 -6.000000
0.947754 -0.110352 -0.110352 2.562500 -2.000000 -2.000000 8.000000 1.000000 7.000000 -7.000000 -4.000000 -79.000000 24.000000 0.000000 -3.000000 -1.000000 2.000000
