0.958008 -0.118164 -0.118164 0.437500 -2.500000 -2.500000 7.000000 1.000000 10.000000 -1.000000 -1.000000 -1.000000 0.000000 1.000000 -1.000000 0.000000 1.000000
0.952637 -0.114746 -0.114746 0.125000 -2.375000 -2.375000 7.000000 1.000000 10.000000 -1.000000 -1.000000 -1.000000 0.000000 1.000000 -1.000000 0.000000 1.000000
0.952148 -0.120605 -0.120605 -0.687500 -2.437500 -2.437500 7.000000 1.000000 10.000000 -1.000000 -2.000000 0.000000 -1.000000 1.000000 -2.000000 -2.000000 -1.000000
0.955078 -0.122559 -0.122559 -0.500000 -2.375000 -2.375000 7.000000 1.000000 10.000000 -2.000000 -1.000000 0.000000 -1.000000 1.000000 -1.000000 -1.000000 -1.000000
0.958984 -0.126953 -0.126953 0.000000 -2.187500 -2.187500 7.000000 1.000000 10.000000 -2.000000 -2.000000 -2.000000 -2.000000 0.000000 -2.000000 -2.000000 -2.000000
0.960938 -0.122559 -0.122559 0.437500 -2.000000 -2.000000 7.000000 1.000000 10.000000 -2.000000 -2.000000 -2.000000 -2.000000 0.000000 -2.000000 -2.000000 -2.000000
0.959473 -0.127930 -0.127930 0.250000 -1.437500 -1.437500 7.000000 1.000000 10.000000 -1.000000 -1.000000 -1.000000 -1.000000 1.000000 -1.000000 -2.000000 -2.000000
0.958984 -0.127930 -0.127930 1.125000 -1.687500 -1.687500 7.000000 1.000000 10.000000 -3.000000 -3.000000 -1.000000 1.000000 2.000000 -3.000000 -1.000000 -1.000000
0.958496 -0.121094 -0.121094 1.687500 -1.125000 -1.125000 7.000000 1.000000 10.000000 0.000000 -2.000000 0.000000 -1.000000 1.000000 -2.000000 -2.000000 -2.000000
0.959473 -0.120605 -0.120605 0.500000 -1.312500 -1.312500 7.000000 1.000000 10.000000 0.000000 -2.000000 0.000000 -1.000000 1.000000 -2.000000 -2.000000 -2.000000
0.959961 -0.128418 -0.128418 0.687500 -0.937500 -0.937500 7.000000 1.000000 10.000000 -2.000000 -2.000000 -1.000000 -2.000000 0.000000 -2.000000 -1.000000 -1.000000
0.949219 -0.121094 -0.121094 2.375000 -1.000000 -1.000000 7.000000 1.000000 10.000000 -2.000000 -2.000000 -1.000000 -2.000000 0.000000 -2.000000 -1.000000 -1.000000
0.947266 -0.119141 -0.119141 2.375000 -0.937500 -0.937500 7.000000 1.000000 10.000000 -2.000000 -2.000000 -2.000000 -1.000000 -1.000000 0.000000 -1.000000 -1.000000
0.954590 -0.114258 -0.114258 1.812500 -1.312500 -1.312500 7.000000 1.000000 10.000000 -2.000000 -2.000000 -1.000000 -1.000000 0.000000 -1.000000 -1.000000 -1.000000
0.963867 -0.118652 -0.118652 0.000000 -1.500000 -1.500000 7.000000 1.000000 10.000000 -2.000000 -1.000000 1.000000 0.000000 0.000000 -1.000000 0.000000 -1.000000
0.974609 -0.117188 -0.117188 -1.500000 -1.187500 -1.187500 7.000000 1.000000 10.000000 -1.000000 -1.000000 -2.000000 1.000000 0.000000 -1.000000 -1.000000 -1.000000
1.016113 -0.120117 -0.120117 -6.062500 -0.125000 -0.125000 7.000000 1.000000 10.000000 -1.000000 -3.000000 -1.000000 -2.000000 1.000000 -3.000000 -2.000000 -1.000000
1.047363 -0.117676 -0.117676 -17.000000 1.312500 1.312500 7.000000 1.000000 10.000000 -1.000000 -4.000000 -1.000000 -1.000000 0.000000 -1.000000 -2.000000 -2.000000
1.070312 -0.119141 -0.119141 -22.750000 7.875000 7.875000 7.000000 1.000000 10.000000 -1.000000 -1.000000 -1.000000 -1.000000 -2.000000 -2.000000 0.000000 -2.000000
1.133301 -0.207031 -0.207031 -34.500000 26.000000 26.000000 7.000000 1.000000 11.000000 -2.000000 -1.000000 -3.000000 -1.000000 1.000000 -1.000000 -2.000000 -1.000000
1.113770 -0.277832 -0.277832 -50.500000 51.187500 51.187500 7.000000 1.000000 11.000000 -1.000000 -1.000000 -2.000000 0.000000 0.000000 -1.000000 -2.000000 -2.000000
1.075684 -0.485352 -0.485352 -52.187500 63.062500 63.062500 7.000000 2.000000 11.000000 -3.000000 -2.000000 -1.000000 -1.000000 0.000000 -3.000000 -1.000000 -1.000000
1.097656 -0.599121 -0.599121 -39.500000 72.687500 72.687500 6.000000 2.000000 11.000000 -2.000000 -2.000000 -2.000000 -2.000000 -1.000000 -2.000000 -1.000000 -1.000000
1.015625 -0.783203 -0.783203 -14.625000 116.687500 116.687500 6.000000 3.000000 11.000000 -2.000000 -1.000000 -1.000000 -1.000000 -2.000000 0.000000 -1.000000 -1.000000
0.869629 -0.887207 -0.887207 -9.000000 132.750000 132.750000 6.000000 3.000000 11.000000 -1.000000 -2.000000 -4.000000 0.000000 1.000000 -2.000000 -2.000000 -2.000000
0.612305 -0.924316 -0.924316 27.812500 157.062500 157.062500 6.000000 4.000000 11.000000 -1.000000 -2.000000 -4.000000 0.000000 1.000000 -2.000000 -2.000000 -2.000000
0.589844 -0.939941 -0.939941 32.500000 176.625000 176.625000 6.000000 5.000000 11.000000 0.000000 5.000000 -1.000000 -2.000000 -2.000000 -4.000000 -1.000000 -1.000000
0.337891 -0.978027 -0.978027 82.375000 194.750000 194.750000 6.000000 6.000000 12.000000 -4.000000 -15.000000 -15.000000 -11.000000 -7.000000 -2.000000 -1.000000 -2.000000
0.250000 -0.924805 -0.924805 99.000000 197.687500 197.687500 6.000000 7.000000 12.000000 -1.000000 -5.000000 43.000000 15.000000 11.000000 2.000000 0.000000 -2.000000
0.358398 -0.892090 -0.892090 127.812500 223.812500 223.812500 6.000000 9.000000 12.000000 -1.000000 6.000000 -10.000000 -3.000000 -7.000000 -2.000000 -2.000000 -2.000000
0.192383 -0.666016 -0.666016 133.750000 224.750000 224.750000 7.000000 9.000000 12.000000 -3.000000 -6.000000 -12.000000 1.000000 6.000000 -3.000000 -5.000000 -2.000000
-0.112793 -0.466797 -0.466797 72.437500 195.312500 195.312500 7.000000 11.000000 12.000000 0.000000 3.000000 7.000000 0.000000 -17.000000 -5.000000 0.000000 1.000000
0.056641 -0.660156 -0.660156 59.625000 189.687500 189.687500 7.000000 11.000000 12.000000 3.000000 13.000000 -22.000000 -10.000000 17.000000 8.000000 3.000000 1.000000
-0.189453 -0.286133 -0.286133 113.187500 161.687500 161.687500 7.000000 12.000000 13.000000 -2.000000 -15.000000 21.000000 -7.000000 -16.000000 -7.000000 0.000000 -1.000000
-0.294922 -0.120117 -0.120117 70.812500 123.187500 123.187500 7.000000 13.000000 13.000000 1.000000 0.000000 6.000000 11.000000 28.000000 9.000000 2.000000 1.000000
-0.260742 -0.152832 -0.152832 19.875000 72.500000 72.500000 8.000000 13.000000 13.000000 1.000000 0.000000 6.000000 11.000000 28.000000 9.000000 2.000000 1.000000
-0.284180 -0.194336 -0.194336 24.437500 52.687500 52.687500 8.000000 13.000000 13.000000 -1.000000 7.000000 1.000000 -21.000000 -13.000000 -1.000000 -2.000000 -3.000000
-0.434082 0.002441 0.002441 35.312500 30.000000 30.000000 8.000000 13.000000 13.000000 -3.000000 -3.000000 18.000000 9.000000 10.000000 3.000000 2.000000 -2.000000
-0.541504 0.022461 0.022461 8.375000 17.125000 17.125000 8.000000 14.000000 14.000000 0.000000 -2.000000 18.000000 19.000000 6.000000 -1.000000 2.000000 -1.000000
-0.616211 -0.070312 -0.070312 -40.250000 10.062500 10.062500 8.000000 14.000000 14.000000 -3.000000 0.000000 -43.000000 -17.000000 -7.000000 -3.000000 -4.000000 -4.000000
-0.693359 -0.067383 -0.067383 -35.687500 21.437500 21.437500 8.000000 14.000000 14.000000 -1.000000 0.000000 -11.000000 -31.000000 -28.000000 -54.000000 -5.000000 -2.000000
-0.873535 0.123535 0.123535 14.375000 19.187500 19.187500 8.000000 14.000000 14.000000 -1.000000 0.000000 -11.000000 -31.000000 -28.000000 -54.000000 -5.000000 -2.000000
-0.868652 0.181152 0.181152 23.500000 13.750000 13.750000 8.000000 14.000000 14.000000 -1.000000 -2.000000 -2.000000 1.000000 16.000000 -22.000000 3.000000 1.000000
-0.701172 0.199219 0.199219 8.375000 -3.937500 -3.937500 8.000000 14.000000 14.000000 -1.000000 -2.000000 -2.000000 1.000000 16.000000 -22.000000 3.000000 1.000000
-0.740234 0.074219 0.074219 -11.125000 -7.187500 -7.187500 8.000000 14.000000 14.000000 -3.000000 -5.000000 -7.000000 -49.000000 -29.000000 -29.000000 -6.000000 -3.000000
-0.836914 -0.029785 -0.029785 3.625000 -2.625000 -2.625000 8.000000 14.000000 14.000000 -3.000000 -5.000000 -7.000000 -49.000000 -29.000000 -29.000000 -6.000000 -3.000000
-0.875000 0.062988 0.062988 16.875000 -2.062500 -2.062500 8.000000 14.000000 14.000000 0.000000 -1.000000 -1.000000 -7.000000 17.000000 -8.000000 -2.000000 0.000000
-0.790039 0.000000 0.000000 -12.750000 -32.812500 -32.812500 8.000000 14.000000 13.000000 -3.000000 0.000000 -9.000000 -34.000000 -107.000000 -66.000000 -6.000000 -3.000000
-0.791992 -0.170898 -0.170898 -12.187500 -29.062500 -29.062500 8.000000 13.000000 13.000000 8.000000 12.000000 30.000000 71.000000 63.000000 30.000000 16.000000 9.000000
-0.768555 -0.275879 -0.275879 -10.687500 -26.500000 -26.500000 8.000000 13.000000 13.000000 1.000000 4.000000 0.000000 -31.000000 18.000000 -3.000000 0.000000 0.000000
-0.779785 -0.311523 -0.311523 -7.875000 -8.000000 -8.000000 8.000000 13.000000 13.000000 -2.000000 -7.000000 -8.000000 -69.000000 -47.000000 -25.000000 -5.000000 -4.000000
-0.779785 -0.337402 -0.337402 -13.812500 5.750000 5.750000 8.000000 13.000000 13.000000 -2.000000 -7.000000 -8.000000 -69.000000 -47.000000 -25.000000 -5.000000 -4.000000
-0.855957 -0.214355 -0.214355 -0.500000 13.187500 13.187500 8.000000 13.000000 13.000000 -6.000000 -3.000000 -9.000000 -2.000000 -18.000000 33.000000 -10.000000 -6.000000
-0.918945 -0.128906 -0.128906 -7.812500 12.625000 12.625000 8.000000 13.000000 13.000000 -2.000000 -2.000000 4.000000 59.000000 31.000000 -21.000000 2.000000 -1.000000
-0.833008 -0.117676 -0.117676 -14.937500 16.250000 16.250000 8.000000 14.000000 13.000000 -1.000000 -5.000000 -2.000000 -9.000000 -16.000000 29.000000 -2.000000 0.000000
-0.800781 -0.083984 -0.083984 -1.312500 22.437500 22.437500 8.000000 14.000000 14.000000 1.000000 0.000000 2.000000 42.000000 60.000000 32.000000 6.000000 2.000000
-0.844727 0.050293 0.050293 9.187500 25.625000 25.625000 8.000000 14.000000 14.000000 -2.000000 -4.000000 0.000000 -7.000000 -16.000000 4.000000 -1.000000 -2.000000
-0.858887 0.218262 0.218262 7.625000 16.437500 16.437500 8.000000 14.000000 14.000000 -2.000000 -4.000000 0.000000 -7.000000 -16.000000 4.000000 -1.000000 -2.000000
-0.821289 0.397461 0.397461 21.187500 2.125000 2.125000 8.000000 14.000000 14.000000 -1.000000 -2.000000 -3.000000 9.000000 -30.000000 -39.000000 -5.000000 -3.000000
-0.805176 0.144043 0.144043 -15.000000 -11.437500 -11.437500 8.000000 14.000000 14.000000 -3.000000 0.000000 0.000000 -2.000000 0.000000 5.000000 2.000000 -2.000000
-0.777344 0.082031 0.082031 21.750000 -13.500000 -13.500000 8.000000 14.000000 14.000000 -3.000000 -1.000000 -6.000000 -1.000000 8.000000 -7.000000 -7.000000 -4.000000
-0.732422 -0.206543 -0.206543 -43.187500 -5.812500 -5.812500 8.000000 14.000000 14.000000 -4.000000 -4.000000 -4.000000 -3.000000 -49.000000 -17.000000 -1.000000 -3.000000
-0.837402 -0.131836 -0.131836 25.687500 7.500000 7.500000 8.000000 14.000000 14.000000 -1.000000 0.000000 -5.000000 -34.000000 -62.000000 -3.000000 3.000000 0.000000
-0.875488 0.131836 0.131836 45.312500 5.812500 5.812500 8.000000 14.000000 14.000000 0.000000 -6.000000 5.000000 39.000000 70.000000 18.000000 1.000000 2.000000
-0.852051 0.169434 0.169434 8.687500 -2.687500 -2.687500 8.000000 14.000000 14.000000 -4.000000 -1.000000 -12.000000 -14.000000 23.000000 -10.000000 -7.000000 -4.000000
-0.797363 0.022949 0.022949 -19.812500 -4.437500 -4.437500 8.000000 14.000000 14.000000 -1.000000 -1.000000 0.000000 -49.000000 39.000000 12.000000 4.000000 -1.000000
-0.785156 -0.042969 -0.042969 -9.500000 -0.375000 -0.375000 8.000000 14.000000 14.000000 1.000000 -2.000000 9.000000 108.000000 16.000000 3.000000 4.000000 -1.000000
-0.808105 0.000977 0.000977 7.750000 2.062500 2.062500 8.000000 14.000000 14.000000 -5.000000 -10.000000 -7.000000 -20.000000 -21.000000 -8.000000 -8.000000 -6.000000
-0.785156 0.040527 0.040527 10.062500 -0.500000 -0.500000 8.000000 14.000000 14.000000 0.000000 -4.000000 -3.000000 -51.000000 -62.000000 64.000000 3.000000 3.000000
-0.747070 0.043457 0.043457 8.000000 -2.250000 -2.250000 8.000000 14.000000 14.000000 0.000000 -4.000000 -3.000000 -51.000000 -62.000000 64.000000 3.000000 3.000000
-0.742188 0.024414 0.024414 4.250000 -2.812500 -2.812500 8.000000 14.000000 14.000000 4.000000 13.000000 8.000000 35.000000 34.000000 -29.000000 8.000000 5.000000
-0.727051 0.012207 0.012207 -0.437500 -3.437500 -3.437500 8.000000 14.000000 14.000000 1.000000 3.000000 5.000000 19.000000 54.000000 57.000000 6.000000 0.000000
-0.700195 0.024414 0.024414 4.812500 -6.687500 -6.687500 8.000000 14.000000 14.000000 -1.000000 7.000000 -12.000000 5.000000 -5.000000 29.000000 -1.000000 -2.000000
-0.650391 0.049316 0.049316 7.500000 -16.062500 -16.062500 8.000000 14.000000 14.000000 -1.000000 7.000000 -12.000000 5.000000 -5.000000 29.000000 -1.000000 -2.000000
-0.562500 0.070801 0.070801 6.375000 -29.750000 -29.750000 8.000000 14.000000 14.000000 -3.000000 -6.000000 22.000000 -26.000000 -30.000000 -52.000000 -5.000000 -4.000000
-0.465332 0.082031 0.082031 7.187500 -42.937500 -42.937500 8.000000 13.000000 14.000000 0.000000 -9.000000 -6.000000 -28.000000 27.000000 -35.000000 -4.000000 1.000000
-0.370117 0.045410 0.045410 3.312500 -59.250000 -59.250000 8.000000 13.000000 13.000000 -6.000000 -14.000000 -17.000000 -4.000000 -2.000000 -7.000000 -4.000000 -3.000000
-0.368164 -0.013184 -0.013184 -9.500000 -82.937500 -82.937500 8.000000 13.000000 13.000000 -6.000000 -14.000000 -17.000000 -4.000000 -2.000000 -7.000000 -4.000000 -3.000000
-0.413086 -0.039551 -0.039551 -26.812500 -108.062500 -108.062500 8.000000 13.000000 13.000000 -1.000000 4.000000 -21.000000 -7.000000 15.000000 26.000000 -4.000000 -2.000000
-0.394531 -0.060059 -0.060059 -54.875000 -129.312500 -129.312500 8.000000 13.000000 13.000000 1.000000 17.000000 -5.000000 -29.000000 -20.000000 -41.000000 -7.000000 -1.000000
-0.335938 -0.122070 -0.122070 -81.687500 -148.750000 -148.750000 8.000000 12.000000 13.000000 -2.000000 -11.000000 36.000000 3.000000 26.000000 12.000000 0.000000 -1.000000
-0.229980 -0.265625 -0.265625 -96.250000 -160.125000 -160.125000 7.000000 12.000000 13.000000 0.000000 -3.000000 -38.000000 4.000000 -59.000000 -122.000000 -4.000000 -1.000000
-0.168457 -0.416504 -0.416504 -80.000000 -160.750000 -160.750000 7.000000 11.000000 13.000000 -6.000000 -7.000000 15.000000 26.000000 45.000000 84.000000 3.000000 -2.000000
-0.264160 -0.549316 -0.549316 -34.000000 -163.187500 -163.187500 7.000000 11.000000 12.000000 1.000000 10.000000 23.000000 -5.000000 2.000000 22.000000 -1.000000 -2.000000
-0.251465 -0.526855 -0.526855 2.750000 -174.875000 -174.875000 7.000000 10.000000 12.000000 -1.000000 6.000000 38.000000 50.000000 16.000000 16.000000 0.000000 0.000000
-0.159668 -0.466309 -0.466309 -4.500000 -186.875000 -186.875000 7.000000 10.000000 12.000000 -1.000000 6.000000 38.000000 50.000000 16.000000 16.000000 0.000000 0.000000
-0.055176 -0.459473 -0.459473 -32.625000 -199.812500 -199.812500 7.000000 9.000000 12.000000 -9.000000 -16.000000 69.000000 77.000000 35.000000 28.000000 0.000000 -2.000000
0.024902 -0.512207 -0.512207 -73.125000 -201.062500 -201.062500 7.000000 9.000000 12.000000 -9.000000 -16.000000 69.000000 77.000000 35.000000 28.000000 0.000000 -2.000000
-0.005859 -0.602539 -0.602539 -83.187500 -211.937500 -211.937500 7.000000 8.000000 12.000000 2.000000 16.000000 24.000000 39.000000 17.000000 14.000000 5.000000 0.000000
0.153809 -0.606445 -0.606445 -75.562500 -217.312500 -217.312500 7.000000 7.000000 12.000000 3.000000 17.000000 65.000000 -95.000000 -20.000000 -22.000000 -8.000000 -1.000000
0.434570 -0.689453 -0.689453 -91.875000 -213.062500 -213.062500 7.000000 7.000000 12.000000 -5.000000 -3.000000 -53.000000 -21.000000 21.000000 8.000000 -10.000000 -8.000000
0.736816 -0.861816 -0.861816 -84.062500 -188.687500 -188.687500 7.000000 6.000000 12.000000 -2.000000 -6.000000 -1.000000 9.000000 -14.000000 0.000000 1.000000 -3.000000
0.647949 -0.823730 -0.823730 -23.437500 -175.187500 -175.187500 7.000000 5.000000 11.000000 -2.000000 -9.000000 -66.000000 6.000000 20.000000 2.000000 9.000000 3.000000
0.242188 -0.635742 -0.635742 -7.812500 -196.062500 -196.062500 7.000000 5.000000 11.000000 -3.000000 0.000000 48.000000 70.000000 33.000000 22.000000 -1.000000 0.000000
1.338379 -0.647949 -0.647949 -106.500000 -181.125000 -181.125000 7.000000 4.000000 11.000000 -1.000000 -2.000000 27.000000 -1.000000 -29.000000 -18.000000 -5.000000 -1.000000
1.015625 -1.000977 -1.000977 -47.250000 -144.187500 -144.187500 7.000000 3.000000 11.000000 5.000000 -4.000000 -37.000000 -9.000000 -9.000000 -33.000000 1.000000 4.000000
1.151855 -0.583984 -0.583984 8.500000 -117.187500 -117.187500 7.000000 3.000000 11.000000 -6.000000 -9.000000 -3.000000 -4.000000 39.000000 127.000000 -4.000000 -5.000000
1.180176 -0.395996 -0.395996 15.812500 -114.312500 -114.312500 7.000000 3.000000 11.000000 -2.000000 -28.000000 -101.000000 24.000000 1.000000 -20.000000 1.000000 2.000000
0.348633 -0.598633 -0.598633 -15.187500 -109.312500 -109.312500 7.000000 2.000000 11.000000 10.000000 75.000000 127.000000 107.000000 -4.000000 -19.000000 0.000000 0.000000
1.057617 -0.470215 -0.470215 -12.875000 -95.437500 -95.437500 7.000000 2.000000 11.000000 -13.000000 -72.000000 -128.000000 -110.000000 -36.000000 -13.000000 -11.000000 -6.000000
1.026855 -0.458496 -0.458496 8.000000 -71.875000 -71.875000 7.000000 2.000000 11.000000 -13.000000 7.000000 127.000000 91.000000 -17.000000 -22.000000 -14.000000 -15.000000
0.989258 -0.311523 -0.311523 24.625000 -58.812500 -58.812500 7.000000 2.000000 10.000000 4.000000 18.000000 0.000000 -29.000000 35.000000 27.000000 11.000000 6.000000
1.000488 -0.192383 -0.192383 13.875000 -45.750000 -45.750000 8.000000 2.000000 10.000000 18.000000 33.000000 -19.000000 -6.000000 22.000000 19.000000 -3.000000 6.000000
1.003906 -0.127441 -0.127441 -11.375000 -35.062500 -35.062500 8.000000 1.000000 10.000000 -22.000000 0.000000 50.000000 22.000000 -47.000000 -20.000000 15.000000 1.000000
0.994141 -0.123047 -0.123047 -29.875000 -26.312500 -26.312500 8.000000 1.000000 10.000000 18.000000 -27.000000 -40.000000 -31.000000 7.000000 -12.000000 -2.000000 19.000000
1.156738 -0.077148 -0.077148 -33.437500 -25.437500 -25.437500 8.000000 1.000000 10.000000 6.000000 -9.000000 5.000000 -13.000000 15.000000 -5.000000 -2.000000 8.000000
1.340820 -0.165527 -0.165527 -20.437500 -16.500000 -16.500000 8.000000 1.000000 10.000000 -16.000000 -58.000000 -53.000000 -46.000000 -11.000000 -19.000000 0.000000 -7.000000
1.039551 -0.259766 -0.259766 3.250000 -10.375000 -10.375000 8.000000 1.000000 10.000000 12.000000 64.000000 25.000000 8.000000 20.000000 12.000000 -3.000000 -4.000000
1.379395 -0.025391 -0.025391 26.000000 -6.187500 -6.187500 8.000000 1.000000 10.000000 -11.000000 -10.000000 14.000000 24.000000 8.000000 -7.000000 -7.000000 -6.000000
1.545410 0.029785 0.029785 27.187500 -4.687500 -4.687500 8.000000 1.000000 10.000000 -11.000000 -10.000000 14.000000 24.000000 8.000000 -7.000000 -7.000000 -6.000000
1.275879 0.014160 0.014160 16.937500 -0.500000 -0.500000 8.000000 1.000000 10.000000 2.000000 15.000000 14.000000 -7.000000 0.000000 -2.000000 -2.000000 0.000000
1.313965 0.028320 0.028320 4.562500 0.750000 0.750000 8.000000 1.000000 10.000000 25.000000 74.000000 79.000000 59.000000 18.000000 7.000000 6.000000 10.000000
1.414551 0.036133 0.036133 -2.687500 1.375000 1.375000 8.000000 1.000000 10.000000 14.000000 45.000000 47.000000 84.000000 15.000000 -2.000000 -2.000000 2.000000
1.453613 0.027344 0.027344 -4.000000 2.625000 2.625000 8.000000 1.000000 10.000000 14.000000 45.000000 47.000000 84.000000 15.000000 -2.000000 -2.000000 2.000000
1.416016 0.013184 0.013184 -2.500000 4.562500 4.562500 8.000000 1.000000 10.000000 -6.000000 -21.000000 -12.000000 27.000000 14.000000 4.000000 -4.000000 -5.000000
1.311035 -0.013672 -0.013672 -0.687500 5.687500 5.687500 8.000000 1.000000 10.000000 -6.000000 -21.000000 -12.000000 27.000000 14.000000 4.000000 -4.000000 -5.000000
1.156738 -0.064941 -0.064941 0.437500 6.562500 6.562500 8.000000 1.000000 10.000000 0.000000 -2.000000 -1.000000 -66.000000 4.000000 -9.000000 -6.000000 -6.000000
0.956055 -0.122070 -0.122070 1.125000 7.500000 7.500000 8.000000 1.000000 10.000000 0.000000 -2.000000 -1.000000 -66.000000 4.000000 -9.000000 -6.000000 -6.000000
0.742676 -0.181152 -0.181152 1.562500 7.937500 7.937500 8.000000 1.000000 10.000000 -4.000000 3.000000 -21.000000 15.000000 -7.000000 4.000000 5.000000 1.000000
0.568359 -0.219727 -0.219727 0.750000 8.125000 8.125000 8.000000 1.000000 10.000000 -2.000000 -24.000000 12.000000 20.000000 2.000000 -3.000000 -3.000000 -1.000000
0.463379 -0.235352 -0.235352 -3.500000 7.812500 7.812500 8.000000 1.000000 10.000000 -6.000000 -5.000000 -47.000000 -44.000000 4.000000 -3.000000 -2.000000 -5.000000
0.451660 -0.243652 -0.243652 -8.875000 5.500000 5.500000 8.000000 1.000000 10.000000 -6.000000 -5.000000 -47.000000 -44.000000 4.000000 -3.000000 -2.000000 -5.000000
0.565918 -0.220215 -0.220215 -10.750000 1.937500 1.937500 8.000000 1.000000 10.000000 6.000000 -7.000000 60.000000 78.000000 15.000000 -1.000000 -3.000000 -1.000000
0.895996 -0.118652 -0.118652 4.250000 2.000000 2.000000 8.000000 1.000000 10.000000 -8.000000 -15.000000 -72.000000 -78.000000 -22.000000 -11.000000 -10.000000 -5.000000
0.964355 -0.076172 -0.076172 10.000000 -0.750000 -0.750000 8.000000 1.000000 10.000000 -8.000000 -24.000000 42.000000 97.000000 -7.000000 -5.000000 -8.000000 -5.000000
0.944824 -0.067383 -0.067383 4.937500 -0.937500 -0.937500 8.000000 1.000000 10.000000 -8.000000 -24.000000 42.000000 97.000000 -7.000000 -5.000000 -8.000000 -5.000000
0.937988 -0.075195 -0.075195 -2.625000 -1.562500 -1.562500 8.000000 1.000000 10.000000 0.000000 22.000000 -12.000000 0.000000 -3.000000 4.000000 1.000000 -5.000000
