0.961426 -0.103027 -0.103027 1.437500 -1.687500 -1.687500 7.000000 1.000000 10.000000 -1.000000 1.000000 -1.000000 -1.000000 0.000000 -1.000000 -2.000000 -1.000000
0.960938 -0.104980 -0.104980 1.125000 -1.750000 -1.750000 7.000000 1.000000 10.000000 -1.000000 1.000000 -1.000000 -1.000000 0.000000 -1.000000 -2.000000 -1.000000
0.962891 -0.108887 -0.108887 1.812500 -1.625000 -1.625000 7.000000 1.000000 10.000000 -3.000000 -4.000000 1.000000 -1.000000 -1.000000 -2.000000 -1.000000 -1.000000
0.966309 -0.103027 -0.103027 1.250000 -1.500000 -1.500000 7.000000 1.000000 10.000000 -2.000000 -4.000000 -5.000000 -1.000000 -1.000000 -2.000000 -2.000000 -2.000000
0.960449 -0.100098 -0.100098 0.500000 -1.437500 -1.437500 7.000000 1.000000 10.000000 -2.000000 -2.000000 0.000000 1.000000 0.000000 -1.000000 0.000000 -2.000000
0.967773 -0.104980 -0.104980 -0.125000 -1.562500 -1.562500 7.000000 1.000000 10.000000 -2.000000 -1.000000 -1.000000 0.000000 0.000000 -2.000000 -1.000000 -1.000000
0.965332 -0.105957 -0.105957 0.125000 -1.500000 -1.500000 7.000000 1.000000 10.000000 0.000000 -1.000000 -1.000000 0.000000 1.000000 -2.000000 -2.000000 -2.000000
0.968750 -0.111816 -0.111816 1.562500 -1.500000 -1.500000 7.000000 1.000000 10.000000 0.000000 -1.000000 1.000000 0.000000 1.000000 -2.000000 -2.000000 -1.000000
0.958008 -0.103027 -0.103027 2.187500 -1.812500 -1.812500 7.000000 1.000000 10.000000 -1.000000 -2.000000 0.000000 -1.000000 0.000000 -2.000000 -1.000000 -2.000000
0.957031 -0.102051 -0.102051 1.187500 -2.000000 -2.000000 7.000000 1.000000 10.000000 -2.000000 -3.000000 -1.000000 -1.000000 0.000000 -2.000000 0.000000 0.000000
0.957520 -0.105957 -0.105957 0.062500 -2.125000 -2.125000 7.000000 1.000000 10.000000 -3.000000 -3.000000 -2.000000 -1.000000 1.000000 -2.000000 -1.000000 -2.000000
0.961914 -0.109375 -0.109375 0.500000 -2.125000 -2.125000 7.000000 1.000000 10.000000 -3.000000 -3.000000 -2.000000 -1.000000 1.000000 -2.000000 -1.000000 -2.000000
0.961426 -0.113770 -0.113770 1.750000 -1.812500 -1.812500 7.000000 1.000000 10.000000 -3.000000 -3.000000 -2.000000 0.000000 -1.000000 -3.000000 -1.000000 0.000000
0.965820 -0.101074 -0.101074 1.875000 -1.375000 -1.375000 7.000000 1.000000 10.000000 -1.000000 -2.000000 0.000000 0.000000 0.000000 -1.000000 -1.000000 -1.000000
0.973633 -0.101562 -0.101562 -1.000000 -1.062500 -1.062500 7.000000 1.000000 10.000000 -1.000000 -2.000000 -1.000000 -2.000000 -1.000000 -2.000000 -1.000000 -1.000000
0.985840 -0.113770 -0.113770 -6.312500 -0.812500 -0.812500 7.000000 1.000000 10.000000 -2.000000 0.000000 -1.000000 0.000000 -1.000000 -2.000000 -1.000000 0.000000
0.988770 -0.099609 -0.099609 -8.312500 -3.250000 -3.250000 7.000000 1.000000 10.000000 -1.000000 -1.000000 -1.000000 1.000000 1.000000 -2.000000 -2.000000 -1.000000
1.006348 -0.085449 -0.085449 -18.312500 2.375000 2.375000 7.000000 1.000000 10.000000 0.000000 0.000000 -1.000000 0.000000 1.000000 -1.000000 -1.000000 -2.000000
1.019043 -0.151855 -0.151855 -37.125000 12.687500 12.687500 7.000000 1.000000 10.000000 -2.000000 -5.000000 -3.000000 0.000000 0.000000 -2.000000 -2.000000 -2.000000
1.071289 -0.299316 -0.299316 -50.250000 21.875000 21.875000 7.000000 1.000000 10.000000 -2.000000 -5.000000 -3.000000 0.000000 0.000000 -2.000000 -2.000000 -2.000000
1.087891 -0.275391 -0.275391 -61.937500 54.937500 54.937500 7.000000 1.000000 11.000000 0.000000 -2.000000 0.000000 -1.000000 -1.000000 -1.000000 -1.000000 0.000000
1.122070 -0.556152 -0.556152 -90.875000 83.750000 83.750000 7.000000 2.000000 11.000000 0.000000 -2.000000 0.000000 -1.000000 -1.000000 -1.000000 -1.000000 0.000000
1.099609 -0.815430 -0.815430 -75.375000 106.312500 106.312500 6.000000 2.000000 11.000000 0.000000 -1.000000 0.000000 -1.000000 1.000000 -3.000000 -1.000000 -3.000000
1.073730 -0.871582 -0.871582 -42.937500 132.812500 132.812500 6.000000 2.000000 11.000000 0.000000 3.000000 1.000000 0.000000 1.000000 -1.000000 -2.000000 -1.000000
1.058105 -0.912598 -0.912598 -47.000000 159.562500 159.562500 6.000000 3.000000 11.000000 -1.000000 -2.000000 0.000000 6.000000 1.000000 -1.000000 0.000000 -2.000000
0.972656 -1.147461 -1.147461 -45.250000 181.750000 181.750000 6.000000 4.000000 11.000000 -1.000000 -2.000000 0.000000 6.000000 1.000000 -1.000000 0.000000 -2.000000
0.882324 -1.273926 -1.273926 -8.687500 198.687500 198.687500 6.000000 4.000000 11.000000 -1.000000 2.000000 2.000000 -4.000000 -3.000000 -3.000000 -2.000000 0.000000
0.862305 -1.242188 -1.242188 36.437500 217.812500 217.812500 6.000000 5.000000 11.000000 -1.000000 2.000000 -7.000000 4.000000 12.000000 -1.000000 -1.000000 -1.000000
0.726562 -1.157715 -1.157715 89.625000 244.000000 244.000000 6.000000 6.000000 11.000000 -2.000000 -4.000000 -9.000000 -1.000000 -2.000000 -2.000000 -1.000000 -2.000000
0.530273 -1.017578 -1.017578 140.312500 259.187500 259.187500 6.000000 7.000000 11.000000 -2.000000 -4.000000 -9.000000 -1.000000 -2.000000 -2.000000 -1.000000 -2.000000
0.352539 -0.764160 -0.764160 159.125000 267.062500 267.062500 6.000000 8.000000 12.000000 1.000000 7.000000 -6.000000 -8.000000 -2.000000 -2.000000 -3.000000 -1.000000
0.204590 -0.564453 -0.564453 132.500000 257.812500 257.812500 6.000000 9.000000 12.000000 -5.000000 -16.000000 2.000000 -18.000000 -25.000000 -7.000000 -3.000000 -3.000000
0.146484 -0.527344 -0.527344 107.062500 244.750000 244.750000 7.000000 10.000000 12.000000 1.000000 -13.000000 -1.000000 40.000000 23.000000 3.000000 3.000000 1.000000
-0.036133 -0.479980 -0.479980 93.812500 209.625000 209.625000 7.000000 11.000000 12.000000 -3.000000 33.000000 10.000000 31.000000 28.000000 2.000000 -2.000000 0.000000
-0.074707 -0.337402 -0.337402 95.250000 178.812500 178.812500 7.000000 12.000000 12.000000 -4.000000 -16.000000 3.000000 8.000000 3.000000 0.000000 1.000000 -1.000000
-0.018555 -0.237305 -0.237305 77.812500 147.250000 147.250000 7.000000 12.000000 12.000000 0.000000 3.000000 0.000000 -29.000000 -21.000000 -5.000000 -3.000000 -3.000000
-0.033203 -0.208984 -0.208984 51.687500 113.875000 113.875000 7.000000 12.000000 12.000000 -3.000000 -3.000000 -14.000000 -25.000000 0.000000 -2.000000 -1.000000 -1.000000
-0.124023 -0.171875 -0.171875 51.250000 90.000000 90.000000 7.000000 13.000000 13.000000 -3.000000 -3.000000 -14.000000 -25.000000 0.000000 -2.000000 -1.000000 -1.000000
-0.258789 -0.218262 -0.218262 49.687500 71.875000 71.875000 8.000000 13.000000 13.000000 -2.000000 9.000000 20.000000 9.000000 -16.000000 -6.000000 -3.000000 -2.000000
-0.275391 -0.276367 -0.276367 49.500000 55.312500 55.312500 8.000000 13.000000 13.000000 -3.000000 -30.000000 -11.000000 33.000000 16.000000 1.000000 -1.000000 -1.000000
-0.182129 -0.262695 -0.262695 29.437500 45.625000 45.625000 8.000000 13.000000 13.000000 -2.000000 -10.000000 25.000000 15.000000 -1.000000 -2.000000 -2.000000 -1.000000
-0.315918 -0.146484 -0.146484 15.375000 48.750000 48.750000 8.000000 13.000000 13.000000 -2.000000 -10.000000 25.000000 15.000000 -1.000000 -2.000000 -2.000000 -1.000000
-0.528809 -0.082520 -0.082520 -17.187500 45.500000 45.500000 8.000000 14.000000 13.000000 -1.000000 2.000000 7.000000 -37.000000 -33.000000 -8.000000 -3.000000 -2.000000
-0.633789 -0.090820 -0.090820 -37.500000 34.000000 34.000000 8.000000 14.000000 13.000000 -1.000000 2.000000 7.000000 -37.000000 -33.000000 -8.000000 -3.000000 -2.000000
-0.686523 -0.018555 -0.018555 -22.500000 32.000000 32.000000 8.000000 14.000000 14.000000 -4.000000 -2.000000 -19.000000 45.000000 -21.000000 2.000000 -1.000000 -3.000000
-0.706543 0.052246 0.052246 1.250000 27.437500 27.437500 8.000000 14.000000 14.000000 -4.000000 -2.000000 -19.000000 45.000000 -21.000000 2.000000 -1.000000 -3.000000
-0.796387 0.285156 0.285156 22.687500 19.625000 19.625000 8.000000 14.000000 14.000000 2.000000 7.000000 -3.000000 28.000000 86.000000 73.000000 3.000000 0.000000
-0.906738 0.286621 0.286621 2.375000 5.187500 5.187500 8.000000 14.000000 14.000000 2.000000 7.000000 -3.000000 28.000000 86.000000 73.000000 3.000000 0.000000
-0.839844 0.159668 0.159668 -17.437500 -3.937500 -3.937500 8.000000 14.000000 14.000000 -5.000000 -34.000000 -12.000000 34.000000 -56.000000 -35.000000 -5.000000 -3.000000
-0.726562 0.142578 0.142578 -11.062500 -6.937500 -6.937500 8.000000 14.000000 14.000000 7.000000 15.000000 21.000000 64.000000 53.000000 5.000000 6.000000 5.000000
-0.741211 0.069824 0.069824 -12.500000 -8.812500 -8.812500 8.000000 14.000000 14.000000 0.000000 -7.000000 -25.000000 -18.000000 -18.000000 -37.000000 1.000000 0.000000
-0.735840 -0.049805 -0.049805 6.562500 -10.937500 -10.937500 8.000000 14.000000 14.000000 0.000000 -7.000000 -25.000000 -18.000000 -18.000000 -37.000000 1.000000 0.000000
-0.806152 0.021484 0.021484 39.875000 -11.312500 -11.312500 8.000000 14.000000 14.000000 0.000000 -6.000000 -20.000000 -10.000000 -11.000000 -38.000000 4.000000 2.000000
-0.845703 0.114258 0.114258 27.125000 -15.125000 -15.125000 8.000000 14.000000 14.000000 0.000000 -6.000000 -20.000000 -10.000000 -11.000000 -38.000000 4.000000 2.000000
-0.821777 0.085449 0.085449 -6.500000 -20.625000 -20.625000 8.000000 14.000000 14.000000 -2.000000 -5.000000 -11.000000 -16.000000 -20.000000 -44.000000 -3.000000 -2.000000
-0.793945 -0.048340 -0.048340 -32.562500 -24.000000 -24.000000 8.000000 14.000000 14.000000 1.000000 8.000000 19.000000 6.000000 11.000000 39.000000 2.000000 0.000000
-0.811523 -0.141602 -0.141602 -28.937500 -21.625000 -21.625000 8.000000 14.000000 13.000000 3.000000 11.000000 16.000000 42.000000 -42.000000 -60.000000 1.000000 2.000000
-0.812012 -0.213867 -0.213867 -13.687500 -10.375000 -10.375000 8.000000 14.000000 13.000000 -5.000000 -13.000000 -25.000000 7.000000 89.000000 80.000000 1.000000 -2.000000
-0.760742 -0.235352 -0.235352 4.625000 3.812500 3.812500 8.000000 14.000000 13.000000 -5.000000 -13.000000 -22.000000 -94.000000 -102.000000 -90.000000 -11.000000 -5.000000
-0.814941 -0.161621 -0.161621 17.812500 13.125000 13.125000 8.000000 14.000000 13.000000 -6.000000 -4.000000 9.000000 -15.000000 104.000000 80.000000 -5.000000 -5.000000
-0.891602 -0.060547 -0.060547 3.562500 7.187500 7.187500 8.000000 14.000000 13.000000 0.000000 -3.000000 2.000000 91.000000 60.000000 13.000000 3.000000 0.000000
-0.864746 -0.082520 -0.082520 -30.000000 6.187500 6.187500 8.000000 14.000000 13.000000 1.000000 -1.000000 21.000000 -3.000000 -17.000000 -52.000000 -5.000000 0.000000
-0.827637 -0.136230 -0.136230 -36.875000 8.437500 8.437500 8.000000 14.000000 14.000000 1.000000 0.000000 -1.000000 -33.000000 -118.000000 -51.000000 -4.000000 0.000000
-0.816406 -0.096680 -0.096680 -20.812500 14.500000 14.500000 8.000000 14.000000 14.000000 1.000000 0.000000 -1.000000 -33.000000 -118.000000 -51.000000 -4.000000 0.000000
-0.829590 -0.015625 -0.015625 1.625000 21.500000 21.500000 8.000000 14.000000 14.000000 3.000000 10.000000 44.000000 -1.000000 83.000000 19.000000 10.000000 5.000000
-0.898926 0.129883 0.129883 12.062500 13.375000 13.375000 8.000000 14.000000 14.000000 -6.000000 4.000000 -17.000000 -16.000000 -124.000000 -127.000000 -19.000000 -8.000000
-0.820801 0.354980 0.354980 6.625000 6.250000 6.250000 9.000000 14.000000 14.000000 -14.000000 -16.000000 -52.000000 9.000000 127.000000 123.000000 -20.000000 -13.000000
-0.831055 0.278320 0.278320 0.250000 -7.125000 -7.125000 9.000000 14.000000 14.000000 1.000000 -20.000000 20.000000 13.000000 2.000000 -42.000000 16.000000 3.000000
-0.822266 0.065430 0.065430 -15.125000 -8.000000 -8.000000 9.000000 14.000000 14.000000 -6.000000 -21.000000 -15.000000 1.000000 -128.000000 -88.000000 -6.000000 -3.000000
-0.749023 0.157227 0.157227 21.500000 -4.125000 -4.125000 9.000000 14.000000 14.000000 12.000000 60.000000 54.000000 -11.000000 37.000000 -88.000000 1.000000 5.000000
-0.854492 0.169922 0.169922 -20.625000 -14.312500 -14.312500 9.000000 14.000000 14.000000 1.000000 7.000000 -5.000000 -21.000000 113.000000 89.000000 1.000000 2.000000
-0.749023 -0.112793 -0.112793 -57.625000 -17.937500 -17.937500 9.000000 14.000000 14.000000 1.000000 7.000000 -5.000000 -21.000000 113.000000 89.000000 1.000000 2.000000
-0.791016 -0.202148 -0.202148 3.000000 -4.625000 -4.625000 8.000000 14.000000 14.000000 -3.000000 -13.000000 7.000000 17.000000 3.000000 42.000000 -1.000000 -3.000000
-0.849609 0.062500 0.062500 43.562500 5.437500 5.437500 9.000000 14.000000 14.000000 -3.000000 -13.000000 7.000000 17.000000 3.000000 42.000000 -1.000000 -3.000000
-0.878906 0.220215 0.220215 21.125000 2.875000 2.875000 9.000000 14.000000 14.000000 -6.000000 -8.000000 -8.000000 -4.000000 -47.000000 -12.000000 -5.000000 -4.000000
-0.855469 0.112305 0.112305 -12.937500 -3.312500 -3.312500 9.000000 14.000000 14.000000 -6.000000 -8.000000 -8.000000 -4.000000 -47.000000 -12.000000 -5.000000 -4.000000
-0.799316 0.000000 0.000000 -14.500000 -5.000000 -5.000000 9.000000 14.000000 14.000000 15.000000 73.000000 97.000000 101.000000 10.000000 -55.000000 0.000000 7.000000
-0.763672 0.000000 0.000000 1.437500 -4.062500 -4.062500 9.000000 14.000000 14.000000 15.000000 73.000000 97.000000 101.000000 10.000000 -55.000000 0.000000 7.000000
-0.735840 0.034180 0.034180 8.500000 -2.125000 -2.125000 9.000000 14.000000 14.000000 -8.000000 -52.000000 -54.000000 -105.000000 24.000000 3.000000 -5.000000 -5.000000
-0.695312 0.025391 0.025391 6.562500 -1.125000 -1.125000 9.000000 14.000000 14.000000 1.000000 -19.000000 11.000000 43.000000 -8.000000 38.000000 6.000000 4.000000
-0.632812 0.023438 0.023438 4.000000 -2.937500 -2.937500 9.000000 14.000000 14.000000 -10.000000 -42.000000 72.000000 -44.000000 -42.000000 -70.000000 -13.000000 -13.000000
-0.567383 0.057129 0.057129 8.062500 -10.937500 -10.937500 8.000000 14.000000 14.000000 -10.000000 -42.000000 72.000000 -44.000000 -42.000000 -70.000000 -13.000000 -13.000000
-0.476562 0.128906 0.128906 12.687500 -25.312500 -25.312500 8.000000 14.000000 14.000000 15.000000 -14.000000 -34.000000 -104.000000 2.000000 8.000000 1.000000 10.000000
-0.365723 0.091309 0.091309 -0.500000 -36.500000 -36.500000 8.000000 14.000000 14.000000 15.000000 -14.000000 -34.000000 -104.000000 2.000000 8.000000 1.000000 10.000000
-0.267090 0.005371 0.005371 -6.375000 -51.625000 -51.625000 8.000000 13.000000 14.000000 -4.000000 -17.000000 -64.000000 -57.000000 -61.000000 12.000000 9.000000 13.000000
-0.257324 -0.044434 -0.044434 -7.812500 -70.500000 -70.500000 8.000000 13.000000 13.000000 -4.000000 -17.000000 -64.000000 -57.000000 -61.000000 12.000000 9.000000 13.000000
-0.377441 -0.103027 -0.103027 -9.500000 -95.812500 -95.812500 8.000000 13.000000 13.000000 31.000000 67.000000 105.000000 -25.000000 15.000000 15.000000 6.000000 7.000000
-0.522949 -0.111328 -0.111328 -19.250000 -115.937500 -115.937500 8.000000 13.000000 13.000000 -12.000000 -23.000000 -90.000000 15.000000 -15.000000 -28.000000 -3.000000 -2.000000
-0.532715 -0.196289 -0.196289 -34.937500 -136.062500 -136.062500 8.000000 12.000000 13.000000 -10.000000 -6.000000 -5.000000 -34.000000 7.000000 1.000000 -13.000000 -20.000000
-0.409668 -0.264160 -0.264160 -41.687500 -152.000000 -152.000000 8.000000 12.000000 13.000000 0.000000 -15.000000 9.000000 127.000000 17.000000 -19.000000 -17.000000 -13.000000
-0.317871 -0.311523 -0.311523 -46.375000 -162.937500 -162.937500 7.000000 12.000000 12.000000 12.000000 38.000000 -29.000000 27.000000 0.000000 0.000000 0.000000 -2.000000
-0.320801 -0.386230 -0.386230 -54.250000 -173.625000 -173.625000 7.000000 11.000000 12.000000 12.000000 38.000000 -29.000000 27.000000 0.000000 0.000000 0.000000 -2.000000
-0.326172 -0.478027 -0.478027 -54.687500 -178.125000 -178.125000 7.000000 10.000000 12.000000 7.000000 42.000000 49.000000 -21.000000 1.000000 -41.000000 -22.000000 6.000000
-0.189453 -0.591309 -0.591309 -39.812500 -185.687500 -185.687500 7.000000 10.000000 12.000000 -21.000000 -27.000000 22.000000 36.000000 17.000000 24.000000 16.000000 -6.000000
0.050293 -0.738281 -0.738281 -31.250000 -177.437500 -177.437500 7.000000 9.000000 12.000000 14.000000 55.000000 -22.000000 -64.000000 -5.000000 13.000000 19.000000 14.000000
-0.054688 -0.551270 -0.551270 -2.625000 -172.750000 -172.750000 7.000000 9.000000 12.000000 -7.000000 6.000000 -87.000000 -22.000000 -15.000000 -82.000000 -22.000000 -17.000000
-0.281250 -0.503418 -0.503418 -52.562500 -197.312500 -197.312500 7.000000 8.000000 12.000000 -14.000000 -7.000000 -116.000000 81.000000 -25.000000 -33.000000 -9.000000 -13.000000
-0.018066 -0.654297 -0.654297 -133.875000 -190.125000 -190.125000 7.000000 8.000000 11.000000 -14.000000 -7.000000 -116.000000 81.000000 -25.000000 -33.000000 -9.000000 -13.000000
0.482910 -1.056641 -1.056641 -96.875000 -170.250000 -170.250000 7.000000 7.000000 11.000000 14.000000 -15.000000 -47.000000 -61.000000 6.000000 45.000000 49.000000 12.000000
0.473633 -1.038574 -1.038574 20.250000 -156.375000 -156.375000 7.000000 7.000000 11.000000 4.000000 61.000000 76.000000 39.000000 9.000000 -2.000000 -11.000000 -3.000000
0.199707 -0.535645 -0.535645 49.875000 -166.187500 -166.187500 7.000000 6.000000 11.000000 16.000000 21.000000 40.000000 -81.000000 15.000000 -4.000000 -22.000000 -4.000000
0.367676 -0.381836 -0.381836 -10.437500 -178.562500 -178.562500 7.000000 6.000000 11.000000 8.000000 42.000000 33.000000 36.000000 22.000000 29.000000 7.000000 8.000000
0.729492 -0.599121 -0.599121 -61.812500 -178.687500 -178.687500 7.000000 5.000000 11.000000 -1.000000 -9.000000 -1.000000 -43.000000 -14.000000 14.000000 4.000000 -1.000000
0.956543 -0.722656 -0.722656 -50.062500 -154.000000 -154.000000 7.000000 5.000000 11.000000 -1.000000 -9.000000 -1.000000 -43.000000 -14.000000 14.000000 4.000000 -1.000000
0.778809 -0.586914 -0.586914 -1.937500 -136.937500 -136.937500 7.000000 4.000000 11.000000 -9.000000 -24.000000 -72.000000 -45.000000 -22.000000 -4.000000 -4.000000 -4.000000
0.603516 -0.360840 -0.360840 2.437500 -151.187500 -151.187500 7.000000 4.000000 11.000000 -9.000000 -24.000000 -72.000000 -45.000000 -22.000000 -4.000000 -4.000000 -4.000000
0.929199 -0.534668 -0.534668 -47.375000 -163.687500 -163.687500 7.000000 3.000000 11.000000 -5.000000 -11.000000 -54.000000 -74.000000 -13.000000 3.000000 2.000000 0.000000
1.106445 -0.511230 -0.511230 -13.000000 -148.000000 -148.000000 7.000000 2.000000 11.000000 -6.000000 -11.000000 -53.000000 -41.000000 13.000000 11.000000 3.000000 -3.000000
1.209961 -0.343262 -0.343262 7.937500 -121.250000 -121.250000 7.000000 2.000000 10.000000 -1.000000 21.000000 57.000000 77.000000 1.000000 -17.000000 -19.000000 -5.000000
1.146484 -0.190918 -0.190918 -3.062500 -104.375000 -104.375000 7.000000 2.000000 10.000000 13.000000 32.000000 4.000000 -28.000000 -7.000000 16.000000 12.000000 8.000000
1.098633 -0.153809 -0.153809 -30.625000 -94.000000 -94.000000 8.000000 2.000000 10.000000 7.000000 20.000000 25.000000 33.000000 18.000000 8.000000 -4.000000 4.000000
1.096680 -0.257812 -0.257812 -46.250000 -81.750000 -81.750000 8.000000 1.000000 10.000000 2.000000 -20.000000 51.000000 28.000000 17.000000 6.000000 -2.000000 2.000000
1.050293 -0.282227 -0.282227 -33.750000 -68.125000 -68.125000 8.000000 1.000000 10.000000 -2.000000 -18.000000 -10.000000 127.000000 19.000000 10.000000 4.000000 4.000000
1.087891 -0.114746 -0.114746 -23.750000 -51.312500 -51.312500 8.000000 1.000000 9.000000 -1.000000 -11.000000 -35.000000 11.000000 -6.000000 -13.000000 28.000000 2.000000
1.061035 -0.045898 -0.045898 -41.187500 -40.812500 -40.812500 8.000000 1.000000 9.000000 2.000000 20.000000 4.000000 -7.000000 6.000000 2.000000 14.000000 4.000000
1.028320 -0.125977 -0.125977 -67.375000 -34.125000 -34.125000 8.000000 1.000000 9.000000 8.000000 19.000000 -59.000000 7.000000 27.000000 8.000000 -1.000000 2.000000
1.015625 -0.239746 -0.239746 -63.562500 -23.437500 -23.437500 8.000000 1.000000 9.000000 -12.000000 -35.000000 -12.000000 72.000000 -2.000000 11.000000 -10.000000 -4.000000
0.995605 -0.277344 -0.277344 -32.312500 -11.625000 -11.625000 8.000000 1.000000 9.000000 -12.000000 -35.000000 -12.000000 72.000000 -2.000000 11.000000 -10.000000 -4.000000
0.993164 -0.208984 -0.208984 -1.625000 -2.375000 -2.375000 8.000000 1.000000 9.000000 -8.000000 9.000000 9.000000 -86.000000 5.000000 -1.000000 0.000000 -3.000000
0.991699 -0.150879 -0.150879 7.750000 3.562500 3.562500 8.000000 1.000000 9.000000 0.000000 -17.000000 37.000000 -1.000000 39.000000 9.000000 6.000000 2.000000
0.977051 -0.152344 -0.152344 5.937500 6.937500 6.937500 8.000000 1.000000 9.000000 -1.000000 11.000000 -23.000000 -28.000000 14.000000 5.000000 -9.000000 -6.000000
0.953125 -0.154297 -0.154297 4.875000 7.812500 7.812500 8.000000 1.000000 9.000000 -1.000000 11.000000 -23.000000 -28.000000 14.000000 5.000000 -9.000000 -6.000000
0.924316 -0.135254 -0.135254 5.875000 9.187500 9.187500 8.000000 1.000000 10.000000 -2.000000 -30.000000 19.000000 -107.000000 -13.000000 7.000000 -1.000000 3.000000
0.928711 -0.127930 -0.127930 5.875000 11.000000 11.000000 8.000000 1.000000 10.000000 -2.000000 -30.000000 19.000000 -107.000000 -13.000000 7.000000 -1.000000 3.000000
0.965820 -0.104492 -0.104492 7.312500 12.812500 12.812500 8.000000 1.000000 10.000000 -5.000000 -43.000000 -23.000000 -36.000000 1.000000 -13.000000 -19.000000 -2.000000
0.988281 -0.080566 -0.080566 10.500000 14.750000 14.750000 7.000000 1.000000 10.000000 -5.000000 -43.000000 -23.000000 -36.000000 1.000000 -13.000000 -19.000000 -2.000000
0.995605 -0.058594 -0.058594 14.000000 15.687500 15.687500 7.000000 1.000000 10.000000 -3.000000 9.000000 63.000000 -22.000000 8.000000 -6.000000 12.000000 -5.000000
0.981934 -0.062500 -0.062500 16.125000 16.000000 16.000000 7.000000 1.000000 10.000000 10.000000 29.000000 -3.000000 72.000000 7.000000 13.000000 11.000000 7.000000
0.955078 -0.082031 -0.082031 18.312500 15.125000 15.125000 7.000000 1.000000 10.000000 15.000000 54.000000 49.000000 56.000000 28.000000 10.000000 9.000000 7.000000
0.942871 -0.086426 -0.086426 20.375000 13.125000 13.125000 7.000000 1.000000 10.000000 15.000000 54.000000 49.000000 56.000000 28.000000 10.000000 9.000000 7.000000
0.940918 -0.086426 -0.086426 19.062500 11.500000 11.500000 7.000000 1.000000 10.000000 -25.000000 25.000000 -6.000000 -25.000000 -14.000000 -11.000000 -17.000000 -29.000000
0.934082 -0.103027 -0.103027 16.062500 9.812500 9.812500 7.000000 1.000000 10.000000 -25.000000 25.000000 -6.000000 -25.000000 -14.000000 -11.000000 -17.000000 -29.000000
0.930176 -0.111816 -0.111816 14.187500 8.375000 8.375000 7.000000 1.000000 10.000000 3.000000 6.000000 12.000000 22.000000 17.000000 2.000000 -2.000000 -2.000000
0.932129 -0.125488 -0.125488 13.562500 6.750000 6.750000 7.000000 1.000000 10.000000 5.000000 -14.000000 30.000000 44.000000 0.000000 0.000000 -1.000000 5.000000
0.933105 -0.140137 -0.140137 12.750000 4.062500 4.062500 7.000000 1.000000 10.000000 -8.000000 -11.000000 -57.000000 7.000000 4.000000 -6.000000 -6.000000 -2.000000
0.933105 -0.162598 -0.162598 13.187500 1.250000 1.250000 7.000000 1.000000 10.000000 3.000000 35.000000 -19.000000 13.000000 -19.000000 -6.000000 1.000000 -1.000000
0.931152 -0.162109 -0.162109 14.875000 -1.062500 -1.062500 7.000000 1.000000 10.000000 -7.000000 -2.000000 -16.000000 -10.000000 -12.000000 -5.000000 -6.000000 -2.000000
0.924805 -0.153809 -0.153809 14.812500 -2.875000 -2.875000 7.000000 1.000000 10.000000 -7.000000 -2.000000 -16.000000 -10.000000 -12.000000 -5.000000 -6.000000 -2.000000
0.921875 -0.138672 -0.138672 10.500000 -4.562500 -4.562500 7.000000 1.000000 10.000000 11.000000 43.000000 42.000000 -2.000000 -1.000000 -4.000000 -3.000000 3.000000
0.926270 -0.131836 -0.131836 3.437500 -6.250000 -6.250000 7.000000 1.000000 10.000000 11.000000 43.000000 42.000000 -2.000000 -1.000000 -4.000000 -3.000000 3.000000
0.945312 -0.146973 -0.146973 -1.000000 -7.750000 -7.750000 7.000000 1.000000 10.000000 -6.000000 -49.000000 -56.000000 -32.000000 0.000000 3.000000 1.000000 -2.000000
0.946289 -0.144043 -0.144043 -0.687500 -8.500000 -8.500000 7.000000 1.000000 10.000000 -5.000000 -19.000000 33.000000 18.000000 -17.000000 -21.000000 -16.000000 -7.000000
0.950684 -0.143066 -0.143066 3.000000 -8.250000 -8.250000 7.000000 1.000000 10.000000 8.000000 44.000000 29.000000 91.000000 18.000000 6.000000 9.000000 6.000000
0.961426 -0.118652 -0.118652 4.500000 -8.125000 -8.125000 7.000000 1.000000 10.000000 -7.000000 -27.000000 -64.000000 -128.000000 -33.000000 2.000000 10.000000 -8.000000
0.963379 -0.112305 -0.112305 3.500000 -8.125000 -8.125000 7.000000 1.000000 10.000000 -4.000000 -9.000000 2.000000 12.000000 -15.000000 -11.000000 14.000000 -1.000000
