0.961914 -0.108887 -0.108887 -2.000000 -1.562500 -1.562500 7.000000 1.000000 12.000000 -3.000000 -2.000000 2.000000 1.000000 -2.000000 -1.000000 -3.000000 -2.000000
0.964844 -0.116699 -0.116699 -0.562500 -1.375000 -1.375000 7.000000 1.000000 12.000000 -3.000000 -2.000000 2.000000 1.000000 -2.000000 -1.000000 -3.000000 -2.000000
0.971680 -0.112793 -0.112793 1.687500 -1.187500 -1.187500 7.000000 1.000000 12.000000 -2.000000 -2.000000 -2.000000 0.000000 0.000000 0.000000 0.000000 -2.000000
0.965820 -0.101562 -0.101562 2.125000 -1.312500 -1.312500 7.000000 1.000000 12.000000 -2.000000 -2.000000 -1.000000 -2.000000 -1.000000 -2.000000 -1.000000 -1.000000
0.964355 -0.092285 -0.092285 0.250000 -1.437500 -1.437500 7.000000 1.000000 12.000000 -1.000000 -1.000000 -4.000000 -1.000000 -1.000000 -1.000000 -1.000000 -1.000000
0.958008 -0.106934 -0.106934 -1.250000 -1.625000 -1.625000 7.000000 1.000000 12.000000 -1.000000 -1.000000 -2.000000 0.000000 0.000000 -1.000000 -1.000000 -1.000000
0.963867 -0.107910 -0.107910 0.500000 -1.625000 -1.625000 7.000000 1.000000 12.000000 -1.000000 -3.000000 -3.000000 -1.000000 1.000000 -1.000000 -1.000000 -2.000000
0.963867 -0.104980 -0.104980 2.625000 -1.500000 -1.500000 7.000000 1.000000 12.000000 -1.000000 -3.000000 -3.000000 -1.000000 1.000000 -1.000000 -1.000000 -2.000000
0.963379 -0.092285 -0.092285 1.937500 -1.687500 -1.687500 7.000000 1.000000 12.000000 -3.000000 -1.000000 0.000000 -1.000000 1.000000 -2.000000 -1.000000 -2.000000
0.964844 -0.097656 -0.097656 -0.437500 -1.750000 -1.750000 7.000000 1.000000 12.000000 -1.000000 -2.000000 -1.000000 -1.000000 1.000000 -1.000000 0.000000 -2.000000
0.962891 -0.106445 -0.106445 -1.312500 -1.812500 -1.812500 7.000000 1.000000 12.000000 -1.000000 0.000000 0.000000 2.000000 1.000000 -2.000000 -2.000000 -2.000000
0.965332 -0.110840 -0.110840 -0.562500 -1.625000 -1.625000 7.000000 1.000000 12.000000 -1.000000 -1.000000 -1.000000 1.000000 0.000000 0.000000 -2.000000 -1.000000
0.965332 -0.104004 -0.104004 1.375000 -1.437500 -1.437500 7.000000 1.000000 12.000000 -1.000000 -1.000000 1.000000 -2.000000 0.000000 -1.000000 0.000000 -1.000000
0.976562 -0.076660 -0.076660 3.000000 -0.125000 -0.125000 7.000000 1.000000 12.000000 -3.000000 -3.000000 0.000000 -1.000000 0.000000 -1.000000 -1.000000 -1.000000
0.974609 -0.038574 -0.038574 -2.625000 -1.562500 -1.562500 7.000000 1.000000 12.000000 -2.000000 -1.000000 -1.000000 0.000000 1.000000 -1.000000 -1.000000 -1.000000
1.022461 -0.035645 -0.035645 -8.500000 2.125000 2.125000 7.000000 1.000000 12.000000 -1.000000 -1.000000 -3.000000 -1.000000 1.000000 -2.000000 -1.000000 -2.000000
1.066895 -0.057617 -0.057617 -13.812500 9.500000 9.500000 7.000000 1.000000 12.000000 -2.000000 -4.000000 0.000000 0.000000 0.000000 -1.000000 0.000000 -2.000000
1.104492 -0.028809 -0.028809 -19.437500 21.625000 21.625000 7.000000 1.000000 12.000000 -1.000000 -1.000000 -3.000000 -1.000000 -1.000000 -2.000000 -2.000000 -1.000000
1.150879 -0.041504 -0.041504 -40.187500 32.000000 32.000000 7.000000 1.000000 12.000000 0.000000 2.000000 -3.000000 -6.000000 1.000000 -1.000000 0.000000 0.000000
1.191406 -0.134277 -0.134277 -59.062500 49.500000 49.500000 7.000000 1.000000 13.000000 0.000000 2.000000 -3.000000 -6.000000 1.000000 -1.000000 0.000000 0.000000
1.157227 -0.309570 -0.309570 -58.875000 59.687500 59.687500 7.000000 1.000000 13.000000 -3.000000 -10.000000 -8.000000 -5.000000 -1.000000 -1.000000 -3.000000 -2.000000
1.211914 -0.420898 -0.420898 -32.812500 74.000000 74.000000 7.000000 2.000000 13.000000 -2.000000 0.000000 1.000000 1.000000 1.000000 -3.000000 -1.000000 -1.000000
1.251465 -0.438965 -0.438965 -7.187500 92.687500 92.687500 6.000000 2.000000 13.000000 -3.000000 -7.000000 2.000000 -4.000000 -4.000000 -3.000000 -1.000000 -2.000000
1.197266 -0.426758 -0.426758 1.687500 109.187500 109.187500 6.000000 2.000000 13.000000 1.000000 2.000000 19.000000 27.000000 7.000000 -1.000000 -1.000000 -1.000000
1.119141 -0.405762 -0.405762 -10.000000 120.312500 120.312500 6.000000 3.000000 13.000000 -1.000000 0.000000 -42.000000 -20.000000 -6.000000 -4.000000 -1.000000 -1.000000
1.082031 -0.497559 -0.497559 -37.687500 127.937500 127.937500 6.000000 3.000000 13.000000 0.000000 -1.000000 9.000000 -1.000000 3.000000 1.000000 0.000000 0.000000
1.083496 -0.657227 -0.657227 -43.750000 136.812500 136.812500 6.000000 4.000000 13.000000 -4.000000 -15.000000 -85.000000 15.000000 15.000000 -4.000000 -3.000000 -2.000000
0.958008 -0.740234 -0.740234 -18.250000 142.875000 142.875000 6.000000 4.000000 13.000000 -4.000000 -15.000000 -85.000000 15.000000 15.000000 -4.000000 -3.000000 -2.000000
0.791016 -0.783691 -0.783691 12.375000 152.687500 152.687500 6.000000 5.000000 13.000000 -5.000000 -6.000000 18.000000 4.000000 -8.000000 -1.000000 1.000000 0.000000
0.618164 -0.812500 -0.812500 38.125000 153.937500 153.937500 6.000000 5.000000 13.000000 2.000000 15.000000 -13.000000 -9.000000 6.000000 -2.000000 1.000000 0.000000
0.428223 -0.748535 -0.748535 50.437500 146.812500 146.812500 6.000000 6.000000 13.000000 -3.000000 -7.000000 3.000000 15.000000 27.000000 7.000000 1.000000 0.000000
0.235840 -0.592773 -0.592773 53.562500 135.875000 135.875000 6.000000 6.000000 14.000000 -3.000000 -7.000000 3.000000 15.000000 27.000000 7.000000 1.000000 0.000000
-0.009277 -0.497559 -0.497559 33.125000 116.687500 116.687500 6.000000 7.000000 14.000000 -2.000000 1.000000 1.000000 -7.000000 3.000000 -6.000000 -4.000000 -3.000000
-0.187500 -0.530273 -0.530273 14.687500 91.312500 91.312500 6.000000 7.000000 14.000000 -2.000000 -4.000000 -2.000000 -12.000000 -3.000000 1.000000 -1.000000 -1.000000
-0.220703 -0.553223 -0.553223 36.437500 70.187500 70.187500 6.000000 8.000000 14.000000 3.000000 17.000000 8.000000 -5.000000 -7.000000 -3.000000 -1.000000 0.000000
-0.323242 -0.445801 -0.445801 66.750000 56.000000 56.000000 6.000000 8.000000 14.000000 -2.000000 3.000000 54.000000 6.000000 -24.000000 -5.000000 -3.000000 -1.000000
-0.419922 -0.376953 -0.376953 74.312500 39.250000 39.250000 6.000000 9.000000 14.000000 -1.000000 -4.000000 -22.000000 26.000000 14.000000 0.000000 -2.000000 -2.000000
-0.458008 -0.393066 -0.393066 60.250000 26.187500 26.187500 6.000000 9.000000 14.000000 -3.000000 -5.000000 44.000000 -8.000000 10.000000 1.000000 1.000000 -1.000000
-0.467773 -0.378418 -0.378418 61.437500 10.000000 10.000000 6.000000 10.000000 14.000000 0.000000 2.000000 -48.000000 -43.000000 -6.000000 -7.000000 -2.000000 -2.000000
-0.535156 -0.284180 -0.284180 47.625000 -8.000000 -8.000000 6.000000 10.000000 15.000000 1.000000 0.000000 -11.000000 -12.000000 -1.000000 1.000000 0.000000 -1.000000
-0.501465 -0.368164 -0.368164 -1.437500 -25.937500 -25.937500 7.000000 10.000000 15.000000 0.000000 0.000000 -11.000000 11.000000 0.000000 2.000000 1.000000 1.000000
-0.336914 -0.571289 -0.571289 0.187500 -27.562500 -27.562500 7.000000 10.000000 15.000000 0.000000 0.000000 -11.000000 11.000000 0.000000 2.000000 1.000000 1.000000
-0.429688 -0.415039 -0.415039 34.250000 -21.125000 -21.125000 7.000000 10.000000 15.000000 3.000000 3.000000 -5.000000 -4.000000 8.000000 -1.000000 3.000000 2.000000
-0.387207 -0.216309 -0.216309 24.937500 -26.875000 -26.875000 7.000000 11.000000 15.000000 1.000000 1.000000 24.000000 1.000000 -2.000000 5.000000 1.000000 2.000000
-0.413574 -0.309082 -0.309082 -17.875000 -39.750000 -39.750000 7.000000 11.000000 15.000000 -2.000000 1.000000 12.000000 20.000000 -3.000000 45.000000 -3.000000 -2.000000
-0.458984 -0.616699 -0.616699 -59.625000 -62.437500 -62.437500 7.000000 11.000000 15.000000 -2.000000 1.000000 12.000000 20.000000 -3.000000 45.000000 -3.000000 -2.000000
-0.361816 -0.743652 -0.743652 -45.625000 -74.062500 -74.062500 7.000000 11.000000 16.000000 0.000000 -5.000000 -7.000000 -19.000000 -8.000000 -18.000000 0.000000 0.000000
-0.239258 -0.520996 -0.520996 -14.812500 -75.062500 -75.062500 7.000000 11.000000 16.000000 2.000000 17.000000 13.000000 21.000000 0.000000 6.000000 1.000000 2.000000
-0.136230 -0.357422 -0.357422 -32.875000 -78.000000 -78.000000 7.000000 10.000000 16.000000 -2.000000 -14.000000 -26.000000 3.000000 11.000000 -9.000000 -7.000000 -3.000000
0.321777 -0.879395 -0.879395 -65.562500 -80.750000 -80.750000 7.000000 10.000000 16.000000 -6.000000 -18.000000 -18.000000 -29.000000 -22.000000 -15.000000 -1.000000 -2.000000
0.125977 -0.406250 -0.406250 20.562500 -52.000000 -52.000000 7.000000 10.000000 16.000000 -3.000000 -4.000000 -23.000000 -7.000000 18.000000 -7.000000 -2.000000 -4.000000
0.289551 -0.498535 -0.498535 -51.875000 -65.125000 -65.125000 7.000000 9.000000 16.000000 -3.000000 -4.000000 -23.000000 -7.000000 18.000000 -7.000000 -2.000000 -4.000000
0.476562 -0.830566 -0.830566 -86.000000 -52.562500 -52.562500 6.000000 9.000000 16.000000 -1.000000 -4.000000 -6.000000 -5.000000 -18.000000 0.000000 5.000000 -1.000000
0.299805 -0.881348 -0.881348 -43.125000 -21.437500 -21.437500 6.000000 9.000000 16.000000 -1.000000 -2.000000 -5.000000 -9.000000 26.000000 24.000000 2.000000 0.000000
0.063965 -0.696777 -0.696777 -14.312500 -0.437500 -0.437500 6.000000 9.000000 16.000000 0.000000 -4.000000 -51.000000 -14.000000 6.000000 21.000000 10.000000 2.000000
0.000000 -0.625977 -0.625977 -25.687500 5.937500 5.937500 6.000000 9.000000 16.000000 0.000000 -4.000000 -51.000000 -14.000000 6.000000 21.000000 10.000000 2.000000
0.049316 -0.749023 -0.749023 -42.812500 9.562500 9.562500 6.000000 9.000000 16.000000 -1.000000 -3.000000 19.000000 15.000000 -18.000000 -27.000000 -4.000000 -1.000000
-0.003906 -0.834473 -0.834473 -33.062500 21.437500 21.437500 6.000000 9.000000 16.000000 -4.000000 -7.000000 -15.000000 -16.000000 -26.000000 -10.000000 -6.000000 -2.000000
-0.178711 -0.834961 -0.834961 -12.000000 30.562500 30.562500 6.000000 9.000000 15.000000 -4.000000 -10.000000 -1.000000 9.000000 35.000000 81.000000 -3.000000 -4.000000
-0.389160 -0.785645 -0.785645 -9.625000 40.062500 40.062500 6.000000 9.000000 15.000000 -4.000000 -10.000000 -1.000000 9.000000 35.000000 81.000000 -3.000000 -4.000000
-0.443848 -0.778809 -0.778809 -7.875000 55.875000 55.875000 6.000000 9.000000 15.000000 -2.000000 -2.000000 -9.000000 9.000000 -3.000000 0.000000 -8.000000 -2.000000
-0.540039 -0.752930 -0.752930 9.750000 63.250000 63.250000 6.000000 9.000000 15.000000 -4.000000 -8.000000 -3.000000 -12.000000 -68.000000 -100.000000 -14.000000 -5.000000
-0.619141 -0.636230 -0.636230 29.562500 68.125000 68.125000 6.000000 9.000000 15.000000 3.000000 7.000000 0.000000 12.000000 22.000000 51.000000 12.000000 3.000000
-0.737793 -0.574707 -0.574707 30.250000 69.125000 69.125000 6.000000 9.000000 15.000000 3.000000 7.000000 0.000000 12.000000 22.000000 51.000000 12.000000 3.000000
-0.815918 -0.627441 -0.627441 10.562500 67.312500 67.312500 6.000000 9.000000 15.000000 4.000000 8.000000 4.000000 -6.000000 79.000000 38.000000 -4.000000 2.000000
-0.728516 -0.664551 -0.664551 18.125000 62.500000 62.500000 6.000000 9.000000 15.000000 4.000000 8.000000 4.000000 -6.000000 79.000000 38.000000 -4.000000 2.000000
-0.669922 -0.595215 -0.595215 43.750000 51.375000 51.375000 6.000000 10.000000 15.000000 0.000000 0.000000 -11.000000 4.000000 7.000000 9.000000 3.000000 0.000000
-0.651367 -0.428223 -0.428223 52.125000 37.750000 37.750000 6.000000 10.000000 15.000000 -6.000000 -7.000000 -4.000000 13.000000 13.000000 67.000000 -13.000000 -4.000000
-0.594727 -0.382812 -0.382812 31.437500 19.187500 19.187500 7.000000 10.000000 15.000000 -2.000000 -4.000000 -1.000000 -7.000000 -9.000000 -44.000000 -9.000000 -4.000000
-0.468262 -0.414062 -0.414062 5.187500 2.500000 2.500000 7.000000 10.000000 15.000000 -3.000000 4.000000 6.000000 12.000000 -12.000000 -17.000000 -4.000000 3.000000
-0.470703 -0.428711 -0.428711 -2.625000 -9.875000 -9.875000 7.000000 10.000000 15.000000 1.000000 4.000000 -4.000000 -19.000000 -30.000000 -45.000000 -22.000000 -7.000000
-0.567871 -0.440918 -0.440918 -9.062500 -27.437500 -27.437500 7.000000 11.000000 16.000000 1.000000 4.000000 -4.000000 -19.000000 -30.000000 -45.000000 -22.000000 -7.000000
-0.409668 -0.579102 -0.579102 -35.812500 -47.875000 -47.875000 7.000000 11.000000 16.000000 -6.000000 -5.000000 -3.000000 2.000000 19.000000 -22.000000 -29.000000 -9.000000
-0.180664 -0.697754 -0.697754 -42.375000 -56.562500 -56.562500 7.000000 11.000000 16.000000 -6.000000 -5.000000 -3.000000 2.000000 19.000000 -22.000000 -29.000000 -9.000000
-0.007324 -0.639648 -0.639648 -28.437500 -56.437500 -56.437500 7.000000 11.000000 16.000000 -12.000000 -10.000000 -16.000000 -28.000000 9.000000 3.000000 4.000000 -9.000000
0.223633 -0.456543 -0.456543 -2.000000 -41.250000 -41.250000 7.000000 10.000000 16.000000 16.000000 -4.000000 1.000000 8.000000 -16.000000 19.000000 40.000000 13.000000
0.158203 -0.792480 -0.792480 -23.437500 -52.937500 -52.937500 7.000000 10.000000 16.000000 -9.000000 -6.000000 9.000000 12.000000 18.000000 9.000000 -33.000000 -4.000000
0.169434 -0.693848 -0.693848 14.625000 -51.875000 -51.875000 7.000000 10.000000 16.000000 6.000000 -8.000000 -7.000000 -15.000000 -54.000000 -84.000000 1.000000 3.000000
0.069336 -0.526855 -0.526855 13.437500 -55.250000 -55.250000 7.000000 10.000000 16.000000 -10.000000 -5.000000 18.000000 19.000000 41.000000 36.000000 -19.000000 3.000000
0.146484 -0.583496 -0.583496 -26.500000 -53.937500 -53.937500 7.000000 9.000000 16.000000 13.000000 -14.000000 4.000000 9.000000 8.000000 17.000000 19.000000 10.000000
-0.001465 -0.744629 -0.744629 -39.000000 -39.687500 -39.687500 7.000000 9.000000 16.000000 -12.000000 -14.000000 1.000000 1.000000 -18.000000 -31.000000 -17.000000 -3.000000
-0.369629 -0.708008 -0.708008 -21.250000 -26.250000 -26.250000 7.000000 9.000000 16.000000 -12.000000 -14.000000 1.000000 1.000000 -18.000000 -31.000000 -17.000000 -3.000000
-0.606934 -0.667480 -0.667480 -22.062500 -16.937500 -16.937500 6.000000 9.000000 16.000000 -8.000000 0.000000 2.000000 1.000000 10.000000 -25.000000 -3.000000 -2.000000
-0.561035 -0.734863 -0.734863 -19.500000 -7.875000 -7.875000 6.000000 9.000000 16.000000 -8.000000 0.000000 2.000000 1.000000 10.000000 -25.000000 -3.000000 -2.000000
-0.428711 -0.606445 -0.606445 16.062500 6.500000 6.500000 6.000000 9.000000 16.000000 6.000000 -2.000000 23.000000 2.000000 4.000000 57.000000 -4.000000 11.000000
-0.441406 -0.490723 -0.490723 30.437500 14.562500 14.562500 7.000000 9.000000 16.000000 -13.000000 -1.000000 -21.000000 -2.000000 11.000000 -5.000000 0.000000 -10.000000
-0.362793 -0.451660 -0.451660 19.687500 4.375000 4.375000 7.000000 9.000000 16.000000 -2.000000 -6.000000 -37.000000 -8.000000 -2.000000 -35.000000 -5.000000 8.000000
-0.225098 -0.484863 -0.484863 2.937500 -6.937500 -6.937500 7.000000 9.000000 16.000000 4.000000 -8.000000 -4.000000 -10.000000 -1.000000 0.000000 -21.000000 -3.000000
-0.149414 -0.559082 -0.559082 -5.250000 -9.437500 -9.437500 7.000000 9.000000 16.000000 9.000000 2.000000 12.000000 3.000000 7.000000 -1.000000 10.000000 -8.000000
-0.111328 -0.630859 -0.630859 1.687500 -4.500000 -4.500000 7.000000 9.000000 16.000000 -10.000000 2.000000 18.000000 -12.000000 -30.000000 -35.000000 -8.000000 -6.000000
-0.104492 -0.624023 -0.624023 7.875000 3.312500 3.312500 7.000000 9.000000 16.000000 -5.000000 2.000000 -36.000000 -4.000000 -18.000000 -18.000000 -16.000000 -5.000000
-0.079102 -0.616211 -0.616211 -2.625000 5.062500 5.062500 7.000000 9.000000 16.000000 -5.000000 -6.000000 7.000000 -9.000000 4.000000 -20.000000 -19.000000 -11.000000
-0.029297 -0.619141 -0.619141 -10.062500 9.312500 9.312500 7.000000 9.000000 16.000000 -2.000000 5.000000 34.000000 16.000000 -3.000000 -23.000000 -23.000000 2.000000
0.057129 -0.501465 -0.501465 -2.875000 17.625000 17.625000 7.000000 9.000000 16.000000 -2.000000 5.000000 34.000000 16.000000 -3.000000 -23.000000 -23.000000 2.000000
0.079590 -0.451172 -0.451172 -11.375000 14.937500 14.937500 6.000000 9.000000 16.000000 -7.000000 2.000000 14.000000 -6.000000 -5.000000 -21.000000 -7.000000 -9.000000
0.084473 -0.414062 -0.414062 -19.875000 3.875000 3.875000 6.000000 9.000000 16.000000 -7.000000 2.000000 14.000000 -6.000000 -5.000000 -21.000000 -7.000000 -9.000000
0.080566 -0.459961 -0.459961 -29.250000 -2.625000 -2.625000 6.000000 9.000000 15.000000 8.000000 13.000000 42.000000 44.000000 15.000000 62.000000 0.000000 -2.000000
0.109863 -0.568359 -0.568359 -35.062500 -1.187500 -1.187500 6.000000 9.000000 15.000000 8.000000 13.000000 42.000000 44.000000 15.000000 62.000000 0.000000 -2.000000
0.091797 -0.541992 -0.541992 -6.750000 8.937500 8.937500 6.000000 8.000000 15.000000 -35.000000 -34.000000 -32.000000 28.000000 18.000000 -1.000000 3.000000 -13.000000
-0.001465 -0.434082 -0.434082 17.625000 5.062500 5.062500 6.000000 8.000000 15.000000 -35.000000 -34.000000 -32.000000 28.000000 18.000000 -1.000000 3.000000 -13.000000
-0.050293 -0.372070 -0.372070 12.500000 -15.562500 -15.562500 6.000000 8.000000 15.000000 -11.000000 -1.000000 29.000000 -44.000000 -20.000000 40.000000 37.000000 -12.000000
-0.031250 -0.453125 -0.453125 -18.125000 -44.000000 -44.000000 6.000000 7.000000 15.000000 0.000000 13.000000 -20.000000 -6.000000 14.000000 8.000000 -9.000000 34.000000
0.078613 -0.588379 -0.588379 -35.062500 -62.375000 -62.375000 6.000000 7.000000 14.000000 17.000000 13.000000 35.000000 35.000000 -1.000000 -10.000000 20.000000 11.000000
0.155762 -0.673828 -0.673828 -21.562500 -75.687500 -75.687500 7.000000 6.000000 14.000000 -15.000000 -9.000000 -42.000000 -22.000000 -1.000000 -27.000000 -12.000000 -15.000000
0.170898 -0.621094 -0.621094 -3.562500 -97.250000 -97.250000 7.000000 6.000000 14.000000 -2.000000 2.000000 59.000000 57.000000 6.000000 -13.000000 -16.000000 -7.000000
0.323730 -0.557617 -0.557617 -23.687500 -114.812500 -114.812500 7.000000 5.000000 14.000000 -3.000000 -28.000000 -77.000000 -54.000000 -17.000000 -1.000000 10.000000 -6.000000
0.500000 -0.720215 -0.720215 -47.375000 -128.000000 -128.000000 7.000000 5.000000 14.000000 1.000000 12.000000 65.000000 7.000000 23.000000 33.000000 2.000000 -2.000000
0.719727 -0.797852 -0.797852 -26.750000 -122.250000 -122.250000 7.000000 4.000000 14.000000 1.000000 12.000000 65.000000 7.000000 23.000000 33.000000 2.000000 -2.000000
0.753906 -0.680664 -0.680664 9.312500 -112.375000 -112.375000 7.000000 4.000000 14.000000 -10.000000 -32.000000 -55.000000 14.000000 -20.000000 33.000000 2.000000 -1.000000
0.777832 -0.514648 -0.514648 -6.250000 -103.750000 -103.750000 7.000000 4.000000 13.000000 13.000000 1.000000 -29.000000 -16.000000 18.000000 -35.000000 -69.000000 -6.000000
0.865234 -0.469238 -0.469238 -48.000000 -102.875000 -102.875000 7.000000 3.000000 13.000000 -3.000000 8.000000 -15.000000 -17.000000 -5.000000 28.000000 6.000000 -1.000000
0.966309 -0.489746 -0.489746 -70.750000 -93.375000 -93.375000 7.000000 3.000000 13.000000 11.000000 13.000000 -37.000000 -10.000000 -8.000000 5.000000 -17.000000 -2.000000
0.935059 -0.467285 -0.467285 -69.000000 -84.312500 -84.312500 7.000000 3.000000 13.000000 -2.000000 22.000000 9.000000 30.000000 19.000000 22.000000 17.000000 -3.000000
0.931641 -0.441406 -0.441406 -62.500000 -79.812500 -79.812500 7.000000 2.000000 13.000000 -6.000000 -22.000000 2.000000 2.000000 0.000000 28.000000 -2.000000 3.000000
1.017090 -0.418457 -0.418457 -55.125000 -70.062500 -70.062500 7.000000 2.000000 13.000000 11.000000 -18.000000 15.000000 -9.000000 -3.000000 9.000000 11.000000 5.000000
1.094727 -0.391113 -0.391113 -38.250000 -55.812500 -55.812500 7.000000 2.000000 13.000000 -7.000000 -11.000000 32.000000 9.000000 -10.000000 -19.000000 -17.000000 -15.000000
1.055176 -0.297852 -0.297852 -26.375000 -43.000000 -43.000000 7.000000 2.000000 13.000000 -2.000000 3.000000 -11.000000 -6.000000 13.000000 26.000000 38.000000 -1.000000
0.998535 -0.179688 -0.179688 -57.437500 -35.437500 -35.437500 7.000000 2.000000 12.000000 -2.000000 3.000000 -11.000000 -6.000000 13.000000 26.000000 38.000000 -1.000000
0.988770 -0.230957 -0.230957 -68.562500 -33.062500 -33.062500 7.000000 2.000000 12.000000 0.000000 -17.000000 44.000000 15.000000 4.000000 -8.000000 -15.000000 -5.000000
0.995605 -0.261719 -0.261719 -29.312500 -23.875000 -23.875000 7.000000 1.000000 12.000000 1.000000 2.000000 15.000000 19.000000 -4.000000 -12.000000 15.000000 -1.000000
0.999512 -0.199219 -0.199219 -3.437500 -20.500000 -20.500000 8.000000 1.000000 12.000000 12.000000 29.000000 -11.000000 11.000000 12.000000 49.000000 45.000000 13.000000
1.000488 -0.131836 -0.131836 9.687500 -17.812500 -17.812500 8.000000 1.000000 12.000000 12.000000 29.000000 -11.000000 11.000000 12.000000 49.000000 45.000000 13.000000
1.003906 -0.090820 -0.090820 10.375000 -15.187500 -15.187500 8.000000 1.000000 12.000000 -12.000000 -13.000000 15.000000 11.000000 10.000000 6.000000 -3.000000 -2.000000
1.001465 -0.094727 -0.094727 7.062500 -14.312500 -14.312500 8.000000 1.000000 12.000000 -9.000000 13.000000 17.000000 -9.000000 -3.000000 6.000000 -8.000000 -14.000000
0.989746 -0.109375 -0.109375 8.937500 -12.187500 -12.187500 8.000000 1.000000 12.000000 -2.000000 18.000000 -19.000000 -2.000000 -3.000000 23.000000 19.000000 12.000000
0.979980 -0.113770 -0.113770 13.937500 -10.000000 -10.000000 8.000000 1.000000 12.000000 -2.000000 18.000000 -19.000000 -2.000000 -3.000000 23.000000 19.000000 12.000000
0.973145 -0.101074 -0.101074 17.812500 -7.437500 -7.437500 8.000000 1.000000 12.000000 13.000000 30.000000 8.000000 11.000000 1.000000 10.000000 89.000000 13.000000
0.967285 -0.095703 -0.095703 17.250000 -5.750000 -5.750000 8.000000 1.000000 12.000000 13.000000 30.000000 8.000000 11.000000 1.000000 10.000000 89.000000 13.000000
0.953125 -0.102539 -0.102539 14.375000 -5.312500 -5.312500 8.000000 1.000000 12.000000 5.000000 16.000000 10.000000 1.000000 5.000000 21.000000 -31.000000 -20.000000
0.947754 -0.119629 -0.119629 13.875000 -6.000000 -6.000000 8.000000 1.000000 12.000000 5.000000 16.000000 10.000000 1.000000 5.000000 21.000000 -31.000000 -20.000000
0.951172 -0.125977 -0.125977 16.875000 -5.875000 -5.875000 8.000000 1.000000 12.000000 -1.000000 -28.000000 -7.000000 -19.000000 -14.000000 -48.000000 28.000000 4.000000
0.957520 -0.119629 -0.119629 19.625000 -4.687500 -4.687500 8.000000 1.000000 12.000000 -1.000000 -28.000000 -7.000000 -19.000000 -14.000000 -48.000000 28.000000 4.000000
0.961914 -0.108887 -0.108887 13.437500 -4.312500 -4.312500 8.000000 1.000000 12.000000 -6.000000 18.000000 -14.000000 -16.000000 0.000000 1.000000 9.000000 0.000000
0.946289 -0.109863 -0.109863 4.625000 -3.875000 -3.875000 8.000000 1.000000 12.000000 -1.000000 -10.000000 31.000000 10.000000 -4.000000 -40.000000 -51.000000 -6.000000
0.948730 -0.123047 -0.123047 1.687500 -4.062500 -4.062500 8.000000 1.000000 12.000000 -1.000000 5.000000 19.000000 7.000000 1.000000 -23.000000 3.000000 3.000000
0.958008 -0.129883 -0.129883 1.375000 -4.562500 -4.562500 8.000000 1.000000 12.000000 -1.000000 7.000000 -26.000000 8.000000 8.000000 23.000000 5.000000 8.000000
0.958496 -0.129883 -0.129883 4.875000 -4.250000 -4.250000 8.000000 1.000000 12.000000 -11.000000 -32.000000 -31.000000 -8.000000 -20.000000 -82.000000 -58.000000 -21.000000
0.948242 -0.104004 -0.104004 7.437500 -3.875000 -3.875000 8.000000 1.000000 12.000000 -11.000000 -32.000000 -31.000000 -8.000000 -20.000000 -82.000000 -58.000000 -21.000000
0.950684 -0.095703 -0.095703 6.562500 -3.812500 -3.812500 7.000000 1.000000 12.000000 15.000000 26.000000 7.000000 5.000000 -2.000000 -11.000000 71.000000 14.000000
0.955078 -0.097168 -0.097168 4.500000 -3.875000 -3.875000 7.000000 1.000000 12.000000 15.000000 26.000000 7.000000 5.000000 -2.000000 -11.000000 71.000000 14.000000
0.954590 -0.110840 -0.110840 3.375000 -4.250000 -4.250000 7.000000 1.000000 12.000000 -17.000000 -20.000000 14.000000 -18.000000 5.000000 21.000000 8.000000 -10.000000
