0.962891 -0.127441 -0.127441 0.500000 -1.562500 -1.562500 7.000000 1.000000 12.000000 0.000000 -1.000000 -1.000000 -2.000000 1.000000 -1.000000 -1.000000 -1.000000
0.962402 -0.118164 -0.118164 2.500000 -1.875000 -1.875000 7.000000 1.000000 12.000000 0.000000 -1.000000 -1.000000 -2.000000 1.000000 -1.000000 -1.000000 -1.000000
0.967285 -0.114258 -0.114258 2.500000 -2.000000 -2.000000 7.000000 1.000000 12.000000 -1.000000 -1.000000 -1.000000 1.000000 2.000000 -2.000000 -2.000000 -2.000000
0.958984 -0.106934 -0.106934 2.062500 -1.687500 -1.687500 7.000000 1.000000 12.000000 -3.000000 -1.000000 0.000000 -1.000000 -1.000000 -1.000000 0.000000 -2.000000
0.963867 -0.103516 -0.103516 0.437500 -1.250000 -1.250000 7.000000 1.000000 12.000000 -2.000000 1.000000 -1.000000 -1.000000 -1.000000 -1.000000 0.000000 -1.000000
0.971680 -0.112793 -0.112793 -0.812500 -1.375000 -1.375000 7.000000 1.000000 12.000000 -1.000000 -1.000000 -2.000000 -2.000000 -1.000000 -1.000000 0.000000 -2.000000
0.962891 -0.113770 -0.113770 0.437500 -1.500000 -1.500000 7.000000 1.000000 12.000000 -1.000000 -3.000000 -2.000000 -2.000000 1.000000 -2.000000 -2.000000 -2.000000
0.965332 -0.113770 -0.113770 2.000000 -1.812500 -1.812500 7.000000 1.000000 12.000000 0.000000 -1.000000 -1.000000 1.000000 2.000000 -2.000000 -1.000000 0.000000
0.961426 -0.108398 -0.108398 1.937500 -2.187500 -2.187500 7.000000 1.000000 12.000000 -2.000000 -2.000000 -1.000000 -1.000000 -1.000000 -4.000000 -1.000000 -2.000000
0.963867 -0.104980 -0.104980 1.062500 -2.250000 -2.250000 7.000000 1.000000 12.000000 -2.000000 -2.000000 -1.000000 -1.000000 -1.000000 -4.000000 -1.000000 -2.000000
0.958008 -0.112793 -0.112793 0.750000 -2.187500 -2.187500 7.000000 1.000000 12.000000 -2.000000 -1.000000 -1.000000 -1.000000 0.000000 -1.000000 -1.000000 -2.000000
0.967285 -0.111328 -0.111328 1.062500 -1.937500 -1.937500 7.000000 1.000000 12.000000 -1.000000 -1.000000 -1.000000 -1.000000 -1.000000 -3.000000 -1.000000 -1.000000
0.962891 -0.105957 -0.105957 1.187500 -1.562500 -1.562500 7.000000 1.000000 12.000000 -4.000000 -5.000000 -2.000000 0.000000 0.000000 -1.000000 -2.000000 -2.000000
0.966797 -0.107910 -0.107910 -0.125000 -1.375000 -1.375000 7.000000 1.000000 12.000000 -1.000000 -2.000000 -1.000000 0.000000 0.000000 -1.000000 -2.000000 -2.000000
1.041504 0.001953 0.001953 -6.687500 4.875000 4.875000 7.000000 1.000000 12.000000 -2.000000 -2.000000 -2.000000 0.000000 -1.000000 -3.000000 -1.000000 -2.000000
1.001953 0.002930 0.002930 -27.437500 3.875000 3.875000 7.000000 1.000000 12.000000 -2.000000 -2.000000 -2.000000 0.000000 -1.000000 -3.000000 -1.000000 -2.000000
1.104492 0.039551 0.039551 -43.875000 5.875000 5.875000 7.000000 1.000000 12.000000 -1.000000 -1.000000 -2.000000 0.000000 1.000000 -3.000000 -2.000000 1.000000
1.246582 0.070801 0.070801 -49.625000 23.562500 23.562500 7.000000 1.000000 12.000000 -1.000000 -1.000000 -2.000000 0.000000 1.000000 -3.000000 -2.000000 1.000000
1.308594 0.064453 0.064453 -56.875000 44.437500 44.437500 7.000000 1.000000 12.000000 -2.000000 -2.000000 0.000000 1.000000 2.000000 -1.000000 -1.000000 -3.000000
1.296387 -0.023926 -0.023926 -64.062500 64.500000 64.500000 7.000000 1.000000 12.000000 -2.000000 -3.000000 -3.000000 0.000000 0.000000 -1.000000 -1.000000 -1.000000
1.318848 -0.242188 -0.242188 -63.000000 73.812500 73.812500 7.000000 1.000000 12.000000 -2.000000 0.000000 -1.000000 -1.000000 -1.000000 -2.000000 1.000000 -1.000000
1.389648 -0.479980 -0.479980 -46.187500 83.187500 83.187500 6.000000 2.000000 12.000000 -3.000000 0.000000 0.000000 -1.000000 0.000000 -1.000000 -2.000000 -1.000000
1.345215 -0.632324 -0.632324 -0.187500 98.500000 98.500000 6.000000 2.000000 13.000000 1.000000 5.000000 14.000000 5.000000 2.000000 -1.000000 0.000000 -1.000000
1.181152 -0.574219 -0.574219 36.750000 115.687500 115.687500 6.000000 2.000000 13.000000 1.000000 5.000000 14.000000 5.000000 2.000000 -1.000000 0.000000 -1.000000
0.912598 -0.736328 -0.736328 -23.750000 130.750000 130.750000 6.000000 3.000000 13.000000 0.000000 6.000000 15.000000 2.000000 1.000000 -1.000000 -1.000000 1.000000
0.641113 -0.915039 -0.915039 2.562500 137.812500 137.812500 6.000000 4.000000 13.000000 0.000000 6.000000 15.000000 2.000000 1.000000 -1.000000 -1.000000 1.000000
0.221191 -0.792969 -0.792969 51.062500 136.312500 136.312500 6.000000 5.000000 13.000000 -1.000000 3.000000 -2.000000 -14.000000 6.000000 -4.000000 -2.000000 -1.000000
0.125488 -0.772949 -0.772949 61.812500 134.625000 134.625000 6.000000 6.000000 13.000000 -4.000000 -9.000000 10.000000 5.000000 12.000000 4.000000 1.000000 -3.000000
-0.194336 -0.451660 -0.451660 58.062500 105.187500 105.187500 6.000000 7.000000 13.000000 -1.000000 -4.000000 14.000000 45.000000 14.000000 2.000000 0.000000 0.000000
-0.311523 -0.375488 -0.375488 31.000000 76.250000 76.250000 6.000000 7.000000 14.000000 -2.000000 2.000000 -2.000000 3.000000 0.000000 -3.000000 -2.000000 -2.000000
-0.230957 -0.556152 -0.556152 39.062500 28.687500 28.687500 6.000000 9.000000 14.000000 2.000000 1.000000 -18.000000 -7.000000 -4.000000 -3.000000 -1.000000 0.000000
-0.201172 -0.503418 -0.503418 68.312500 25.937500 25.937500 6.000000 9.000000 14.000000 -5.000000 -9.000000 -33.000000 -24.000000 -16.000000 -2.000000 -2.000000 -5.000000
-0.391602 -0.354980 -0.354980 66.312500 31.875000 31.875000 6.000000 10.000000 14.000000 1.000000 10.000000 36.000000 12.000000 8.000000 -2.000000 0.000000 -1.000000
-0.289062 -0.379883 -0.379883 42.187500 18.750000 18.750000 6.000000 10.000000 15.000000 -4.000000 -9.000000 -70.000000 -7.000000 -3.000000 -1.000000 -2.000000 -2.000000
-0.526367 -0.229980 -0.229980 38.312500 -17.750000 -17.750000 7.000000 10.000000 15.000000 0.000000 0.000000 5.000000 -6.000000 -3.000000 -3.000000 -2.000000 -1.000000
-0.574219 -0.414551 -0.414551 -22.562500 -48.687500 -48.687500 7.000000 11.000000 15.000000 2.000000 11.000000 13.000000 4.000000 2.000000 -1.000000 0.000000 -2.000000
-0.275391 -0.829590 -0.829590 -51.750000 -89.625000 -89.625000 7.000000 11.000000 15.000000 1.000000 3.000000 -11.000000 -19.000000 -7.000000 -2.000000 0.000000 0.000000
-0.211426 -0.720215 -0.720215 -13.250000 -77.812500 -77.812500 7.000000 11.000000 15.000000 -5.000000 -18.000000 -21.000000 12.000000 5.000000 -2.000000 -3.000000 -2.000000
-0.210449 -0.429199 -0.429199 -38.562500 -79.000000 -79.000000 7.000000 10.000000 16.000000 0.000000 6.000000 41.000000 4.000000 -6.000000 -1.000000 -1.000000 -2.000000
0.082031 -0.849609 -0.849609 -75.625000 -90.312500 -90.312500 7.000000 10.000000 16.000000 -5.000000 -14.000000 -17.000000 -3.000000 -5.000000 -8.000000 -6.000000 -4.000000
0.172363 -0.466309 -0.466309 44.187500 -61.562500 -61.562500 7.000000 10.000000 16.000000 2.000000 6.000000 11.000000 8.000000 21.000000 6.000000 1.000000 1.000000
0.199707 -0.368652 -0.368652 -11.375000 -62.500000 -62.500000 7.000000 10.000000 16.000000 2.000000 6.000000 11.000000 8.000000 21.000000 6.000000 1.000000 1.000000
0.476074 -0.791504 -0.791504 -30.687500 -43.375000 -43.375000 7.000000 9.000000 16.000000 0.000000 3.000000 25.000000 -18.000000 -20.000000 -6.000000 -1.000000 -1.000000
0.232910 -0.608887 -0.608887 -4.250000 -25.625000 -25.625000 7.000000 9.000000 16.000000 0.000000 3.000000 25.000000 -18.000000 -20.000000 -6.000000 -1.000000 -1.000000
-0.048340 -0.880371 -0.880371 -48.125000 13.125000 13.125000 6.000000 9.000000 15.000000 -2.000000 -1.000000 -4.000000 15.000000 12.000000 -1.000000 -3.000000 -2.000000
-0.272949 -0.850098 -0.850098 -24.125000 29.937500 29.937500 6.000000 9.000000 15.000000 -2.000000 -2.000000 0.000000 -6.000000 -10.000000 -8.000000 -4.000000 -1.000000
-0.364746 -0.855957 -0.855957 -24.312500 39.812500 39.812500 6.000000 9.000000 15.000000 0.000000 0.000000 7.000000 -2.000000 -26.000000 -11.000000 0.000000 0.000000
-0.498535 -0.835938 -0.835938 -12.125000 54.812500 54.812500 6.000000 9.000000 15.000000 0.000000 0.000000 7.000000 -2.000000 -26.000000 -11.000000 0.000000 0.000000
-0.655762 -0.691895 -0.691895 14.625000 75.687500 75.687500 6.000000 9.000000 15.000000 -1.000000 0.000000 -9.000000 -9.000000 -7.000000 8.000000 -4.000000 -1.000000
-0.661133 -0.520996 -0.520996 28.062500 91.125000 91.125000 6.000000 9.000000 15.000000 -2.000000 -5.000000 4.000000 4.000000 26.000000 6.000000 5.000000 -2.000000
-0.598633 -0.487305 -0.487305 26.437500 88.812500 88.812500 6.000000 9.000000 15.000000 -3.000000 -4.000000 -16.000000 -3.000000 -13.000000 -23.000000 -12.000000 -1.000000
-0.728516 -0.516113 -0.516113 23.937500 76.312500 76.312500 6.000000 9.000000 15.000000 0.000000 5.000000 -9.000000 -16.000000 -32.000000 -61.000000 1.000000 -1.000000
-0.838867 -0.485352 -0.485352 21.625000 67.937500 67.937500 6.000000 10.000000 15.000000 -3.000000 -4.000000 13.000000 13.000000 -3.000000 -49.000000 -8.000000 -5.000000
-0.752930 -0.497559 -0.497559 28.625000 58.250000 58.250000 7.000000 10.000000 15.000000 -3.000000 -4.000000 13.000000 13.000000 -3.000000 -49.000000 -8.000000 -5.000000
-0.645508 -0.397461 -0.397461 41.875000 44.875000 44.875000 7.000000 10.000000 15.000000 -9.000000 -9.000000 -10.000000 -12.000000 -7.000000 100.000000 20.000000 -4.000000
-0.633301 -0.382324 -0.382324 28.312500 29.812500 29.812500 7.000000 10.000000 15.000000 -9.000000 -9.000000 -10.000000 -12.000000 -7.000000 100.000000 20.000000 -4.000000
-0.700195 -0.409180 -0.409180 13.000000 13.875000 13.875000 7.000000 11.000000 15.000000 0.000000 8.000000 5.000000 -7.000000 -15.000000 1.000000 -1.000000 -1.000000
-0.713867 -0.374023 -0.374023 4.062500 -8.187500 -8.187500 7.000000 11.000000 15.000000 0.000000 8.000000 5.000000 -7.000000 -15.000000 1.000000 -1.000000 -1.000000
-0.571289 -0.429688 -0.429688 -31.500000 -36.062500 -36.062500 7.000000 11.000000 15.000000 -10.000000 -9.000000 -4.000000 30.000000 99.000000 77.000000 -20.000000 -9.000000
-0.341797 -0.608398 -0.608398 -53.312500 -57.062500 -57.062500 7.000000 11.000000 16.000000 -10.000000 -9.000000 -4.000000 30.000000 99.000000 77.000000 -20.000000 -9.000000
0.062988 -0.420410 -0.420410 7.687500 -46.312500 -46.312500 7.000000 11.000000 16.000000 -5.000000 -9.000000 1.000000 59.000000 -43.000000 -3.000000 -3.000000 -4.000000
-0.006348 -0.347656 -0.347656 -20.250000 -39.250000 -39.250000 7.000000 11.000000 16.000000 -5.000000 -9.000000 1.000000 59.000000 -43.000000 -3.000000 -3.000000 -4.000000
-0.038086 -0.549805 -0.549805 -54.125000 -57.375000 -57.375000 7.000000 10.000000 16.000000 -3.000000 -1.000000 17.000000 -22.000000 -90.000000 -103.000000 -17.000000 -5.000000
0.114258 -0.884766 -0.884766 -63.000000 -75.875000 -75.875000 7.000000 10.000000 16.000000 -3.000000 -1.000000 17.000000 -22.000000 -90.000000 -103.000000 -17.000000 -5.000000
0.086426 -0.816406 -0.816406 13.687500 -77.562500 -77.562500 7.000000 10.000000 16.000000 -4.000000 3.000000 -28.000000 22.000000 21.000000 -5.000000 -10.000000 -5.000000
-0.026855 -0.361816 -0.361816 43.625000 -80.375000 -80.375000 7.000000 10.000000 16.000000 -3.000000 1.000000 -8.000000 -37.000000 23.000000 -15.000000 -4.000000 -3.000000
0.064453 -0.310547 -0.310547 -34.000000 -77.812500 -77.812500 7.000000 9.000000 16.000000 1.000000 2.000000 17.000000 -12.000000 -15.000000 92.000000 43.000000 8.000000
0.086914 -0.787109 -0.787109 -92.625000 -67.937500 -67.937500 7.000000 9.000000 16.000000 5.000000 8.000000 -37.000000 -6.000000 -5.000000 -42.000000 -26.000000 0.000000
-0.056152 -0.967773 -0.967773 -32.562500 -53.750000 -53.750000 6.000000 9.000000 16.000000 -6.000000 -7.000000 -17.000000 -26.000000 15.000000 95.000000 -6.000000 -8.000000
-0.387695 -0.680176 -0.680176 31.625000 -42.375000 -42.375000 7.000000 9.000000 16.000000 -6.000000 -7.000000 -17.000000 -26.000000 15.000000 95.000000 -6.000000 -8.000000
-0.420898 -0.623047 -0.623047 -3.125000 -34.937500 -34.937500 7.000000 9.000000 16.000000 6.000000 3.000000 15.000000 10.000000 43.000000 29.000000 34.000000 4.000000
-0.245117 -0.680176 -0.680176 -40.875000 -8.312500 -8.312500 7.000000 9.000000 16.000000 6.000000 3.000000 15.000000 10.000000 43.000000 29.000000 34.000000 4.000000
-0.327637 -0.664551 -0.664551 -20.687500 16.937500 16.937500 6.000000 9.000000 16.000000 -3.000000 -9.000000 -8.000000 6.000000 -31.000000 -26.000000 -16.000000 -4.000000
-0.319824 -0.595215 -0.595215 31.062500 21.750000 21.750000 7.000000 9.000000 16.000000 -3.000000 -9.000000 -8.000000 6.000000 -31.000000 -26.000000 -16.000000 -4.000000
-0.240234 -0.454102 -0.454102 50.812500 12.250000 12.250000 7.000000 9.000000 16.000000 -3.000000 5.000000 9.000000 12.000000 -3.000000 -24.000000 -13.000000 3.000000
-0.125977 -0.489746 -0.489746 14.937500 1.687500 1.687500 7.000000 9.000000 16.000000 10.000000 1.000000 25.000000 37.000000 44.000000 51.000000 13.000000 5.000000
-0.044434 -0.612305 -0.612305 -4.812500 6.500000 6.500000 7.000000 9.000000 16.000000 -9.000000 -14.000000 -15.000000 -31.000000 -12.000000 10.000000 4.000000 -2.000000
-0.069824 -0.623535 -0.623535 10.375000 17.187500 17.187500 7.000000 9.000000 16.000000 3.000000 -3.000000 3.000000 -5.000000 -62.000000 -114.000000 -31.000000 -6.000000
-0.082520 -0.541992 -0.541992 16.062500 17.687500 17.687500 7.000000 9.000000 16.000000 2.000000 -2.000000 -9.000000 -10.000000 31.000000 14.000000 16.000000 4.000000
0.041504 -0.464844 -0.464844 -7.812500 9.562500 9.562500 7.000000 9.000000 16.000000 2.000000 -2.000000 -9.000000 -10.000000 31.000000 14.000000 16.000000 4.000000
0.187012 -0.485352 -0.485352 -37.625000 1.687500 1.687500 7.000000 9.000000 16.000000 -11.000000 -7.000000 1.000000 0.000000 -36.000000 -74.000000 -15.000000 -8.000000
0.255371 -0.481934 -0.481934 -37.062500 -2.125000 -2.125000 6.000000 9.000000 15.000000 -11.000000 -7.000000 1.000000 0.000000 -36.000000 -74.000000 -15.000000 -8.000000
0.277832 -0.430664 -0.430664 -29.937500 -2.937500 -2.937500 6.000000 9.000000 15.000000 6.000000 -5.000000 5.000000 9.000000 22.000000 44.000000 -9.000000 6.000000
0.231445 -0.401855 -0.401855 -29.000000 -5.375000 -5.375000 6.000000 8.000000 15.000000 -8.000000 -16.000000 -2.000000 7.000000 -4.000000 -16.000000 -10.000000 -6.000000
0.137695 -0.413086 -0.413086 -23.062500 -15.125000 -15.125000 6.000000 8.000000 15.000000 4.000000 3.000000 -8.000000 -5.000000 -1.000000 20.000000 -4.000000 20.000000
0.094238 -0.442383 -0.442383 -21.000000 -30.187500 -30.187500 6.000000 8.000000 15.000000 -33.000000 -12.000000 -3.000000 7.000000 1.000000 -27.000000 -18.000000 -40.000000
0.072266 -0.477051 -0.477051 -15.500000 -47.000000 -47.000000 6.000000 7.000000 15.000000 11.000000 18.000000 3.000000 -8.000000 1.000000 35.000000 18.000000 2.000000
0.034180 -0.513184 -0.513184 -19.937500 -69.437500 -69.437500 6.000000 7.000000 15.000000 -6.000000 -8.000000 -21.000000 -1.000000 -12.000000 -74.000000 -1.000000 -1.000000
0.140625 -0.649902 -0.649902 -53.437500 -90.000000 -90.000000 6.000000 6.000000 14.000000 -3.000000 -7.000000 16.000000 -6.000000 -22.000000 5.000000 -3.000000 -6.000000
0.318359 -0.779297 -0.779297 -50.062500 -99.437500 -99.437500 6.000000 6.000000 14.000000 17.000000 -18.000000 -11.000000 6.000000 23.000000 18.000000 3.000000 24.000000
0.229492 -0.550781 -0.550781 10.687500 -99.500000 -99.500000 7.000000 5.000000 14.000000 -17.000000 -12.000000 -36.000000 -1.000000 -13.000000 42.000000 24.000000 -12.000000
0.163086 -0.387695 -0.387695 -28.937500 -129.812500 -129.812500 7.000000 5.000000 14.000000 -7.000000 -3.000000 48.000000 17.000000 32.000000 12.000000 -7.000000 -5.000000
0.709473 -0.750977 -0.750977 -143.125000 -142.812500 -142.812500 7.000000 4.000000 14.000000 13.000000 12.000000 -11.000000 -32.000000 -4.000000 8.000000 11.000000 27.000000
0.874023 -0.761719 -0.761719 49.875000 -94.250000 -94.250000 7.000000 3.000000 13.000000 13.000000 12.000000 -11.000000 -32.000000 -4.000000 8.000000 11.000000 27.000000
0.604980 -0.390137 -0.390137 14.625000 -107.437500 -107.437500 7.000000 3.000000 13.000000 4.000000 9.000000 19.000000 7.000000 38.000000 11.000000 1.000000 5.000000
0.758789 -0.455566 -0.455566 -97.250000 -119.812500 -119.812500 7.000000 3.000000 13.000000 4.000000 9.000000 19.000000 7.000000 38.000000 11.000000 1.000000 5.000000
0.970703 -0.712402 -0.712402 -104.437500 -106.437500 -106.437500 7.000000 2.000000 13.000000 2.000000 4.000000 -6.000000 7.000000 6.000000 -7.000000 5.000000 -6.000000
0.996582 -0.711914 -0.711914 -36.875000 -81.375000 -81.375000 7.000000 2.000000 13.000000 -9.000000 -4.000000 33.000000 -28.000000 -10.000000 8.000000 -10.000000 -9.000000
0.979004 -0.464355 -0.464355 14.437500 -58.312500 -58.312500 7.000000 2.000000 13.000000 6.000000 10.000000 -20.000000 -19.000000 -15.000000 -27.000000 2.000000 6.000000
0.983398 -0.255859 -0.255859 15.062500 -55.437500 -55.437500 7.000000 2.000000 13.000000 -1.000000 12.000000 -14.000000 -18.000000 -6.000000 19.000000 -19.000000 -2.000000
1.027344 -0.189941 -0.189941 -17.250000 -56.187500 -56.187500 8.000000 1.000000 12.000000 -6.000000 -12.000000 12.000000 118.000000 76.000000 11.000000 -1.000000 -8.000000
1.074219 -0.206055 -0.206055 -43.937500 -52.250000 -52.250000 8.000000 1.000000 12.000000 -6.000000 -12.000000 12.000000 118.000000 76.000000 11.000000 -1.000000 -8.000000
1.094727 -0.207031 -0.207031 -50.062500 -40.937500 -40.937500 8.000000 1.000000 12.000000 5.000000 -13.000000 0.000000 -18.000000 22.000000 -39.000000 -52.000000 12.000000
1.070312 -0.159668 -0.159668 -42.937500 -30.625000 -30.625000 8.000000 1.000000 12.000000 0.000000 6.000000 -39.000000 -18.000000 5.000000 56.000000 -31.000000 -7.000000
1.062988 -0.106445 -0.106445 -38.125000 -22.750000 -22.750000 8.000000 1.000000 12.000000 -2.000000 2.000000 23.000000 -19.000000 -14.000000 -35.000000 21.000000 -1.000000
1.051270 -0.078613 -0.078613 -29.375000 -16.812500 -16.812500 8.000000 1.000000 11.000000 2.000000 7.000000 -39.000000 -72.000000 -42.000000 23.000000 -76.000000 6.000000
1.020020 -0.041504 -0.041504 -15.250000 -13.312500 -13.312500 8.000000 1.000000 11.000000 -3.000000 26.000000 99.000000 3.000000 18.000000 26.000000 62.000000 20.000000
1.032227 -0.001953 -0.001953 -6.625000 -13.062500 -13.062500 8.000000 1.000000 11.000000 -3.000000 26.000000 99.000000 3.000000 18.000000 26.000000 62.000000 20.000000
1.042480 0.016113 0.016113 -9.875000 -10.437500 -10.437500 8.000000 1.000000 11.000000 4.000000 9.000000 8.000000 8.000000 3.000000 12.000000 44.000000 13.000000
1.011230 -0.006836 -0.006836 -17.250000 -8.250000 -8.250000 8.000000 1.000000 11.000000 4.000000 9.000000 8.000000 8.000000 3.000000 12.000000 44.000000 13.000000
0.971680 -0.048828 -0.048828 -15.562500 -6.000000 -6.000000 8.000000 1.000000 11.000000 22.000000 8.000000 -15.000000 -61.000000 -3.000000 46.000000 21.000000 0.000000
0.946289 -0.075195 -0.075195 -8.312500 -4.125000 -4.125000 8.000000 1.000000 11.000000 22.000000 8.000000 -15.000000 -61.000000 -3.000000 46.000000 21.000000 0.000000
0.930664 -0.071289 -0.071289 -0.562500 -3.875000 -3.875000 8.000000 1.000000 11.000000 -6.000000 -5.000000 21.000000 8.000000 6.000000 -13.000000 -6.000000 -15.000000
0.960449 -0.048828 -0.048828 5.937500 -3.062500 -3.062500 8.000000 1.000000 11.000000 1.000000 -12.000000 22.000000 6.000000 -5.000000 3.000000 30.000000 0.000000
0.957031 -0.028320 -0.028320 8.250000 -2.125000 -2.125000 8.000000 1.000000 11.000000 -5.000000 -13.000000 -33.000000 20.000000 -25.000000 -73.000000 -7.000000 -16.000000
0.957031 -0.051270 -0.051270 9.125000 -1.562500 -1.562500 8.000000 1.000000 11.000000 -5.000000 -13.000000 -33.000000 20.000000 -25.000000 -73.000000 -7.000000 -16.000000
0.973145 -0.084961 -0.084961 11.812500 -3.875000 -3.875000 8.000000 1.000000 11.000000 -2.000000 -12.000000 -23.000000 -22.000000 14.000000 60.000000 4.000000 1.000000
0.973633 -0.067383 -0.067383 18.187500 -5.812500 -5.812500 8.000000 1.000000 11.000000 -2.000000 -12.000000 -23.000000 -22.000000 14.000000 60.000000 4.000000 1.000000
0.973633 -0.025879 -0.025879 16.687500 -7.000000 -7.000000 8.000000 1.000000 11.000000 -2.000000 1.000000 -64.000000 -45.000000 -6.000000 3.000000 24.000000 7.000000
0.979980 -0.039551 -0.039551 7.437500 -7.562500 -7.562500 8.000000 1.000000 11.000000 -12.000000 -12.000000 41.000000 -25.000000 -30.000000 -85.000000 -32.000000 -5.000000
0.993164 -0.053711 -0.053711 2.000000 -6.625000 -6.625000 8.000000 1.000000 11.000000 1.000000 3.000000 -1.000000 69.000000 35.000000 0.000000 -7.000000 5.000000
0.985352 -0.039551 -0.039551 1.375000 -5.812500 -5.812500 8.000000 1.000000 11.000000 -12.000000 -29.000000 -9.000000 5.000000 -11.000000 -37.000000 30.000000 -7.000000
0.990234 -0.025391 -0.025391 -1.375000 -5.250000 -5.250000 8.000000 1.000000 11.000000 10.000000 -15.000000 6.000000 -2.000000 -22.000000 -29.000000 66.000000 10.000000
0.991211 -0.043945 -0.043945 -6.812500 -4.562500 -4.562500 8.000000 1.000000 11.000000 -35.000000 -2.000000 -3.000000 -5.000000 4.000000 -6.000000 20.000000 -36.000000
0.986328 -0.073730 -0.073730 -8.562500 -3.437500 -3.437500 8.000000 1.000000 11.000000 -8.000000 -9.000000 -10.000000 -35.000000 -18.000000 -59.000000 -81.000000 -11.000000
0.971680 -0.092285 -0.092285 -8.125000 -2.562500 -2.562500 8.000000 1.000000 12.000000 12.000000 20.000000 40.000000 24.000000 23.000000 50.000000 -31.000000 2.000000
0.972168 -0.107422 -0.107422 -7.250000 -1.437500 -1.437500 8.000000 1.000000 12.000000 7.000000 5.000000 -19.000000 19.000000 8.000000 22.000000 -8.000000 5.000000
0.963867 -0.117676 -0.117676 -5.687500 -0.312500 -0.312500 8.000000 1.000000 12.000000 7.000000 5.000000 -19.000000 19.000000 8.000000 22.000000 -8.000000 5.000000
0.959473 -0.109863 -0.109863 -4.562500 0.625000 0.625000 8.000000 1.000000 12.000000 -6.000000 -25.000000 22.000000 -21.000000 -3.000000 -24.000000 -11.000000 8.000000
0.946777 -0.101562 -0.101562 -5.875000 0.687500 0.687500 8.000000 1.000000 12.000000 -6.000000 6.000000 -14.000000 19.000000 11.000000 -15.000000 -20.000000 -4.000000
0.940918 -0.114746 -0.114746 -8.500000 -0.125000 -0.125000 8.000000 1.000000 12.000000 -3.000000 -2.000000 29.000000 -9.000000 4.000000 -17.000000 -50.000000 -13.000000
0.948730 -0.118652 -0.118652 -7.187500 -0.750000 -0.750000 8.000000 1.000000 12.000000 1.000000 -2.000000 -29.000000 -15.000000 -9.000000 -14.000000 11.000000 9.000000
0.956543 -0.109863 -0.109863 -4.250000 -0.625000 -0.625000 8.000000 1.000000 12.000000 -9.000000 -18.000000 -34.000000 -3.000000 -9.000000 -19.000000 -62.000000 -16.000000
