0.943359 -0.112793 -0.112793 1.437500 -1.000000 -1.000000 7.000000 1.000000 0.000000 -1.000000 -3.000000 -2.000000 0.000000 0.000000 -2.000000 -2.000000 -1.000000
0.945312 -0.114258 -0.114258 3.812500 -0.562500 -0.562500 7.000000 1.000000 0.000000 -2.000000 -2.000000 -2.000000 0.000000 0.000000 -1.000000 -4.000000 -1.000000
0.955078 -0.101074 -0.101074 4.250000 -0.437500 -0.437500 8.000000 1.000000 0.000000 -2.000000 -1.000000 -3.000000 0.000000 1.000000 0.000000 -1.000000 -2.000000
0.960938 -0.101074 -0.101074 3.687500 -0.250000 -0.250000 8.000000 1.000000 0.000000 -1.000000 2.000000 0.000000 -1.000000 1.000000 -4.000000 -2.000000 -2.000000
0.947754 -0.092773 -0.092773 3.062500 -0.250000 -0.250000 8.000000 1.000000 0.000000 -2.000000 -1.000000 -1.000000 -1.000000 0.000000 0.000000 1.000000 -2.000000
0.944336 -0.106934 -0.106934 3.062500 -0.562500 -0.562500 8.000000 1.000000 0.000000 -1.000000 -1.000000 -2.000000 0.000000 0.000000 -1.000000 0.000000 -2.000000
0.933105 -0.105957 -0.105957 3.437500 -1.062500 -1.062500 8.000000 1.000000 0.000000 -2.000000 -1.000000 -3.000000 0.000000 1.000000 -2.000000 -2.000000 -3.000000
0.935059 -0.105957 -0.105957 2.437500 -1.312500 -1.312500 8.000000 1.000000 0.000000 -2.000000 -1.000000 0.000000 0.000000 0.000000 1.000000 -1.000000 0.000000
0.937500 -0.110840 -0.110840 0.437500 -2.062500 -2.062500 8.000000 1.000000 0.000000 -2.000000 0.000000 -1.000000 -3.000000 0.000000 0.000000 4.000000 -1.000000
0.945801 -0.113770 -0.113770 -0.375000 -2.250000 -2.250000 8.000000 1.000000 0.000000 -2.000000 0.000000 -1.000000 -3.000000 0.000000 0.000000 4.000000 -1.000000
0.939941 -0.117188 -0.117188 0.250000 -2.062500 -2.062500 8.000000 1.000000 0.000000 -2.000000 -4.000000 -3.000000 0.000000 0.000000 -3.000000 2.000000 -3.000000
0.942871 -0.112305 -0.112305 0.750000 -1.875000 -1.875000 8.000000 1.000000 0.000000 -2.000000 -4.000000 -3.000000 0.000000 0.000000 -3.000000 2.000000 -3.000000
0.946777 -0.111816 -0.111816 0.375000 -1.687500 -1.687500 8.000000 1.000000 0.000000 -1.000000 -3.000000 0.000000 0.000000 0.000000 0.000000 3.000000 0.000000
0.954102 -0.112793 -0.112793 -0.500000 -1.437500 -1.437500 8.000000 1.000000 0.000000 -1.000000 -3.000000 -1.000000 -2.000000 -1.000000 -7.000000 -7.000000 -2.000000
0.958496 -0.109863 -0.109863 -0.062500 -0.937500 -0.937500 8.000000 1.000000 0.000000 0.000000 0.000000 -1.000000 0.000000 1.000000 5.000000 5.000000 -1.000000
0.957031 -0.104980 -0.104980 0.562500 -0.687500 -0.687500 8.000000 1.000000 0.000000 -2.000000 -2.000000 -1.000000 0.000000 -1.000000 1.000000 -2.000000 0.000000
0.953125 -0.101074 -0.101074 -0.187500 -0.687500 -0.687500 8.000000 1.000000 0.000000 -1.000000 -3.000000 -1.000000 0.000000 0.000000 -3.000000 -1.000000 -3.000000
0.969238 -0.085449 -0.085449 -2.000000 -0.250000 -0.250000 8.000000 1.000000 0.000000 -1.000000 -1.000000 -1.000000 1.000000 0.000000 -3.000000 -2.000000 -2.000000
0.997070 -0.017578 -0.017578 -9.437500 5.000000 5.000000 8.000000 1.000000 0.000000 -2.000000 -4.000000 0.000000 -1.000000 -2.000000 -4.000000 -1.000000 -2.000000
1.015625 0.013184 0.013184 -34.250000 10.187500 10.187500 8.000000 1.000000 0.000000 0.000000 0.000000 -2.000000 -2.000000 -1.000000 -3.000000 -5.000000 -1.000000
1.020996 -0.030273 -0.030273 -61.625000 18.625000 18.625000 7.000000 1.000000 0.000000 -2.000000 -2.000000 -2.000000 -1.000000 1.000000 2.000000 3.000000 -1.000000
1.061035 -0.099121 -0.099121 -71.562500 31.375000 31.375000 7.000000 1.000000 0.000000 -1.000000 -2.000000 -1.000000 -2.000000 1.000000 0.000000 0.000000 -2.000000
1.097168 -0.049316 -0.049316 -86.937500 53.750000 53.750000 7.000000 1.000000 0.000000 -3.000000 -1.000000 2.000000 -1.000000 0.000000 -3.000000 -2.000000 -2.000000
1.116699 -0.034180 -0.034180 -132.125000 76.312500 76.312500 7.000000 2.000000 0.000000 -2.000000 -3.000000 -1.000000 0.000000 0.000000 0.000000 0.000000 -2.000000
1.097656 -0.174316 -0.174316 -172.062500 92.625000 92.625000 7.000000 2.000000 0.000000 -2.000000 -2.000000 -1.000000 -1.000000 1.000000 -3.000000 -3.000000 -1.000000
1.132324 -0.419434 -0.419434 -177.875000 103.187500 103.187500 7.000000 2.000000 0.000000 -1.000000 -2.000000 -2.000000 0.000000 0.000000 -3.000000 0.000000 -2.000000
1.252930 -0.656250 -0.656250 -140.000000 124.625000 124.625000 7.000000 2.000000 0.000000 -1.000000 -2.000000 0.000000 0.000000 1.000000 1.000000 0.000000 -1.000000
1.327637 -0.747559 -0.747559 -70.812500 153.187500 153.187500 6.000000 3.000000 0.000000 -1.000000 -2.000000 0.000000 0.000000 1.000000 1.000000 0.000000 -1.000000
1.260254 -0.634766 -0.634766 -32.375000 175.312500 175.312500 6.000000 3.000000 0.000000 -1.000000 -2.000000 -1.000000 -1.000000 1.000000 -1.000000 -1.000000 0.000000
1.051270 -0.648438 -0.648438 -42.250000 187.312500 187.312500 6.000000 4.000000 0.000000 -3.000000 -1.000000 -1.000000 -1.000000 2.000000 -1.000000 -1.000000 0.000000
0.809570 -0.827148 -0.827148 -48.000000 191.375000 191.375000 6.000000 5.000000 1.000000 -1.000000 -2.000000 -1.000000 0.000000 0.000000 -1.000000 -3.000000 0.000000
0.449707 -0.952148 -0.952148 -6.187500 181.750000 181.750000 6.000000 6.000000 1.000000 -2.000000 -2.000000 -2.000000 5.000000 0.000000 -1.000000 0.000000 0.000000
0.251953 -0.818848 -0.818848 45.250000 176.937500 176.937500 6.000000 7.000000 1.000000 -1.000000 -1.000000 2.000000 11.000000 1.000000 -2.000000 -2.000000 -2.000000
0.030762 -0.603516 -0.603516 58.750000 165.750000 165.750000 6.000000 7.000000 1.000000 -1.000000 -1.000000 2.000000 11.000000 1.000000 -2.000000 -2.000000 -2.000000
-0.079590 -0.527344 -0.527344 24.062500 148.750000 148.750000 6.000000 8.000000 1.000000 1.000000 -1.000000 -2.000000 -20.000000 -1.000000 -1.000000 0.000000 -1.000000
-0.088379 -0.515625 -0.515625 10.562500 127.812500 127.812500 6.000000 9.000000 1.000000 1.000000 -1.000000 -2.000000 -20.000000 -1.000000 -1.000000 0.000000 -1.000000
-0.197266 -0.369141 -0.369141 17.812500 106.187500 106.187500 6.000000 9.000000 1.000000 -2.000000 -1.000000 2.000000 2.000000 -1.000000 -2.000000 -2.000000 -1.000000
-0.186035 -0.456055 -0.456055 0.187500 94.687500 94.687500 6.000000 10.000000 1.000000 -2.000000 -1.000000 2.000000 2.000000 -1.000000 -2.000000 -2.000000 -1.000000
-0.182129 -0.526855 -0.526855 113.750000 103.687500 103.687500 6.000000 11.000000 2.000000 1.000000 3.000000 4.000000 5.000000 9.000000 0.000000 0.000000 -1.000000
-0.325684 -0.351562 -0.351562 125.625000 99.937500 99.937500 7.000000 11.000000 2.000000 -3.000000 -7.000000 0.000000 2.000000 1.000000 -1.000000 -2.000000 -1.000000
-0.385254 -0.310547 -0.310547 94.437500 91.750000 91.750000 7.000000 12.000000 2.000000 -1.000000 -4.000000 -9.000000 -9.000000 -4.000000 -3.000000 -2.000000 -2.000000
-0.473145 -0.220703 -0.220703 69.250000 71.000000 71.000000 7.000000 12.000000 2.000000 -1.000000 -4.000000 -9.000000 -9.000000 -4.000000 -3.000000 -2.000000 -2.000000
-0.577148 -0.172363 -0.172363 33.687500 44.687500 44.687500 7.000000 12.000000 2.000000 -1.000000 2.000000 -14.000000 -7.000000 8.000000 1.000000 0.000000 0.000000
-0.546387 -0.193848 -0.193848 9.250000 19.375000 19.375000 7.000000 12.000000 2.000000 -1.000000 2.000000 -14.000000 -7.000000 8.000000 1.000000 0.000000 0.000000
-0.526367 -0.299316 -0.299316 -16.625000 -0.875000 -0.875000 7.000000 12.000000 2.000000 -2.000000 -4.000000 6.000000 -7.000000 -7.000000 -2.000000 -1.000000 -1.000000
-0.494629 -0.314453 -0.314453 -9.000000 -7.250000 -7.250000 7.000000 12.000000 2.000000 -1.000000 2.000000 14.000000 -5.000000 -9.000000 -3.000000 0.000000 0.000000
-0.578613 -0.280273 -0.280273 -5.625000 -9.687500 -9.687500 7.000000 12.000000 2.000000 -2.000000 -5.000000 -25.000000 -3.000000 5.000000 2.000000 0.000000 0.000000
-0.559082 -0.291992 -0.291992 -15.125000 -12.437500 -12.437500 7.000000 12.000000 2.000000 -3.000000 -5.000000 -19.000000 8.000000 5.000000 -1.000000 1.000000 -1.000000
-0.623535 -0.327148 -0.327148 -16.250000 -12.062500 -12.062500 7.000000 12.000000 2.000000 -1.000000 -2.000000 -9.000000 -7.000000 0.000000 -4.000000 -2.000000 -2.000000
-0.622070 -0.382324 -0.382324 -11.250000 -10.125000 -10.125000 7.000000 12.000000 2.000000 -1.000000 -2.000000 -3.000000 3.000000 -1.000000 -3.000000 -2.000000 -2.000000
-0.640137 -0.362305 -0.362305 -7.937500 -7.812500 -7.812500 7.000000 12.000000 2.000000 -1.000000 -1.000000 0.000000 -2.000000 0.000000 0.000000 -1.000000 -1.000000
-0.690918 -0.338867 -0.338867 2.812500 -10.625000 -10.625000 7.000000 12.000000 2.000000 -1.000000 0.000000 -2.000000 -2.000000 0.000000 -3.000000 -1.000000 -2.000000
-0.667480 -0.227539 -0.227539 11.812500 -7.625000 -7.625000 7.000000 12.000000 2.000000 0.000000 -1.000000 -1.000000 -1.000000 0.000000 -2.000000 -1.000000 -3.000000
-0.592773 -0.291016 -0.291016 36.062500 6.250000 6.250000 7.000000 12.000000 2.000000 0.000000 -1.000000 -1.000000 -1.000000 0.000000 -2.000000 -1.000000 -3.000000
-0.534668 -0.238770 -0.238770 52.000000 21.375000 21.375000 7.000000 12.000000 2.000000 -1.000000 -2.000000 0.000000 2.000000 4.000000 1.000000 -1.000000 -1.000000
-0.763672 -0.088379 -0.088379 58.062500 41.437500 41.437500 7.000000 12.000000 2.000000 -1.000000 -2.000000 0.000000 2.000000 4.000000 1.000000 -1.000000 -1.000000
-0.747559 -0.262695 -0.262695 32.562500 33.687500 33.687500 7.000000 13.000000 2.000000 -1.000000 0.000000 -4.000000 1.000000 8.000000 1.000000 -1.000000 -1.000000
-0.706543 -0.511230 -0.511230 18.625000 23.375000 23.375000 7.000000 13.000000 2.000000 -1.000000 0.000000 -4.000000 1.000000 8.000000 1.000000 -1.000000 -1.000000
-0.750000 -0.586914 -0.586914 9.687500 16.562500 16.562500 7.000000 13.000000 2.000000 -1.000000 -1.000000 -2.000000 -4.000000 -16.000000 -4.000000 0.000000 1.000000
-0.817871 -0.306152 -0.306152 -13.687500 -31.562500 -31.562500 7.000000 13.000000 2.000000 -1.000000 -1.000000 -2.000000 -4.000000 -16.000000 -4.000000 0.000000 1.000000
-0.726562 -0.260742 -0.260742 -35.500000 -50.250000 -50.250000 7.000000 13.000000 2.000000 -3.000000 1.000000 -1.000000 3.000000 44.000000 59.000000 6.000000 0.000000
-0.568848 -0.246582 -0.246582 -21.875000 -27.562500 -27.562500 7.000000 13.000000 2.000000 -3.000000 1.000000 -1.000000 3.000000 44.000000 59.000000 6.000000 0.000000
-0.607422 -0.228516 -0.228516 6.562500 -7.750000 -7.750000 7.000000 13.000000 2.000000 0.000000 -3.000000 3.000000 -5.000000 -34.000000 -8.000000 -5.000000 -1.000000
-0.588379 -0.077148 -0.077148 19.500000 13.625000 13.625000 7.000000 13.000000 2.000000 0.000000 -3.000000 3.000000 -5.000000 -34.000000 -8.000000 -5.000000 -1.000000
-0.628906 -0.142090 -0.142090 17.000000 26.437500 26.437500 7.000000 13.000000 2.000000 -5.000000 -7.000000 -4.000000 -3.000000 0.000000 43.000000 8.000000 -3.000000
-0.706543 -0.137695 -0.137695 24.375000 31.437500 31.437500 7.000000 13.000000 2.000000 -5.000000 -7.000000 -4.000000 -3.000000 0.000000 43.000000 8.000000 -3.000000
-0.660645 -0.273926 -0.273926 17.375000 30.375000 30.375000 7.000000 13.000000 2.000000 -3.000000 -4.000000 -5.000000 1.000000 49.000000 103.000000 20.000000 0.000000
-0.652344 -0.486328 -0.486328 6.125000 27.187500 27.187500 7.000000 13.000000 2.000000 3.000000 1.000000 -3.000000 -2.000000 2.000000 -30.000000 8.000000 5.000000
-0.734863 -0.561035 -0.561035 5.625000 20.187500 20.187500 7.000000 13.000000 2.000000 -3.000000 -7.000000 0.000000 4.000000 9.000000 -60.000000 -6.000000 -2.000000
-0.877930 -0.480957 -0.480957 11.812500 6.000000 6.000000 7.000000 13.000000 2.000000 -3.000000 -7.000000 0.000000 4.000000 9.000000 -60.000000 -6.000000 -2.000000
-0.816895 -0.245117 -0.245117 5.687500 -8.937500 -8.937500 7.000000 13.000000 2.000000 0.000000 10.000000 -3.000000 -13.000000 -32.000000 -30.000000 -1.000000 1.000000
-0.717773 -0.257324 -0.257324 -18.500000 -19.437500 -19.437500 7.000000 13.000000 2.000000 2.000000 -1.000000 -11.000000 -13.000000 2.000000 34.000000 -31.000000 -4.000000
-0.662109 -0.213867 -0.213867 -6.937500 -15.812500 -15.812500 7.000000 13.000000 2.000000 2.000000 1.000000 -2.000000 -1.000000 5.000000 -73.000000 -13.000000 -4.000000
-0.697754 -0.202148 -0.202148 0.125000 -12.000000 -12.000000 7.000000 13.000000 2.000000 2.000000 1.000000 -2.000000 -1.000000 5.000000 -73.000000 -13.000000 -4.000000
-0.659180 -0.188965 -0.188965 -5.937500 -8.375000 -8.375000 7.000000 13.000000 2.000000 -3.000000 2.000000 -1.000000 -3.000000 -12.000000 71.000000 3.000000 -4.000000
-0.674805 -0.272949 -0.272949 -8.125000 -1.937500 -1.937500 7.000000 13.000000 2.000000 -4.000000 -5.000000 -4.000000 -4.000000 37.000000 12.000000 -5.000000 1.000000
-0.668457 -0.238770 -0.238770 6.937500 6.000000 6.000000 7.000000 13.000000 2.000000 -5.000000 -4.000000 -6.000000 -8.000000 -36.000000 -77.000000 -24.000000 -4.000000
-0.696777 -0.272461 -0.272461 3.000000 6.125000 6.125000 7.000000 13.000000 2.000000 -9.000000 -7.000000 6.000000 -25.000000 -11.000000 -18.000000 -4.000000 -3.000000
-0.666992 -0.341309 -0.341309 1.687500 0.000000 0.000000 7.000000 13.000000 2.000000 -2.000000 2.000000 -1.000000 42.000000 32.000000 20.000000 7.000000 0.000000
-0.618164 -0.298340 -0.298340 4.750000 -5.187500 -5.187500 7.000000 13.000000 2.000000 0.000000 -8.000000 12.000000 12.000000 -5.000000 60.000000 3.000000 0.000000
-0.568848 -0.235840 -0.235840 0.312500 -8.125000 -8.125000 7.000000 13.000000 2.000000 8.000000 4.000000 -15.000000 -12.000000 6.000000 -31.000000 1.000000 4.000000
-0.541504 -0.149414 -0.149414 2.562500 -7.437500 -7.437500 7.000000 13.000000 2.000000 3.000000 4.000000 3.000000 12.000000 -43.000000 -51.000000 -11.000000 -2.000000
-0.536621 -0.100098 -0.100098 3.250000 -18.562500 -18.562500 7.000000 13.000000 2.000000 -1.000000 8.000000 7.000000 6.000000 64.000000 67.000000 -4.000000 -5.000000
-0.493652 -0.288574 -0.288574 -25.437500 -42.875000 -42.875000 7.000000 12.000000 2.000000 -1.000000 8.000000 7.000000 6.000000 64.000000 67.000000 -4.000000 -5.000000
-0.429199 -0.346680 -0.346680 -30.375000 -64.312500 -64.312500 7.000000 12.000000 2.000000 -1.000000 -2.000000 -11.000000 -14.000000 13.000000 -15.000000 28.000000 1.000000
-0.424316 -0.306641 -0.306641 -30.437500 -85.750000 -85.750000 7.000000 12.000000 2.000000 -1.000000 -2.000000 -11.000000 -14.000000 13.000000 -15.000000 28.000000 1.000000
-0.407715 -0.262695 -0.262695 -49.937500 -106.937500 -106.937500 7.000000 12.000000 2.000000 -17.000000 1.000000 5.000000 19.000000 -10.000000 -4.000000 -6.000000 -32.000000
-0.353516 -0.295410 -0.295410 -69.250000 -126.500000 -126.500000 7.000000 11.000000 2.000000 -17.000000 1.000000 5.000000 19.000000 -10.000000 -4.000000 -6.000000 -32.000000
-0.322266 -0.391602 -0.391602 -63.000000 -138.687500 -138.687500 7.000000 11.000000 1.000000 -11.000000 11.000000 1.000000 1.000000 6.000000 37.000000 3.000000 -6.000000
-0.276367 -0.520020 -0.520020 -48.937500 -143.750000 -143.750000 7.000000 10.000000 1.000000 -11.000000 11.000000 1.000000 1.000000 6.000000 37.000000 3.000000 -6.000000
-0.195312 -0.615723 -0.615723 -22.125000 -146.062500 -146.062500 7.000000 10.000000 1.000000 7.000000 13.000000 13.000000 1.000000 -1.000000 6.000000 5.000000 9.000000
-0.236328 -0.547852 -0.547852 10.437500 -149.375000 -149.375000 7.000000 9.000000 1.000000 -17.000000 -8.000000 3.000000 18.000000 7.000000 20.000000 2.000000 -11.000000
-0.248535 -0.454590 -0.454590 3.437500 -156.187500 -156.187500 7.000000 9.000000 1.000000 -1.000000 -12.000000 -4.000000 -16.000000 -25.000000 -47.000000 -6.000000 5.000000
-0.102539 -0.605469 -0.605469 -24.750000 -159.750000 -159.750000 7.000000 8.000000 1.000000 -1.000000 -12.000000 -4.000000 -16.000000 -25.000000 -47.000000 -6.000000 5.000000
0.055664 -0.699219 -0.699219 -14.875000 -160.625000 -160.625000 7.000000 8.000000 1.000000 5.000000 -5.000000 -4.000000 -5.000000 3.000000 27.000000 -4.000000 10.000000
0.122559 -0.602051 -0.602051 3.937500 -169.937500 -169.937500 7.000000 7.000000 1.000000 5.000000 -5.000000 -4.000000 -5.000000 3.000000 27.000000 -4.000000 10.000000
0.181152 -0.548828 -0.548828 -31.812500 -183.750000 -183.750000 7.000000 7.000000 1.000000 -8.000000 -5.000000 -4.000000 -7.000000 1.000000 8.000000 -16.000000 -13.000000
0.481934 -0.861328 -0.861328 -73.562500 -182.687500 -182.687500 6.000000 6.000000 1.000000 -1.000000 -9.000000 8.000000 -21.000000 10.000000 9.000000 2.000000 -3.000000
0.830566 -1.165039 -1.165039 -13.062500 -154.000000 -154.000000 6.000000 6.000000 1.000000 -1.000000 -3.000000 -2.000000 25.000000 10.000000 19.000000 3.000000 -1.000000
0.693359 -0.895996 -0.895996 83.312500 -126.562500 -126.562500 6.000000 5.000000 1.000000 -1.000000 -18.000000 11.000000 20.000000 16.000000 1.000000 7.000000 1.000000
0.431641 -0.470703 -0.470703 76.062500 -110.687500 -110.687500 7.000000 5.000000 1.000000 -8.000000 -1.000000 -17.000000 17.000000 4.000000 -18.000000 -21.000000 -8.000000
0.487793 -0.469727 -0.469727 -15.812500 -109.937500 -109.937500 7.000000 5.000000 1.000000 6.000000 1.000000 -15.000000 -36.000000 0.000000 4.000000 5.000000 15.000000
0.643066 -0.598633 -0.598633 -45.375000 -101.875000 -101.875000 7.000000 5.000000 1.000000 -9.000000 5.000000 -9.000000 -32.000000 -34.000000 1.000000 4.000000 -6.000000
0.660645 -0.621094 -0.621094 -19.000000 -92.500000 -92.500000 7.000000 4.000000 1.000000 -9.000000 5.000000 -9.000000 -32.000000 -34.000000 1.000000 4.000000 -6.000000
0.591797 -0.583984 -0.583984 -3.687500 -86.812500 -86.812500 7.000000 4.000000 1.000000 -6.000000 -6.000000 23.000000 80.000000 2.000000 0.000000 5.000000 -3.000000
0.665527 -0.599121 -0.599121 -2.937500 -83.812500 -83.812500 7.000000 4.000000 1.000000 -1.000000 -16.000000 1.000000 -32.000000 -5.000000 6.000000 6.000000 -2.000000
0.751953 -0.591309 -0.591309 24.187500 -74.250000 -74.250000 7.000000 4.000000 1.000000 0.000000 2.000000 -5.000000 -13.000000 -32.000000 -14.000000 -6.000000 -4.000000
0.805664 -0.453125 -0.453125 38.500000 -72.687500 -72.687500 7.000000 3.000000 1.000000 13.000000 12.000000 5.000000 -3.000000 3.000000 5.000000 -6.000000 13.000000
0.803223 -0.360352 -0.360352 24.625000 -77.437500 -77.437500 7.000000 3.000000 1.000000 -1.000000 5.000000 -25.000000 -27.000000 -23.000000 -13.000000 -6.000000 0.000000
0.820801 -0.383301 -0.383301 5.250000 -80.375000 -80.375000 7.000000 3.000000 1.000000 -1.000000 5.000000 -25.000000 -27.000000 -23.000000 -13.000000 -6.000000 0.000000
0.959473 -0.436035 -0.436035 10.562500 -70.812500 -70.812500 7.000000 3.000000 1.000000 -2.000000 -10.000000 69.000000 97.000000 55.000000 30.000000 7.000000 -9.000000
0.999023 -0.384766 -0.384766 42.062500 -56.437500 -56.437500 7.000000 3.000000 1.000000 -2.000000 -10.000000 69.000000 97.000000 55.000000 30.000000 7.000000 -9.000000
0.957031 -0.193359 -0.193359 52.375000 -55.687500 -55.687500 7.000000 2.000000 1.000000 4.000000 42.000000 -26.000000 -64.000000 1.000000 -17.000000 -8.000000 2.000000
0.947266 -0.125000 -0.125000 22.062500 -59.750000 -59.750000 7.000000 2.000000 1.000000 4.000000 42.000000 -26.000000 -64.000000 1.000000 -17.000000 -8.000000 2.000000
0.987793 -0.180176 -0.180176 -11.250000 -58.562500 -58.562500 7.000000 2.000000 1.000000 -3.000000 -2.000000 -2.000000 52.000000 -5.000000 -7.000000 -6.000000 -1.000000
0.990234 -0.278320 -0.278320 -15.187500 -50.562500 -50.562500 7.000000 2.000000 1.000000 0.000000 -15.000000 28.000000 86.000000 11.000000 2.000000 -2.000000 -3.000000
0.967773 -0.257812 -0.257812 1.687500 -38.562500 -38.562500 7.000000 2.000000 1.000000 2.000000 14.000000 6.000000 -25.000000 -10.000000 -2.000000 -3.000000 0.000000
0.968262 -0.144531 -0.144531 6.187500 -33.250000 -33.250000 7.000000 2.000000 0.000000 -10.000000 -3.000000 -11.000000 -22.000000 16.000000 -2.000000 5.000000 -3.000000
0.997559 -0.100098 -0.100098 -9.000000 -30.625000 -30.625000 7.000000 2.000000 0.000000 -1.000000 9.000000 -13.000000 -1.000000 -6.000000 -7.000000 1.000000 1.000000
1.012695 -0.143555 -0.143555 -17.437500 -24.125000 -24.125000 7.000000 2.000000 0.000000 -1.000000 9.000000 -13.000000 -1.000000 -6.000000 -7.000000 1.000000 1.000000
1.001465 -0.176270 -0.176270 -8.625000 -19.312500 -19.312500 7.000000 2.000000 0.000000 -8.000000 -26.000000 1.000000 9.000000 23.000000 18.000000 9.000000 -3.000000
0.996094 -0.155762 -0.155762 7.625000 -14.375000 -14.375000 7.000000 2.000000 0.000000 3.000000 -3.000000 0.000000 20.000000 -30.000000 -30.000000 -15.000000 -4.000000
0.984375 -0.116699 -0.116699 14.312500 -11.000000 -11.000000 7.000000 2.000000 0.000000 5.000000 2.000000 20.000000 -20.000000 -17.000000 -19.000000 -12.000000 -6.000000
0.967285 -0.102539 -0.102539 11.125000 -8.375000 -8.375000 7.000000 2.000000 0.000000 -5.000000 3.000000 -10.000000 -13.000000 10.000000 22.000000 2.000000 1.000000
0.963867 -0.120605 -0.120605 6.187500 -5.625000 -5.625000 7.000000 2.000000 0.000000 -12.000000 -21.000000 -8.000000 -25.000000 -45.000000 -20.000000 -10.000000 -4.000000
0.960938 -0.151367 -0.151367 5.562500 -3.562500 -3.562500 7.000000 1.000000 0.000000 -12.000000 -21.000000 -8.000000 -25.000000 -45.000000 -20.000000 -10.000000 -4.000000
0.950195 -0.183594 -0.183594 9.937500 -1.875000 -1.875000 7.000000 1.000000 0.000000 6.000000 25.000000 -11.000000 -59.000000 4.000000 -10.000000 -11.000000 2.000000
0.938477 -0.177246 -0.177246 15.937500 -0.750000 -0.750000 7.000000 1.000000 0.000000 -8.000000 -28.000000 24.000000 107.000000 2.000000 20.000000 18.000000 0.000000
0.930176 -0.167480 -0.167480 20.437500 -0.375000 -0.375000 7.000000 1.000000 0.000000 5.000000 -3.000000 -8.000000 -57.000000 -12.000000 -8.000000 -7.000000 6.000000
0.920898 -0.162109 -0.162109 20.812500 -0.687500 -0.687500 7.000000 1.000000 0.000000 6.000000 -7.000000 23.000000 37.000000 -39.000000 -49.000000 -30.000000 -6.000000
0.918945 -0.158203 -0.158203 18.375000 -1.375000 -1.375000 7.000000 1.000000 0.000000 -22.000000 -20.000000 4.000000 43.000000 30.000000 35.000000 25.000000 -7.000000
0.920410 -0.145508 -0.145508 14.250000 -2.437500 -2.437500 7.000000 1.000000 0.000000 -1.000000 -10.000000 -31.000000 3.000000 -2.000000 -19.000000 -10.000000 -7.000000
0.939941 -0.125000 -0.125000 8.125000 -2.937500 -2.937500 8.000000 1.000000 0.000000 14.000000 25.000000 -8.000000 -25.000000 -8.000000 -52.000000 -24.000000 3.000000
0.956055 -0.130371 -0.130371 3.062500 -2.812500 -2.812500 8.000000 1.000000 0.000000 -15.000000 -19.000000 39.000000 42.000000 42.000000 44.000000 22.000000 -5.000000
0.954590 -0.154785 -0.154785 2.687500 -2.437500 -2.437500 8.000000 1.000000 0.000000 -2.000000 9.000000 -23.000000 0.000000 1.000000 -10.000000 0.000000 -6.000000
0.941895 -0.163086 -0.163086 7.062500 -1.250000 -1.250000 8.000000 1.000000 0.000000 4.000000 23.000000 -27.000000 -115.000000 -83.000000 -72.000000 -24.000000 -6.000000
0.929199 -0.164062 -0.164062 9.187500 -0.625000 -0.625000 8.000000 1.000000 0.000000 -6.000000 -29.000000 22.000000 123.000000 23.000000 49.000000 12.000000 0.000000
0.918945 -0.169434 -0.169434 9.187500 -0.875000 -0.875000 8.000000 1.000000 0.000000 -4.000000 -5.000000 -3.000000 -73.000000 43.000000 -18.000000 -17.000000 -4.000000
0.917969 -0.173828 -0.173828 10.000000 -1.687500 -1.687500 8.000000 1.000000 0.000000 7.000000 1.000000 -1.000000 5.000000 8.000000 15.000000 23.000000 5.000000
0.913574 -0.161133 -0.161133 9.937500 -2.375000 -2.375000 8.000000 1.000000 0.000000 -4.000000 -45.000000 11.000000 5.000000 8.000000 -6.000000 -1.000000 -1.000000
