0.954590 -0.121582 -0.121582 -0.937500 -4.000000 -4.000000 7.000000 1.000000 0.000000 -1.000000 0.000000 -1.000000 0.000000 -1.000000 0.000000 -1.000000 -2.000000
0.948730 -0.129395 -0.129395 0.000000 -4.562500 -4.562500 7.000000 1.000000 0.000000 0.000000 0.000000 -1.000000 0.000000 -2.000000 -3.000000 -2.000000 -2.000000
0.962402 -0.121582 -0.121582 1.875000 -4.625000 -4.625000 7.000000 1.000000 0.000000 -2.000000 -3.000000 -1.000000 -1.000000 0.000000 -1.000000 -1.000000 0.000000
0.963379 -0.118164 -0.118164 1.187500 -4.687500 -4.687500 7.000000 1.000000 0.000000 -2.000000 -3.000000 -1.000000 -1.000000 0.000000 -1.000000 -1.000000 0.000000
0.973145 -0.111816 -0.111816 -1.000000 -4.625000 -4.625000 7.000000 1.000000 0.000000 -1.000000 -1.000000 -1.000000 -2.000000 0.000000 -2.000000 0.000000 -2.000000
0.973145 -0.107910 -0.107910 -1.875000 -4.062500 -4.062500 7.000000 1.000000 0.000000 -2.000000 -1.000000 0.000000 -1.000000 1.000000 -1.000000 -1.000000 -1.000000
0.975586 -0.106934 -0.106934 -1.625000 -3.250000 -3.250000 7.000000 1.000000 0.000000 -2.000000 -2.000000 0.000000 -1.000000 -1.000000 -2.000000 -1.000000 -1.000000
0.966309 -0.115234 -0.115234 -0.812500 -2.812500 -2.812500 7.000000 1.000000 0.000000 -1.000000 -3.000000 1.000000 0.000000 1.000000 -2.000000 -2.000000 -3.000000
0.962402 -0.114258 -0.114258 0.375000 -2.625000 -2.625000 7.000000 1.000000 0.000000 -1.000000 -3.000000 -2.000000 -1.000000 0.000000 0.000000 -1.000000 0.000000
0.961914 -0.119141 -0.119141 2.062500 -2.250000 -2.250000 7.000000 1.000000 0.000000 -2.000000 -2.000000 -1.000000 -1.000000 0.000000 -2.000000 -1.000000 -2.000000
0.955566 -0.121094 -0.121094 2.812500 -1.937500 -1.937500 7.000000 1.000000 0.000000 -2.000000 -2.000000 -1.000000 0.000000 -1.000000 -3.000000 -1.000000 0.000000
0.958496 -0.116211 -0.116211 2.187500 -1.687500 -1.687500 7.000000 1.000000 0.000000 -1.000000 -2.000000 -2.000000 -1.000000 1.000000 -1.000000 -1.000000 0.000000
0.959961 -0.120117 -0.120117 1.250000 -1.750000 -1.750000 7.000000 1.000000 0.000000 -2.000000 -1.000000 -1.000000 -1.000000 1.000000 -3.000000 0.000000 -1.000000
0.963379 -0.125977 -0.125977 1.562500 -1.562500 -1.562500 7.000000 1.000000 0.000000 -1.000000 -4.000000 -1.000000 -1.000000 1.000000 0.000000 -2.000000 0.000000
0.966309 -0.116699 -0.116699 1.937500 -1.437500 -1.437500 7.000000 1.000000 0.000000 -1.000000 -2.000000 -3.000000 0.000000 1.000000 -2.000000 -1.000000 -1.000000
0.978516 -0.104004 -0.104004 1.750000 -1.625000 -1.625000 7.000000 1.000000 0.000000 -2.000000 -1.000000 -2.000000 -2.000000 0.000000 -1.000000 0.000000 -1.000000
1.005859 -0.041992 -0.041992 -3.375000 -1.375000 -1.375000 7.000000 1.000000 0.000000 -2.000000 -4.000000 -2.000000 -1.000000 1.000000 -1.000000 0.000000 -1.000000
1.075684 0.023926 0.023926 -30.750000 7.812500 7.812500 7.000000 1.000000 0.000000 -2.000000 -4.000000 -2.000000 -1.000000 1.000000 -1.000000 0.000000 -1.000000
1.110352 -0.027832 -0.027832 -75.375000 25.625000 25.625000 7.000000 1.000000 0.000000 -2.000000 -2.000000 -1.000000 0.000000 0.000000 -2.000000 -1.000000 -3.000000
1.139648 -0.253906 -0.253906 -91.875000 40.875000 40.875000 7.000000 1.000000 0.000000 -2.000000 -2.000000 -1.000000 0.000000 0.000000 -2.000000 -1.000000 -3.000000
1.263672 -0.274902 -0.274902 -75.937500 72.812500 72.812500 7.000000 1.000000 0.000000 -2.000000 -1.000000 -2.000000 -2.000000 -1.000000 -2.000000 -1.000000 -2.000000
1.304688 -0.243652 -0.243652 -95.125000 107.562500 107.562500 7.000000 2.000000 1.000000 -2.000000 -1.000000 -2.000000 -2.000000 -1.000000 -2.000000 -1.000000 -2.000000
1.336426 -0.492188 -0.492188 -122.375000 130.750000 130.750000 6.000000 2.000000 1.000000 -1.000000 -2.000000 -1.000000 0.000000 1.000000 -2.000000 -1.000000 -1.000000
1.307129 -0.776367 -0.776367 -100.562500 154.125000 154.125000 6.000000 2.000000 1.000000 -1.000000 -1.000000 -1.000000 -1.000000 0.000000 -1.000000 1.000000 0.000000
1.192871 -0.782715 -0.782715 -42.687500 182.062500 182.062500 6.000000 3.000000 1.000000 0.000000 0.000000 -1.000000 -1.000000 0.000000 -3.000000 -1.000000 -2.000000
1.083008 -0.757812 -0.757812 -12.687500 200.250000 200.250000 6.000000 4.000000 1.000000 -2.000000 -1.000000 -2.000000 -3.000000 -1.000000 -2.000000 -1.000000 -2.000000
0.936523 -0.798828 -0.798828 -17.187500 206.125000 206.125000 6.000000 4.000000 1.000000 -1.000000 -2.000000 -2.000000 -3.000000 -7.000000 -3.000000 -2.000000 -1.000000
0.771973 -0.866699 -0.866699 -6.187500 204.000000 204.000000 6.000000 5.000000 1.000000 0.000000 1.000000 1.000000 8.000000 6.000000 -2.000000 -2.000000 -1.000000
0.563965 -0.811035 -0.811035 31.875000 199.375000 199.375000 6.000000 6.000000 1.000000 -2.000000 -3.000000 9.000000 -2.000000 0.000000 0.000000 -1.000000 -1.000000
0.316406 -0.677246 -0.677246 49.250000 191.312500 191.312500 6.000000 7.000000 1.000000 -2.000000 0.000000 3.000000 -4.000000 1.000000 -3.000000 -2.000000 -2.000000
0.232422 -0.643066 -0.643066 34.937500 178.062500 178.062500 6.000000 7.000000 1.000000 -3.000000 -5.000000 -20.000000 -19.000000 -11.000000 -2.000000 -2.000000 -2.000000
0.097656 -0.542969 -0.542969 26.687500 160.625000 160.625000 6.000000 8.000000 1.000000 1.000000 3.000000 6.000000 -14.000000 -21.000000 -5.000000 -2.000000 -1.000000
-0.088379 -0.445801 -0.445801 20.687500 137.125000 137.125000 6.000000 9.000000 1.000000 1.000000 3.000000 39.000000 57.000000 51.000000 8.000000 2.000000 2.000000
-0.114258 -0.475586 -0.475586 13.187500 109.750000 109.750000 6.000000 9.000000 1.000000 -5.000000 -20.000000 -36.000000 -34.000000 -19.000000 -4.000000 -2.000000 -4.000000
-0.048828 -0.557617 -0.557617 35.562500 86.500000 86.500000 6.000000 10.000000 2.000000 -2.000000 0.000000 5.000000 20.000000 20.000000 0.000000 -1.000000 -2.000000
-0.070801 -0.647949 -0.647949 89.500000 84.812500 84.812500 6.000000 10.000000 2.000000 -4.000000 2.000000 0.000000 -24.000000 -19.000000 -2.000000 -2.000000 -2.000000
-0.195801 -0.459961 -0.459961 147.875000 90.437500 90.437500 6.000000 11.000000 2.000000 -2.000000 3.000000 -17.000000 -17.000000 -10.000000 -5.000000 -2.000000 -1.000000
-0.369141 -0.241699 -0.241699 137.750000 80.187500 80.187500 7.000000 11.000000 2.000000 -2.000000 3.000000 -17.000000 -17.000000 -10.000000 -5.000000 -2.000000 -1.000000
-0.457031 -0.224121 -0.224121 83.187500 65.437500 65.437500 7.000000 11.000000 2.000000 1.000000 8.000000 25.000000 -29.000000 -21.000000 -5.000000 -2.000000 -2.000000
-0.451660 -0.297363 -0.297363 43.625000 43.437500 43.437500 7.000000 12.000000 2.000000 -1.000000 -5.000000 33.000000 17.000000 7.000000 0.000000 0.000000 0.000000
-0.444336 -0.270996 -0.270996 42.375000 28.750000 28.750000 7.000000 12.000000 2.000000 -3.000000 -7.000000 -7.000000 -25.000000 -14.000000 -6.000000 -5.000000 -4.000000
-0.529785 -0.160156 -0.160156 29.062500 13.312500 13.312500 7.000000 12.000000 2.000000 -1.000000 5.000000 -2.000000 12.000000 13.000000 2.000000 1.000000 1.000000
-0.472168 -0.079102 -0.079102 0.250000 -6.312500 -6.312500 7.000000 12.000000 2.000000 -4.000000 -16.000000 -16.000000 11.000000 -5.000000 -6.000000 -4.000000 -3.000000
-0.525391 -0.320312 -0.320312 -27.437500 -18.500000 -18.500000 7.000000 12.000000 2.000000 0.000000 12.000000 -23.000000 0.000000 2.000000 -2.000000 -4.000000 -1.000000
-0.457520 -0.436523 -0.436523 -11.250000 -9.187500 -9.187500 7.000000 12.000000 2.000000 1.000000 3.000000 -49.000000 9.000000 3.000000 -2.000000 0.000000 0.000000
-0.537598 -0.391113 -0.391113 2.062500 3.437500 3.437500 7.000000 12.000000 2.000000 1.000000 3.000000 -49.000000 9.000000 3.000000 -2.000000 0.000000 0.000000
-0.596680 -0.479004 -0.479004 -7.625000 7.062500 7.062500 7.000000 12.000000 2.000000 -2.000000 -12.000000 -48.000000 2.000000 3.000000 -3.000000 -1.000000 -1.000000
-0.632324 -0.335938 -0.335938 -5.250000 7.125000 7.125000 7.000000 12.000000 2.000000 -8.000000 -9.000000 8.000000 -4.000000 -18.000000 -10.000000 -7.000000 -5.000000
-0.666992 -0.439941 -0.439941 -15.937500 3.625000 3.625000 7.000000 12.000000 2.000000 3.000000 18.000000 35.000000 23.000000 60.000000 87.000000 7.000000 -3.000000
-0.628906 -0.195801 -0.195801 13.250000 6.687500 6.687500 7.000000 12.000000 2.000000 3.000000 18.000000 35.000000 23.000000 60.000000 87.000000 7.000000 -3.000000
-0.615234 -0.282227 -0.282227 3.437500 6.875000 6.875000 7.000000 12.000000 2.000000 2.000000 4.000000 22.000000 1.000000 -44.000000 -69.000000 -16.000000 -3.000000
-0.596191 -0.356445 -0.356445 6.375000 8.250000 8.250000 7.000000 12.000000 2.000000 2.000000 4.000000 22.000000 1.000000 -44.000000 -69.000000 -16.000000 -3.000000
-0.606934 -0.302246 -0.302246 20.000000 11.812500 11.812500 7.000000 12.000000 2.000000 4.000000 13.000000 5.000000 5.000000 46.000000 11.000000 83.000000 15.000000
-0.604980 -0.250488 -0.250488 31.750000 17.500000 17.500000 7.000000 12.000000 2.000000 -1.000000 -10.000000 -33.000000 0.000000 5.000000 5.000000 61.000000 9.000000
-0.573242 -0.253906 -0.253906 43.687500 19.750000 19.750000 7.000000 12.000000 2.000000 -2.000000 -4.000000 12.000000 4.000000 -27.000000 -27.000000 16.000000 -7.000000
-0.400391 -0.296387 -0.296387 89.812500 50.937500 50.937500 7.000000 12.000000 2.000000 -7.000000 -10.000000 -9.000000 -12.000000 -9.000000 -16.000000 -68.000000 -5.000000
-0.613281 -0.132324 -0.132324 118.000000 83.750000 83.750000 7.000000 12.000000 2.000000 3.000000 20.000000 34.000000 25.000000 -26.000000 -10.000000 19.000000 1.000000
-0.891602 -0.125977 -0.125977 88.062500 80.687500 80.687500 7.000000 13.000000 2.000000 -12.000000 -28.000000 -41.000000 -46.000000 -19.000000 -28.000000 -13.000000 -7.000000
-0.780762 -0.246582 -0.246582 32.500000 72.750000 72.750000 7.000000 13.000000 2.000000 -7.000000 -24.000000 -19.000000 -1.000000 41.000000 0.000000 9.000000 -2.000000
-0.611816 -0.723633 -0.723633 13.375000 68.750000 68.750000 7.000000 13.000000 2.000000 -6.000000 -9.000000 -1.000000 -10.000000 -41.000000 -34.000000 -2.000000 -6.000000
-0.909180 -0.655273 -0.655273 42.375000 46.500000 46.500000 7.000000 13.000000 2.000000 2.000000 2.000000 8.000000 4.000000 16.000000 35.000000 24.000000 4.000000
-0.764160 -0.241211 -0.241211 -45.750000 -60.750000 -60.750000 7.000000 13.000000 2.000000 2.000000 2.000000 8.000000 4.000000 16.000000 35.000000 24.000000 4.000000
-0.541992 -0.264648 -0.264648 -42.625000 -67.500000 -67.500000 7.000000 13.000000 2.000000 -4.000000 -5.000000 -13.000000 -10.000000 -23.000000 0.000000 -7.000000 -4.000000
-0.519531 -0.089844 -0.089844 1.250000 -39.375000 -39.375000 7.000000 13.000000 2.000000 3.000000 6.000000 10.000000 -11.000000 -39.000000 -63.000000 -23.000000 -3.000000
-0.576660 0.033691 0.033691 9.062500 -13.125000 -13.125000 7.000000 13.000000 2.000000 -4.000000 -12.000000 -30.000000 -7.000000 18.000000 60.000000 10.000000 -3.000000
-0.700684 -0.269531 -0.269531 -7.125000 -1.375000 -1.375000 7.000000 13.000000 2.000000 -4.000000 -12.000000 -30.000000 -7.000000 18.000000 60.000000 10.000000 -3.000000
-0.667969 -0.245117 -0.245117 25.312500 6.187500 6.187500 7.000000 13.000000 2.000000 -2.000000 -6.000000 24.000000 3.000000 16.000000 5.000000 1.000000 -5.000000
-0.689941 -0.127441 -0.127441 38.062500 17.000000 17.000000 7.000000 13.000000 2.000000 6.000000 6.000000 -27.000000 -11.000000 -13.000000 -36.000000 -23.000000 1.000000
-0.717773 -0.134277 -0.134277 33.937500 21.562500 21.562500 8.000000 13.000000 2.000000 -4.000000 2.000000 36.000000 10.000000 32.000000 -5.000000 2.000000 -4.000000
-0.745117 -0.182129 -0.182129 23.687500 23.812500 23.812500 8.000000 13.000000 2.000000 -3.000000 -10.000000 -35.000000 4.000000 -31.000000 8.000000 -5.000000 -1.000000
-0.662598 -0.400879 -0.400879 3.312500 26.000000 26.000000 7.000000 13.000000 2.000000 10.000000 24.000000 36.000000 15.000000 7.000000 -1.000000 -8.000000 4.000000
-0.730469 -0.338379 -0.338379 32.062500 32.187500 32.187500 7.000000 13.000000 2.000000 10.000000 24.000000 36.000000 15.000000 7.000000 -1.000000 -8.000000 4.000000
-0.819336 -0.334473 -0.334473 11.750000 21.750000 21.750000 7.000000 13.000000 2.000000 -5.000000 -22.000000 -35.000000 2.000000 -26.000000 8.000000 12.000000 -1.000000
-0.839355 -0.283203 -0.283203 -6.312500 6.000000 6.000000 7.000000 13.000000 2.000000 -4.000000 -3.000000 1.000000 6.000000 17.000000 -16.000000 8.000000 -2.000000
-0.791992 -0.347168 -0.347168 -13.250000 -15.437500 -15.437500 7.000000 13.000000 2.000000 2.000000 3.000000 41.000000 9.000000 16.000000 -3.000000 12.000000 2.000000
-0.672852 -0.135742 -0.135742 5.187500 -19.187500 -19.187500 7.000000 13.000000 2.000000 2.000000 3.000000 41.000000 9.000000 16.000000 -3.000000 12.000000 2.000000
-0.703125 -0.059082 -0.059082 -9.437500 -17.625000 -17.625000 7.000000 13.000000 2.000000 -8.000000 -3.000000 -19.000000 -12.000000 -18.000000 -21.000000 -10.000000 -13.000000
-0.642578 -0.224121 -0.224121 -13.875000 -7.875000 -7.875000 7.000000 13.000000 2.000000 5.000000 -1.000000 10.000000 -6.000000 -10.000000 13.000000 2.000000 3.000000
-0.701172 -0.256836 -0.256836 3.937500 -1.500000 -1.500000 7.000000 13.000000 2.000000 2.000000 -9.000000 20.000000 16.000000 12.000000 3.000000 -16.000000 7.000000
-0.728516 -0.219238 -0.219238 5.625000 2.500000 2.500000 7.000000 13.000000 2.000000 0.000000 -19.000000 -54.000000 -25.000000 -9.000000 -12.000000 31.000000 3.000000
-0.753906 -0.206055 -0.206055 2.812500 1.187500 1.187500 7.000000 13.000000 2.000000 -4.000000 -14.000000 -7.000000 -5.000000 -7.000000 6.000000 -22.000000 4.000000
-0.693848 -0.263672 -0.263672 -4.062500 -0.500000 -0.500000 7.000000 13.000000 2.000000 -5.000000 -17.000000 -4.000000 -7.000000 -10.000000 -33.000000 24.000000 -1.000000
-0.585449 -0.238281 -0.238281 5.500000 -4.937500 -4.937500 7.000000 13.000000 2.000000 -1.000000 -3.000000 -27.000000 7.000000 10.000000 0.000000 3.000000 -4.000000
-0.554199 -0.277832 -0.277832 -1.625000 -17.625000 -17.625000 7.000000 13.000000 2.000000 -1.000000 -6.000000 22.000000 7.000000 12.000000 10.000000 13.000000 3.000000
-0.488281 -0.166016 -0.166016 -1.312500 -29.562500 -29.562500 7.000000 13.000000 2.000000 -4.000000 -11.000000 -23.000000 -8.000000 8.000000 11.000000 -5.000000 -1.000000
-0.455078 -0.032227 -0.032227 -23.562500 -41.750000 -41.750000 7.000000 13.000000 2.000000 3.000000 8.000000 21.000000 -54.000000 2.000000 -1.000000 5.000000 3.000000
-0.338867 -0.208984 -0.208984 -68.187500 -56.437500 -56.437500 7.000000 12.000000 2.000000 2.000000 1.000000 -20.000000 -4.000000 -34.000000 -26.000000 -36.000000 0.000000
-0.270996 -0.360840 -0.360840 -84.375000 -83.312500 -83.312500 7.000000 12.000000 2.000000 -5.000000 9.000000 10.000000 27.000000 -7.000000 5.000000 6.000000 -4.000000
-0.254883 -0.369629 -0.369629 -79.062500 -114.562500 -114.562500 7.000000 12.000000 1.000000 2.000000 6.000000 -36.000000 -50.000000 17.000000 11.000000 -18.000000 2.000000
-0.309082 -0.367676 -0.367676 -76.875000 -137.000000 -137.000000 7.000000 11.000000 1.000000 -11.000000 3.000000 31.000000 69.000000 -33.000000 -22.000000 -6.000000 -8.000000
-0.353516 -0.495605 -0.495605 -66.500000 -148.625000 -148.625000 7.000000 11.000000 1.000000 7.000000 -17.000000 -2.000000 -43.000000 2.000000 -2.000000 6.000000 5.000000
-0.385742 -0.580078 -0.580078 -48.875000 -150.875000 -150.875000 7.000000 10.000000 1.000000 -6.000000 -5.000000 44.000000 7.000000 23.000000 17.000000 -1.000000 -3.000000
-0.343262 -0.582520 -0.582520 -37.000000 -153.250000 -153.250000 6.000000 10.000000 1.000000 -9.000000 14.000000 -17.000000 -76.000000 -13.000000 -5.000000 -2.000000 -6.000000
-0.243164 -0.579590 -0.579590 -37.625000 -149.000000 -149.000000 6.000000 9.000000 1.000000 -3.000000 11.000000 -54.000000 100.000000 41.000000 7.000000 -4.000000 -1.000000
-0.169922 -0.756348 -0.756348 -18.875000 -140.187500 -140.187500 6.000000 9.000000 1.000000 3.000000 15.000000 69.000000 -24.000000 -51.000000 -23.000000 0.000000 1.000000
-0.116699 -0.769531 -0.769531 21.500000 -138.437500 -138.437500 6.000000 8.000000 1.000000 0.000000 -2.000000 -42.000000 14.000000 33.000000 3.000000 2.000000 0.000000
-0.074707 -0.610352 -0.610352 49.250000 -143.625000 -143.625000 6.000000 8.000000 1.000000 -3.000000 -5.000000 10.000000 25.000000 18.000000 16.000000 7.000000 4.000000
-0.024414 -0.508301 -0.508301 21.125000 -151.875000 -151.875000 7.000000 7.000000 1.000000 -3.000000 -1.000000 -5.000000 -43.000000 -21.000000 -3.000000 18.000000 1.000000
0.086914 -0.643555 -0.643555 6.000000 -153.812500 -153.812500 7.000000 7.000000 1.000000 0.000000 32.000000 41.000000 6.000000 16.000000 -6.000000 -19.000000 -6.000000
0.325195 -0.693848 -0.693848 9.250000 -149.750000 -149.750000 7.000000 6.000000 1.000000 0.000000 32.000000 41.000000 6.000000 16.000000 -6.000000 -19.000000 -6.000000
0.403809 -0.599121 -0.599121 25.000000 -145.312500 -145.312500 7.000000 6.000000 1.000000 -7.000000 -1.000000 -30.000000 3.000000 3.000000 0.000000 2.000000 -7.000000
0.319336 -0.563965 -0.563965 20.812500 -151.625000 -151.625000 7.000000 6.000000 1.000000 8.000000 -12.000000 -36.000000 -128.000000 -68.000000 -23.000000 -6.000000 -7.000000
0.482422 -0.755859 -0.755859 -4.937500 -147.437500 -147.437500 7.000000 5.000000 1.000000 -1.000000 -1.000000 -46.000000 -12.000000 -29.000000 2.000000 15.000000 5.000000
0.959961 -0.734863 -0.734863 -2.000000 -126.375000 -126.375000 7.000000 5.000000 1.000000 -1.000000 -16.000000 58.000000 7.000000 47.000000 -15.000000 -15.000000 0.000000
1.044922 -0.647949 -0.647949 54.875000 -91.562500 -91.562500 7.000000 5.000000 1.000000 -1.000000 -17.000000 -66.000000 -63.000000 -22.000000 16.000000 -5.000000 -2.000000
0.662598 -0.450684 -0.450684 46.250000 -89.187500 -89.187500 7.000000 4.000000 1.000000 -6.000000 -41.000000 -3.000000 -11.000000 -39.000000 -31.000000 -16.000000 -4.000000
0.683594 -0.419922 -0.419922 -7.500000 -97.375000 -97.375000 7.000000 4.000000 1.000000 -1.000000 -3.000000 0.000000 -1.000000 16.000000 8.000000 -4.000000 -3.000000
0.663574 -0.543945 -0.543945 -5.625000 -93.812500 -93.812500 7.000000 4.000000 1.000000 -7.000000 22.000000 5.000000 59.000000 -43.000000 -19.000000 7.000000 -2.000000
0.695801 -0.409668 -0.409668 5.500000 -100.250000 -100.250000 7.000000 4.000000 1.000000 16.000000 20.000000 19.000000 12.000000 72.000000 10.000000 4.000000 9.000000
0.812500 -0.408691 -0.408691 -0.812500 -94.375000 -94.375000 7.000000 3.000000 1.000000 -12.000000 -16.000000 -8.000000 16.000000 54.000000 7.000000 -42.000000 2.000000
0.870605 -0.473633 -0.473633 0.625000 -86.750000 -86.750000 7.000000 3.000000 1.000000 -1.000000 -2.000000 -22.000000 -15.000000 9.000000 14.000000 19.000000 9.000000
0.925293 -0.442871 -0.442871 18.187500 -79.750000 -79.750000 7.000000 3.000000 1.000000 -1.000000 -2.000000 -22.000000 -15.000000 9.000000 14.000000 19.000000 9.000000
0.881348 -0.375488 -0.375488 33.750000 -72.375000 -72.375000 7.000000 3.000000 1.000000 -10.000000 3.000000 26.000000 124.000000 69.000000 23.000000 25.000000 1.000000
0.853516 -0.262207 -0.262207 35.812500 -75.125000 -75.125000 7.000000 3.000000 1.000000 6.000000 -9.000000 -10.000000 -60.000000 -6.000000 -49.000000 -11.000000 5.000000
0.858398 -0.215820 -0.215820 20.875000 -76.437500 -76.437500 7.000000 2.000000 1.000000 -12.000000 6.000000 12.000000 27.000000 -3.000000 7.000000 -3.000000 -14.000000
0.877930 -0.257812 -0.257812 9.062500 -74.375000 -74.375000 7.000000 2.000000 1.000000 -10.000000 -46.000000 -5.000000 10.000000 45.000000 39.000000 17.000000 -10.000000
0.928223 -0.271484 -0.271484 11.750000 -68.375000 -68.375000 7.000000 2.000000 0.000000 -14.000000 -8.000000 -10.000000 72.000000 5.000000 47.000000 18.000000 -11.000000
0.997559 -0.212891 -0.212891 15.875000 -60.812500 -60.812500 7.000000 2.000000 0.000000 -14.000000 -8.000000 -10.000000 72.000000 5.000000 47.000000 18.000000 -11.000000
1.048340 -0.181641 -0.181641 11.875000 -53.250000 -53.250000 7.000000 2.000000 0.000000 -2.000000 2.000000 -21.000000 -22.000000 -114.000000 -114.000000 -36.000000 -5.000000
1.056641 -0.170410 -0.170410 10.812500 -44.312500 -44.312500 7.000000 2.000000 0.000000 -15.000000 15.000000 10.000000 -49.000000 -46.000000 -69.000000 16.000000 -25.000000
1.042969 -0.143066 -0.143066 18.375000 -34.500000 -34.500000 7.000000 2.000000 0.000000 3.000000 -16.000000 -10.000000 -19.000000 65.000000 17.000000 14.000000 6.000000
1.001465 -0.051758 -0.051758 20.687500 -20.375000 -20.375000 7.000000 1.000000 0.000000 3.000000 -16.000000 -10.000000 -19.000000 65.000000 17.000000 14.000000 6.000000
1.004883 -0.051758 -0.051758 14.375000 -17.062500 -17.062500 7.000000 1.000000 0.000000 -3.000000 -5.000000 22.000000 -91.000000 -38.000000 -16.000000 0.000000 -4.000000
1.000488 -0.055664 -0.055664 8.375000 -13.062500 -13.062500 7.000000 1.000000 0.000000 -3.000000 -5.000000 22.000000 -91.000000 -38.000000 -16.000000 0.000000 -4.000000
1.004883 -0.113281 -0.113281 8.812500 -7.062500 -7.062500 7.000000 1.000000 0.000000 0.000000 6.000000 -18.000000 -124.000000 -55.000000 4.000000 0.000000 3.000000
0.978516 -0.139648 -0.139648 22.437500 -1.500000 -1.500000 8.000000 1.000000 0.000000 0.000000 6.000000 -18.000000 -124.000000 -55.000000 4.000000 0.000000 3.000000
0.945801 -0.109375 -0.109375 33.687500 -1.000000 -1.000000 8.000000 1.000000 0.000000 15.000000 -12.000000 43.000000 127.000000 109.000000 63.000000 28.000000 16.000000
0.932129 -0.087891 -0.087891 31.687500 -2.437500 -2.437500 8.000000 1.000000 0.000000 1.000000 1.000000 -6.000000 -87.000000 -66.000000 -58.000000 -53.000000 -10.000000
0.953125 -0.103027 -0.103027 -1.187500 -3.812500 -3.812500 8.000000 1.000000 0.000000 -19.000000 -12.000000 39.000000 89.000000 108.000000 85.000000 49.000000 -1.000000
0.950684 -0.121582 -0.121582 -8.875000 -2.437500 -2.437500 8.000000 1.000000 0.000000 -7.000000 12.000000 6.000000 -61.000000 3.000000 -21.000000 -7.000000 0.000000
0.947754 -0.166992 -0.166992 -9.312500 -0.687500 -0.687500 8.000000 1.000000 0.000000 0.000000 5.000000 -21.000000 -122.000000 -79.000000 -31.000000 -33.000000 -11.000000
0.944824 -0.187500 -0.187500 -2.812500 -1.062500 -1.062500 8.000000 1.000000 0.000000 -7.000000 -3.000000 9.000000 93.000000 25.000000 14.000000 9.000000 -2.000000
0.936035 -0.155273 -0.155273 4.625000 -1.687500 -1.687500 8.000000 1.000000 0.000000 4.000000 7.000000 6.000000 -54.000000 -45.000000 -39.000000 -28.000000 -4.000000
0.941406 -0.112305 -0.112305 -2.125000 -2.937500 -2.937500 8.000000 1.000000 0.000000 -10.000000 2.000000 -21.000000 -66.000000 18.000000 22.000000 13.000000 -2.000000
0.959473 -0.119141 -0.119141 -8.250000 -3.312500 -3.312500 8.000000 1.000000 0.000000 -1.000000 10.000000 -1.000000 -18.000000 -3.000000 -17.000000 -8.000000 0.000000
0.952148 -0.133789 -0.133789 4.312500 -1.437500 -1.437500 8.000000 1.000000 0.000000 -1.000000 10.000000 -1.000000 -18.000000 -3.000000 -17.000000 -8.000000 0.000000
0.945312 -0.100586 -0.100586 5.812500 -1.687500 -1.687500 8.000000 1.000000 0.000000 -5.000000 -1.000000 16.000000 51.000000 27.000000 4.000000 10.000000 -3.000000
0.949219 -0.119629 -0.119629 -7.375000 -1.875000 -1.875000 8.000000 1.000000 0.000000 -5.000000 -1.000000 16.000000 51.000000 27.000000 4.000000 10.000000 -3.000000
0.942383 -0.130371 -0.130371 -2.875000 -0.250000 -0.250000 7.000000 1.000000 0.000000 -5.000000 -7.000000 -13.000000 116.000000 54.000000 25.000000 6.000000 -3.000000
0.941895 -0.134766 -0.134766 -2.250000 -1.062500 -1.062500 7.000000 1.000000 0.000000 4.000000 -3.000000 56.000000 20.000000 -8.000000 -22.000000 -8.000000 0.000000
