0.967285 -0.104004 -0.104004 0.437500 -1.187500 -1.187500 7.000000 1.000000 2.000000 -1.000000 -1.000000 -1.000000 0.000000 1.000000 0.000000 1.000000 -1.000000
0.968262 -0.110840 -0.110840 0.062500 -1.375000 -1.375000 7.000000 1.000000 2.000000 -1.000000 -1.000000 -1.000000 0.000000 1.000000 0.000000 1.000000 -1.000000
0.963867 -0.107910 -0.107910 0.750000 -1.375000 -1.375000 7.000000 1.000000 2.000000 -2.000000 -1.000000 -2.000000 0.000000 1.000000 -1.000000 -1.000000 -1.000000
0.966309 -0.107910 -0.107910 1.500000 -1.312500 -1.312500 7.000000 1.000000 2.000000 -2.000000 -1.000000 -2.000000 0.000000 1.000000 -1.000000 -1.000000 -1.000000
0.964844 -0.106445 -0.106445 1.375000 -1.562500 -1.562500 7.000000 1.000000 2.000000 -1.000000 0.000000 -1.000000 -1.000000 1.000000 0.000000 -1.000000 -2.000000
0.957520 -0.099121 -0.099121 1.000000 -1.562500 -1.562500 7.000000 1.000000 2.000000 -3.000000 -1.000000 -1.000000 0.000000 0.000000 -2.000000 -2.000000 -2.000000
0.963379 -0.106445 -0.106445 0.437500 -1.875000 -1.875000 7.000000 1.000000 2.000000 -2.000000 -1.000000 -1.000000 -2.000000 0.000000 -2.000000 -2.000000 -2.000000
0.960938 -0.108398 -0.108398 1.000000 -1.937500 -1.937500 7.000000 1.000000 2.000000 -2.000000 -1.000000 -1.000000 -2.000000 0.000000 -2.000000 -2.000000 -2.000000
0.964844 -0.108398 -0.108398 1.250000 -1.500000 -1.500000 7.000000 1.000000 2.000000 -1.000000 -3.000000 -1.000000 -2.000000 -1.000000 -2.000000 -1.000000 -1.000000
0.956543 -0.110840 -0.110840 1.250000 -1.562500 -1.562500 7.000000 1.000000 2.000000 -1.000000 -1.000000 -1.000000 -1.000000 0.000000 -1.000000 -2.000000 -2.000000
0.961914 -0.102539 -0.102539 1.250000 -1.312500 -1.312500 7.000000 1.000000 2.000000 0.000000 -2.000000 -1.000000 0.000000 -2.000000 -2.000000 -1.000000 -2.000000
0.958984 -0.104492 -0.104492 0.000000 -1.250000 -1.250000 7.000000 1.000000 2.000000 0.000000 -2.000000 -1.000000 0.000000 -2.000000 -2.000000 -1.000000 -2.000000
0.976074 -0.115723 -0.115723 0.625000 -1.562500 -1.562500 7.000000 1.000000 2.000000 -2.000000 -2.000000 -2.000000 -1.000000 0.000000 -2.000000 -1.000000 -2.000000
1.016113 -0.083496 -0.083496 -1.750000 0.500000 0.500000 7.000000 1.000000 2.000000 -2.000000 -2.000000 -2.000000 1.000000 -1.000000 -2.000000 -1.000000 -1.000000
1.066895 -0.053223 -0.053223 -54.562500 9.437500 9.437500 7.000000 1.000000 2.000000 -2.000000 -1.000000 -1.000000 0.000000 1.000000 -2.000000 -2.000000 -2.000000
1.084473 -0.218750 -0.218750 -83.687500 23.687500 23.687500 7.000000 1.000000 2.000000 -2.000000 -1.000000 -1.000000 0.000000 1.000000 -2.000000 -2.000000 -2.000000
1.129395 -0.399902 -0.399902 -76.437500 63.875000 63.875000 7.000000 1.000000 2.000000 -1.000000 -1.000000 -1.000000 1.000000 1.000000 -2.000000 -2.000000 -1.000000
1.104492 -0.498047 -0.498047 -65.937500 76.687500 76.687500 6.000000 2.000000 3.000000 -1.000000 -2.000000 -2.000000 0.000000 0.000000 -2.000000 -1.000000 -1.000000
1.164551 -0.865723 -0.865723 -27.937500 118.312500 118.312500 6.000000 2.000000 3.000000 -2.000000 -1.000000 -2.000000 -1.000000 0.000000 -1.000000 -1.000000 -2.000000
1.114258 -0.843750 -0.843750 -16.062500 143.562500 143.562500 6.000000 3.000000 3.000000 -2.000000 -3.000000 0.000000 -1.000000 0.000000 0.000000 -1.000000 -1.000000
0.960938 -0.891602 -0.891602 -25.125000 162.500000 162.500000 6.000000 4.000000 3.000000 -1.000000 -3.000000 -2.000000 -2.000000 0.000000 -2.000000 -2.000000 -2.000000
0.757324 -1.002930 -1.002930 -41.187500 172.625000 172.625000 6.000000 4.000000 3.000000 -1.000000 -3.000000 -2.000000 -2.000000 0.000000 -2.000000 -2.000000 -2.000000
0.613281 -1.140625 -1.140625 -28.437500 181.625000 181.625000 6.000000 5.000000 3.000000 -1.000000 -3.000000 -2.000000 -1.000000 2.000000 -2.000000 0.000000 -1.000000
0.489746 -1.090820 -1.090820 18.687500 188.062500 188.062500 6.000000 6.000000 3.000000 -1.000000 -3.000000 -2.000000 -1.000000 2.000000 -2.000000 0.000000 -1.000000
0.345215 -0.925781 -0.925781 51.812500 188.250000 188.250000 6.000000 7.000000 3.000000 0.000000 0.000000 -8.000000 -6.000000 -7.000000 -3.000000 -2.000000 -1.000000
0.191406 -0.804199 -0.804199 52.250000 179.062500 179.062500 6.000000 8.000000 3.000000 0.000000 0.000000 -8.000000 -6.000000 -7.000000 -3.000000 -2.000000 -1.000000
0.087402 -0.681641 -0.681641 44.812500 165.312500 165.312500 6.000000 9.000000 4.000000 2.000000 -7.000000 -18.000000 22.000000 21.000000 1.000000 0.000000 1.000000
-0.092773 -0.585449 -0.585449 44.437500 145.375000 145.375000 6.000000 9.000000 4.000000 2.000000 -7.000000 -18.000000 22.000000 21.000000 1.000000 0.000000 1.000000
-0.195312 -0.484375 -0.484375 36.187500 114.125000 114.125000 6.000000 10.000000 4.000000 0.000000 -2.000000 21.000000 9.000000 -4.000000 0.000000 -1.000000 1.000000
-0.086426 -0.621094 -0.621094 30.187500 90.875000 90.875000 6.000000 11.000000 4.000000 -1.000000 16.000000 -13.000000 4.000000 3.000000 1.000000 -2.000000 -1.000000
-0.002930 -0.680176 -0.680176 63.500000 70.062500 70.062500 6.000000 11.000000 4.000000 -3.000000 5.000000 -12.000000 -32.000000 -6.000000 -5.000000 -4.000000 -3.000000
-0.103027 -0.394531 -0.394531 114.687500 64.500000 64.500000 6.000000 12.000000 4.000000 -5.000000 0.000000 -5.000000 -25.000000 -11.000000 -3.000000 -3.000000 -2.000000
-0.201172 -0.197754 -0.197754 83.312500 48.375000 48.375000 7.000000 12.000000 5.000000 -1.000000 -13.000000 23.000000 -1.000000 13.000000 -2.000000 -1.000000 0.000000
-0.216309 -0.272949 -0.272949 38.062500 25.687500 25.687500 7.000000 13.000000 5.000000 -5.000000 -16.000000 -30.000000 26.000000 21.000000 -2.000000 -2.000000 -4.000000
-0.255371 -0.253418 -0.253418 32.000000 9.625000 9.625000 7.000000 13.000000 5.000000 -4.000000 4.000000 -19.000000 -29.000000 -5.000000 -2.000000 -1.000000 -3.000000
-0.345215 -0.236328 -0.236328 23.250000 1.062500 1.062500 7.000000 13.000000 5.000000 -4.000000 4.000000 -19.000000 -29.000000 -5.000000 -2.000000 -1.000000 -3.000000
-0.404297 -0.229492 -0.229492 -8.562500 -3.875000 -3.875000 7.000000 13.000000 5.000000 -4.000000 -7.000000 -5.000000 -9.000000 -6.000000 -1.000000 -2.000000 -4.000000
-0.463867 -0.250488 -0.250488 -23.250000 -4.375000 -4.375000 7.000000 13.000000 6.000000 -1.000000 6.000000 70.000000 6.000000 -11.000000 -6.000000 -2.000000 -1.000000
-0.528320 -0.220215 -0.220215 -3.062500 -0.562500 -0.562500 7.000000 13.000000 6.000000 -1.000000 -6.000000 1.000000 10.000000 4.000000 -1.000000 1.000000 -2.000000
-0.644531 -0.178711 -0.178711 -9.250000 -2.250000 -2.250000 7.000000 13.000000 6.000000 -1.000000 -6.000000 1.000000 10.000000 4.000000 -1.000000 1.000000 -2.000000
-0.678223 -0.147461 -0.147461 -19.312500 1.062500 1.062500 7.000000 13.000000 6.000000 -5.000000 -18.000000 -95.000000 -98.000000 -42.000000 -13.000000 -4.000000 -5.000000
-0.714844 -0.229492 -0.229492 -15.625000 7.687500 7.687500 7.000000 13.000000 6.000000 -5.000000 -18.000000 -95.000000 -98.000000 -42.000000 -13.000000 -4.000000 -5.000000
-0.800781 -0.203125 -0.203125 -1.750000 14.812500 14.812500 7.000000 13.000000 6.000000 -2.000000 2.000000 17.000000 105.000000 -21.000000 -41.000000 -1.000000 0.000000
-0.857422 -0.098145 -0.098145 -7.312500 12.062500 12.062500 7.000000 13.000000 6.000000 1.000000 3.000000 38.000000 -44.000000 58.000000 63.000000 -1.000000 0.000000
-0.810059 -0.127441 -0.127441 -29.437500 4.875000 4.875000 7.000000 13.000000 6.000000 3.000000 6.000000 -36.000000 33.000000 57.000000 55.000000 6.000000 3.000000
-0.756836 -0.195801 -0.195801 0.125000 5.437500 5.437500 7.000000 13.000000 6.000000 3.000000 6.000000 -36.000000 33.000000 57.000000 55.000000 6.000000 3.000000
-0.807129 -0.031250 -0.031250 37.562500 7.125000 7.125000 8.000000 13.000000 6.000000 -2.000000 8.000000 2.000000 75.000000 42.000000 53.000000 -1.000000 -2.000000
-0.793457 -0.005859 -0.005859 24.687500 4.750000 4.750000 8.000000 13.000000 6.000000 -2.000000 8.000000 2.000000 75.000000 42.000000 53.000000 -1.000000 -2.000000
-0.787109 -0.001465 -0.001465 20.937500 7.125000 7.125000 8.000000 13.000000 6.000000 0.000000 -7.000000 4.000000 1.000000 54.000000 -22.000000 5.000000 2.000000
-0.769043 -0.001953 -0.001953 41.625000 14.187500 14.187500 8.000000 13.000000 6.000000 -5.000000 -11.000000 41.000000 -32.000000 -39.000000 -44.000000 -6.000000 -4.000000
-0.910156 0.200195 0.200195 80.500000 19.625000 19.625000 8.000000 13.000000 6.000000 -3.000000 -7.000000 -49.000000 -65.000000 11.000000 23.000000 -2.000000 -3.000000
-1.124512 0.354980 0.354980 68.312500 13.375000 13.375000 8.000000 14.000000 6.000000 -1.000000 -1.000000 16.000000 -4.000000 -62.000000 -64.000000 -1.000000 2.000000
-1.103027 0.303711 0.303711 13.750000 5.312500 5.312500 8.000000 13.000000 6.000000 -4.000000 -7.000000 32.000000 14.000000 19.000000 -20.000000 -6.000000 -5.000000
-0.959961 0.139160 0.139160 -15.187500 3.812500 3.812500 8.000000 13.000000 5.000000 -4.000000 -7.000000 32.000000 14.000000 19.000000 -20.000000 -6.000000 -5.000000
-0.921875 0.042969 0.042969 0.812500 2.375000 2.375000 7.000000 13.000000 5.000000 -3.000000 -3.000000 -2.000000 -13.000000 8.000000 26.000000 -4.000000 -4.000000
-0.830078 -0.077637 -0.077637 6.187500 -7.437500 -7.437500 7.000000 13.000000 5.000000 -4.000000 -2.000000 6.000000 24.000000 -2.000000 66.000000 -6.000000 -3.000000
-0.705566 -0.185059 -0.185059 -7.250000 -20.437500 -20.437500 7.000000 13.000000 5.000000 3.000000 4.000000 4.000000 79.000000 -9.000000 37.000000 13.000000 4.000000
-0.501465 -0.286621 -0.286621 -36.000000 -23.937500 -23.937500 7.000000 13.000000 5.000000 3.000000 4.000000 4.000000 79.000000 -9.000000 37.000000 13.000000 4.000000
-0.315918 -0.520508 -0.520508 -56.937500 -20.750000 -20.750000 7.000000 12.000000 4.000000 -4.000000 -5.000000 -1.000000 23.000000 -18.000000 -10.000000 -4.000000 -4.000000
-0.234375 -0.585938 -0.585938 -67.437500 -30.625000 -30.625000 6.000000 12.000000 4.000000 -4.000000 -5.000000 -1.000000 23.000000 -18.000000 -10.000000 -4.000000 -4.000000
-0.166504 -0.835449 -0.835449 -101.937500 -22.312500 -22.312500 6.000000 12.000000 4.000000 -4.000000 -3.000000 -1.000000 -16.000000 16.000000 -14.000000 -4.000000 -2.000000
0.131348 -1.052734 -1.052734 -52.500000 -6.312500 -6.312500 6.000000 12.000000 4.000000 -4.000000 -3.000000 -1.000000 -16.000000 16.000000 -14.000000 -4.000000 -2.000000
0.148926 -0.992188 -0.992188 -18.375000 -0.437500 -0.437500 6.000000 11.000000 4.000000 -4.000000 -2.000000 0.000000 3.000000 -59.000000 -52.000000 -9.000000 -5.000000
-0.160645 -0.854980 -0.854980 -70.312500 2.500000 2.500000 6.000000 11.000000 4.000000 -6.000000 -3.000000 -3.000000 -3.000000 126.000000 116.000000 -2.000000 -4.000000
-0.604004 -0.941895 -0.941895 39.187500 6.687500 6.687500 6.000000 11.000000 4.000000 1.000000 8.000000 7.000000 54.000000 54.000000 26.000000 -4.000000 1.000000
-0.587402 -0.605957 -0.605957 51.187500 1.500000 1.500000 6.000000 11.000000 4.000000 -2.000000 -6.000000 4.000000 -6.000000 -35.000000 -36.000000 -7.000000 -2.000000
-0.511230 -0.567383 -0.567383 -20.062500 2.437500 2.437500 6.000000 11.000000 4.000000 -2.000000 -3.000000 -14.000000 -10.000000 72.000000 69.000000 9.000000 2.000000
-0.573730 -0.733398 -0.733398 -35.500000 4.312500 4.312500 6.000000 11.000000 4.000000 -2.000000 -3.000000 -14.000000 -10.000000 72.000000 69.000000 9.000000 2.000000
-0.580566 -0.717773 -0.717773 17.312500 -1.437500 -1.437500 6.000000 11.000000 4.000000 -3.000000 -4.000000 -6.000000 -56.000000 -62.000000 -67.000000 -3.000000 -3.000000
-0.373047 -0.717285 -0.717285 -3.812500 -0.812500 -0.812500 6.000000 11.000000 4.000000 -3.000000 -3.000000 -4.000000 -8.000000 56.000000 90.000000 -5.000000 -4.000000
-0.163086 -0.556152 -0.556152 -7.250000 -13.375000 -13.375000 6.000000 11.000000 4.000000 -4.000000 -9.000000 -5.000000 -20.000000 -58.000000 -8.000000 -7.000000 -2.000000
-0.047363 -0.616211 -0.616211 -6.750000 -18.687500 -18.687500 6.000000 11.000000 4.000000 1.000000 5.000000 37.000000 50.000000 24.000000 -10.000000 8.000000 1.000000
0.156250 -0.553223 -0.553223 71.687500 -41.250000 -41.250000 6.000000 11.000000 4.000000 -6.000000 -11.000000 -37.000000 -15.000000 2.000000 19.000000 -3.000000 -3.000000
0.160156 -0.403809 -0.403809 99.687500 -61.250000 -61.250000 6.000000 10.000000 4.000000 -5.000000 -1.000000 7.000000 45.000000 6.000000 -43.000000 -5.000000 -3.000000
0.106934 -0.408691 -0.408691 44.250000 -104.687500 -104.687500 6.000000 10.000000 4.000000 -5.000000 -5.000000 -11.000000 -41.000000 12.000000 10.000000 -3.000000 -4.000000
0.075195 -0.545410 -0.545410 40.187500 -115.500000 -115.500000 6.000000 10.000000 4.000000 1.000000 2.000000 2.000000 -6.000000 -24.000000 3.000000 -9.000000 -3.000000
-0.034180 -0.696289 -0.696289 42.562500 -127.250000 -127.250000 6.000000 9.000000 4.000000 2.000000 -3.000000 -3.000000 43.000000 -9.000000 -9.000000 9.000000 3.000000
-0.159668 -0.786133 -0.786133 52.937500 -141.187500 -141.187500 6.000000 9.000000 4.000000 2.000000 -3.000000 -3.000000 43.000000 -9.000000 -9.000000 9.000000 3.000000
-0.198730 -0.843262 -0.843262 71.375000 -153.062500 -153.062500 6.000000 8.000000 4.000000 -6.000000 -16.000000 -78.000000 -23.000000 -60.000000 -69.000000 -7.000000 -5.000000
-0.071289 -0.648926 -0.648926 85.937500 -211.000000 -211.000000 7.000000 7.000000 4.000000 -6.000000 -16.000000 -78.000000 -23.000000 -60.000000 -69.000000 -7.000000 -5.000000
0.088379 -0.772461 -0.772461 15.437500 -224.812500 -224.812500 7.000000 6.000000 4.000000 0.000000 1.000000 24.000000 33.000000 30.000000 6.000000 -3.000000 -2.000000
0.371582 -0.639648 -0.639648 -2.312500 -194.312500 -194.312500 7.000000 5.000000 3.000000 0.000000 1.000000 24.000000 33.000000 30.000000 6.000000 -3.000000 -2.000000
0.636719 -0.658691 -0.658691 -65.812500 -192.250000 -192.250000 7.000000 4.000000 3.000000 3.000000 6.000000 34.000000 38.000000 10.000000 21.000000 -3.000000 -2.000000
0.718750 -0.936035 -0.936035 -82.937500 -151.250000 -151.250000 7.000000 4.000000 3.000000 3.000000 6.000000 34.000000 38.000000 10.000000 21.000000 -3.000000 -2.000000
0.847656 -0.736816 -0.736816 -20.937500 -85.500000 -85.500000 7.000000 3.000000 3.000000 0.000000 0.000000 15.000000 -9.000000 8.000000 -1.000000 -5.000000 -3.000000
0.810547 -0.442871 -0.442871 -54.687500 -80.812500 -80.812500 7.000000 3.000000 3.000000 -1.000000 -5.000000 -53.000000 -6.000000 18.000000 14.000000 1.000000 -1.000000
0.740234 -0.434570 -0.434570 -104.812500 -74.500000 -74.500000 7.000000 3.000000 3.000000 -5.000000 -8.000000 -19.000000 -58.000000 -34.000000 15.000000 4.000000 -3.000000
0.748047 -0.528809 -0.528809 -104.375000 -67.750000 -67.750000 7.000000 3.000000 3.000000 3.000000 6.000000 43.000000 41.000000 67.000000 15.000000 5.000000 5.000000
0.763184 -0.532715 -0.532715 -65.687500 -65.125000 -65.125000 7.000000 3.000000 3.000000 -3.000000 -14.000000 -122.000000 -99.000000 -19.000000 -4.000000 -2.000000 -2.000000
0.845215 -0.465820 -0.465820 -25.312500 -62.000000 -62.000000 7.000000 2.000000 3.000000 -3.000000 -14.000000 -122.000000 -99.000000 -19.000000 -4.000000 -2.000000 -2.000000
0.922852 -0.400391 -0.400391 5.562500 -59.937500 -59.937500 7.000000 2.000000 3.000000 -8.000000 -6.000000 77.000000 -86.000000 -5.000000 -3.000000 -4.000000 -5.000000
0.945312 -0.354004 -0.354004 25.875000 -57.812500 -57.812500 7.000000 2.000000 3.000000 -1.000000 4.000000 -28.000000 39.000000 -2.000000 4.000000 -1.000000 -2.000000
0.948730 -0.304199 -0.304199 35.937500 -56.000000 -56.000000 7.000000 2.000000 3.000000 2.000000 2.000000 -20.000000 7.000000 20.000000 -3.000000 -3.000000 0.000000
0.981445 -0.227051 -0.227051 33.625000 -52.812500 -52.812500 7.000000 2.000000 3.000000 0.000000 1.000000 1.000000 4.000000 -26.000000 -5.000000 -9.000000 -2.000000
1.009277 -0.190918 -0.190918 25.687500 -44.187500 -44.187500 7.000000 2.000000 3.000000 -4.000000 6.000000 56.000000 10.000000 -2.000000 -14.000000 -16.000000 -5.000000
1.015625 -0.174316 -0.174316 13.437500 -34.062500 -34.062500 7.000000 2.000000 3.000000 -3.000000 -3.000000 9.000000 3.000000 7.000000 16.000000 12.000000 1.000000
0.995605 -0.121094 -0.121094 -24.937500 -18.062500 -18.062500 7.000000 1.000000 2.000000 -6.000000 -5.000000 -2.000000 28.000000 -19.000000 -5.000000 -7.000000 -5.000000
0.986816 -0.172852 -0.172852 -31.125000 -12.187500 -12.187500 7.000000 1.000000 2.000000 -6.000000 -5.000000 -2.000000 28.000000 -19.000000 -5.000000 -7.000000 -5.000000
0.981934 -0.208496 -0.208496 -25.812500 -9.375000 -9.375000 7.000000 1.000000 2.000000 -6.000000 -8.000000 21.000000 -1.000000 -20.000000 10.000000 4.000000 -3.000000
0.976074 -0.236328 -0.236328 -11.750000 -6.875000 -6.875000 7.000000 1.000000 2.000000 6.000000 10.000000 22.000000 57.000000 25.000000 6.000000 5.000000 3.000000
0.953125 -0.230957 -0.230957 2.562500 -4.250000 -4.250000 7.000000 1.000000 2.000000 -4.000000 -9.000000 -38.000000 -84.000000 3.000000 -2.000000 -4.000000 -2.000000
0.927734 -0.202637 -0.202637 7.937500 -2.625000 -2.625000 7.000000 1.000000 2.000000 -4.000000 -9.000000 -38.000000 -84.000000 3.000000 -2.000000 -4.000000 -2.000000
0.915527 -0.198242 -0.198242 4.375000 -2.375000 -2.375000 7.000000 1.000000 2.000000 -5.000000 3.000000 -12.000000 -103.000000 -30.000000 -3.000000 -3.000000 -5.000000
0.922852 -0.214355 -0.214355 -0.312500 -3.125000 -3.125000 7.000000 1.000000 2.000000 -5.000000 3.000000 -12.000000 -103.000000 -30.000000 -3.000000 -3.000000 -5.000000
0.925293 -0.222656 -0.222656 0.375000 -3.437500 -3.437500 7.000000 1.000000 2.000000 -1.000000 1.000000 43.000000 99.000000 24.000000 -6.000000 -4.000000 -2.000000
0.926758 -0.217773 -0.217773 3.687500 -2.625000 -2.625000 7.000000 1.000000 2.000000 -3.000000 -7.000000 34.000000 11.000000 -6.000000 -21.000000 -3.000000 -4.000000
0.921387 -0.200195 -0.200195 3.812500 -1.812500 -1.812500 7.000000 1.000000 2.000000 -3.000000 1.000000 -60.000000 -31.000000 12.000000 11.000000 1.000000 -5.000000
0.911621 -0.186523 -0.186523 1.812500 -1.375000 -1.375000 7.000000 1.000000 2.000000 4.000000 -1.000000 42.000000 -38.000000 -7.000000 17.000000 6.000000 7.000000
0.912109 -0.190430 -0.190430 -0.437500 -1.437500 -1.437500 7.000000 1.000000 2.000000 2.000000 -8.000000 -96.000000 -27.000000 -10.000000 -10.000000 -5.000000 0.000000
0.918457 -0.189453 -0.189453 -1.625000 -2.062500 -2.062500 7.000000 1.000000 2.000000 -7.000000 -5.000000 80.000000 10.000000 1.000000 -19.000000 -10.000000 -2.000000
0.930176 -0.189941 -0.189941 1.562500 -3.000000 -3.000000 7.000000 1.000000 2.000000 -1.000000 4.000000 20.000000 25.000000 17.000000 67.000000 16.000000 4.000000
0.925781 -0.197266 -0.197266 8.750000 -2.687500 -2.687500 7.000000 1.000000 2.000000 -1.000000 4.000000 20.000000 25.000000 17.000000 67.000000 16.000000 4.000000
0.931641 -0.171875 -0.171875 15.437500 -2.625000 -2.625000 7.000000 1.000000 2.000000 -9.000000 -24.000000 -97.000000 -44.000000 -10.000000 -10.000000 -10.000000 -6.000000
0.927734 -0.152344 -0.152344 16.625000 -4.062500 -4.062500 7.000000 1.000000 2.000000 -1.000000 -10.000000 -9.000000 -1.000000 4.000000 -24.000000 -9.000000 -3.000000
0.941895 -0.125000 -0.125000 13.562500 -4.625000 -4.625000 7.000000 1.000000 2.000000 0.000000 -3.000000 -55.000000 45.000000 -6.000000 0.000000 1.000000 -1.000000
0.944336 -0.113281 -0.113281 7.187500 -4.812500 -4.812500 7.000000 1.000000 2.000000 0.000000 -3.000000 -55.000000 45.000000 -6.000000 0.000000 1.000000 -1.000000
0.946289 -0.101562 -0.101562 0.062500 -4.937500 -4.937500 7.000000 1.000000 2.000000 -7.000000 -4.000000 -30.000000 -12.000000 -73.000000 -45.000000 -7.000000 -7.000000
0.951172 -0.104980 -0.104980 -5.875000 -5.062500 -5.062500 7.000000 1.000000 2.000000 -7.000000 -4.000000 -30.000000 -12.000000 -73.000000 -45.000000 -7.000000 -7.000000
0.958496 -0.112305 -0.112305 -8.500000 -5.125000 -5.125000 7.000000 1.000000 2.000000 0.000000 -4.000000 -38.000000 5.000000 63.000000 40.000000 -1.000000 -2.000000
0.960449 -0.118164 -0.118164 -7.250000 -4.625000 -4.625000 7.000000 1.000000 2.000000 -7.000000 -11.000000 -2.000000 -64.000000 -16.000000 -10.000000 0.000000 -3.000000
0.961914 -0.122559 -0.122559 -4.187500 -3.812500 -3.812500 7.000000 1.000000 2.000000 1.000000 3.000000 -23.000000 31.000000 15.000000 0.000000 3.000000 1.000000
0.960449 -0.118164 -0.118164 -1.750000 -3.125000 -3.125000 7.000000 1.000000 2.000000 -3.000000 -3.000000 22.000000 -29.000000 -12.000000 -4.000000 -9.000000 -2.000000
0.964355 -0.116211 -0.116211 0.000000 -2.750000 -2.750000 7.000000 1.000000 2.000000 0.000000 11.000000 -28.000000 19.000000 16.000000 -9.000000 -2.000000 0.000000
0.959961 -0.122559 -0.122559 2.062500 -2.812500 -2.812500 7.000000 1.000000 2.000000 0.000000 11.000000 -28.000000 19.000000 16.000000 -9.000000 -2.000000 0.000000
0.949219 -0.115723 -0.115723 3.312500 -3.062500 -3.062500 7.000000 1.000000 2.000000 5.000000 8.000000 -17.000000 -34.000000 -4.000000 -7.000000 -10.000000 1.000000
0.939941 -0.120605 -0.120605 2.437500 -3.250000 -3.250000 7.000000 1.000000 2.000000 5.000000 8.000000 -17.000000 -34.000000 -4.000000 -7.000000 -10.000000 1.000000
0.937500 -0.128906 -0.128906 0.437500 -3.437500 -3.437500 7.000000 1.000000 2.000000 6.000000 14.000000 40.000000 64.000000 -5.000000 -17.000000 -7.000000 0.000000
0.936523 -0.132812 -0.132812 -0.125000 -3.125000 -3.125000 7.000000 1.000000 2.000000 -9.000000 -18.000000 -19.000000 -27.000000 17.000000 22.000000 16.000000 -3.000000
0.944824 -0.133789 -0.133789 0.312500 -2.875000 -2.875000 7.000000 1.000000 2.000000 5.000000 9.000000 56.000000 115.000000 17.000000 -10.000000 -2.000000 0.000000
0.946777 -0.133789 -0.133789 0.750000 -2.687500 -2.687500 7.000000 1.000000 2.000000 5.000000 9.000000 56.000000 115.000000 17.000000 -10.000000 -2.000000 0.000000
0.949707 -0.129883 -0.129883 1.437500 -2.625000 -2.625000 7.000000 1.000000 2.000000 -1.000000 8.000000 -41.000000 -11.000000 1.000000 -5.000000 -1.000000 -1.000000
0.952637 -0.124512 -0.124512 1.312500 -2.187500 -2.187500 7.000000 1.000000 2.000000 0.000000 -3.000000 62.000000 -2.000000 -5.000000 -9.000000 -4.000000 -1.000000
