0.955566 -0.117676 -0.117676 1.000000 -1.937500 -1.937500 7.000000 1.000000 2.000000 -2.000000 -1.000000 -1.000000 0.000000 -1.000000 -1.000000 -1.000000 -1.000000
0.955566 -0.112305 -0.112305 1.187500 -2.125000 -2.125000 7.000000 1.000000 2.000000 -1.000000 -2.000000 -2.000000 0.000000 0.000000 -1.000000 -1.000000 -2.000000
0.951172 -0.111328 -0.111328 0.750000 -2.187500 -2.187500 7.000000 1.000000 2.000000 -2.000000 -3.000000 -1.000000 -2.000000 0.000000 -3.000000 0.000000 -2.000000
0.950195 -0.112305 -0.112305 -0.062500 -2.187500 -2.187500 7.000000 1.000000 2.000000 -2.000000 -3.000000 -1.000000 -2.000000 0.000000 -3.000000 0.000000 -2.000000
0.954102 -0.116699 -0.116699 -0.625000 -2.312500 -2.312500 7.000000 1.000000 2.000000 -1.000000 -1.000000 0.000000 0.000000 -1.000000 -1.000000 -2.000000 -1.000000
0.963867 -0.126953 -0.126953 0.250000 -2.250000 -2.250000 7.000000 1.000000 2.000000 -1.000000 -2.000000 -1.000000 0.000000 0.000000 -1.000000 -1.000000 -1.000000
0.958496 -0.117676 -0.117676 1.625000 -2.375000 -2.375000 7.000000 1.000000 2.000000 -2.000000 0.000000 -2.000000 -1.000000 0.000000 -1.000000 -2.000000 -1.000000
0.955078 -0.115234 -0.115234 1.875000 -2.687500 -2.687500 7.000000 1.000000 2.000000 -1.000000 1.000000 -2.000000 1.000000 0.000000 -1.000000 -2.000000 -1.000000
0.955078 -0.108887 -0.108887 1.312500 -2.875000 -2.875000 7.000000 1.000000 2.000000 -2.000000 -2.000000 -1.000000 -1.000000 1.000000 0.000000 -1.000000 -1.000000
0.951660 -0.118652 -0.118652 1.062500 -2.687500 -2.687500 7.000000 1.000000 2.000000 -1.000000 -2.000000 -1.000000 -2.000000 1.000000 -2.000000 -2.000000 -2.000000
0.957031 -0.111328 -0.111328 2.500000 -2.187500 -2.187500 7.000000 1.000000 2.000000 -2.000000 -2.000000 -1.000000 -1.000000 1.000000 -1.000000 -1.000000 -2.000000
0.956543 -0.111816 -0.111816 2.312500 -1.812500 -1.812500 7.000000 1.000000 2.000000 -3.000000 -1.000000 -3.000000 0.000000 0.000000 -3.000000 -2.000000 0.000000
0.965332 -0.118164 -0.118164 0.937500 -1.812500 -1.812500 7.000000 1.000000 2.000000 -1.000000 -2.000000 -1.000000 -1.000000 1.000000 -2.000000 -1.000000 -1.000000
0.990234 -0.082031 -0.082031 -4.125000 -0.312500 -0.312500 7.000000 1.000000 2.000000 -3.000000 -2.000000 -1.000000 0.000000 0.000000 -1.000000 -2.000000 -2.000000
1.023438 -0.056641 -0.056641 -15.625000 1.187500 1.187500 7.000000 1.000000 2.000000 -1.000000 -1.000000 0.000000 -1.000000 -1.000000 -1.000000 -3.000000 -1.000000
1.020996 -0.209961 -0.209961 -51.000000 9.187500 9.187500 7.000000 1.000000 2.000000 -1.000000 -1.000000 0.000000 -1.000000 -1.000000 -1.000000 -3.000000 -1.000000
1.091309 -0.260254 -0.260254 -39.312500 20.500000 20.500000 7.000000 1.000000 3.000000 -2.000000 -1.000000 -2.000000 -2.000000 1.000000 -1.000000 -2.000000 -2.000000
1.154297 -0.184082 -0.184082 -33.875000 37.125000 37.125000 7.000000 1.000000 3.000000 -2.000000 0.000000 -1.000000 -1.000000 0.000000 -3.000000 0.000000 -2.000000
1.189941 -0.230469 -0.230469 -74.250000 55.562500 55.562500 7.000000 1.000000 3.000000 -2.000000 -3.000000 -1.000000 -1.000000 1.000000 0.000000 -1.000000 -1.000000
1.228027 -0.572754 -0.572754 -116.437500 71.125000 71.125000 6.000000 2.000000 3.000000 -2.000000 -3.000000 -1.000000 -1.000000 1.000000 0.000000 -1.000000 -1.000000
1.249023 -0.806152 -0.806152 -111.312500 94.312500 94.312500 6.000000 2.000000 3.000000 -1.000000 -2.000000 -2.000000 1.000000 -1.000000 -3.000000 -2.000000 -1.000000
1.196777 -0.818359 -0.818359 -75.562500 122.625000 122.625000 6.000000 3.000000 3.000000 -2.000000 -2.000000 0.000000 -1.000000 -2.000000 -1.000000 -1.000000 -1.000000
0.903809 -0.841309 -0.841309 -59.250000 135.250000 135.250000 6.000000 3.000000 3.000000 -3.000000 -2.000000 -1.000000 2.000000 0.000000 -1.000000 0.000000 -3.000000
0.677734 -0.965820 -0.965820 -66.625000 136.000000 136.000000 6.000000 4.000000 3.000000 0.000000 -2.000000 -1.000000 0.000000 1.000000 -1.000000 0.000000 -1.000000
0.675781 -1.210449 -1.210449 -42.937500 136.500000 136.500000 6.000000 5.000000 4.000000 0.000000 -2.000000 -2.000000 -1.000000 1.000000 -1.000000 -1.000000 -1.000000
0.656250 -1.151855 -1.151855 34.250000 148.125000 148.125000 6.000000 5.000000 4.000000 0.000000 -2.000000 -2.000000 -1.000000 1.000000 -1.000000 -1.000000 -1.000000
0.425293 -0.937500 -0.937500 74.562500 156.562500 156.562500 6.000000 6.000000 4.000000 -1.000000 0.000000 0.000000 -1.000000 -1.000000 -1.000000 -2.000000 1.000000
0.153320 -0.775879 -0.775879 56.687500 160.250000 160.250000 6.000000 7.000000 4.000000 -1.000000 -4.000000 -1.000000 -1.000000 1.000000 0.000000 -1.000000 -1.000000
0.064453 -0.813965 -0.813965 45.125000 157.687500 157.687500 6.000000 8.000000 4.000000 0.000000 -4.000000 -3.000000 0.000000 0.000000 -2.000000 -2.000000 0.000000
-0.014648 -0.694824 -0.694824 60.000000 140.750000 140.750000 6.000000 9.000000 4.000000 0.000000 -4.000000 -3.000000 0.000000 0.000000 -2.000000 -2.000000 0.000000
-0.079590 -0.549805 -0.549805 68.187500 125.000000 125.000000 6.000000 10.000000 4.000000 -1.000000 -2.000000 -1.000000 0.000000 -1.000000 -1.000000 -2.000000 -2.000000
-0.148438 -0.521973 -0.521973 66.625000 113.375000 113.375000 6.000000 10.000000 4.000000 -2.000000 -2.000000 -3.000000 1.000000 0.000000 -2.000000 -1.000000 -2.000000
-0.159668 -0.567871 -0.567871 82.312500 93.937500 93.937500 6.000000 11.000000 4.000000 -3.000000 0.000000 -1.000000 2.000000 -1.000000 -2.000000 -3.000000 -1.000000
-0.159180 -0.502441 -0.502441 119.062500 81.812500 81.812500 6.000000 11.000000 5.000000 -1.000000 -4.000000 -2.000000 10.000000 2.000000 0.000000 0.000000 0.000000
-0.215820 -0.341309 -0.341309 124.062500 68.437500 68.437500 6.000000 12.000000 5.000000 0.000000 -4.000000 -2.000000 -11.000000 0.000000 -1.000000 -1.000000 -2.000000
-0.333496 -0.188965 -0.188965 77.687500 45.937500 45.937500 7.000000 12.000000 5.000000 -1.000000 0.000000 0.000000 -3.000000 -5.000000 -2.000000 -2.000000 -2.000000
-0.345215 -0.286621 -0.286621 23.625000 24.812500 24.812500 7.000000 13.000000 5.000000 -3.000000 -3.000000 -23.000000 4.000000 5.000000 1.000000 0.000000 -2.000000
-0.384766 -0.418945 -0.418945 18.625000 13.000000 13.000000 7.000000 13.000000 5.000000 -2.000000 -2.000000 -16.000000 -4.000000 -1.000000 -2.000000 1.000000 -1.000000
-0.408203 -0.248535 -0.248535 47.000000 13.500000 13.500000 7.000000 13.000000 5.000000 -2.000000 0.000000 14.000000 2.000000 -3.000000 -4.000000 -3.000000 -1.000000
-0.483398 -0.152344 -0.152344 23.625000 5.875000 5.875000 7.000000 13.000000 5.000000 -2.000000 -8.000000 -13.000000 -38.000000 -28.000000 -8.000000 -3.000000 0.000000
-0.537598 -0.229492 -0.229492 1.250000 -0.437500 -0.437500 7.000000 13.000000 6.000000 -3.000000 -11.000000 -16.000000 -4.000000 17.000000 1.000000 0.000000 -1.000000
-0.637695 -0.234375 -0.234375 -7.062500 -5.562500 -5.562500 7.000000 13.000000 6.000000 -3.000000 -11.000000 -16.000000 -4.000000 17.000000 1.000000 0.000000 -1.000000
-0.623535 -0.210449 -0.210449 -6.562500 -1.437500 -1.437500 7.000000 13.000000 6.000000 -1.000000 6.000000 41.000000 6.000000 -18.000000 -5.000000 -2.000000 -2.000000
-0.729492 -0.107422 -0.107422 -4.000000 3.625000 3.625000 7.000000 13.000000 6.000000 -1.000000 6.000000 41.000000 6.000000 -18.000000 -5.000000 -2.000000 -2.000000
-0.710938 -0.207031 -0.207031 -10.875000 7.937500 7.937500 7.000000 13.000000 6.000000 -3.000000 -12.000000 -46.000000 -2.000000 -5.000000 -5.000000 -3.000000 -2.000000
-0.788574 -0.205078 -0.205078 4.125000 7.000000 7.000000 7.000000 13.000000 6.000000 -1.000000 2.000000 4.000000 8.000000 20.000000 2.000000 0.000000 -2.000000
-0.803223 -0.124512 -0.124512 8.937500 3.187500 3.187500 7.000000 13.000000 6.000000 -1.000000 -2.000000 8.000000 -3.000000 -6.000000 -2.000000 0.000000 -1.000000
-0.798828 0.009277 0.009277 41.937500 15.750000 15.750000 7.000000 13.000000 6.000000 -3.000000 -4.000000 -21.000000 -65.000000 -8.000000 -3.000000 -2.000000 -4.000000
-0.881348 0.128906 0.128906 42.625000 19.000000 19.000000 7.000000 13.000000 6.000000 -2.000000 0.000000 58.000000 49.000000 -11.000000 -4.000000 -3.000000 -2.000000
-1.032715 0.211426 0.211426 27.312500 14.687500 14.687500 7.000000 13.000000 6.000000 0.000000 1.000000 19.000000 1.000000 1.000000 0.000000 -1.000000 0.000000
-1.142090 0.235352 0.235352 24.312500 12.937500 12.937500 7.000000 13.000000 5.000000 -3.000000 -11.000000 -79.000000 9.000000 -8.000000 -5.000000 -2.000000 -2.000000
-1.027832 0.041504 0.041504 -2.625000 7.187500 7.187500 7.000000 13.000000 5.000000 3.000000 5.000000 9.000000 -90.000000 -23.000000 -8.000000 -2.000000 -1.000000
-0.770996 -0.171875 -0.171875 -5.562500 -6.812500 -6.812500 7.000000 13.000000 5.000000 1.000000 -1.000000 4.000000 72.000000 40.000000 5.000000 2.000000 0.000000
-0.267578 -0.439453 -0.439453 -47.625000 -34.937500 -34.937500 7.000000 12.000000 4.000000 1.000000 -1.000000 4.000000 72.000000 40.000000 5.000000 2.000000 0.000000
-0.013672 -0.654785 -0.654785 -79.750000 -38.937500 -38.937500 6.000000 12.000000 4.000000 -1.000000 3.000000 -13.000000 45.000000 -1.000000 1.000000 -1.000000 0.000000
0.093750 -1.009766 -1.009766 -66.562500 -22.562500 -22.562500 6.000000 12.000000 4.000000 -1.000000 3.000000 -13.000000 45.000000 -1.000000 1.000000 -1.000000 0.000000
-0.083496 -1.061035 -1.061035 -21.687500 -12.500000 -12.500000 6.000000 11.000000 4.000000 -8.000000 -30.000000 -63.000000 11.000000 27.000000 52.000000 -2.000000 -3.000000
-0.188965 -0.724121 -0.724121 -16.187500 -9.312500 -9.312500 6.000000 11.000000 4.000000 -6.000000 -21.000000 -33.000000 -31.000000 1.000000 -5.000000 -3.000000 -4.000000
-0.366211 -1.022461 -1.022461 -69.937500 -4.812500 -4.812500 6.000000 11.000000 4.000000 -2.000000 -2.000000 44.000000 -32.000000 -11.000000 -6.000000 -1.000000 -2.000000
-0.640137 -0.731934 -0.731934 35.750000 5.750000 5.750000 6.000000 11.000000 4.000000 -2.000000 -2.000000 44.000000 -32.000000 -11.000000 -6.000000 -1.000000 -2.000000
-0.593262 -0.551270 -0.551270 17.875000 -2.062500 -2.062500 6.000000 11.000000 4.000000 -1.000000 5.000000 8.000000 -28.000000 -6.000000 28.000000 0.000000 -1.000000
-0.364746 -0.687500 -0.687500 -1.875000 -5.937500 -5.937500 6.000000 11.000000 4.000000 0.000000 -3.000000 14.000000 48.000000 46.000000 20.000000 5.000000 1.000000
-0.240234 -0.578125 -0.578125 27.750000 -2.937500 -2.937500 6.000000 11.000000 4.000000 -3.000000 6.000000 11.000000 -9.000000 -34.000000 -33.000000 -6.000000 -4.000000
-0.257812 -0.563477 -0.563477 -37.812500 -5.687500 -5.687500 6.000000 11.000000 4.000000 -4.000000 -6.000000 -13.000000 19.000000 14.000000 20.000000 -4.000000 -3.000000
-0.241211 -0.669434 -0.669434 -27.437500 -11.687500 -11.687500 6.000000 11.000000 4.000000 -2.000000 0.000000 1.000000 -21.000000 33.000000 83.000000 -7.000000 -2.000000
-0.147461 -0.651367 -0.651367 11.812500 -15.187500 -15.187500 6.000000 11.000000 4.000000 3.000000 3.000000 9.000000 -15.000000 -11.000000 -2.000000 10.000000 4.000000
-0.047363 -0.493652 -0.493652 58.812500 -24.187500 -24.187500 6.000000 11.000000 4.000000 -1.000000 -2.000000 2.000000 -12.000000 -14.000000 15.000000 3.000000 0.000000
0.003418 -0.388184 -0.388184 77.750000 -35.062500 -35.062500 6.000000 11.000000 4.000000 -1.000000 -2.000000 2.000000 -12.000000 -14.000000 15.000000 3.000000 0.000000
-0.027344 -0.392090 -0.392090 64.625000 -43.500000 -43.500000 6.000000 11.000000 4.000000 -3.000000 -11.000000 6.000000 -24.000000 -47.000000 -13.000000 1.000000 -1.000000
-0.062012 -0.439453 -0.439453 58.312500 -54.437500 -54.437500 6.000000 10.000000 4.000000 -3.000000 -11.000000 6.000000 -24.000000 -47.000000 -13.000000 1.000000 -1.000000
-0.015625 -0.491211 -0.491211 52.812500 -71.812500 -71.812500 6.000000 10.000000 4.000000 -3.000000 3.000000 6.000000 35.000000 51.000000 -12.000000 -5.000000 -4.000000
-0.004395 -0.566895 -0.566895 38.500000 -93.812500 -93.812500 6.000000 10.000000 4.000000 -6.000000 -13.000000 -29.000000 -72.000000 -89.000000 -111.000000 -14.000000 -4.000000
-0.017578 -0.645996 -0.645996 32.750000 -114.125000 -114.125000 6.000000 9.000000 4.000000 0.000000 -2.000000 -19.000000 60.000000 11.000000 52.000000 1.000000 0.000000
-0.042480 -0.764160 -0.764160 35.062500 -132.750000 -132.750000 6.000000 9.000000 4.000000 0.000000 -2.000000 -19.000000 60.000000 11.000000 52.000000 1.000000 0.000000
-0.033691 -0.895020 -0.895020 38.250000 -146.625000 -146.625000 6.000000 8.000000 4.000000 -4.000000 -10.000000 7.000000 1.000000 0.000000 32.000000 8.000000 -1.000000
-0.004883 -0.848145 -0.848145 55.125000 -157.312500 -157.312500 6.000000 8.000000 4.000000 -2.000000 2.000000 -19.000000 -54.000000 19.000000 -26.000000 -1.000000 -1.000000
0.039062 -0.783203 -0.783203 69.937500 -180.250000 -180.250000 6.000000 7.000000 4.000000 -1.000000 -2.000000 -1.000000 -12.000000 -65.000000 -64.000000 -8.000000 -1.000000
0.064453 -0.774902 -0.774902 84.625000 -207.812500 -207.812500 7.000000 7.000000 4.000000 -6.000000 0.000000 -14.000000 65.000000 70.000000 103.000000 -8.000000 -5.000000
-0.045898 -0.717773 -0.717773 103.375000 -216.000000 -216.000000 7.000000 6.000000 4.000000 -1.000000 1.000000 67.000000 93.000000 29.000000 9.000000 9.000000 1.000000
-0.131836 -0.413574 -0.413574 91.125000 -232.625000 -232.625000 7.000000 6.000000 4.000000 -1.000000 1.000000 67.000000 93.000000 29.000000 9.000000 9.000000 1.000000
0.697266 -0.586426 -0.586426 -31.187500 -247.375000 -247.375000 7.000000 5.000000 4.000000 -3.000000 -1.000000 -19.000000 -65.000000 -24.000000 -16.000000 -15.000000 -6.000000
0.735840 -0.753906 -0.753906 -9.625000 -205.062500 -205.062500 7.000000 4.000000 4.000000 -3.000000 -1.000000 -19.000000 -65.000000 -24.000000 -16.000000 -15.000000 -6.000000
0.641602 -0.801758 -0.801758 34.812500 -173.125000 -173.125000 7.000000 4.000000 4.000000 -4.000000 -9.000000 -36.000000 75.000000 -25.000000 -48.000000 -12.000000 -3.000000
0.815918 -0.553711 -0.553711 38.187500 -151.000000 -151.000000 7.000000 3.000000 3.000000 2.000000 3.000000 -47.000000 -43.000000 -5.000000 9.000000 -4.000000 -3.000000
0.945312 -0.413086 -0.413086 -3.187500 -135.437500 -135.437500 7.000000 3.000000 3.000000 -3.000000 -16.000000 -26.000000 -18.000000 6.000000 -12.000000 -19.000000 -2.000000
0.919922 -0.422852 -0.422852 -41.812500 -120.187500 -120.187500 7.000000 2.000000 3.000000 -4.000000 -14.000000 27.000000 14.000000 -15.000000 -27.000000 13.000000 -2.000000
0.929688 -0.419922 -0.419922 -67.937500 -104.187500 -104.187500 7.000000 2.000000 3.000000 -1.000000 -10.000000 1.000000 -16.000000 6.000000 46.000000 22.000000 2.000000
0.957031 -0.417480 -0.417480 -70.125000 -88.687500 -88.687500 7.000000 2.000000 3.000000 -1.000000 -12.000000 -8.000000 -6.000000 10.000000 -5.000000 -2.000000 1.000000
0.937012 -0.375488 -0.375488 -51.250000 -76.125000 -76.125000 7.000000 2.000000 3.000000 8.000000 12.000000 14.000000 -13.000000 -41.000000 -53.000000 -10.000000 0.000000
0.978516 -0.262207 -0.262207 -39.625000 -69.875000 -69.875000 8.000000 1.000000 3.000000 -3.000000 -2.000000 -21.000000 -18.000000 30.000000 8.000000 -9.000000 -4.000000
1.060059 -0.145508 -0.145508 -43.937500 -67.312500 -67.312500 8.000000 1.000000 2.000000 0.000000 -1.000000 13.000000 37.000000 0.000000 -11.000000 1.000000 2.000000
1.104492 -0.131348 -0.131348 -53.625000 -61.500000 -61.500000 8.000000 1.000000 2.000000 1.000000 -2.000000 -18.000000 -1.000000 -3.000000 1.000000 13.000000 3.000000
1.131836 -0.158691 -0.158691 -47.187500 -50.000000 -50.000000 8.000000 1.000000 2.000000 0.000000 9.000000 32.000000 -42.000000 3.000000 19.000000 11.000000 0.000000
1.114746 -0.127930 -0.127930 -26.375000 -37.125000 -37.125000 8.000000 1.000000 2.000000 0.000000 9.000000 32.000000 -42.000000 3.000000 19.000000 11.000000 0.000000
1.084961 -0.058594 -0.058594 -6.812500 -26.125000 -26.125000 8.000000 1.000000 2.000000 -8.000000 -29.000000 -38.000000 -19.000000 -10.000000 7.000000 4.000000 -3.000000
1.052246 -0.011719 -0.011719 2.312500 -17.625000 -17.625000 8.000000 1.000000 1.000000 2.000000 12.000000 67.000000 58.000000 7.000000 14.000000 0.000000 0.000000
1.041992 0.008301 0.008301 1.687500 -10.937500 -10.937500 8.000000 1.000000 1.000000 -5.000000 -1.000000 -49.000000 -25.000000 -7.000000 -2.000000 2.000000 -6.000000
1.029297 -0.020020 -0.020020 -1.375000 -5.250000 -5.250000 8.000000 1.000000 1.000000 5.000000 1.000000 -75.000000 -53.000000 6.000000 -1.000000 -7.000000 2.000000
1.008789 -0.064941 -0.064941 -0.437500 -0.625000 -0.625000 8.000000 1.000000 2.000000 -3.000000 1.000000 50.000000 -30.000000 -22.000000 -16.000000 -13.000000 -3.000000
0.984863 -0.082520 -0.082520 3.250000 3.875000 3.875000 8.000000 1.000000 2.000000 2.000000 12.000000 38.000000 102.000000 36.000000 3.000000 5.000000 4.000000
0.970703 -0.093262 -0.093262 5.375000 7.375000 7.375000 8.000000 1.000000 2.000000 -4.000000 -5.000000 9.000000 -66.000000 -19.000000 -10.000000 3.000000 -3.000000
0.963867 -0.097656 -0.097656 3.187500 8.625000 8.625000 8.000000 1.000000 2.000000 -3.000000 -12.000000 -28.000000 102.000000 29.000000 7.000000 0.000000 1.000000
0.959473 -0.109375 -0.109375 -0.437500 9.250000 9.250000 8.000000 1.000000 2.000000 -5.000000 -7.000000 19.000000 23.000000 17.000000 5.000000 8.000000 -1.000000
0.953613 -0.121094 -0.121094 -2.250000 9.812500 9.812500 8.000000 1.000000 2.000000 1.000000 10.000000 -14.000000 -78.000000 -10.000000 -7.000000 0.000000 -1.000000
0.931641 -0.127930 -0.127930 -2.875000 10.062500 10.062500 8.000000 1.000000 2.000000 -2.000000 6.000000 -8.000000 32.000000 6.000000 -5.000000 -11.000000 -3.000000
0.915527 -0.131348 -0.131348 -5.187500 9.812500 9.812500 8.000000 1.000000 2.000000 -2.000000 6.000000 -8.000000 32.000000 6.000000 -5.000000 -11.000000 -3.000000
0.908203 -0.138672 -0.138672 -8.187500 8.062500 8.062500 8.000000 1.000000 2.000000 -3.000000 -11.000000 12.000000 -104.000000 -53.000000 -13.000000 -11.000000 -3.000000
0.908203 -0.152344 -0.152344 -9.312500 5.812500 5.812500 8.000000 1.000000 2.000000 -3.000000 -11.000000 12.000000 -104.000000 -53.000000 -13.000000 -11.000000 -3.000000
0.914062 -0.154297 -0.154297 -8.187500 4.125000 4.125000 8.000000 1.000000 2.000000 -4.000000 -13.000000 36.000000 2.000000 -7.000000 -7.000000 0.000000 -2.000000
0.913574 -0.152832 -0.152832 -5.750000 2.562500 2.562500 8.000000 1.000000 2.000000 -4.000000 -13.000000 36.000000 2.000000 -7.000000 -7.000000 0.000000 -2.000000
0.916992 -0.153320 -0.153320 -2.250000 1.375000 1.375000 8.000000 1.000000 2.000000 2.000000 11.000000 4.000000 -39.000000 -26.000000 -15.000000 -11.000000 -3.000000
0.927246 -0.134277 -0.134277 0.125000 0.312500 0.312500 8.000000 1.000000 2.000000 -8.000000 -15.000000 -42.000000 -69.000000 -17.000000 -10.000000 -11.000000 -5.000000
0.937012 -0.121094 -0.121094 1.062500 -0.875000 -0.875000 8.000000 1.000000 2.000000 -6.000000 4.000000 81.000000 -25.000000 5.000000 18.000000 17.000000 -1.000000
0.948242 -0.100098 -0.100098 1.062500 -2.562500 -2.562500 8.000000 1.000000 2.000000 3.000000 -6.000000 -3.000000 51.000000 30.000000 23.000000 5.000000 4.000000
0.950195 -0.090820 -0.090820 0.250000 -2.750000 -2.750000 8.000000 1.000000 2.000000 -2.000000 -11.000000 -5.000000 4.000000 1.000000 -4.000000 1.000000 -1.000000
0.957031 -0.089355 -0.089355 -1.625000 -3.125000 -3.125000 8.000000 1.000000 2.000000 1.000000 3.000000 -6.000000 -38.000000 -16.000000 -2.000000 -4.000000 -1.000000
0.957031 -0.092773 -0.092773 -3.187500 -3.375000 -3.375000 8.000000 1.000000 2.000000 1.000000 1.000000 41.000000 53.000000 17.000000 3.000000 2.000000 -1.000000
0.969238 -0.100098 -0.100098 -2.437500 -3.312500 -3.312500 8.000000 1.000000 2.000000 1.000000 1.000000 41.000000 53.000000 17.000000 3.000000 2.000000 -1.000000
0.955566 -0.098145 -0.098145 -1.000000 -3.125000 -3.125000 8.000000 1.000000 2.000000 -1.000000 5.000000 38.000000 -91.000000 -39.000000 -22.000000 -21.000000 -6.000000
0.957031 -0.096680 -0.096680 -1.250000 -2.812500 -2.812500 8.000000 1.000000 2.000000 -1.000000 5.000000 38.000000 -91.000000 -39.000000 -22.000000 -21.000000 -6.000000
0.951172 -0.104004 -0.104004 -1.687500 -2.812500 -2.812500 8.000000 1.000000 2.000000 2.000000 -8.000000 -11.000000 -67.000000 -10.000000 12.000000 4.000000 4.000000
0.951172 -0.107422 -0.107422 -1.000000 -2.687500 -2.687500 8.000000 1.000000 2.000000 2.000000 -8.000000 -11.000000 -67.000000 -10.000000 12.000000 4.000000 4.000000
0.947754 -0.104980 -0.104980 -0.312500 -2.250000 -2.250000 8.000000 1.000000 2.000000 -3.000000 -5.000000 16.000000 11.000000 -1.000000 -1.000000 -1.000000 -2.000000
0.945312 -0.104004 -0.104004 -0.875000 -1.562500 -1.562500 8.000000 1.000000 2.000000 -3.000000 -5.000000 16.000000 11.000000 -1.000000 -1.000000 -1.000000 -2.000000
0.944336 -0.104980 -0.104980 -2.187500 -1.125000 -1.125000 8.000000 1.000000 2.000000 -1.000000 7.000000 19.000000 44.000000 0.000000 13.000000 0.000000 -1.000000
0.943848 -0.104980 -0.104980 -2.375000 -1.312500 -1.312500 8.000000 1.000000 2.000000 3.000000 -5.000000 -82.000000 -15.000000 22.000000 18.000000 5.000000 4.000000
0.948242 -0.103516 -0.103516 -3.437500 -1.125000 -1.125000 8.000000 1.000000 2.000000 -3.000000 -2.000000 -17.000000 11.000000 -6.000000 -24.000000 -3.000000 -2.000000
0.944824 -0.110352 -0.110352 -3.250000 -1.000000 -1.000000 8.000000 1.000000 2.000000 -3.000000 -2.000000 -17.000000 11.000000 -6.000000 -24.000000 -3.000000 -2.000000
0.943359 -0.130371 -0.130371 -0.250000 -1.937500 -1.937500 8.000000 1.000000 2.000000 3.000000 4.000000 -23.000000 -37.000000 -11.000000 -13.000000 3.000000 5.000000
0.939453 -0.131348 -0.131348 5.437500 -3.000000 -3.000000 8.000000 1.000000 2.000000 3.000000 4.000000 -23.000000 -37.000000 -11.000000 -13.000000 3.000000 5.000000
0.947754 -0.128418 -0.128418 12.125000 -3.625000 -3.625000 8.000000 1.000000 2.000000 3.000000 3.000000 1.000000 30.000000 4.000000 4.000000 -1.000000 2.000000
